INFO - 2017-11-21 19:08:28 --> Config Class Initialized
INFO - 2017-11-21 19:08:28 --> Hooks Class Initialized
DEBUG - 2017-11-21 19:08:28 --> UTF-8 Support Enabled
INFO - 2017-11-21 19:08:28 --> Utf8 Class Initialized
INFO - 2017-11-21 19:08:28 --> URI Class Initialized
DEBUG - 2017-11-21 19:08:28 --> No URI present. Default controller set.
INFO - 2017-11-21 19:08:28 --> Router Class Initialized
INFO - 2017-11-21 19:08:28 --> Output Class Initialized
INFO - 2017-11-21 19:08:28 --> Security Class Initialized
DEBUG - 2017-11-21 19:08:28 --> Global POST, GET and COOKIE data sanitized
INFO - 2017-11-21 19:08:28 --> Input Class Initialized
INFO - 2017-11-21 19:08:28 --> Language Class Initialized
INFO - 2017-11-21 19:08:28 --> Loader Class Initialized
INFO - 2017-11-21 19:08:28 --> Helper loaded: url_helper
INFO - 2017-11-21 19:08:28 --> Controller Class Initialized
INFO - 2017-11-21 19:08:28 --> File loaded: C:\Users\Noctombule\Documents\isib\SelfLearning\programation\PHP\workspace\Memento\views\welcome_message.php
INFO - 2017-11-21 19:08:28 --> Final output sent to browser
DEBUG - 2017-11-21 19:08:28 --> Total execution time: 0.0400
INFO - 2017-11-21 19:08:29 --> Config Class Initialized
INFO - 2017-11-21 19:08:29 --> Hooks Class Initialized
DEBUG - 2017-11-21 19:08:29 --> UTF-8 Support Enabled
INFO - 2017-11-21 19:08:29 --> Utf8 Class Initialized
INFO - 2017-11-21 19:08:29 --> URI Class Initialized
INFO - 2017-11-21 19:08:29 --> Router Class Initialized
INFO - 2017-11-21 19:08:30 --> Output Class Initialized
INFO - 2017-11-21 19:08:30 --> Security Class Initialized
DEBUG - 2017-11-21 19:08:30 --> Global POST, GET and COOKIE data sanitized
INFO - 2017-11-21 19:08:30 --> Input Class Initialized
INFO - 2017-11-21 19:08:30 --> Language Class Initialized
ERROR - 2017-11-21 19:08:30 --> 404 Page Not Found: User_guide/index
INFO - 2017-11-21 19:08:36 --> Config Class Initialized
INFO - 2017-11-21 19:08:36 --> Hooks Class Initialized
DEBUG - 2017-11-21 19:08:36 --> UTF-8 Support Enabled
INFO - 2017-11-21 19:08:36 --> Utf8 Class Initialized
INFO - 2017-11-21 19:08:36 --> URI Class Initialized
INFO - 2017-11-21 19:08:36 --> Router Class Initialized
INFO - 2017-11-21 19:08:36 --> Output Class Initialized
INFO - 2017-11-21 19:08:36 --> Security Class Initialized
DEBUG - 2017-11-21 19:08:36 --> Global POST, GET and COOKIE data sanitized
INFO - 2017-11-21 19:08:36 --> Input Class Initialized
INFO - 2017-11-21 19:08:36 --> Language Class Initialized
INFO - 2017-11-21 19:08:36 --> Loader Class Initialized
INFO - 2017-11-21 19:08:36 --> Helper loaded: url_helper
INFO - 2017-11-21 19:08:36 --> Controller Class Initialized
INFO - 2017-11-21 19:08:36 --> File loaded: C:\Users\Noctombule\Documents\isib\SelfLearning\programation\PHP\workspace\Memento\views\synapse.php
INFO - 2017-11-21 19:08:36 --> File loaded: C:\Users\Noctombule\Documents\isib\SelfLearning\programation\PHP\workspace\Memento\views\memento_head_dev.php
INFO - 2017-11-21 19:08:36 --> File loaded: C:\Users\Noctombule\Documents\isib\SelfLearning\programation\PHP\workspace\Memento\views\memento.php
INFO - 2017-11-21 19:08:36 --> File loaded: C:\Users\Noctombule\Documents\isib\SelfLearning\programation\PHP\workspace\Memento\views\memento_scripts_dev.php
INFO - 2017-11-21 19:08:36 --> Final output sent to browser
DEBUG - 2017-11-21 19:08:36 --> Total execution time: 0.0350
INFO - 2017-11-21 19:12:06 --> Config Class Initialized
INFO - 2017-11-21 19:12:06 --> Hooks Class Initialized
DEBUG - 2017-11-21 19:12:06 --> UTF-8 Support Enabled
INFO - 2017-11-21 19:12:06 --> Utf8 Class Initialized
INFO - 2017-11-21 19:12:06 --> URI Class Initialized
INFO - 2017-11-21 19:12:06 --> Router Class Initialized
INFO - 2017-11-21 19:12:06 --> Output Class Initialized
INFO - 2017-11-21 19:12:06 --> Security Class Initialized
DEBUG - 2017-11-21 19:12:06 --> Global POST, GET and COOKIE data sanitized
INFO - 2017-11-21 19:12:06 --> Input Class Initialized
INFO - 2017-11-21 19:12:06 --> Language Class Initialized
INFO - 2017-11-21 19:12:06 --> Loader Class Initialized
INFO - 2017-11-21 19:12:06 --> Helper loaded: url_helper
INFO - 2017-11-21 19:12:06 --> Controller Class Initialized
INFO - 2017-11-21 19:12:06 --> File loaded: C:\Users\Noctombule\Documents\isib\SelfLearning\programation\PHP\workspace\Memento\views\synapse.php
INFO - 2017-11-21 19:12:06 --> File loaded: C:\Users\Noctombule\Documents\isib\SelfLearning\programation\PHP\workspace\Memento\views\memento_head_dev.php
INFO - 2017-11-21 19:12:06 --> File loaded: C:\Users\Noctombule\Documents\isib\SelfLearning\programation\PHP\workspace\Memento\views\memento.php
INFO - 2017-11-21 19:12:06 --> File loaded: C:\Users\Noctombule\Documents\isib\SelfLearning\programation\PHP\workspace\Memento\views\memento_scripts_dev.php
INFO - 2017-11-21 19:12:06 --> Final output sent to browser
DEBUG - 2017-11-21 19:12:06 --> Total execution time: 0.0600
INFO - 2017-11-21 19:12:22 --> Config Class Initialized
INFO - 2017-11-21 19:12:22 --> Hooks Class Initialized
DEBUG - 2017-11-21 19:12:22 --> UTF-8 Support Enabled
INFO - 2017-11-21 19:12:22 --> Utf8 Class Initialized
INFO - 2017-11-21 19:12:22 --> URI Class Initialized
INFO - 2017-11-21 19:12:22 --> Router Class Initialized
INFO - 2017-11-21 19:12:22 --> Output Class Initialized
INFO - 2017-11-21 19:12:22 --> Security Class Initialized
DEBUG - 2017-11-21 19:12:22 --> Global POST, GET and COOKIE data sanitized
INFO - 2017-11-21 19:12:22 --> Input Class Initialized
INFO - 2017-11-21 19:12:22 --> Language Class Initialized
INFO - 2017-11-21 19:12:22 --> Loader Class Initialized
INFO - 2017-11-21 19:12:22 --> Helper loaded: url_helper
INFO - 2017-11-21 19:12:22 --> Controller Class Initialized
INFO - 2017-11-21 19:12:22 --> File loaded: C:\Users\Noctombule\Documents\isib\SelfLearning\programation\PHP\workspace\Memento\views\synapse.php
INFO - 2017-11-21 19:12:22 --> File loaded: C:\Users\Noctombule\Documents\isib\SelfLearning\programation\PHP\workspace\Memento\views\memento_head_dev.php
INFO - 2017-11-21 19:12:22 --> File loaded: C:\Users\Noctombule\Documents\isib\SelfLearning\programation\PHP\workspace\Memento\views\memento.php
INFO - 2017-11-21 19:12:22 --> File loaded: C:\Users\Noctombule\Documents\isib\SelfLearning\programation\PHP\workspace\Memento\views\memento_scripts_dev.php
INFO - 2017-11-21 19:12:22 --> Final output sent to browser
DEBUG - 2017-11-21 19:12:22 --> Total execution time: 0.1090
INFO - 2017-11-21 19:12:27 --> Config Class Initialized
INFO - 2017-11-21 19:12:27 --> Hooks Class Initialized
DEBUG - 2017-11-21 19:12:27 --> UTF-8 Support Enabled
INFO - 2017-11-21 19:12:27 --> Utf8 Class Initialized
INFO - 2017-11-21 19:12:27 --> URI Class Initialized
INFO - 2017-11-21 19:12:27 --> Router Class Initialized
INFO - 2017-11-21 19:12:27 --> Output Class Initialized
INFO - 2017-11-21 19:12:27 --> Security Class Initialized
DEBUG - 2017-11-21 19:12:27 --> Global POST, GET and COOKIE data sanitized
INFO - 2017-11-21 19:12:27 --> Input Class Initialized
INFO - 2017-11-21 19:12:27 --> Language Class Initialized
INFO - 2017-11-21 19:12:27 --> Loader Class Initialized
INFO - 2017-11-21 19:12:27 --> Helper loaded: url_helper
INFO - 2017-11-21 19:12:27 --> Controller Class Initialized
INFO - 2017-11-21 19:12:27 --> File loaded: C:\Users\Noctombule\Documents\isib\SelfLearning\programation\PHP\workspace\Memento\views\synapse.php
INFO - 2017-11-21 19:12:27 --> File loaded: C:\Users\Noctombule\Documents\isib\SelfLearning\programation\PHP\workspace\Memento\views\memento_head_dev.php
INFO - 2017-11-21 19:12:27 --> File loaded: C:\Users\Noctombule\Documents\isib\SelfLearning\programation\PHP\workspace\Memento\views\memento.php
INFO - 2017-11-21 19:12:27 --> File loaded: C:\Users\Noctombule\Documents\isib\SelfLearning\programation\PHP\workspace\Memento\views\memento_scripts_dev.php
INFO - 2017-11-21 19:12:27 --> Final output sent to browser
DEBUG - 2017-11-21 19:12:27 --> Total execution time: 0.0560
INFO - 2017-11-21 19:12:28 --> Config Class Initialized
INFO - 2017-11-21 19:12:28 --> Hooks Class Initialized
DEBUG - 2017-11-21 19:12:28 --> UTF-8 Support Enabled
INFO - 2017-11-21 19:12:28 --> Utf8 Class Initialized
INFO - 2017-11-21 19:12:28 --> URI Class Initialized
INFO - 2017-11-21 19:12:28 --> Router Class Initialized
INFO - 2017-11-21 19:12:28 --> Output Class Initialized
INFO - 2017-11-21 19:12:28 --> Security Class Initialized
DEBUG - 2017-11-21 19:12:28 --> Global POST, GET and COOKIE data sanitized
INFO - 2017-11-21 19:12:28 --> Input Class Initialized
INFO - 2017-11-21 19:12:28 --> Language Class Initialized
INFO - 2017-11-21 19:12:28 --> Loader Class Initialized
INFO - 2017-11-21 19:12:28 --> Helper loaded: url_helper
INFO - 2017-11-21 19:12:28 --> Controller Class Initialized
INFO - 2017-11-21 19:12:28 --> File loaded: C:\Users\Noctombule\Documents\isib\SelfLearning\programation\PHP\workspace\Memento\views\synapse.php
INFO - 2017-11-21 19:12:28 --> File loaded: C:\Users\Noctombule\Documents\isib\SelfLearning\programation\PHP\workspace\Memento\views\memento_head_dev.php
INFO - 2017-11-21 19:12:28 --> File loaded: C:\Users\Noctombule\Documents\isib\SelfLearning\programation\PHP\workspace\Memento\views\memento.php
INFO - 2017-11-21 19:12:28 --> File loaded: C:\Users\Noctombule\Documents\isib\SelfLearning\programation\PHP\workspace\Memento\views\memento_scripts_dev.php
INFO - 2017-11-21 19:12:28 --> Final output sent to browser
DEBUG - 2017-11-21 19:12:28 --> Total execution time: 0.0380
INFO - 2017-11-21 19:22:24 --> Config Class Initialized
INFO - 2017-11-21 19:22:24 --> Hooks Class Initialized
DEBUG - 2017-11-21 19:22:24 --> UTF-8 Support Enabled
INFO - 2017-11-21 19:22:24 --> Utf8 Class Initialized
INFO - 2017-11-21 19:22:24 --> URI Class Initialized
INFO - 2017-11-21 19:22:24 --> Router Class Initialized
INFO - 2017-11-21 19:22:24 --> Output Class Initialized
INFO - 2017-11-21 19:22:24 --> Security Class Initialized
DEBUG - 2017-11-21 19:22:24 --> Global POST, GET and COOKIE data sanitized
INFO - 2017-11-21 19:22:24 --> Input Class Initialized
INFO - 2017-11-21 19:22:24 --> Language Class Initialized
INFO - 2017-11-21 19:22:24 --> Loader Class Initialized
INFO - 2017-11-21 19:22:24 --> Helper loaded: url_helper
INFO - 2017-11-21 19:22:24 --> Controller Class Initialized
INFO - 2017-11-21 19:22:24 --> File loaded: C:\Users\Noctombule\Documents\isib\SelfLearning\programation\PHP\workspace\Memento\views\synapse.php
INFO - 2017-11-21 19:22:24 --> File loaded: C:\Users\Noctombule\Documents\isib\SelfLearning\programation\PHP\workspace\Memento\views\memento_head_dev.php
INFO - 2017-11-21 19:22:24 --> File loaded: C:\Users\Noctombule\Documents\isib\SelfLearning\programation\PHP\workspace\Memento\views\memento.php
INFO - 2017-11-21 19:22:24 --> File loaded: C:\Users\Noctombule\Documents\isib\SelfLearning\programation\PHP\workspace\Memento\views\memento_scripts_dev.php
INFO - 2017-11-21 19:22:24 --> Final output sent to browser
DEBUG - 2017-11-21 19:22:24 --> Total execution time: 0.0520
INFO - 2017-11-21 19:39:16 --> Config Class Initialized
INFO - 2017-11-21 19:39:16 --> Hooks Class Initialized
DEBUG - 2017-11-21 19:39:16 --> UTF-8 Support Enabled
INFO - 2017-11-21 19:39:16 --> Utf8 Class Initialized
INFO - 2017-11-21 19:39:16 --> URI Class Initialized
INFO - 2017-11-21 19:39:16 --> Router Class Initialized
INFO - 2017-11-21 19:39:16 --> Output Class Initialized
INFO - 2017-11-21 19:39:16 --> Security Class Initialized
DEBUG - 2017-11-21 19:39:16 --> Global POST, GET and COOKIE data sanitized
INFO - 2017-11-21 19:39:16 --> Input Class Initialized
INFO - 2017-11-21 19:39:16 --> Language Class Initialized
INFO - 2017-11-21 19:39:16 --> Loader Class Initialized
INFO - 2017-11-21 19:39:16 --> Helper loaded: url_helper
INFO - 2017-11-21 19:39:16 --> Controller Class Initialized
INFO - 2017-11-21 19:39:16 --> File loaded: C:\Users\Noctombule\Documents\isib\SelfLearning\programation\PHP\workspace\Memento\views\synapse.php
INFO - 2017-11-21 19:39:16 --> File loaded: C:\Users\Noctombule\Documents\isib\SelfLearning\programation\PHP\workspace\Memento\views\memento_head_dev.php
INFO - 2017-11-21 19:39:16 --> File loaded: C:\Users\Noctombule\Documents\isib\SelfLearning\programation\PHP\workspace\Memento\views\memento.php
INFO - 2017-11-21 19:39:16 --> File loaded: C:\Users\Noctombule\Documents\isib\SelfLearning\programation\PHP\workspace\Memento\views\memento_scripts_dev.php
INFO - 2017-11-21 19:39:16 --> Final output sent to browser
DEBUG - 2017-11-21 19:39:16 --> Total execution time: 0.0310
INFO - 2017-11-21 19:39:38 --> Config Class Initialized
INFO - 2017-11-21 19:39:38 --> Hooks Class Initialized
DEBUG - 2017-11-21 19:39:38 --> UTF-8 Support Enabled
INFO - 2017-11-21 19:39:38 --> Utf8 Class Initialized
INFO - 2017-11-21 19:39:38 --> URI Class Initialized
INFO - 2017-11-21 19:39:38 --> Router Class Initialized
INFO - 2017-11-21 19:39:38 --> Output Class Initialized
INFO - 2017-11-21 19:39:38 --> Security Class Initialized
DEBUG - 2017-11-21 19:39:38 --> Global POST, GET and COOKIE data sanitized
INFO - 2017-11-21 19:39:38 --> Input Class Initialized
INFO - 2017-11-21 19:39:38 --> Language Class Initialized
INFO - 2017-11-21 19:39:38 --> Loader Class Initialized
INFO - 2017-11-21 19:39:38 --> Helper loaded: url_helper
INFO - 2017-11-21 19:39:38 --> Controller Class Initialized
INFO - 2017-11-21 19:39:38 --> File loaded: C:\Users\Noctombule\Documents\isib\SelfLearning\programation\PHP\workspace\Memento\views\synapse.php
INFO - 2017-11-21 19:39:38 --> File loaded: C:\Users\Noctombule\Documents\isib\SelfLearning\programation\PHP\workspace\Memento\views\memento_head_dev.php
INFO - 2017-11-21 19:39:38 --> File loaded: C:\Users\Noctombule\Documents\isib\SelfLearning\programation\PHP\workspace\Memento\views\memento.php
INFO - 2017-11-21 19:39:38 --> File loaded: C:\Users\Noctombule\Documents\isib\SelfLearning\programation\PHP\workspace\Memento\views\memento_scripts_dev.php
INFO - 2017-11-21 19:39:38 --> Final output sent to browser
DEBUG - 2017-11-21 19:39:38 --> Total execution time: 0.0580
INFO - 2017-11-21 19:46:11 --> Config Class Initialized
INFO - 2017-11-21 19:46:11 --> Hooks Class Initialized
DEBUG - 2017-11-21 19:46:11 --> UTF-8 Support Enabled
INFO - 2017-11-21 19:46:11 --> Utf8 Class Initialized
INFO - 2017-11-21 19:46:11 --> URI Class Initialized
INFO - 2017-11-21 19:46:11 --> Router Class Initialized
INFO - 2017-11-21 19:46:11 --> Output Class Initialized
INFO - 2017-11-21 19:46:11 --> Security Class Initialized
DEBUG - 2017-11-21 19:46:11 --> Global POST, GET and COOKIE data sanitized
INFO - 2017-11-21 19:46:11 --> Input Class Initialized
INFO - 2017-11-21 19:46:11 --> Language Class Initialized
INFO - 2017-11-21 19:46:11 --> Loader Class Initialized
INFO - 2017-11-21 19:46:11 --> Helper loaded: url_helper
INFO - 2017-11-21 19:46:11 --> Controller Class Initialized
INFO - 2017-11-21 19:46:11 --> File loaded: C:\Users\Noctombule\Documents\isib\SelfLearning\programation\PHP\workspace\Memento\views\synapse.php
INFO - 2017-11-21 19:46:11 --> File loaded: C:\Users\Noctombule\Documents\isib\SelfLearning\programation\PHP\workspace\Memento\views\memento_head_dev.php
INFO - 2017-11-21 19:46:11 --> File loaded: C:\Users\Noctombule\Documents\isib\SelfLearning\programation\PHP\workspace\Memento\views\memento.php
INFO - 2017-11-21 19:46:11 --> File loaded: C:\Users\Noctombule\Documents\isib\SelfLearning\programation\PHP\workspace\Memento\views\memento_scripts_dev.php
INFO - 2017-11-21 19:46:11 --> Final output sent to browser
DEBUG - 2017-11-21 19:46:11 --> Total execution time: 0.0380
INFO - 2017-11-21 19:46:13 --> Config Class Initialized
INFO - 2017-11-21 19:46:13 --> Hooks Class Initialized
DEBUG - 2017-11-21 19:46:13 --> UTF-8 Support Enabled
INFO - 2017-11-21 19:46:13 --> Utf8 Class Initialized
INFO - 2017-11-21 19:46:13 --> URI Class Initialized
INFO - 2017-11-21 19:46:13 --> Router Class Initialized
INFO - 2017-11-21 19:46:13 --> Output Class Initialized
INFO - 2017-11-21 19:46:13 --> Security Class Initialized
DEBUG - 2017-11-21 19:46:13 --> Global POST, GET and COOKIE data sanitized
INFO - 2017-11-21 19:46:13 --> Input Class Initialized
INFO - 2017-11-21 19:46:13 --> Language Class Initialized
INFO - 2017-11-21 19:46:13 --> Loader Class Initialized
INFO - 2017-11-21 19:46:13 --> Helper loaded: url_helper
INFO - 2017-11-21 19:46:13 --> Controller Class Initialized
INFO - 2017-11-21 19:46:13 --> File loaded: C:\Users\Noctombule\Documents\isib\SelfLearning\programation\PHP\workspace\Memento\views\synapse.php
INFO - 2017-11-21 19:46:13 --> File loaded: C:\Users\Noctombule\Documents\isib\SelfLearning\programation\PHP\workspace\Memento\views\memento_head_dev.php
INFO - 2017-11-21 19:46:13 --> File loaded: C:\Users\Noctombule\Documents\isib\SelfLearning\programation\PHP\workspace\Memento\views\memento.php
INFO - 2017-11-21 19:46:13 --> File loaded: C:\Users\Noctombule\Documents\isib\SelfLearning\programation\PHP\workspace\Memento\views\memento_scripts_dev.php
INFO - 2017-11-21 19:46:13 --> Final output sent to browser
DEBUG - 2017-11-21 19:46:13 --> Total execution time: 0.0420
INFO - 2017-11-21 19:46:14 --> Config Class Initialized
INFO - 2017-11-21 19:46:14 --> Hooks Class Initialized
DEBUG - 2017-11-21 19:46:14 --> UTF-8 Support Enabled
INFO - 2017-11-21 19:46:14 --> Utf8 Class Initialized
INFO - 2017-11-21 19:46:14 --> URI Class Initialized
INFO - 2017-11-21 19:46:14 --> Router Class Initialized
INFO - 2017-11-21 19:46:14 --> Output Class Initialized
INFO - 2017-11-21 19:46:14 --> Security Class Initialized
DEBUG - 2017-11-21 19:46:14 --> Global POST, GET and COOKIE data sanitized
INFO - 2017-11-21 19:46:14 --> Input Class Initialized
INFO - 2017-11-21 19:46:14 --> Language Class Initialized
INFO - 2017-11-21 19:46:14 --> Loader Class Initialized
INFO - 2017-11-21 19:46:14 --> Helper loaded: url_helper
INFO - 2017-11-21 19:46:14 --> Controller Class Initialized
INFO - 2017-11-21 19:46:14 --> File loaded: C:\Users\Noctombule\Documents\isib\SelfLearning\programation\PHP\workspace\Memento\views\synapse.php
INFO - 2017-11-21 19:46:14 --> File loaded: C:\Users\Noctombule\Documents\isib\SelfLearning\programation\PHP\workspace\Memento\views\memento_head_dev.php
INFO - 2017-11-21 19:46:14 --> File loaded: C:\Users\Noctombule\Documents\isib\SelfLearning\programation\PHP\workspace\Memento\views\memento.php
INFO - 2017-11-21 19:46:14 --> File loaded: C:\Users\Noctombule\Documents\isib\SelfLearning\programation\PHP\workspace\Memento\views\memento_scripts_dev.php
INFO - 2017-11-21 19:46:14 --> Final output sent to browser
DEBUG - 2017-11-21 19:46:14 --> Total execution time: 0.0430
INFO - 2017-11-21 19:46:15 --> Config Class Initialized
INFO - 2017-11-21 19:46:15 --> Hooks Class Initialized
DEBUG - 2017-11-21 19:46:15 --> UTF-8 Support Enabled
INFO - 2017-11-21 19:46:15 --> Utf8 Class Initialized
INFO - 2017-11-21 19:46:15 --> URI Class Initialized
INFO - 2017-11-21 19:46:15 --> Router Class Initialized
INFO - 2017-11-21 19:46:15 --> Output Class Initialized
INFO - 2017-11-21 19:46:15 --> Security Class Initialized
DEBUG - 2017-11-21 19:46:15 --> Global POST, GET and COOKIE data sanitized
INFO - 2017-11-21 19:46:15 --> Input Class Initialized
INFO - 2017-11-21 19:46:15 --> Language Class Initialized
INFO - 2017-11-21 19:46:15 --> Loader Class Initialized
INFO - 2017-11-21 19:46:15 --> Helper loaded: url_helper
INFO - 2017-11-21 19:46:15 --> Controller Class Initialized
INFO - 2017-11-21 19:46:15 --> File loaded: C:\Users\Noctombule\Documents\isib\SelfLearning\programation\PHP\workspace\Memento\views\synapse.php
INFO - 2017-11-21 19:46:15 --> File loaded: C:\Users\Noctombule\Documents\isib\SelfLearning\programation\PHP\workspace\Memento\views\memento_head_dev.php
INFO - 2017-11-21 19:46:15 --> File loaded: C:\Users\Noctombule\Documents\isib\SelfLearning\programation\PHP\workspace\Memento\views\memento.php
INFO - 2017-11-21 19:46:15 --> File loaded: C:\Users\Noctombule\Documents\isib\SelfLearning\programation\PHP\workspace\Memento\views\memento_scripts_dev.php
INFO - 2017-11-21 19:46:15 --> Final output sent to browser
DEBUG - 2017-11-21 19:46:15 --> Total execution time: 0.0480
INFO - 2017-11-21 19:46:16 --> Config Class Initialized
INFO - 2017-11-21 19:46:16 --> Hooks Class Initialized
DEBUG - 2017-11-21 19:46:16 --> UTF-8 Support Enabled
INFO - 2017-11-21 19:46:16 --> Utf8 Class Initialized
INFO - 2017-11-21 19:46:16 --> URI Class Initialized
INFO - 2017-11-21 19:46:16 --> Router Class Initialized
INFO - 2017-11-21 19:46:16 --> Output Class Initialized
INFO - 2017-11-21 19:46:16 --> Security Class Initialized
DEBUG - 2017-11-21 19:46:16 --> Global POST, GET and COOKIE data sanitized
INFO - 2017-11-21 19:46:16 --> Input Class Initialized
INFO - 2017-11-21 19:46:16 --> Language Class Initialized
INFO - 2017-11-21 19:46:16 --> Loader Class Initialized
INFO - 2017-11-21 19:46:16 --> Helper loaded: url_helper
INFO - 2017-11-21 19:46:16 --> Controller Class Initialized
INFO - 2017-11-21 19:46:16 --> File loaded: C:\Users\Noctombule\Documents\isib\SelfLearning\programation\PHP\workspace\Memento\views\synapse.php
INFO - 2017-11-21 19:46:16 --> File loaded: C:\Users\Noctombule\Documents\isib\SelfLearning\programation\PHP\workspace\Memento\views\memento_head_dev.php
INFO - 2017-11-21 19:46:16 --> File loaded: C:\Users\Noctombule\Documents\isib\SelfLearning\programation\PHP\workspace\Memento\views\memento.php
INFO - 2017-11-21 19:46:16 --> File loaded: C:\Users\Noctombule\Documents\isib\SelfLearning\programation\PHP\workspace\Memento\views\memento_scripts_dev.php
INFO - 2017-11-21 19:46:16 --> Final output sent to browser
DEBUG - 2017-11-21 19:46:16 --> Total execution time: 0.0440
INFO - 2017-11-21 19:48:22 --> Config Class Initialized
INFO - 2017-11-21 19:48:22 --> Hooks Class Initialized
DEBUG - 2017-11-21 19:48:22 --> UTF-8 Support Enabled
INFO - 2017-11-21 19:48:22 --> Utf8 Class Initialized
INFO - 2017-11-21 19:48:22 --> URI Class Initialized
INFO - 2017-11-21 19:48:22 --> Router Class Initialized
INFO - 2017-11-21 19:48:22 --> Output Class Initialized
INFO - 2017-11-21 19:48:22 --> Security Class Initialized
DEBUG - 2017-11-21 19:48:22 --> Global POST, GET and COOKIE data sanitized
INFO - 2017-11-21 19:48:22 --> Input Class Initialized
INFO - 2017-11-21 19:48:22 --> Language Class Initialized
INFO - 2017-11-21 19:48:22 --> Loader Class Initialized
INFO - 2017-11-21 19:48:22 --> Helper loaded: url_helper
INFO - 2017-11-21 19:48:22 --> Controller Class Initialized
INFO - 2017-11-21 19:48:22 --> File loaded: C:\Users\Noctombule\Documents\isib\SelfLearning\programation\PHP\workspace\Memento\views\synapse.php
INFO - 2017-11-21 19:48:22 --> File loaded: C:\Users\Noctombule\Documents\isib\SelfLearning\programation\PHP\workspace\Memento\views\memento_head_dev.php
INFO - 2017-11-21 19:48:22 --> File loaded: C:\Users\Noctombule\Documents\isib\SelfLearning\programation\PHP\workspace\Memento\views\memento.php
INFO - 2017-11-21 19:48:22 --> File loaded: C:\Users\Noctombule\Documents\isib\SelfLearning\programation\PHP\workspace\Memento\views\memento_scripts_dev.php
INFO - 2017-11-21 19:48:22 --> Final output sent to browser
DEBUG - 2017-11-21 19:48:22 --> Total execution time: 0.0550
INFO - 2017-11-21 20:13:35 --> Config Class Initialized
INFO - 2017-11-21 20:13:35 --> Hooks Class Initialized
DEBUG - 2017-11-21 20:13:35 --> UTF-8 Support Enabled
INFO - 2017-11-21 20:13:35 --> Utf8 Class Initialized
INFO - 2017-11-21 20:13:35 --> URI Class Initialized
INFO - 2017-11-21 20:13:35 --> Router Class Initialized
INFO - 2017-11-21 20:13:35 --> Output Class Initialized
INFO - 2017-11-21 20:13:35 --> Security Class Initialized
DEBUG - 2017-11-21 20:13:35 --> Global POST, GET and COOKIE data sanitized
INFO - 2017-11-21 20:13:35 --> Input Class Initialized
INFO - 2017-11-21 20:13:35 --> Language Class Initialized
INFO - 2017-11-21 20:13:35 --> Loader Class Initialized
INFO - 2017-11-21 20:13:35 --> Helper loaded: url_helper
INFO - 2017-11-21 20:13:35 --> Controller Class Initialized
INFO - 2017-11-21 20:13:35 --> File loaded: C:\Users\Noctombule\Documents\isib\SelfLearning\programation\PHP\workspace\Memento\views\synapse.php
INFO - 2017-11-21 20:13:35 --> File loaded: C:\Users\Noctombule\Documents\isib\SelfLearning\programation\PHP\workspace\Memento\views\memento_head_dev.php
INFO - 2017-11-21 20:13:35 --> File loaded: C:\Users\Noctombule\Documents\isib\SelfLearning\programation\PHP\workspace\Memento\views\memento.php
INFO - 2017-11-21 20:13:35 --> File loaded: C:\Users\Noctombule\Documents\isib\SelfLearning\programation\PHP\workspace\Memento\views\memento_scripts_dev.php
INFO - 2017-11-21 20:13:35 --> Final output sent to browser
DEBUG - 2017-11-21 20:13:35 --> Total execution time: 0.0370
INFO - 2017-11-21 20:14:09 --> Config Class Initialized
INFO - 2017-11-21 20:14:09 --> Hooks Class Initialized
DEBUG - 2017-11-21 20:14:09 --> UTF-8 Support Enabled
INFO - 2017-11-21 20:14:09 --> Utf8 Class Initialized
INFO - 2017-11-21 20:14:09 --> URI Class Initialized
INFO - 2017-11-21 20:14:09 --> Router Class Initialized
INFO - 2017-11-21 20:14:09 --> Output Class Initialized
INFO - 2017-11-21 20:14:09 --> Security Class Initialized
DEBUG - 2017-11-21 20:14:09 --> Global POST, GET and COOKIE data sanitized
INFO - 2017-11-21 20:14:09 --> Input Class Initialized
INFO - 2017-11-21 20:14:09 --> Language Class Initialized
INFO - 2017-11-21 20:14:09 --> Loader Class Initialized
INFO - 2017-11-21 20:14:09 --> Helper loaded: url_helper
INFO - 2017-11-21 20:14:09 --> Controller Class Initialized
INFO - 2017-11-21 20:14:09 --> File loaded: C:\Users\Noctombule\Documents\isib\SelfLearning\programation\PHP\workspace\Memento\views\synapse.php
INFO - 2017-11-21 20:14:09 --> File loaded: C:\Users\Noctombule\Documents\isib\SelfLearning\programation\PHP\workspace\Memento\views\memento_head_dev.php
INFO - 2017-11-21 20:14:09 --> File loaded: C:\Users\Noctombule\Documents\isib\SelfLearning\programation\PHP\workspace\Memento\views\memento.php
INFO - 2017-11-21 20:14:09 --> File loaded: C:\Users\Noctombule\Documents\isib\SelfLearning\programation\PHP\workspace\Memento\views\memento_scripts_dev.php
INFO - 2017-11-21 20:14:09 --> Final output sent to browser
DEBUG - 2017-11-21 20:14:09 --> Total execution time: 0.0460
INFO - 2017-11-21 20:14:54 --> Config Class Initialized
INFO - 2017-11-21 20:14:54 --> Hooks Class Initialized
DEBUG - 2017-11-21 20:14:54 --> UTF-8 Support Enabled
INFO - 2017-11-21 20:14:54 --> Utf8 Class Initialized
INFO - 2017-11-21 20:14:54 --> URI Class Initialized
INFO - 2017-11-21 20:14:54 --> Router Class Initialized
INFO - 2017-11-21 20:14:54 --> Output Class Initialized
INFO - 2017-11-21 20:14:54 --> Security Class Initialized
DEBUG - 2017-11-21 20:14:54 --> Global POST, GET and COOKIE data sanitized
INFO - 2017-11-21 20:14:54 --> Input Class Initialized
INFO - 2017-11-21 20:14:54 --> Language Class Initialized
INFO - 2017-11-21 20:14:54 --> Loader Class Initialized
INFO - 2017-11-21 20:14:54 --> Helper loaded: url_helper
INFO - 2017-11-21 20:14:54 --> Controller Class Initialized
INFO - 2017-11-21 20:14:54 --> File loaded: C:\Users\Noctombule\Documents\isib\SelfLearning\programation\PHP\workspace\Memento\views\synapse.php
INFO - 2017-11-21 20:14:54 --> File loaded: C:\Users\Noctombule\Documents\isib\SelfLearning\programation\PHP\workspace\Memento\views\memento_head_dev.php
INFO - 2017-11-21 20:14:54 --> File loaded: C:\Users\Noctombule\Documents\isib\SelfLearning\programation\PHP\workspace\Memento\views\memento.php
INFO - 2017-11-21 20:14:54 --> File loaded: C:\Users\Noctombule\Documents\isib\SelfLearning\programation\PHP\workspace\Memento\views\memento_scripts_dev.php
INFO - 2017-11-21 20:14:54 --> Final output sent to browser
DEBUG - 2017-11-21 20:14:54 --> Total execution time: 0.0520
INFO - 2017-11-21 20:17:25 --> Config Class Initialized
INFO - 2017-11-21 20:17:25 --> Hooks Class Initialized
DEBUG - 2017-11-21 20:17:25 --> UTF-8 Support Enabled
INFO - 2017-11-21 20:17:25 --> Utf8 Class Initialized
INFO - 2017-11-21 20:17:25 --> URI Class Initialized
INFO - 2017-11-21 20:17:25 --> Router Class Initialized
INFO - 2017-11-21 20:17:25 --> Output Class Initialized
INFO - 2017-11-21 20:17:25 --> Security Class Initialized
DEBUG - 2017-11-21 20:17:25 --> Global POST, GET and COOKIE data sanitized
INFO - 2017-11-21 20:17:25 --> Input Class Initialized
INFO - 2017-11-21 20:17:25 --> Language Class Initialized
INFO - 2017-11-21 20:17:25 --> Loader Class Initialized
INFO - 2017-11-21 20:17:25 --> Helper loaded: url_helper
INFO - 2017-11-21 20:17:25 --> Controller Class Initialized
INFO - 2017-11-21 20:17:25 --> File loaded: C:\Users\Noctombule\Documents\isib\SelfLearning\programation\PHP\workspace\Memento\views\synapse.php
INFO - 2017-11-21 20:17:25 --> File loaded: C:\Users\Noctombule\Documents\isib\SelfLearning\programation\PHP\workspace\Memento\views\memento_head_dev.php
INFO - 2017-11-21 20:17:25 --> File loaded: C:\Users\Noctombule\Documents\isib\SelfLearning\programation\PHP\workspace\Memento\views\memento.php
INFO - 2017-11-21 20:17:25 --> File loaded: C:\Users\Noctombule\Documents\isib\SelfLearning\programation\PHP\workspace\Memento\views\memento_scripts_dev.php
INFO - 2017-11-21 20:17:25 --> Final output sent to browser
DEBUG - 2017-11-21 20:17:25 --> Total execution time: 0.0380
INFO - 2017-11-21 20:18:03 --> Config Class Initialized
INFO - 2017-11-21 20:18:03 --> Hooks Class Initialized
DEBUG - 2017-11-21 20:18:03 --> UTF-8 Support Enabled
INFO - 2017-11-21 20:18:03 --> Utf8 Class Initialized
INFO - 2017-11-21 20:18:03 --> URI Class Initialized
INFO - 2017-11-21 20:18:03 --> Router Class Initialized
INFO - 2017-11-21 20:18:03 --> Output Class Initialized
INFO - 2017-11-21 20:18:03 --> Security Class Initialized
DEBUG - 2017-11-21 20:18:03 --> Global POST, GET and COOKIE data sanitized
INFO - 2017-11-21 20:18:03 --> Input Class Initialized
INFO - 2017-11-21 20:18:03 --> Language Class Initialized
INFO - 2017-11-21 20:18:03 --> Loader Class Initialized
INFO - 2017-11-21 20:18:03 --> Helper loaded: url_helper
INFO - 2017-11-21 20:18:03 --> Controller Class Initialized
INFO - 2017-11-21 20:18:03 --> File loaded: C:\Users\Noctombule\Documents\isib\SelfLearning\programation\PHP\workspace\Memento\views\synapse.php
INFO - 2017-11-21 20:18:03 --> File loaded: C:\Users\Noctombule\Documents\isib\SelfLearning\programation\PHP\workspace\Memento\views\memento_head_dev.php
INFO - 2017-11-21 20:18:03 --> File loaded: C:\Users\Noctombule\Documents\isib\SelfLearning\programation\PHP\workspace\Memento\views\memento.php
INFO - 2017-11-21 20:18:03 --> File loaded: C:\Users\Noctombule\Documents\isib\SelfLearning\programation\PHP\workspace\Memento\views\memento_scripts_dev.php
INFO - 2017-11-21 20:18:03 --> Final output sent to browser
DEBUG - 2017-11-21 20:18:03 --> Total execution time: 0.0320
INFO - 2017-11-21 20:19:05 --> Config Class Initialized
INFO - 2017-11-21 20:19:05 --> Hooks Class Initialized
DEBUG - 2017-11-21 20:19:05 --> UTF-8 Support Enabled
INFO - 2017-11-21 20:19:05 --> Utf8 Class Initialized
INFO - 2017-11-21 20:19:05 --> URI Class Initialized
INFO - 2017-11-21 20:19:05 --> Router Class Initialized
INFO - 2017-11-21 20:19:05 --> Output Class Initialized
INFO - 2017-11-21 20:19:05 --> Security Class Initialized
DEBUG - 2017-11-21 20:19:05 --> Global POST, GET and COOKIE data sanitized
INFO - 2017-11-21 20:19:05 --> Input Class Initialized
INFO - 2017-11-21 20:19:05 --> Language Class Initialized
INFO - 2017-11-21 20:19:05 --> Loader Class Initialized
INFO - 2017-11-21 20:19:05 --> Helper loaded: url_helper
INFO - 2017-11-21 20:19:05 --> Controller Class Initialized
INFO - 2017-11-21 20:19:05 --> File loaded: C:\Users\Noctombule\Documents\isib\SelfLearning\programation\PHP\workspace\Memento\views\synapse.php
INFO - 2017-11-21 20:19:05 --> File loaded: C:\Users\Noctombule\Documents\isib\SelfLearning\programation\PHP\workspace\Memento\views\memento_head_dev.php
INFO - 2017-11-21 20:19:05 --> File loaded: C:\Users\Noctombule\Documents\isib\SelfLearning\programation\PHP\workspace\Memento\views\memento.php
INFO - 2017-11-21 20:19:05 --> File loaded: C:\Users\Noctombule\Documents\isib\SelfLearning\programation\PHP\workspace\Memento\views\memento_scripts_dev.php
INFO - 2017-11-21 20:19:05 --> Final output sent to browser
DEBUG - 2017-11-21 20:19:05 --> Total execution time: 0.0470
INFO - 2017-11-21 20:20:40 --> Config Class Initialized
INFO - 2017-11-21 20:20:40 --> Hooks Class Initialized
DEBUG - 2017-11-21 20:20:40 --> UTF-8 Support Enabled
INFO - 2017-11-21 20:20:40 --> Utf8 Class Initialized
INFO - 2017-11-21 20:20:40 --> URI Class Initialized
INFO - 2017-11-21 20:20:40 --> Router Class Initialized
INFO - 2017-11-21 20:20:40 --> Output Class Initialized
INFO - 2017-11-21 20:20:40 --> Security Class Initialized
DEBUG - 2017-11-21 20:20:40 --> Global POST, GET and COOKIE data sanitized
INFO - 2017-11-21 20:20:40 --> Input Class Initialized
INFO - 2017-11-21 20:20:40 --> Language Class Initialized
INFO - 2017-11-21 20:20:40 --> Loader Class Initialized
INFO - 2017-11-21 20:20:40 --> Helper loaded: url_helper
INFO - 2017-11-21 20:20:40 --> Controller Class Initialized
INFO - 2017-11-21 20:20:40 --> File loaded: C:\Users\Noctombule\Documents\isib\SelfLearning\programation\PHP\workspace\Memento\views\synapse.php
INFO - 2017-11-21 20:20:40 --> File loaded: C:\Users\Noctombule\Documents\isib\SelfLearning\programation\PHP\workspace\Memento\views\memento_head_dev.php
INFO - 2017-11-21 20:20:40 --> File loaded: C:\Users\Noctombule\Documents\isib\SelfLearning\programation\PHP\workspace\Memento\views\memento.php
INFO - 2017-11-21 20:20:40 --> File loaded: C:\Users\Noctombule\Documents\isib\SelfLearning\programation\PHP\workspace\Memento\views\memento_scripts_dev.php
INFO - 2017-11-21 20:20:40 --> Final output sent to browser
DEBUG - 2017-11-21 20:20:40 --> Total execution time: 0.0480
INFO - 2017-11-21 20:20:54 --> Config Class Initialized
INFO - 2017-11-21 20:20:54 --> Hooks Class Initialized
DEBUG - 2017-11-21 20:20:54 --> UTF-8 Support Enabled
INFO - 2017-11-21 20:20:54 --> Utf8 Class Initialized
INFO - 2017-11-21 20:20:54 --> URI Class Initialized
INFO - 2017-11-21 20:20:54 --> Router Class Initialized
INFO - 2017-11-21 20:20:54 --> Output Class Initialized
INFO - 2017-11-21 20:20:54 --> Security Class Initialized
DEBUG - 2017-11-21 20:20:54 --> Global POST, GET and COOKIE data sanitized
INFO - 2017-11-21 20:20:54 --> Input Class Initialized
INFO - 2017-11-21 20:20:54 --> Language Class Initialized
INFO - 2017-11-21 20:20:54 --> Loader Class Initialized
INFO - 2017-11-21 20:20:54 --> Helper loaded: url_helper
INFO - 2017-11-21 20:20:54 --> Controller Class Initialized
INFO - 2017-11-21 20:20:54 --> File loaded: C:\Users\Noctombule\Documents\isib\SelfLearning\programation\PHP\workspace\Memento\views\synapse.php
INFO - 2017-11-21 20:20:54 --> File loaded: C:\Users\Noctombule\Documents\isib\SelfLearning\programation\PHP\workspace\Memento\views\memento_head_dev.php
INFO - 2017-11-21 20:20:54 --> File loaded: C:\Users\Noctombule\Documents\isib\SelfLearning\programation\PHP\workspace\Memento\views\memento.php
INFO - 2017-11-21 20:20:54 --> File loaded: C:\Users\Noctombule\Documents\isib\SelfLearning\programation\PHP\workspace\Memento\views\memento_scripts_dev.php
INFO - 2017-11-21 20:20:54 --> Final output sent to browser
DEBUG - 2017-11-21 20:20:54 --> Total execution time: 0.0360
INFO - 2017-11-21 20:21:58 --> Config Class Initialized
INFO - 2017-11-21 20:21:58 --> Hooks Class Initialized
DEBUG - 2017-11-21 20:21:58 --> UTF-8 Support Enabled
INFO - 2017-11-21 20:21:58 --> Utf8 Class Initialized
INFO - 2017-11-21 20:21:58 --> URI Class Initialized
INFO - 2017-11-21 20:21:58 --> Router Class Initialized
INFO - 2017-11-21 20:21:58 --> Output Class Initialized
INFO - 2017-11-21 20:21:58 --> Security Class Initialized
DEBUG - 2017-11-21 20:21:58 --> Global POST, GET and COOKIE data sanitized
INFO - 2017-11-21 20:21:58 --> Input Class Initialized
INFO - 2017-11-21 20:21:58 --> Language Class Initialized
INFO - 2017-11-21 20:21:58 --> Loader Class Initialized
INFO - 2017-11-21 20:21:58 --> Helper loaded: url_helper
INFO - 2017-11-21 20:21:58 --> Controller Class Initialized
INFO - 2017-11-21 20:21:58 --> File loaded: C:\Users\Noctombule\Documents\isib\SelfLearning\programation\PHP\workspace\Memento\views\synapse.php
INFO - 2017-11-21 20:21:58 --> File loaded: C:\Users\Noctombule\Documents\isib\SelfLearning\programation\PHP\workspace\Memento\views\memento_head_dev.php
INFO - 2017-11-21 20:21:58 --> File loaded: C:\Users\Noctombule\Documents\isib\SelfLearning\programation\PHP\workspace\Memento\views\memento.php
INFO - 2017-11-21 20:21:58 --> File loaded: C:\Users\Noctombule\Documents\isib\SelfLearning\programation\PHP\workspace\Memento\views\memento_scripts_dev.php
INFO - 2017-11-21 20:21:58 --> Final output sent to browser
DEBUG - 2017-11-21 20:21:58 --> Total execution time: 0.0350
INFO - 2017-11-21 20:22:30 --> Config Class Initialized
INFO - 2017-11-21 20:22:30 --> Hooks Class Initialized
DEBUG - 2017-11-21 20:22:30 --> UTF-8 Support Enabled
INFO - 2017-11-21 20:22:30 --> Utf8 Class Initialized
INFO - 2017-11-21 20:22:30 --> URI Class Initialized
INFO - 2017-11-21 20:22:30 --> Router Class Initialized
INFO - 2017-11-21 20:22:30 --> Output Class Initialized
INFO - 2017-11-21 20:22:30 --> Security Class Initialized
DEBUG - 2017-11-21 20:22:30 --> Global POST, GET and COOKIE data sanitized
INFO - 2017-11-21 20:22:30 --> Input Class Initialized
INFO - 2017-11-21 20:22:30 --> Language Class Initialized
INFO - 2017-11-21 20:22:30 --> Loader Class Initialized
INFO - 2017-11-21 20:22:30 --> Helper loaded: url_helper
INFO - 2017-11-21 20:22:30 --> Controller Class Initialized
INFO - 2017-11-21 20:22:30 --> File loaded: C:\Users\Noctombule\Documents\isib\SelfLearning\programation\PHP\workspace\Memento\views\synapse.php
INFO - 2017-11-21 20:22:30 --> File loaded: C:\Users\Noctombule\Documents\isib\SelfLearning\programation\PHP\workspace\Memento\views\memento_head_dev.php
INFO - 2017-11-21 20:22:30 --> File loaded: C:\Users\Noctombule\Documents\isib\SelfLearning\programation\PHP\workspace\Memento\views\memento.php
INFO - 2017-11-21 20:22:30 --> File loaded: C:\Users\Noctombule\Documents\isib\SelfLearning\programation\PHP\workspace\Memento\views\memento_scripts_dev.php
INFO - 2017-11-21 20:22:30 --> Final output sent to browser
DEBUG - 2017-11-21 20:22:30 --> Total execution time: 0.0320
