INFO - 2018-01-03 11:43:23 --> Config Class Initialized
INFO - 2018-01-03 11:43:23 --> Hooks Class Initialized
DEBUG - 2018-01-03 11:43:23 --> UTF-8 Support Enabled
INFO - 2018-01-03 11:43:23 --> Utf8 Class Initialized
INFO - 2018-01-03 11:43:23 --> URI Class Initialized
INFO - 2018-01-03 11:43:23 --> Router Class Initialized
INFO - 2018-01-03 11:43:23 --> Output Class Initialized
INFO - 2018-01-03 11:43:23 --> Security Class Initialized
DEBUG - 2018-01-03 11:43:23 --> Global POST, GET and COOKIE data sanitized
INFO - 2018-01-03 11:43:23 --> Input Class Initialized
INFO - 2018-01-03 11:43:23 --> Language Class Initialized
INFO - 2018-01-03 11:43:23 --> Loader Class Initialized
INFO - 2018-01-03 11:43:23 --> Helper loaded: url_helper
INFO - 2018-01-03 11:43:23 --> Controller Class Initialized
INFO - 2018-01-03 11:43:23 --> File loaded: C:\Users\Yousri\php\workspace\Memento\views\synapse.php
INFO - 2018-01-03 11:43:23 --> File loaded: C:\Users\Yousri\php\workspace\Memento\views\memento_head_dev.php
INFO - 2018-01-03 11:43:23 --> File loaded: C:\Users\Yousri\php\workspace\Memento\views\memento.php
INFO - 2018-01-03 11:43:23 --> File loaded: C:\Users\Yousri\php\workspace\Memento\views\memento_scripts_dev.php
INFO - 2018-01-03 11:43:23 --> Final output sent to browser
DEBUG - 2018-01-03 11:43:23 --> Total execution time: 0.0691
INFO - 2018-01-03 11:43:23 --> Config Class Initialized
INFO - 2018-01-03 11:43:23 --> Hooks Class Initialized
DEBUG - 2018-01-03 11:43:23 --> UTF-8 Support Enabled
INFO - 2018-01-03 11:43:23 --> Utf8 Class Initialized
INFO - 2018-01-03 11:43:24 --> URI Class Initialized
INFO - 2018-01-03 11:43:24 --> Router Class Initialized
INFO - 2018-01-03 11:43:24 --> Output Class Initialized
INFO - 2018-01-03 11:43:24 --> Security Class Initialized
DEBUG - 2018-01-03 11:43:24 --> Global POST, GET and COOKIE data sanitized
INFO - 2018-01-03 11:43:24 --> Input Class Initialized
INFO - 2018-01-03 11:43:24 --> Language Class Initialized
INFO - 2018-01-03 11:43:24 --> Loader Class Initialized
INFO - 2018-01-03 11:43:24 --> Helper loaded: url_helper
INFO - 2018-01-03 11:43:24 --> Controller Class Initialized
INFO - 2018-01-03 11:43:24 --> File loaded: C:\Users\Yousri\php\workspace\Memento\views\synapse.php
INFO - 2018-01-03 11:43:24 --> File loaded: C:\Users\Yousri\php\workspace\Memento\views\memento_head_dev.php
INFO - 2018-01-03 11:43:24 --> File loaded: C:\Users\Yousri\php\workspace\Memento\views\memento.php
INFO - 2018-01-03 11:43:24 --> File loaded: C:\Users\Yousri\php\workspace\Memento\views\memento_scripts_dev.php
INFO - 2018-01-03 11:43:24 --> Final output sent to browser
DEBUG - 2018-01-03 11:43:24 --> Total execution time: 0.0544
INFO - 2018-01-03 16:51:18 --> Config Class Initialized
INFO - 2018-01-03 16:51:18 --> Hooks Class Initialized
DEBUG - 2018-01-03 16:51:18 --> UTF-8 Support Enabled
INFO - 2018-01-03 16:51:18 --> Utf8 Class Initialized
INFO - 2018-01-03 16:51:18 --> URI Class Initialized
INFO - 2018-01-03 16:51:18 --> Router Class Initialized
INFO - 2018-01-03 16:51:18 --> Output Class Initialized
INFO - 2018-01-03 16:51:18 --> Security Class Initialized
DEBUG - 2018-01-03 16:51:18 --> Global POST, GET and COOKIE data sanitized
INFO - 2018-01-03 16:51:18 --> Input Class Initialized
INFO - 2018-01-03 16:51:18 --> Language Class Initialized
INFO - 2018-01-03 16:51:18 --> Loader Class Initialized
INFO - 2018-01-03 16:51:18 --> Helper loaded: url_helper
INFO - 2018-01-03 16:51:18 --> Controller Class Initialized
INFO - 2018-01-03 16:51:18 --> File loaded: C:\Users\Yousri\php\workspace\Memento\views\synapse.php
INFO - 2018-01-03 16:51:18 --> File loaded: C:\Users\Yousri\php\workspace\Memento\views\memento_head_dev.php
INFO - 2018-01-03 16:51:18 --> File loaded: C:\Users\Yousri\php\workspace\Memento\views\memento.php
INFO - 2018-01-03 16:51:18 --> File loaded: C:\Users\Yousri\php\workspace\Memento\views\memento_scripts_dev.php
INFO - 2018-01-03 16:51:18 --> Final output sent to browser
DEBUG - 2018-01-03 16:51:18 --> Total execution time: 0.0703
INFO - 2018-01-03 18:00:44 --> Config Class Initialized
INFO - 2018-01-03 18:00:44 --> Hooks Class Initialized
DEBUG - 2018-01-03 18:00:44 --> UTF-8 Support Enabled
INFO - 2018-01-03 18:00:44 --> Utf8 Class Initialized
INFO - 2018-01-03 18:00:44 --> URI Class Initialized
INFO - 2018-01-03 18:00:44 --> Router Class Initialized
INFO - 2018-01-03 18:00:44 --> Output Class Initialized
INFO - 2018-01-03 18:00:44 --> Security Class Initialized
DEBUG - 2018-01-03 18:00:44 --> Global POST, GET and COOKIE data sanitized
INFO - 2018-01-03 18:00:44 --> Input Class Initialized
INFO - 2018-01-03 18:00:44 --> Language Class Initialized
INFO - 2018-01-03 18:00:44 --> Loader Class Initialized
INFO - 2018-01-03 18:00:44 --> Helper loaded: url_helper
INFO - 2018-01-03 18:00:44 --> Controller Class Initialized
INFO - 2018-01-03 18:00:44 --> File loaded: C:\Users\Yousri\php\workspace\Memento\views\synapse.php
INFO - 2018-01-03 18:00:44 --> File loaded: C:\Users\Yousri\php\workspace\Memento\views\memento_head_dev.php
INFO - 2018-01-03 18:00:44 --> File loaded: C:\Users\Yousri\php\workspace\Memento\views\memento.php
INFO - 2018-01-03 18:00:44 --> File loaded: C:\Users\Yousri\php\workspace\Memento\views\memento_scripts_dev.php
INFO - 2018-01-03 18:00:44 --> Final output sent to browser
DEBUG - 2018-01-03 18:00:44 --> Total execution time: 0.0567
INFO - 2018-01-03 18:01:39 --> Config Class Initialized
INFO - 2018-01-03 18:01:39 --> Hooks Class Initialized
DEBUG - 2018-01-03 18:01:39 --> UTF-8 Support Enabled
INFO - 2018-01-03 18:01:39 --> Utf8 Class Initialized
INFO - 2018-01-03 18:01:39 --> URI Class Initialized
INFO - 2018-01-03 18:01:39 --> Router Class Initialized
INFO - 2018-01-03 18:01:39 --> Output Class Initialized
INFO - 2018-01-03 18:01:39 --> Security Class Initialized
DEBUG - 2018-01-03 18:01:39 --> Global POST, GET and COOKIE data sanitized
INFO - 2018-01-03 18:01:39 --> Input Class Initialized
INFO - 2018-01-03 18:01:39 --> Language Class Initialized
INFO - 2018-01-03 18:01:39 --> Loader Class Initialized
INFO - 2018-01-03 18:01:39 --> Helper loaded: url_helper
INFO - 2018-01-03 18:01:39 --> Controller Class Initialized
INFO - 2018-01-03 18:01:39 --> File loaded: C:\Users\Yousri\php\workspace\Memento\views\synapse.php
INFO - 2018-01-03 18:01:39 --> File loaded: C:\Users\Yousri\php\workspace\Memento\views\memento_head_dev.php
INFO - 2018-01-03 18:01:39 --> File loaded: C:\Users\Yousri\php\workspace\Memento\views\memento.php
INFO - 2018-01-03 18:01:39 --> File loaded: C:\Users\Yousri\php\workspace\Memento\views\memento_scripts_dev.php
INFO - 2018-01-03 18:01:39 --> Final output sent to browser
DEBUG - 2018-01-03 18:01:39 --> Total execution time: 0.0463
INFO - 2018-01-03 18:03:08 --> Config Class Initialized
INFO - 2018-01-03 18:03:08 --> Hooks Class Initialized
DEBUG - 2018-01-03 18:03:08 --> UTF-8 Support Enabled
INFO - 2018-01-03 18:03:08 --> Utf8 Class Initialized
INFO - 2018-01-03 18:03:08 --> URI Class Initialized
INFO - 2018-01-03 18:03:08 --> Router Class Initialized
INFO - 2018-01-03 18:03:08 --> Output Class Initialized
INFO - 2018-01-03 18:03:08 --> Security Class Initialized
DEBUG - 2018-01-03 18:03:08 --> Global POST, GET and COOKIE data sanitized
INFO - 2018-01-03 18:03:08 --> Input Class Initialized
INFO - 2018-01-03 18:03:08 --> Language Class Initialized
INFO - 2018-01-03 18:03:08 --> Loader Class Initialized
INFO - 2018-01-03 18:03:08 --> Helper loaded: url_helper
INFO - 2018-01-03 18:03:08 --> Controller Class Initialized
INFO - 2018-01-03 18:03:08 --> File loaded: C:\Users\Yousri\php\workspace\Memento\views\synapse.php
INFO - 2018-01-03 18:03:08 --> File loaded: C:\Users\Yousri\php\workspace\Memento\views\memento_head_dev.php
INFO - 2018-01-03 18:03:08 --> File loaded: C:\Users\Yousri\php\workspace\Memento\views\memento.php
INFO - 2018-01-03 18:03:08 --> File loaded: C:\Users\Yousri\php\workspace\Memento\views\memento_scripts_dev.php
INFO - 2018-01-03 18:03:08 --> Final output sent to browser
DEBUG - 2018-01-03 18:03:08 --> Total execution time: 0.0497
INFO - 2018-01-03 18:04:11 --> Config Class Initialized
INFO - 2018-01-03 18:04:11 --> Hooks Class Initialized
DEBUG - 2018-01-03 18:04:11 --> UTF-8 Support Enabled
INFO - 2018-01-03 18:04:11 --> Utf8 Class Initialized
INFO - 2018-01-03 18:04:11 --> URI Class Initialized
INFO - 2018-01-03 18:04:11 --> Router Class Initialized
INFO - 2018-01-03 18:04:11 --> Output Class Initialized
INFO - 2018-01-03 18:04:11 --> Security Class Initialized
DEBUG - 2018-01-03 18:04:11 --> Global POST, GET and COOKIE data sanitized
INFO - 2018-01-03 18:04:11 --> Input Class Initialized
INFO - 2018-01-03 18:04:11 --> Language Class Initialized
INFO - 2018-01-03 18:04:11 --> Loader Class Initialized
INFO - 2018-01-03 18:04:11 --> Helper loaded: url_helper
INFO - 2018-01-03 18:04:11 --> Controller Class Initialized
INFO - 2018-01-03 18:04:11 --> File loaded: C:\Users\Yousri\php\workspace\Memento\views\synapse.php
INFO - 2018-01-03 18:04:11 --> File loaded: C:\Users\Yousri\php\workspace\Memento\views\memento_head_dev.php
INFO - 2018-01-03 18:04:11 --> File loaded: C:\Users\Yousri\php\workspace\Memento\views\memento.php
INFO - 2018-01-03 18:04:11 --> File loaded: C:\Users\Yousri\php\workspace\Memento\views\memento_scripts_dev.php
INFO - 2018-01-03 18:04:11 --> Final output sent to browser
DEBUG - 2018-01-03 18:04:11 --> Total execution time: 0.0421
INFO - 2018-01-03 18:04:35 --> Config Class Initialized
INFO - 2018-01-03 18:04:35 --> Hooks Class Initialized
DEBUG - 2018-01-03 18:04:35 --> UTF-8 Support Enabled
INFO - 2018-01-03 18:04:35 --> Utf8 Class Initialized
INFO - 2018-01-03 18:04:35 --> URI Class Initialized
INFO - 2018-01-03 18:04:35 --> Router Class Initialized
INFO - 2018-01-03 18:04:35 --> Output Class Initialized
INFO - 2018-01-03 18:04:35 --> Security Class Initialized
DEBUG - 2018-01-03 18:04:35 --> Global POST, GET and COOKIE data sanitized
INFO - 2018-01-03 18:04:35 --> Input Class Initialized
INFO - 2018-01-03 18:04:35 --> Language Class Initialized
INFO - 2018-01-03 18:04:35 --> Loader Class Initialized
INFO - 2018-01-03 18:04:35 --> Helper loaded: url_helper
INFO - 2018-01-03 18:04:35 --> Controller Class Initialized
INFO - 2018-01-03 18:04:35 --> File loaded: C:\Users\Yousri\php\workspace\Memento\views\synapse.php
INFO - 2018-01-03 18:04:35 --> File loaded: C:\Users\Yousri\php\workspace\Memento\views\memento_head_dev.php
INFO - 2018-01-03 18:04:35 --> File loaded: C:\Users\Yousri\php\workspace\Memento\views\memento.php
INFO - 2018-01-03 18:04:35 --> File loaded: C:\Users\Yousri\php\workspace\Memento\views\memento_scripts_dev.php
INFO - 2018-01-03 18:04:35 --> Final output sent to browser
DEBUG - 2018-01-03 18:04:35 --> Total execution time: 0.0445
INFO - 2018-01-03 18:05:18 --> Config Class Initialized
INFO - 2018-01-03 18:05:18 --> Hooks Class Initialized
DEBUG - 2018-01-03 18:05:18 --> UTF-8 Support Enabled
INFO - 2018-01-03 18:05:18 --> Utf8 Class Initialized
INFO - 2018-01-03 18:05:18 --> URI Class Initialized
INFO - 2018-01-03 18:05:18 --> Router Class Initialized
INFO - 2018-01-03 18:05:18 --> Output Class Initialized
INFO - 2018-01-03 18:05:18 --> Security Class Initialized
DEBUG - 2018-01-03 18:05:18 --> Global POST, GET and COOKIE data sanitized
INFO - 2018-01-03 18:05:18 --> Input Class Initialized
INFO - 2018-01-03 18:05:18 --> Language Class Initialized
INFO - 2018-01-03 18:05:18 --> Loader Class Initialized
INFO - 2018-01-03 18:05:18 --> Helper loaded: url_helper
INFO - 2018-01-03 18:05:18 --> Controller Class Initialized
INFO - 2018-01-03 18:05:18 --> File loaded: C:\Users\Yousri\php\workspace\Memento\views\synapse.php
INFO - 2018-01-03 18:05:18 --> File loaded: C:\Users\Yousri\php\workspace\Memento\views\memento_head_dev.php
INFO - 2018-01-03 18:05:18 --> File loaded: C:\Users\Yousri\php\workspace\Memento\views\memento.php
INFO - 2018-01-03 18:05:18 --> File loaded: C:\Users\Yousri\php\workspace\Memento\views\memento_scripts_dev.php
INFO - 2018-01-03 18:05:18 --> Final output sent to browser
DEBUG - 2018-01-03 18:05:18 --> Total execution time: 0.0515
INFO - 2018-01-03 18:06:06 --> Config Class Initialized
INFO - 2018-01-03 18:06:06 --> Hooks Class Initialized
DEBUG - 2018-01-03 18:06:06 --> UTF-8 Support Enabled
INFO - 2018-01-03 18:06:06 --> Utf8 Class Initialized
INFO - 2018-01-03 18:06:06 --> URI Class Initialized
INFO - 2018-01-03 18:06:06 --> Router Class Initialized
INFO - 2018-01-03 18:06:06 --> Output Class Initialized
INFO - 2018-01-03 18:06:06 --> Security Class Initialized
DEBUG - 2018-01-03 18:06:06 --> Global POST, GET and COOKIE data sanitized
INFO - 2018-01-03 18:06:06 --> Input Class Initialized
INFO - 2018-01-03 18:06:06 --> Language Class Initialized
INFO - 2018-01-03 18:06:06 --> Loader Class Initialized
INFO - 2018-01-03 18:06:06 --> Helper loaded: url_helper
INFO - 2018-01-03 18:06:06 --> Controller Class Initialized
INFO - 2018-01-03 18:06:06 --> File loaded: C:\Users\Yousri\php\workspace\Memento\views\synapse.php
INFO - 2018-01-03 18:06:06 --> File loaded: C:\Users\Yousri\php\workspace\Memento\views\memento_head_dev.php
INFO - 2018-01-03 18:06:06 --> File loaded: C:\Users\Yousri\php\workspace\Memento\views\memento.php
INFO - 2018-01-03 18:06:06 --> File loaded: C:\Users\Yousri\php\workspace\Memento\views\memento_scripts_dev.php
INFO - 2018-01-03 18:06:06 --> Final output sent to browser
DEBUG - 2018-01-03 18:06:06 --> Total execution time: 0.0415
INFO - 2018-01-03 21:47:40 --> Config Class Initialized
INFO - 2018-01-03 21:47:40 --> Hooks Class Initialized
DEBUG - 2018-01-03 21:47:40 --> UTF-8 Support Enabled
INFO - 2018-01-03 21:47:40 --> Utf8 Class Initialized
INFO - 2018-01-03 21:47:40 --> URI Class Initialized
INFO - 2018-01-03 21:47:40 --> Router Class Initialized
INFO - 2018-01-03 21:47:40 --> Output Class Initialized
INFO - 2018-01-03 21:47:40 --> Security Class Initialized
DEBUG - 2018-01-03 21:47:40 --> Global POST, GET and COOKIE data sanitized
INFO - 2018-01-03 21:47:40 --> Input Class Initialized
INFO - 2018-01-03 21:47:40 --> Language Class Initialized
INFO - 2018-01-03 21:47:40 --> Loader Class Initialized
INFO - 2018-01-03 21:47:40 --> Helper loaded: url_helper
INFO - 2018-01-03 21:47:40 --> Controller Class Initialized
INFO - 2018-01-03 21:47:40 --> File loaded: C:\Users\Yousri\php\workspace\Memento\views\synapse.php
INFO - 2018-01-03 21:47:40 --> File loaded: C:\Users\Yousri\php\workspace\Memento\views\memento_head_dev.php
INFO - 2018-01-03 21:47:40 --> File loaded: C:\Users\Yousri\php\workspace\Memento\views\memento.php
INFO - 2018-01-03 21:47:40 --> File loaded: C:\Users\Yousri\php\workspace\Memento\views\memento_scripts_dev.php
INFO - 2018-01-03 21:47:40 --> Final output sent to browser
DEBUG - 2018-01-03 21:47:40 --> Total execution time: 0.0677
