INFO - 2018-04-13 17:30:13 --> Config Class Initialized
INFO - 2018-04-13 17:30:13 --> Hooks Class Initialized
DEBUG - 2018-04-13 17:30:13 --> UTF-8 Support Enabled
INFO - 2018-04-13 17:30:13 --> Utf8 Class Initialized
INFO - 2018-04-13 17:30:13 --> URI Class Initialized
INFO - 2018-04-13 17:30:13 --> Router Class Initialized
INFO - 2018-04-13 17:30:13 --> Output Class Initialized
INFO - 2018-04-13 17:30:13 --> Security Class Initialized
DEBUG - 2018-04-13 17:30:13 --> Global POST, GET and COOKIE data sanitized
INFO - 2018-04-13 17:30:13 --> Input Class Initialized
INFO - 2018-04-13 17:30:13 --> Language Class Initialized
INFO - 2018-04-13 17:30:13 --> Loader Class Initialized
INFO - 2018-04-13 17:30:13 --> Helper loaded: url_helper
DEBUG - 2018-04-13 17:30:13 --> Config file loaded: C:\Users\Yousri\php\workspace\Memento\config/mongo_db.php
INFO - 2018-04-13 17:30:13 --> Controller Class Initialized
INFO - 2018-04-13 17:30:13 --> Model Class Initialized
INFO - 2018-04-13 17:30:13 --> Helper loaded: debug_helper
INFO - 2018-04-13 17:30:13 --> File loaded: C:\Users\Yousri\php\workspace\Memento\views\templates/synapse.php
INFO - 2018-04-13 17:30:13 --> File loaded: C:\Users\Yousri\php\workspace\Memento\views\templates/synapse.php
INFO - 2018-04-13 17:30:13 --> File loaded: C:\Users\Yousri\php\workspace\Memento\views\templates/synapse.php
INFO - 2018-04-13 17:30:13 --> File loaded: C:\Users\Yousri\php\workspace\Memento\views\memento_head_dev.php
INFO - 2018-04-13 17:30:13 --> File loaded: C:\Users\Yousri\php\workspace\Memento\views\templates/lb_edit_synapse.php
INFO - 2018-04-13 17:30:13 --> File loaded: C:\Users\Yousri\php\workspace\Memento\views\memento.php
INFO - 2018-04-13 17:30:13 --> File loaded: C:\Users\Yousri\php\workspace\Memento\views\memento_scripts_dev.php
INFO - 2018-04-13 17:30:13 --> Final output sent to browser
DEBUG - 2018-04-13 17:30:13 --> Total execution time: 0.2354
INFO - 2018-04-13 17:48:34 --> Config Class Initialized
INFO - 2018-04-13 17:48:34 --> Hooks Class Initialized
DEBUG - 2018-04-13 17:48:34 --> UTF-8 Support Enabled
INFO - 2018-04-13 17:48:34 --> Utf8 Class Initialized
INFO - 2018-04-13 17:48:34 --> URI Class Initialized
INFO - 2018-04-13 17:48:34 --> Router Class Initialized
INFO - 2018-04-13 17:48:34 --> Output Class Initialized
INFO - 2018-04-13 17:48:34 --> Security Class Initialized
DEBUG - 2018-04-13 17:48:34 --> Global POST, GET and COOKIE data sanitized
INFO - 2018-04-13 17:48:34 --> Input Class Initialized
INFO - 2018-04-13 17:48:34 --> Language Class Initialized
INFO - 2018-04-13 17:48:34 --> Loader Class Initialized
INFO - 2018-04-13 17:48:34 --> Helper loaded: url_helper
DEBUG - 2018-04-13 17:48:34 --> Config file loaded: C:\Users\Yousri\php\workspace\Memento\config/mongo_db.php
INFO - 2018-04-13 17:48:34 --> Controller Class Initialized
INFO - 2018-04-13 17:48:34 --> Model Class Initialized
INFO - 2018-04-13 17:48:34 --> Helper loaded: debug_helper
INFO - 2018-04-13 17:48:34 --> File loaded: C:\Users\Yousri\php\workspace\Memento\views\templates/synapse.php
INFO - 2018-04-13 17:48:34 --> File loaded: C:\Users\Yousri\php\workspace\Memento\views\templates/synapse.php
INFO - 2018-04-13 17:48:34 --> File loaded: C:\Users\Yousri\php\workspace\Memento\views\templates/synapse.php
INFO - 2018-04-13 17:48:34 --> File loaded: C:\Users\Yousri\php\workspace\Memento\views\memento_head_dev.php
INFO - 2018-04-13 17:48:34 --> File loaded: C:\Users\Yousri\php\workspace\Memento\views\templates/lb_edit_synapse.php
INFO - 2018-04-13 17:48:34 --> File loaded: C:\Users\Yousri\php\workspace\Memento\views\memento.php
INFO - 2018-04-13 17:48:34 --> File loaded: C:\Users\Yousri\php\workspace\Memento\views\memento_scripts_dev.php
INFO - 2018-04-13 17:48:34 --> Final output sent to browser
DEBUG - 2018-04-13 17:48:34 --> Total execution time: 0.0711
INFO - 2018-04-13 17:50:01 --> Config Class Initialized
INFO - 2018-04-13 17:50:01 --> Hooks Class Initialized
DEBUG - 2018-04-13 17:50:01 --> UTF-8 Support Enabled
INFO - 2018-04-13 17:50:01 --> Utf8 Class Initialized
INFO - 2018-04-13 17:50:01 --> URI Class Initialized
INFO - 2018-04-13 17:50:01 --> Router Class Initialized
INFO - 2018-04-13 17:50:01 --> Output Class Initialized
INFO - 2018-04-13 17:50:01 --> Security Class Initialized
DEBUG - 2018-04-13 17:50:01 --> Global POST, GET and COOKIE data sanitized
INFO - 2018-04-13 17:50:01 --> Input Class Initialized
INFO - 2018-04-13 17:50:01 --> Language Class Initialized
INFO - 2018-04-13 17:50:01 --> Loader Class Initialized
INFO - 2018-04-13 17:50:01 --> Helper loaded: url_helper
DEBUG - 2018-04-13 17:50:01 --> Config file loaded: C:\Users\Yousri\php\workspace\Memento\config/mongo_db.php
INFO - 2018-04-13 17:50:01 --> Controller Class Initialized
INFO - 2018-04-13 17:50:01 --> Model Class Initialized
INFO - 2018-04-13 17:50:01 --> Helper loaded: debug_helper
INFO - 2018-04-13 17:50:01 --> File loaded: C:\Users\Yousri\php\workspace\Memento\views\templates/synapse.php
INFO - 2018-04-13 17:50:01 --> File loaded: C:\Users\Yousri\php\workspace\Memento\views\templates/synapse.php
INFO - 2018-04-13 17:50:01 --> File loaded: C:\Users\Yousri\php\workspace\Memento\views\templates/synapse.php
INFO - 2018-04-13 17:50:01 --> File loaded: C:\Users\Yousri\php\workspace\Memento\views\memento_head_dev.php
INFO - 2018-04-13 17:50:01 --> File loaded: C:\Users\Yousri\php\workspace\Memento\views\templates/lb_edit_synapse.php
INFO - 2018-04-13 17:50:01 --> File loaded: C:\Users\Yousri\php\workspace\Memento\views\memento.php
INFO - 2018-04-13 17:50:01 --> File loaded: C:\Users\Yousri\php\workspace\Memento\views\memento_scripts_dev.php
INFO - 2018-04-13 17:50:01 --> Final output sent to browser
DEBUG - 2018-04-13 17:50:01 --> Total execution time: 0.1279
INFO - 2018-04-13 17:51:55 --> Config Class Initialized
INFO - 2018-04-13 17:51:55 --> Hooks Class Initialized
DEBUG - 2018-04-13 17:51:55 --> UTF-8 Support Enabled
INFO - 2018-04-13 17:51:55 --> Utf8 Class Initialized
INFO - 2018-04-13 17:51:55 --> URI Class Initialized
INFO - 2018-04-13 17:51:55 --> Router Class Initialized
INFO - 2018-04-13 17:51:55 --> Output Class Initialized
INFO - 2018-04-13 17:51:55 --> Security Class Initialized
DEBUG - 2018-04-13 17:51:55 --> Global POST, GET and COOKIE data sanitized
INFO - 2018-04-13 17:51:55 --> Input Class Initialized
INFO - 2018-04-13 17:51:55 --> Language Class Initialized
INFO - 2018-04-13 17:51:55 --> Loader Class Initialized
INFO - 2018-04-13 17:51:55 --> Helper loaded: url_helper
DEBUG - 2018-04-13 17:51:55 --> Config file loaded: C:\Users\Yousri\php\workspace\Memento\config/mongo_db.php
INFO - 2018-04-13 17:51:55 --> Controller Class Initialized
INFO - 2018-04-13 17:51:55 --> Model Class Initialized
INFO - 2018-04-13 17:51:55 --> Helper loaded: debug_helper
INFO - 2018-04-13 17:51:55 --> File loaded: C:\Users\Yousri\php\workspace\Memento\views\templates/synapse.php
INFO - 2018-04-13 17:51:55 --> File loaded: C:\Users\Yousri\php\workspace\Memento\views\templates/synapse.php
INFO - 2018-04-13 17:51:55 --> File loaded: C:\Users\Yousri\php\workspace\Memento\views\templates/synapse.php
INFO - 2018-04-13 17:51:55 --> File loaded: C:\Users\Yousri\php\workspace\Memento\views\memento_head_dev.php
INFO - 2018-04-13 17:51:55 --> File loaded: C:\Users\Yousri\php\workspace\Memento\views\templates/lb_edit_synapse.php
INFO - 2018-04-13 17:51:55 --> File loaded: C:\Users\Yousri\php\workspace\Memento\views\memento.php
INFO - 2018-04-13 17:51:55 --> File loaded: C:\Users\Yousri\php\workspace\Memento\views\memento_scripts_dev.php
INFO - 2018-04-13 17:51:55 --> Final output sent to browser
DEBUG - 2018-04-13 17:51:55 --> Total execution time: 0.1036
INFO - 2018-04-13 18:16:22 --> Config Class Initialized
INFO - 2018-04-13 18:16:22 --> Hooks Class Initialized
DEBUG - 2018-04-13 18:16:22 --> UTF-8 Support Enabled
INFO - 2018-04-13 18:16:22 --> Utf8 Class Initialized
INFO - 2018-04-13 18:16:22 --> URI Class Initialized
INFO - 2018-04-13 18:16:22 --> Router Class Initialized
INFO - 2018-04-13 18:16:22 --> Output Class Initialized
INFO - 2018-04-13 18:16:22 --> Security Class Initialized
DEBUG - 2018-04-13 18:16:22 --> Global POST, GET and COOKIE data sanitized
INFO - 2018-04-13 18:16:22 --> Input Class Initialized
INFO - 2018-04-13 18:16:22 --> Language Class Initialized
INFO - 2018-04-13 18:16:22 --> Loader Class Initialized
INFO - 2018-04-13 18:16:22 --> Helper loaded: url_helper
DEBUG - 2018-04-13 18:16:22 --> Config file loaded: C:\Users\Yousri\php\workspace\Memento\config/mongo_db.php
INFO - 2018-04-13 18:16:22 --> Controller Class Initialized
INFO - 2018-04-13 18:16:22 --> Model Class Initialized
INFO - 2018-04-13 18:16:22 --> Helper loaded: debug_helper
INFO - 2018-04-13 18:16:22 --> File loaded: C:\Users\Yousri\php\workspace\Memento\views\templates/synapse.php
INFO - 2018-04-13 18:16:22 --> File loaded: C:\Users\Yousri\php\workspace\Memento\views\templates/synapse.php
INFO - 2018-04-13 18:16:22 --> File loaded: C:\Users\Yousri\php\workspace\Memento\views\templates/synapse.php
INFO - 2018-04-13 18:16:22 --> File loaded: C:\Users\Yousri\php\workspace\Memento\views\memento_head_dev.php
INFO - 2018-04-13 18:16:22 --> File loaded: C:\Users\Yousri\php\workspace\Memento\views\templates/lb_edit_synapse.php
INFO - 2018-04-13 18:16:22 --> File loaded: C:\Users\Yousri\php\workspace\Memento\views\memento.php
INFO - 2018-04-13 18:16:22 --> File loaded: C:\Users\Yousri\php\workspace\Memento\views\memento_scripts_dev.php
INFO - 2018-04-13 18:16:22 --> Final output sent to browser
DEBUG - 2018-04-13 18:16:22 --> Total execution time: 0.1092
INFO - 2018-04-13 18:16:57 --> Config Class Initialized
INFO - 2018-04-13 18:16:57 --> Hooks Class Initialized
DEBUG - 2018-04-13 18:16:57 --> UTF-8 Support Enabled
INFO - 2018-04-13 18:16:57 --> Utf8 Class Initialized
INFO - 2018-04-13 18:16:57 --> URI Class Initialized
INFO - 2018-04-13 18:16:57 --> Router Class Initialized
INFO - 2018-04-13 18:16:57 --> Output Class Initialized
INFO - 2018-04-13 18:16:57 --> Security Class Initialized
DEBUG - 2018-04-13 18:16:57 --> Global POST, GET and COOKIE data sanitized
INFO - 2018-04-13 18:16:57 --> Input Class Initialized
INFO - 2018-04-13 18:16:57 --> Language Class Initialized
INFO - 2018-04-13 18:16:57 --> Loader Class Initialized
INFO - 2018-04-13 18:16:57 --> Helper loaded: url_helper
DEBUG - 2018-04-13 18:16:57 --> Config file loaded: C:\Users\Yousri\php\workspace\Memento\config/mongo_db.php
INFO - 2018-04-13 18:16:57 --> Controller Class Initialized
INFO - 2018-04-13 18:16:57 --> Model Class Initialized
INFO - 2018-04-13 18:16:57 --> Helper loaded: debug_helper
INFO - 2018-04-13 18:16:57 --> File loaded: C:\Users\Yousri\php\workspace\Memento\views\templates/synapse.php
INFO - 2018-04-13 18:16:57 --> File loaded: C:\Users\Yousri\php\workspace\Memento\views\templates/synapse.php
INFO - 2018-04-13 18:16:57 --> File loaded: C:\Users\Yousri\php\workspace\Memento\views\templates/synapse.php
INFO - 2018-04-13 18:16:57 --> File loaded: C:\Users\Yousri\php\workspace\Memento\views\memento_head_dev.php
INFO - 2018-04-13 18:16:57 --> File loaded: C:\Users\Yousri\php\workspace\Memento\views\templates/lb_edit_synapse.php
INFO - 2018-04-13 18:16:57 --> File loaded: C:\Users\Yousri\php\workspace\Memento\views\memento.php
INFO - 2018-04-13 18:16:57 --> File loaded: C:\Users\Yousri\php\workspace\Memento\views\memento_scripts_dev.php
INFO - 2018-04-13 18:16:57 --> Final output sent to browser
DEBUG - 2018-04-13 18:16:57 --> Total execution time: 0.0830
INFO - 2018-04-13 18:40:40 --> Config Class Initialized
INFO - 2018-04-13 18:40:40 --> Hooks Class Initialized
DEBUG - 2018-04-13 18:40:40 --> UTF-8 Support Enabled
INFO - 2018-04-13 18:40:40 --> Utf8 Class Initialized
INFO - 2018-04-13 18:40:40 --> URI Class Initialized
INFO - 2018-04-13 18:40:40 --> Router Class Initialized
INFO - 2018-04-13 18:40:40 --> Output Class Initialized
INFO - 2018-04-13 18:40:40 --> Security Class Initialized
DEBUG - 2018-04-13 18:40:40 --> Global POST, GET and COOKIE data sanitized
INFO - 2018-04-13 18:40:40 --> Input Class Initialized
INFO - 2018-04-13 18:40:40 --> Language Class Initialized
INFO - 2018-04-13 18:40:40 --> Loader Class Initialized
INFO - 2018-04-13 18:40:40 --> Helper loaded: url_helper
DEBUG - 2018-04-13 18:40:40 --> Config file loaded: C:\Users\Yousri\php\workspace\Memento\config/mongo_db.php
INFO - 2018-04-13 18:40:40 --> Controller Class Initialized
INFO - 2018-04-13 18:40:40 --> Model Class Initialized
INFO - 2018-04-13 18:40:40 --> Helper loaded: debug_helper
INFO - 2018-04-13 18:40:40 --> File loaded: C:\Users\Yousri\php\workspace\Memento\views\templates/synapse.php
INFO - 2018-04-13 18:40:40 --> File loaded: C:\Users\Yousri\php\workspace\Memento\views\templates/synapse.php
INFO - 2018-04-13 18:40:40 --> File loaded: C:\Users\Yousri\php\workspace\Memento\views\templates/synapse.php
INFO - 2018-04-13 18:40:40 --> File loaded: C:\Users\Yousri\php\workspace\Memento\views\memento_head_dev.php
INFO - 2018-04-13 18:40:40 --> File loaded: C:\Users\Yousri\php\workspace\Memento\views\templates/lb_edit_synapse.php
INFO - 2018-04-13 18:40:40 --> File loaded: C:\Users\Yousri\php\workspace\Memento\views\memento.php
INFO - 2018-04-13 18:40:40 --> File loaded: C:\Users\Yousri\php\workspace\Memento\views\memento_scripts_dev.php
INFO - 2018-04-13 18:40:40 --> Final output sent to browser
DEBUG - 2018-04-13 18:40:40 --> Total execution time: 0.0920
INFO - 2018-04-13 18:42:56 --> Config Class Initialized
INFO - 2018-04-13 18:42:56 --> Hooks Class Initialized
DEBUG - 2018-04-13 18:42:56 --> UTF-8 Support Enabled
INFO - 2018-04-13 18:42:56 --> Utf8 Class Initialized
INFO - 2018-04-13 18:42:56 --> URI Class Initialized
INFO - 2018-04-13 18:42:56 --> Router Class Initialized
INFO - 2018-04-13 18:42:56 --> Output Class Initialized
INFO - 2018-04-13 18:42:56 --> Security Class Initialized
DEBUG - 2018-04-13 18:42:56 --> Global POST, GET and COOKIE data sanitized
INFO - 2018-04-13 18:42:56 --> Input Class Initialized
INFO - 2018-04-13 18:42:56 --> Language Class Initialized
INFO - 2018-04-13 18:42:56 --> Loader Class Initialized
INFO - 2018-04-13 18:42:56 --> Helper loaded: url_helper
DEBUG - 2018-04-13 18:42:56 --> Config file loaded: C:\Users\Yousri\php\workspace\Memento\config/mongo_db.php
INFO - 2018-04-13 18:42:56 --> Controller Class Initialized
INFO - 2018-04-13 18:42:56 --> Model Class Initialized
INFO - 2018-04-13 18:42:56 --> Helper loaded: debug_helper
INFO - 2018-04-13 18:42:56 --> File loaded: C:\Users\Yousri\php\workspace\Memento\views\templates/synapse.php
INFO - 2018-04-13 18:42:56 --> File loaded: C:\Users\Yousri\php\workspace\Memento\views\templates/synapse.php
INFO - 2018-04-13 18:42:56 --> File loaded: C:\Users\Yousri\php\workspace\Memento\views\templates/synapse.php
INFO - 2018-04-13 18:42:56 --> File loaded: C:\Users\Yousri\php\workspace\Memento\views\memento_head_dev.php
INFO - 2018-04-13 18:42:56 --> File loaded: C:\Users\Yousri\php\workspace\Memento\views\templates/lb_edit_synapse.php
INFO - 2018-04-13 18:42:56 --> File loaded: C:\Users\Yousri\php\workspace\Memento\views\memento.php
INFO - 2018-04-13 18:42:56 --> File loaded: C:\Users\Yousri\php\workspace\Memento\views\memento_scripts_dev.php
INFO - 2018-04-13 18:42:56 --> Final output sent to browser
DEBUG - 2018-04-13 18:42:56 --> Total execution time: 0.0826
INFO - 2018-04-13 18:45:09 --> Config Class Initialized
INFO - 2018-04-13 18:45:09 --> Hooks Class Initialized
DEBUG - 2018-04-13 18:45:09 --> UTF-8 Support Enabled
INFO - 2018-04-13 18:45:09 --> Utf8 Class Initialized
INFO - 2018-04-13 18:45:09 --> URI Class Initialized
INFO - 2018-04-13 18:45:09 --> Router Class Initialized
INFO - 2018-04-13 18:45:09 --> Output Class Initialized
INFO - 2018-04-13 18:45:09 --> Security Class Initialized
DEBUG - 2018-04-13 18:45:09 --> Global POST, GET and COOKIE data sanitized
INFO - 2018-04-13 18:45:09 --> Input Class Initialized
INFO - 2018-04-13 18:45:09 --> Language Class Initialized
INFO - 2018-04-13 18:45:09 --> Loader Class Initialized
INFO - 2018-04-13 18:45:09 --> Helper loaded: url_helper
DEBUG - 2018-04-13 18:45:09 --> Config file loaded: C:\Users\Yousri\php\workspace\Memento\config/mongo_db.php
INFO - 2018-04-13 18:45:09 --> Controller Class Initialized
INFO - 2018-04-13 18:45:09 --> Model Class Initialized
INFO - 2018-04-13 18:45:09 --> Helper loaded: debug_helper
INFO - 2018-04-13 18:45:09 --> File loaded: C:\Users\Yousri\php\workspace\Memento\views\templates/synapse.php
INFO - 2018-04-13 18:45:09 --> File loaded: C:\Users\Yousri\php\workspace\Memento\views\templates/synapse.php
INFO - 2018-04-13 18:45:09 --> File loaded: C:\Users\Yousri\php\workspace\Memento\views\templates/synapse.php
INFO - 2018-04-13 18:45:09 --> File loaded: C:\Users\Yousri\php\workspace\Memento\views\memento_head_dev.php
INFO - 2018-04-13 18:45:09 --> File loaded: C:\Users\Yousri\php\workspace\Memento\views\templates/lb_edit_synapse.php
INFO - 2018-04-13 18:45:09 --> File loaded: C:\Users\Yousri\php\workspace\Memento\views\memento.php
INFO - 2018-04-13 18:45:09 --> File loaded: C:\Users\Yousri\php\workspace\Memento\views\memento_scripts_dev.php
INFO - 2018-04-13 18:45:09 --> Final output sent to browser
DEBUG - 2018-04-13 18:45:09 --> Total execution time: 0.0842
INFO - 2018-04-13 18:49:11 --> Config Class Initialized
INFO - 2018-04-13 18:49:11 --> Hooks Class Initialized
DEBUG - 2018-04-13 18:49:11 --> UTF-8 Support Enabled
INFO - 2018-04-13 18:49:11 --> Utf8 Class Initialized
INFO - 2018-04-13 18:49:11 --> URI Class Initialized
INFO - 2018-04-13 18:49:11 --> Router Class Initialized
INFO - 2018-04-13 18:49:11 --> Output Class Initialized
INFO - 2018-04-13 18:49:11 --> Security Class Initialized
DEBUG - 2018-04-13 18:49:11 --> Global POST, GET and COOKIE data sanitized
INFO - 2018-04-13 18:49:11 --> Input Class Initialized
INFO - 2018-04-13 18:49:11 --> Language Class Initialized
INFO - 2018-04-13 18:49:11 --> Loader Class Initialized
INFO - 2018-04-13 18:49:11 --> Helper loaded: url_helper
DEBUG - 2018-04-13 18:49:12 --> Config file loaded: C:\Users\Yousri\php\workspace\Memento\config/mongo_db.php
INFO - 2018-04-13 18:49:12 --> Controller Class Initialized
INFO - 2018-04-13 18:49:12 --> Model Class Initialized
INFO - 2018-04-13 18:49:12 --> Helper loaded: debug_helper
INFO - 2018-04-13 18:49:12 --> File loaded: C:\Users\Yousri\php\workspace\Memento\views\templates/synapse.php
INFO - 2018-04-13 18:49:12 --> File loaded: C:\Users\Yousri\php\workspace\Memento\views\templates/synapse.php
INFO - 2018-04-13 18:49:12 --> File loaded: C:\Users\Yousri\php\workspace\Memento\views\templates/synapse.php
INFO - 2018-04-13 18:49:12 --> File loaded: C:\Users\Yousri\php\workspace\Memento\views\memento_head_dev.php
INFO - 2018-04-13 18:49:12 --> File loaded: C:\Users\Yousri\php\workspace\Memento\views\templates/lb_edit_synapse.php
INFO - 2018-04-13 18:49:12 --> File loaded: C:\Users\Yousri\php\workspace\Memento\views\memento.php
INFO - 2018-04-13 18:49:12 --> File loaded: C:\Users\Yousri\php\workspace\Memento\views\memento_scripts_dev.php
INFO - 2018-04-13 18:49:12 --> Final output sent to browser
DEBUG - 2018-04-13 18:49:12 --> Total execution time: 0.0799
INFO - 2018-04-13 18:49:36 --> Config Class Initialized
INFO - 2018-04-13 18:49:36 --> Hooks Class Initialized
DEBUG - 2018-04-13 18:49:36 --> UTF-8 Support Enabled
INFO - 2018-04-13 18:49:36 --> Utf8 Class Initialized
INFO - 2018-04-13 18:49:36 --> URI Class Initialized
INFO - 2018-04-13 18:49:36 --> Router Class Initialized
INFO - 2018-04-13 18:49:36 --> Output Class Initialized
INFO - 2018-04-13 18:49:36 --> Security Class Initialized
DEBUG - 2018-04-13 18:49:36 --> Global POST, GET and COOKIE data sanitized
INFO - 2018-04-13 18:49:36 --> Input Class Initialized
INFO - 2018-04-13 18:49:36 --> Language Class Initialized
INFO - 2018-04-13 18:49:36 --> Loader Class Initialized
INFO - 2018-04-13 18:49:36 --> Helper loaded: url_helper
DEBUG - 2018-04-13 18:49:36 --> Config file loaded: C:\Users\Yousri\php\workspace\Memento\config/mongo_db.php
INFO - 2018-04-13 18:49:36 --> Controller Class Initialized
INFO - 2018-04-13 18:49:36 --> Model Class Initialized
INFO - 2018-04-13 18:49:36 --> Helper loaded: debug_helper
INFO - 2018-04-13 18:49:36 --> File loaded: C:\Users\Yousri\php\workspace\Memento\views\templates/synapse.php
INFO - 2018-04-13 18:49:36 --> File loaded: C:\Users\Yousri\php\workspace\Memento\views\templates/synapse.php
INFO - 2018-04-13 18:49:36 --> File loaded: C:\Users\Yousri\php\workspace\Memento\views\templates/synapse.php
INFO - 2018-04-13 18:49:36 --> File loaded: C:\Users\Yousri\php\workspace\Memento\views\memento_head_dev.php
INFO - 2018-04-13 18:49:36 --> File loaded: C:\Users\Yousri\php\workspace\Memento\views\templates/lb_edit_synapse.php
INFO - 2018-04-13 18:49:36 --> File loaded: C:\Users\Yousri\php\workspace\Memento\views\memento.php
INFO - 2018-04-13 18:49:36 --> File loaded: C:\Users\Yousri\php\workspace\Memento\views\memento_scripts_dev.php
INFO - 2018-04-13 18:49:36 --> Final output sent to browser
DEBUG - 2018-04-13 18:49:36 --> Total execution time: 0.0904
INFO - 2018-04-13 18:50:46 --> Config Class Initialized
INFO - 2018-04-13 18:50:46 --> Hooks Class Initialized
DEBUG - 2018-04-13 18:50:47 --> UTF-8 Support Enabled
INFO - 2018-04-13 18:50:47 --> Utf8 Class Initialized
INFO - 2018-04-13 18:50:47 --> URI Class Initialized
INFO - 2018-04-13 18:50:47 --> Router Class Initialized
INFO - 2018-04-13 18:50:47 --> Output Class Initialized
INFO - 2018-04-13 18:50:47 --> Security Class Initialized
DEBUG - 2018-04-13 18:50:47 --> Global POST, GET and COOKIE data sanitized
INFO - 2018-04-13 18:50:47 --> Input Class Initialized
INFO - 2018-04-13 18:50:47 --> Language Class Initialized
INFO - 2018-04-13 18:50:47 --> Loader Class Initialized
INFO - 2018-04-13 18:50:47 --> Helper loaded: url_helper
DEBUG - 2018-04-13 18:50:47 --> Config file loaded: C:\Users\Yousri\php\workspace\Memento\config/mongo_db.php
INFO - 2018-04-13 18:50:47 --> Controller Class Initialized
INFO - 2018-04-13 18:50:47 --> Model Class Initialized
INFO - 2018-04-13 18:50:47 --> Helper loaded: debug_helper
INFO - 2018-04-13 18:50:47 --> File loaded: C:\Users\Yousri\php\workspace\Memento\views\templates/synapse.php
INFO - 2018-04-13 18:50:47 --> File loaded: C:\Users\Yousri\php\workspace\Memento\views\templates/synapse.php
INFO - 2018-04-13 18:50:47 --> File loaded: C:\Users\Yousri\php\workspace\Memento\views\templates/synapse.php
INFO - 2018-04-13 18:50:47 --> File loaded: C:\Users\Yousri\php\workspace\Memento\views\memento_head_dev.php
INFO - 2018-04-13 18:50:47 --> File loaded: C:\Users\Yousri\php\workspace\Memento\views\templates/lb_edit_synapse.php
INFO - 2018-04-13 18:50:47 --> File loaded: C:\Users\Yousri\php\workspace\Memento\views\memento.php
INFO - 2018-04-13 18:50:47 --> File loaded: C:\Users\Yousri\php\workspace\Memento\views\memento_scripts_dev.php
INFO - 2018-04-13 18:50:47 --> Final output sent to browser
DEBUG - 2018-04-13 18:50:47 --> Total execution time: 0.0849
INFO - 2018-04-13 19:00:51 --> Config Class Initialized
INFO - 2018-04-13 19:00:51 --> Hooks Class Initialized
DEBUG - 2018-04-13 19:00:51 --> UTF-8 Support Enabled
INFO - 2018-04-13 19:00:51 --> Utf8 Class Initialized
INFO - 2018-04-13 19:00:51 --> URI Class Initialized
INFO - 2018-04-13 19:00:51 --> Router Class Initialized
INFO - 2018-04-13 19:00:51 --> Output Class Initialized
INFO - 2018-04-13 19:00:51 --> Security Class Initialized
DEBUG - 2018-04-13 19:00:51 --> Global POST, GET and COOKIE data sanitized
INFO - 2018-04-13 19:00:51 --> Input Class Initialized
INFO - 2018-04-13 19:00:51 --> Language Class Initialized
INFO - 2018-04-13 19:00:51 --> Loader Class Initialized
INFO - 2018-04-13 19:00:51 --> Helper loaded: url_helper
DEBUG - 2018-04-13 19:00:51 --> Config file loaded: C:\Users\Yousri\php\workspace\Memento\config/mongo_db.php
INFO - 2018-04-13 19:00:51 --> Controller Class Initialized
INFO - 2018-04-13 19:00:51 --> Model Class Initialized
INFO - 2018-04-13 19:00:51 --> Helper loaded: debug_helper
INFO - 2018-04-13 19:00:51 --> File loaded: C:\Users\Yousri\php\workspace\Memento\views\templates/synapse.php
INFO - 2018-04-13 19:00:51 --> File loaded: C:\Users\Yousri\php\workspace\Memento\views\templates/synapse.php
INFO - 2018-04-13 19:00:51 --> File loaded: C:\Users\Yousri\php\workspace\Memento\views\templates/synapse.php
INFO - 2018-04-13 19:00:51 --> File loaded: C:\Users\Yousri\php\workspace\Memento\views\memento_head_dev.php
INFO - 2018-04-13 19:00:51 --> File loaded: C:\Users\Yousri\php\workspace\Memento\views\templates/lb_edit_synapse.php
INFO - 2018-04-13 19:00:51 --> File loaded: C:\Users\Yousri\php\workspace\Memento\views\memento.php
INFO - 2018-04-13 19:00:51 --> File loaded: C:\Users\Yousri\php\workspace\Memento\views\memento_scripts_dev.php
INFO - 2018-04-13 19:00:51 --> Final output sent to browser
DEBUG - 2018-04-13 19:00:51 --> Total execution time: 0.0881
INFO - 2018-04-13 19:12:33 --> Config Class Initialized
INFO - 2018-04-13 19:12:33 --> Hooks Class Initialized
DEBUG - 2018-04-13 19:12:33 --> UTF-8 Support Enabled
INFO - 2018-04-13 19:12:33 --> Utf8 Class Initialized
INFO - 2018-04-13 19:12:33 --> URI Class Initialized
INFO - 2018-04-13 19:12:33 --> Router Class Initialized
INFO - 2018-04-13 19:12:33 --> Output Class Initialized
INFO - 2018-04-13 19:12:33 --> Security Class Initialized
DEBUG - 2018-04-13 19:12:33 --> Global POST, GET and COOKIE data sanitized
INFO - 2018-04-13 19:12:33 --> Input Class Initialized
INFO - 2018-04-13 19:12:33 --> Language Class Initialized
INFO - 2018-04-13 19:12:33 --> Loader Class Initialized
INFO - 2018-04-13 19:12:33 --> Helper loaded: url_helper
DEBUG - 2018-04-13 19:12:33 --> Config file loaded: C:\Users\Yousri\php\workspace\Memento\config/mongo_db.php
INFO - 2018-04-13 19:12:33 --> Controller Class Initialized
INFO - 2018-04-13 19:12:33 --> Model Class Initialized
INFO - 2018-04-13 19:12:33 --> Helper loaded: debug_helper
INFO - 2018-04-13 19:12:33 --> File loaded: C:\Users\Yousri\php\workspace\Memento\views\templates/synapse.php
INFO - 2018-04-13 19:12:33 --> File loaded: C:\Users\Yousri\php\workspace\Memento\views\templates/synapse.php
INFO - 2018-04-13 19:12:33 --> File loaded: C:\Users\Yousri\php\workspace\Memento\views\templates/synapse.php
INFO - 2018-04-13 19:12:33 --> File loaded: C:\Users\Yousri\php\workspace\Memento\views\memento_head_dev.php
INFO - 2018-04-13 19:12:33 --> File loaded: C:\Users\Yousri\php\workspace\Memento\views\templates/lb_edit_synapse.php
INFO - 2018-04-13 19:12:33 --> File loaded: C:\Users\Yousri\php\workspace\Memento\views\memento.php
INFO - 2018-04-13 19:12:33 --> File loaded: C:\Users\Yousri\php\workspace\Memento\views\memento_scripts_dev.php
INFO - 2018-04-13 19:12:33 --> Final output sent to browser
DEBUG - 2018-04-13 19:12:33 --> Total execution time: 0.0811
INFO - 2018-04-13 19:13:22 --> Config Class Initialized
INFO - 2018-04-13 19:13:22 --> Hooks Class Initialized
DEBUG - 2018-04-13 19:13:22 --> UTF-8 Support Enabled
INFO - 2018-04-13 19:13:22 --> Utf8 Class Initialized
INFO - 2018-04-13 19:13:22 --> URI Class Initialized
INFO - 2018-04-13 19:13:22 --> Router Class Initialized
INFO - 2018-04-13 19:13:22 --> Output Class Initialized
INFO - 2018-04-13 19:13:22 --> Security Class Initialized
DEBUG - 2018-04-13 19:13:22 --> Global POST, GET and COOKIE data sanitized
INFO - 2018-04-13 19:13:22 --> Input Class Initialized
INFO - 2018-04-13 19:13:22 --> Language Class Initialized
INFO - 2018-04-13 19:13:22 --> Loader Class Initialized
INFO - 2018-04-13 19:13:22 --> Helper loaded: url_helper
DEBUG - 2018-04-13 19:13:22 --> Config file loaded: C:\Users\Yousri\php\workspace\Memento\config/mongo_db.php
INFO - 2018-04-13 19:13:22 --> Controller Class Initialized
INFO - 2018-04-13 19:13:22 --> Model Class Initialized
INFO - 2018-04-13 19:13:22 --> Helper loaded: debug_helper
INFO - 2018-04-13 19:13:22 --> File loaded: C:\Users\Yousri\php\workspace\Memento\views\templates/synapse.php
INFO - 2018-04-13 19:13:22 --> File loaded: C:\Users\Yousri\php\workspace\Memento\views\templates/synapse.php
INFO - 2018-04-13 19:13:22 --> File loaded: C:\Users\Yousri\php\workspace\Memento\views\templates/synapse.php
INFO - 2018-04-13 19:13:22 --> File loaded: C:\Users\Yousri\php\workspace\Memento\views\memento_head_dev.php
INFO - 2018-04-13 19:13:22 --> File loaded: C:\Users\Yousri\php\workspace\Memento\views\templates/lb_edit_synapse.php
INFO - 2018-04-13 19:13:22 --> File loaded: C:\Users\Yousri\php\workspace\Memento\views\memento.php
INFO - 2018-04-13 19:13:22 --> File loaded: C:\Users\Yousri\php\workspace\Memento\views\memento_scripts_dev.php
INFO - 2018-04-13 19:13:22 --> Final output sent to browser
DEBUG - 2018-04-13 19:13:22 --> Total execution time: 0.0749
INFO - 2018-04-13 19:16:00 --> Config Class Initialized
INFO - 2018-04-13 19:16:00 --> Hooks Class Initialized
DEBUG - 2018-04-13 19:16:00 --> UTF-8 Support Enabled
INFO - 2018-04-13 19:16:00 --> Utf8 Class Initialized
INFO - 2018-04-13 19:16:00 --> URI Class Initialized
INFO - 2018-04-13 19:16:00 --> Router Class Initialized
INFO - 2018-04-13 19:16:00 --> Output Class Initialized
INFO - 2018-04-13 19:16:00 --> Security Class Initialized
DEBUG - 2018-04-13 19:16:00 --> Global POST, GET and COOKIE data sanitized
INFO - 2018-04-13 19:16:00 --> Input Class Initialized
INFO - 2018-04-13 19:16:00 --> Language Class Initialized
INFO - 2018-04-13 19:16:00 --> Loader Class Initialized
INFO - 2018-04-13 19:16:00 --> Helper loaded: url_helper
DEBUG - 2018-04-13 19:16:00 --> Config file loaded: C:\Users\Yousri\php\workspace\Memento\config/mongo_db.php
INFO - 2018-04-13 19:16:00 --> Controller Class Initialized
INFO - 2018-04-13 19:16:00 --> Model Class Initialized
INFO - 2018-04-13 19:16:00 --> Helper loaded: debug_helper
INFO - 2018-04-13 19:16:00 --> File loaded: C:\Users\Yousri\php\workspace\Memento\views\templates/synapse.php
INFO - 2018-04-13 19:16:00 --> File loaded: C:\Users\Yousri\php\workspace\Memento\views\templates/synapse.php
INFO - 2018-04-13 19:16:00 --> File loaded: C:\Users\Yousri\php\workspace\Memento\views\templates/synapse.php
INFO - 2018-04-13 19:16:00 --> File loaded: C:\Users\Yousri\php\workspace\Memento\views\memento_head_dev.php
INFO - 2018-04-13 19:16:00 --> File loaded: C:\Users\Yousri\php\workspace\Memento\views\templates/lb_edit_synapse.php
INFO - 2018-04-13 19:16:00 --> File loaded: C:\Users\Yousri\php\workspace\Memento\views\memento.php
INFO - 2018-04-13 19:16:00 --> File loaded: C:\Users\Yousri\php\workspace\Memento\views\memento_scripts_dev.php
INFO - 2018-04-13 19:16:00 --> Final output sent to browser
DEBUG - 2018-04-13 19:16:00 --> Total execution time: 0.1015
INFO - 2018-04-13 19:16:56 --> Config Class Initialized
INFO - 2018-04-13 19:16:56 --> Hooks Class Initialized
DEBUG - 2018-04-13 19:16:56 --> UTF-8 Support Enabled
INFO - 2018-04-13 19:16:56 --> Utf8 Class Initialized
INFO - 2018-04-13 19:16:56 --> URI Class Initialized
INFO - 2018-04-13 19:16:56 --> Router Class Initialized
INFO - 2018-04-13 19:16:56 --> Output Class Initialized
INFO - 2018-04-13 19:16:56 --> Security Class Initialized
DEBUG - 2018-04-13 19:16:56 --> Global POST, GET and COOKIE data sanitized
INFO - 2018-04-13 19:16:56 --> Input Class Initialized
INFO - 2018-04-13 19:16:56 --> Language Class Initialized
INFO - 2018-04-13 19:16:56 --> Loader Class Initialized
INFO - 2018-04-13 19:16:56 --> Helper loaded: url_helper
DEBUG - 2018-04-13 19:16:56 --> Config file loaded: C:\Users\Yousri\php\workspace\Memento\config/mongo_db.php
INFO - 2018-04-13 19:16:56 --> Controller Class Initialized
INFO - 2018-04-13 19:16:56 --> Model Class Initialized
INFO - 2018-04-13 19:16:56 --> Helper loaded: debug_helper
INFO - 2018-04-13 19:16:56 --> File loaded: C:\Users\Yousri\php\workspace\Memento\views\templates/synapse.php
INFO - 2018-04-13 19:16:56 --> File loaded: C:\Users\Yousri\php\workspace\Memento\views\templates/synapse.php
INFO - 2018-04-13 19:16:56 --> File loaded: C:\Users\Yousri\php\workspace\Memento\views\templates/synapse.php
INFO - 2018-04-13 19:16:56 --> File loaded: C:\Users\Yousri\php\workspace\Memento\views\memento_head_dev.php
INFO - 2018-04-13 19:16:56 --> File loaded: C:\Users\Yousri\php\workspace\Memento\views\templates/lb_edit_synapse.php
INFO - 2018-04-13 19:16:56 --> File loaded: C:\Users\Yousri\php\workspace\Memento\views\memento.php
INFO - 2018-04-13 19:16:56 --> File loaded: C:\Users\Yousri\php\workspace\Memento\views\memento_scripts_dev.php
INFO - 2018-04-13 19:16:56 --> Final output sent to browser
DEBUG - 2018-04-13 19:16:56 --> Total execution time: 0.0900
INFO - 2018-04-13 19:19:43 --> Config Class Initialized
INFO - 2018-04-13 19:19:43 --> Hooks Class Initialized
DEBUG - 2018-04-13 19:19:43 --> UTF-8 Support Enabled
INFO - 2018-04-13 19:19:43 --> Utf8 Class Initialized
INFO - 2018-04-13 19:19:43 --> URI Class Initialized
INFO - 2018-04-13 19:19:43 --> Router Class Initialized
INFO - 2018-04-13 19:19:43 --> Output Class Initialized
INFO - 2018-04-13 19:19:43 --> Security Class Initialized
DEBUG - 2018-04-13 19:19:43 --> Global POST, GET and COOKIE data sanitized
INFO - 2018-04-13 19:19:43 --> Input Class Initialized
INFO - 2018-04-13 19:19:43 --> Language Class Initialized
INFO - 2018-04-13 19:19:43 --> Loader Class Initialized
INFO - 2018-04-13 19:19:43 --> Helper loaded: url_helper
DEBUG - 2018-04-13 19:19:43 --> Config file loaded: C:\Users\Yousri\php\workspace\Memento\config/mongo_db.php
INFO - 2018-04-13 19:19:43 --> Controller Class Initialized
INFO - 2018-04-13 19:19:43 --> Model Class Initialized
INFO - 2018-04-13 19:19:43 --> Helper loaded: debug_helper
INFO - 2018-04-13 19:19:43 --> File loaded: C:\Users\Yousri\php\workspace\Memento\views\templates/synapse.php
INFO - 2018-04-13 19:19:43 --> File loaded: C:\Users\Yousri\php\workspace\Memento\views\templates/synapse.php
INFO - 2018-04-13 19:19:43 --> File loaded: C:\Users\Yousri\php\workspace\Memento\views\templates/synapse.php
INFO - 2018-04-13 19:19:43 --> File loaded: C:\Users\Yousri\php\workspace\Memento\views\memento_head_dev.php
INFO - 2018-04-13 19:19:43 --> File loaded: C:\Users\Yousri\php\workspace\Memento\views\templates/lb_edit_synapse.php
INFO - 2018-04-13 19:19:43 --> File loaded: C:\Users\Yousri\php\workspace\Memento\views\memento.php
INFO - 2018-04-13 19:19:43 --> File loaded: C:\Users\Yousri\php\workspace\Memento\views\memento_scripts_dev.php
INFO - 2018-04-13 19:19:43 --> Final output sent to browser
DEBUG - 2018-04-13 19:19:43 --> Total execution time: 0.1045
INFO - 2018-04-13 19:22:11 --> Config Class Initialized
INFO - 2018-04-13 19:22:11 --> Hooks Class Initialized
DEBUG - 2018-04-13 19:22:11 --> UTF-8 Support Enabled
INFO - 2018-04-13 19:22:11 --> Utf8 Class Initialized
INFO - 2018-04-13 19:22:11 --> URI Class Initialized
INFO - 2018-04-13 19:22:11 --> Router Class Initialized
INFO - 2018-04-13 19:22:11 --> Output Class Initialized
INFO - 2018-04-13 19:22:11 --> Security Class Initialized
DEBUG - 2018-04-13 19:22:11 --> Global POST, GET and COOKIE data sanitized
INFO - 2018-04-13 19:22:11 --> Input Class Initialized
INFO - 2018-04-13 19:22:11 --> Language Class Initialized
INFO - 2018-04-13 19:22:11 --> Loader Class Initialized
INFO - 2018-04-13 19:22:11 --> Helper loaded: url_helper
DEBUG - 2018-04-13 19:22:11 --> Config file loaded: C:\Users\Yousri\php\workspace\Memento\config/mongo_db.php
INFO - 2018-04-13 19:22:11 --> Controller Class Initialized
INFO - 2018-04-13 19:22:11 --> Model Class Initialized
INFO - 2018-04-13 19:22:11 --> Helper loaded: debug_helper
INFO - 2018-04-13 19:22:11 --> File loaded: C:\Users\Yousri\php\workspace\Memento\views\templates/synapse.php
INFO - 2018-04-13 19:22:11 --> File loaded: C:\Users\Yousri\php\workspace\Memento\views\templates/synapse.php
INFO - 2018-04-13 19:22:11 --> File loaded: C:\Users\Yousri\php\workspace\Memento\views\templates/synapse.php
INFO - 2018-04-13 19:22:11 --> File loaded: C:\Users\Yousri\php\workspace\Memento\views\memento_head_dev.php
INFO - 2018-04-13 19:22:11 --> File loaded: C:\Users\Yousri\php\workspace\Memento\views\templates/lb_edit_synapse.php
INFO - 2018-04-13 19:22:11 --> File loaded: C:\Users\Yousri\php\workspace\Memento\views\memento.php
INFO - 2018-04-13 19:22:11 --> File loaded: C:\Users\Yousri\php\workspace\Memento\views\memento_scripts_dev.php
INFO - 2018-04-13 19:22:11 --> Final output sent to browser
DEBUG - 2018-04-13 19:22:11 --> Total execution time: 0.0817
INFO - 2018-04-13 19:23:41 --> Config Class Initialized
INFO - 2018-04-13 19:23:41 --> Hooks Class Initialized
DEBUG - 2018-04-13 19:23:41 --> UTF-8 Support Enabled
INFO - 2018-04-13 19:23:41 --> Utf8 Class Initialized
INFO - 2018-04-13 19:23:41 --> URI Class Initialized
INFO - 2018-04-13 19:23:41 --> Router Class Initialized
INFO - 2018-04-13 19:23:41 --> Output Class Initialized
INFO - 2018-04-13 19:23:41 --> Security Class Initialized
DEBUG - 2018-04-13 19:23:41 --> Global POST, GET and COOKIE data sanitized
INFO - 2018-04-13 19:23:41 --> Input Class Initialized
INFO - 2018-04-13 19:23:41 --> Language Class Initialized
INFO - 2018-04-13 19:23:41 --> Loader Class Initialized
INFO - 2018-04-13 19:23:41 --> Helper loaded: url_helper
DEBUG - 2018-04-13 19:23:41 --> Config file loaded: C:\Users\Yousri\php\workspace\Memento\config/mongo_db.php
INFO - 2018-04-13 19:23:41 --> Controller Class Initialized
INFO - 2018-04-13 19:23:41 --> Model Class Initialized
INFO - 2018-04-13 19:23:41 --> Helper loaded: debug_helper
INFO - 2018-04-13 19:23:41 --> File loaded: C:\Users\Yousri\php\workspace\Memento\views\templates/synapse.php
INFO - 2018-04-13 19:23:41 --> File loaded: C:\Users\Yousri\php\workspace\Memento\views\templates/synapse.php
INFO - 2018-04-13 19:23:41 --> File loaded: C:\Users\Yousri\php\workspace\Memento\views\templates/synapse.php
INFO - 2018-04-13 19:23:41 --> File loaded: C:\Users\Yousri\php\workspace\Memento\views\memento_head_dev.php
INFO - 2018-04-13 19:23:41 --> File loaded: C:\Users\Yousri\php\workspace\Memento\views\templates/lb_edit_synapse.php
INFO - 2018-04-13 19:23:41 --> File loaded: C:\Users\Yousri\php\workspace\Memento\views\memento.php
INFO - 2018-04-13 19:23:41 --> File loaded: C:\Users\Yousri\php\workspace\Memento\views\memento_scripts_dev.php
INFO - 2018-04-13 19:23:41 --> Final output sent to browser
DEBUG - 2018-04-13 19:23:41 --> Total execution time: 0.0994
INFO - 2018-04-13 19:28:44 --> Config Class Initialized
INFO - 2018-04-13 19:28:44 --> Hooks Class Initialized
DEBUG - 2018-04-13 19:28:44 --> UTF-8 Support Enabled
INFO - 2018-04-13 19:28:44 --> Utf8 Class Initialized
INFO - 2018-04-13 19:28:44 --> URI Class Initialized
INFO - 2018-04-13 19:28:44 --> Router Class Initialized
INFO - 2018-04-13 19:28:44 --> Output Class Initialized
INFO - 2018-04-13 19:28:44 --> Security Class Initialized
DEBUG - 2018-04-13 19:28:44 --> Global POST, GET and COOKIE data sanitized
INFO - 2018-04-13 19:28:44 --> Input Class Initialized
INFO - 2018-04-13 19:28:44 --> Language Class Initialized
INFO - 2018-04-13 19:28:44 --> Loader Class Initialized
INFO - 2018-04-13 19:28:44 --> Helper loaded: url_helper
DEBUG - 2018-04-13 19:28:44 --> Config file loaded: C:\Users\Yousri\php\workspace\Memento\config/mongo_db.php
INFO - 2018-04-13 19:28:44 --> Controller Class Initialized
INFO - 2018-04-13 19:28:44 --> Model Class Initialized
INFO - 2018-04-13 19:28:44 --> Helper loaded: debug_helper
INFO - 2018-04-13 19:28:44 --> File loaded: C:\Users\Yousri\php\workspace\Memento\views\templates/synapse.php
INFO - 2018-04-13 19:28:44 --> File loaded: C:\Users\Yousri\php\workspace\Memento\views\templates/synapse.php
INFO - 2018-04-13 19:28:44 --> File loaded: C:\Users\Yousri\php\workspace\Memento\views\templates/synapse.php
INFO - 2018-04-13 19:28:44 --> File loaded: C:\Users\Yousri\php\workspace\Memento\views\memento_head_dev.php
INFO - 2018-04-13 19:28:44 --> File loaded: C:\Users\Yousri\php\workspace\Memento\views\templates/lb_edit_synapse.php
INFO - 2018-04-13 19:28:44 --> File loaded: C:\Users\Yousri\php\workspace\Memento\views\memento.php
INFO - 2018-04-13 19:28:44 --> File loaded: C:\Users\Yousri\php\workspace\Memento\views\memento_scripts_dev.php
INFO - 2018-04-13 19:28:44 --> Final output sent to browser
DEBUG - 2018-04-13 19:28:44 --> Total execution time: 0.0824
INFO - 2018-04-13 19:29:30 --> Config Class Initialized
INFO - 2018-04-13 19:29:30 --> Hooks Class Initialized
DEBUG - 2018-04-13 19:29:30 --> UTF-8 Support Enabled
INFO - 2018-04-13 19:29:30 --> Utf8 Class Initialized
INFO - 2018-04-13 19:29:30 --> URI Class Initialized
INFO - 2018-04-13 19:29:30 --> Router Class Initialized
INFO - 2018-04-13 19:29:30 --> Output Class Initialized
INFO - 2018-04-13 19:29:30 --> Security Class Initialized
DEBUG - 2018-04-13 19:29:30 --> Global POST, GET and COOKIE data sanitized
INFO - 2018-04-13 19:29:30 --> Input Class Initialized
INFO - 2018-04-13 19:29:30 --> Language Class Initialized
INFO - 2018-04-13 19:29:30 --> Loader Class Initialized
INFO - 2018-04-13 19:29:30 --> Helper loaded: url_helper
DEBUG - 2018-04-13 19:29:30 --> Config file loaded: C:\Users\Yousri\php\workspace\Memento\config/mongo_db.php
INFO - 2018-04-13 19:29:30 --> Controller Class Initialized
INFO - 2018-04-13 19:29:30 --> Model Class Initialized
INFO - 2018-04-13 19:29:30 --> Helper loaded: debug_helper
INFO - 2018-04-13 19:29:30 --> File loaded: C:\Users\Yousri\php\workspace\Memento\views\templates/synapse.php
INFO - 2018-04-13 19:29:30 --> File loaded: C:\Users\Yousri\php\workspace\Memento\views\templates/synapse.php
INFO - 2018-04-13 19:29:30 --> File loaded: C:\Users\Yousri\php\workspace\Memento\views\templates/synapse.php
INFO - 2018-04-13 19:29:30 --> File loaded: C:\Users\Yousri\php\workspace\Memento\views\memento_head_dev.php
INFO - 2018-04-13 19:29:30 --> File loaded: C:\Users\Yousri\php\workspace\Memento\views\templates/lb_edit_synapse.php
INFO - 2018-04-13 19:29:30 --> File loaded: C:\Users\Yousri\php\workspace\Memento\views\memento.php
INFO - 2018-04-13 19:29:30 --> File loaded: C:\Users\Yousri\php\workspace\Memento\views\memento_scripts_dev.php
INFO - 2018-04-13 19:29:30 --> Final output sent to browser
DEBUG - 2018-04-13 19:29:30 --> Total execution time: 0.0822
INFO - 2018-04-13 19:43:51 --> Config Class Initialized
INFO - 2018-04-13 19:43:51 --> Hooks Class Initialized
DEBUG - 2018-04-13 19:43:51 --> UTF-8 Support Enabled
INFO - 2018-04-13 19:43:51 --> Utf8 Class Initialized
INFO - 2018-04-13 19:43:51 --> URI Class Initialized
INFO - 2018-04-13 19:43:51 --> Router Class Initialized
INFO - 2018-04-13 19:43:51 --> Output Class Initialized
INFO - 2018-04-13 19:43:51 --> Security Class Initialized
DEBUG - 2018-04-13 19:43:51 --> Global POST, GET and COOKIE data sanitized
INFO - 2018-04-13 19:43:51 --> Input Class Initialized
INFO - 2018-04-13 19:43:51 --> Language Class Initialized
INFO - 2018-04-13 19:43:51 --> Loader Class Initialized
INFO - 2018-04-13 19:43:51 --> Helper loaded: url_helper
DEBUG - 2018-04-13 19:43:51 --> Config file loaded: C:\Users\Yousri\php\workspace\Memento\config/mongo_db.php
INFO - 2018-04-13 19:43:51 --> Controller Class Initialized
INFO - 2018-04-13 19:43:51 --> Model Class Initialized
INFO - 2018-04-13 19:43:51 --> Helper loaded: debug_helper
INFO - 2018-04-13 19:43:51 --> File loaded: C:\Users\Yousri\php\workspace\Memento\views\templates/synapse.php
INFO - 2018-04-13 19:43:51 --> File loaded: C:\Users\Yousri\php\workspace\Memento\views\templates/synapse.php
INFO - 2018-04-13 19:43:51 --> File loaded: C:\Users\Yousri\php\workspace\Memento\views\templates/synapse.php
INFO - 2018-04-13 19:43:51 --> File loaded: C:\Users\Yousri\php\workspace\Memento\views\memento_head_dev.php
INFO - 2018-04-13 19:43:51 --> File loaded: C:\Users\Yousri\php\workspace\Memento\views\templates/lb_edit_synapse.php
INFO - 2018-04-13 19:43:51 --> File loaded: C:\Users\Yousri\php\workspace\Memento\views\memento.php
INFO - 2018-04-13 19:43:51 --> File loaded: C:\Users\Yousri\php\workspace\Memento\views\memento_scripts_dev.php
INFO - 2018-04-13 19:43:51 --> Final output sent to browser
DEBUG - 2018-04-13 19:43:51 --> Total execution time: 0.1059
INFO - 2018-04-13 19:45:00 --> Config Class Initialized
INFO - 2018-04-13 19:45:00 --> Hooks Class Initialized
DEBUG - 2018-04-13 19:45:00 --> UTF-8 Support Enabled
INFO - 2018-04-13 19:45:00 --> Utf8 Class Initialized
INFO - 2018-04-13 19:45:00 --> URI Class Initialized
INFO - 2018-04-13 19:45:00 --> Router Class Initialized
INFO - 2018-04-13 19:45:00 --> Output Class Initialized
INFO - 2018-04-13 19:45:00 --> Security Class Initialized
DEBUG - 2018-04-13 19:45:00 --> Global POST, GET and COOKIE data sanitized
INFO - 2018-04-13 19:45:00 --> Input Class Initialized
INFO - 2018-04-13 19:45:00 --> Language Class Initialized
INFO - 2018-04-13 19:45:00 --> Loader Class Initialized
INFO - 2018-04-13 19:45:00 --> Helper loaded: url_helper
DEBUG - 2018-04-13 19:45:00 --> Config file loaded: C:\Users\Yousri\php\workspace\Memento\config/mongo_db.php
INFO - 2018-04-13 19:45:00 --> Controller Class Initialized
INFO - 2018-04-13 19:45:00 --> Model Class Initialized
INFO - 2018-04-13 19:45:00 --> Helper loaded: debug_helper
INFO - 2018-04-13 19:45:00 --> File loaded: C:\Users\Yousri\php\workspace\Memento\views\templates/synapse.php
INFO - 2018-04-13 19:45:00 --> File loaded: C:\Users\Yousri\php\workspace\Memento\views\templates/synapse.php
INFO - 2018-04-13 19:45:00 --> File loaded: C:\Users\Yousri\php\workspace\Memento\views\templates/synapse.php
INFO - 2018-04-13 19:45:00 --> File loaded: C:\Users\Yousri\php\workspace\Memento\views\memento_head_dev.php
INFO - 2018-04-13 19:45:00 --> File loaded: C:\Users\Yousri\php\workspace\Memento\views\templates/lb_edit_synapse.php
INFO - 2018-04-13 19:45:00 --> File loaded: C:\Users\Yousri\php\workspace\Memento\views\memento.php
INFO - 2018-04-13 19:45:00 --> File loaded: C:\Users\Yousri\php\workspace\Memento\views\memento_scripts_dev.php
INFO - 2018-04-13 19:45:00 --> Final output sent to browser
DEBUG - 2018-04-13 19:45:00 --> Total execution time: 0.0904
INFO - 2018-04-13 19:46:20 --> Config Class Initialized
INFO - 2018-04-13 19:46:20 --> Hooks Class Initialized
DEBUG - 2018-04-13 19:46:20 --> UTF-8 Support Enabled
INFO - 2018-04-13 19:46:20 --> Utf8 Class Initialized
INFO - 2018-04-13 19:46:20 --> URI Class Initialized
INFO - 2018-04-13 19:46:20 --> Router Class Initialized
INFO - 2018-04-13 19:46:20 --> Output Class Initialized
INFO - 2018-04-13 19:46:20 --> Security Class Initialized
DEBUG - 2018-04-13 19:46:20 --> Global POST, GET and COOKIE data sanitized
INFO - 2018-04-13 19:46:20 --> Input Class Initialized
INFO - 2018-04-13 19:46:20 --> Language Class Initialized
INFO - 2018-04-13 19:46:20 --> Loader Class Initialized
INFO - 2018-04-13 19:46:20 --> Helper loaded: url_helper
DEBUG - 2018-04-13 19:46:20 --> Config file loaded: C:\Users\Yousri\php\workspace\Memento\config/mongo_db.php
INFO - 2018-04-13 19:46:20 --> Controller Class Initialized
INFO - 2018-04-13 19:46:20 --> Model Class Initialized
INFO - 2018-04-13 19:46:20 --> Helper loaded: debug_helper
INFO - 2018-04-13 19:46:20 --> File loaded: C:\Users\Yousri\php\workspace\Memento\views\templates/synapse.php
INFO - 2018-04-13 19:46:20 --> File loaded: C:\Users\Yousri\php\workspace\Memento\views\templates/synapse.php
INFO - 2018-04-13 19:46:20 --> File loaded: C:\Users\Yousri\php\workspace\Memento\views\templates/synapse.php
INFO - 2018-04-13 19:46:20 --> File loaded: C:\Users\Yousri\php\workspace\Memento\views\memento_head_dev.php
INFO - 2018-04-13 19:46:20 --> File loaded: C:\Users\Yousri\php\workspace\Memento\views\templates/lb_edit_synapse.php
INFO - 2018-04-13 19:46:20 --> File loaded: C:\Users\Yousri\php\workspace\Memento\views\memento.php
INFO - 2018-04-13 19:46:20 --> File loaded: C:\Users\Yousri\php\workspace\Memento\views\memento_scripts_dev.php
INFO - 2018-04-13 19:46:20 --> Final output sent to browser
DEBUG - 2018-04-13 19:46:20 --> Total execution time: 0.0826
INFO - 2018-04-13 19:46:57 --> Config Class Initialized
INFO - 2018-04-13 19:46:57 --> Hooks Class Initialized
DEBUG - 2018-04-13 19:46:57 --> UTF-8 Support Enabled
INFO - 2018-04-13 19:46:57 --> Utf8 Class Initialized
INFO - 2018-04-13 19:46:57 --> URI Class Initialized
INFO - 2018-04-13 19:46:57 --> Router Class Initialized
INFO - 2018-04-13 19:46:57 --> Output Class Initialized
INFO - 2018-04-13 19:46:57 --> Security Class Initialized
DEBUG - 2018-04-13 19:46:57 --> Global POST, GET and COOKIE data sanitized
INFO - 2018-04-13 19:46:57 --> Input Class Initialized
INFO - 2018-04-13 19:46:57 --> Language Class Initialized
INFO - 2018-04-13 19:46:57 --> Loader Class Initialized
INFO - 2018-04-13 19:46:57 --> Helper loaded: url_helper
DEBUG - 2018-04-13 19:46:57 --> Config file loaded: C:\Users\Yousri\php\workspace\Memento\config/mongo_db.php
INFO - 2018-04-13 19:46:57 --> Controller Class Initialized
INFO - 2018-04-13 19:46:57 --> Model Class Initialized
INFO - 2018-04-13 19:46:57 --> Helper loaded: debug_helper
INFO - 2018-04-13 19:46:57 --> File loaded: C:\Users\Yousri\php\workspace\Memento\views\templates/synapse.php
INFO - 2018-04-13 19:46:57 --> File loaded: C:\Users\Yousri\php\workspace\Memento\views\templates/synapse.php
INFO - 2018-04-13 19:46:57 --> File loaded: C:\Users\Yousri\php\workspace\Memento\views\templates/synapse.php
INFO - 2018-04-13 19:46:57 --> File loaded: C:\Users\Yousri\php\workspace\Memento\views\memento_head_dev.php
INFO - 2018-04-13 19:46:57 --> File loaded: C:\Users\Yousri\php\workspace\Memento\views\templates/lb_edit_synapse.php
INFO - 2018-04-13 19:46:57 --> File loaded: C:\Users\Yousri\php\workspace\Memento\views\memento.php
INFO - 2018-04-13 19:46:57 --> File loaded: C:\Users\Yousri\php\workspace\Memento\views\memento_scripts_dev.php
INFO - 2018-04-13 19:46:57 --> Final output sent to browser
DEBUG - 2018-04-13 19:46:57 --> Total execution time: 0.0865
INFO - 2018-04-13 19:48:05 --> Config Class Initialized
INFO - 2018-04-13 19:48:05 --> Hooks Class Initialized
DEBUG - 2018-04-13 19:48:05 --> UTF-8 Support Enabled
INFO - 2018-04-13 19:48:05 --> Utf8 Class Initialized
INFO - 2018-04-13 19:48:05 --> URI Class Initialized
INFO - 2018-04-13 19:48:05 --> Router Class Initialized
INFO - 2018-04-13 19:48:05 --> Output Class Initialized
INFO - 2018-04-13 19:48:05 --> Security Class Initialized
DEBUG - 2018-04-13 19:48:05 --> Global POST, GET and COOKIE data sanitized
INFO - 2018-04-13 19:48:05 --> Input Class Initialized
INFO - 2018-04-13 19:48:05 --> Language Class Initialized
INFO - 2018-04-13 19:48:05 --> Loader Class Initialized
INFO - 2018-04-13 19:48:05 --> Helper loaded: url_helper
DEBUG - 2018-04-13 19:48:05 --> Config file loaded: C:\Users\Yousri\php\workspace\Memento\config/mongo_db.php
INFO - 2018-04-13 19:48:05 --> Controller Class Initialized
INFO - 2018-04-13 19:48:05 --> Model Class Initialized
INFO - 2018-04-13 19:48:05 --> Helper loaded: debug_helper
INFO - 2018-04-13 19:48:05 --> File loaded: C:\Users\Yousri\php\workspace\Memento\views\templates/synapse.php
INFO - 2018-04-13 19:48:05 --> File loaded: C:\Users\Yousri\php\workspace\Memento\views\templates/synapse.php
INFO - 2018-04-13 19:48:05 --> File loaded: C:\Users\Yousri\php\workspace\Memento\views\templates/synapse.php
INFO - 2018-04-13 19:48:05 --> File loaded: C:\Users\Yousri\php\workspace\Memento\views\memento_head_dev.php
INFO - 2018-04-13 19:48:05 --> File loaded: C:\Users\Yousri\php\workspace\Memento\views\templates/lb_edit_synapse.php
INFO - 2018-04-13 19:48:05 --> File loaded: C:\Users\Yousri\php\workspace\Memento\views\memento.php
INFO - 2018-04-13 19:48:05 --> File loaded: C:\Users\Yousri\php\workspace\Memento\views\memento_scripts_dev.php
INFO - 2018-04-13 19:48:05 --> Final output sent to browser
DEBUG - 2018-04-13 19:48:05 --> Total execution time: 0.0769
INFO - 2018-04-13 19:49:29 --> Config Class Initialized
INFO - 2018-04-13 19:49:29 --> Hooks Class Initialized
DEBUG - 2018-04-13 19:49:29 --> UTF-8 Support Enabled
INFO - 2018-04-13 19:49:29 --> Utf8 Class Initialized
INFO - 2018-04-13 19:49:29 --> URI Class Initialized
INFO - 2018-04-13 19:49:29 --> Router Class Initialized
INFO - 2018-04-13 19:49:29 --> Output Class Initialized
INFO - 2018-04-13 19:49:29 --> Security Class Initialized
DEBUG - 2018-04-13 19:49:29 --> Global POST, GET and COOKIE data sanitized
INFO - 2018-04-13 19:49:29 --> Input Class Initialized
INFO - 2018-04-13 19:49:29 --> Language Class Initialized
INFO - 2018-04-13 19:49:29 --> Loader Class Initialized
INFO - 2018-04-13 19:49:29 --> Helper loaded: url_helper
DEBUG - 2018-04-13 19:49:29 --> Config file loaded: C:\Users\Yousri\php\workspace\Memento\config/mongo_db.php
INFO - 2018-04-13 19:49:29 --> Controller Class Initialized
INFO - 2018-04-13 19:49:29 --> Model Class Initialized
INFO - 2018-04-13 19:49:29 --> Helper loaded: debug_helper
INFO - 2018-04-13 19:49:29 --> File loaded: C:\Users\Yousri\php\workspace\Memento\views\templates/synapse.php
INFO - 2018-04-13 19:49:29 --> File loaded: C:\Users\Yousri\php\workspace\Memento\views\templates/synapse.php
INFO - 2018-04-13 19:49:29 --> File loaded: C:\Users\Yousri\php\workspace\Memento\views\templates/synapse.php
INFO - 2018-04-13 19:49:29 --> File loaded: C:\Users\Yousri\php\workspace\Memento\views\memento_head_dev.php
INFO - 2018-04-13 19:49:29 --> File loaded: C:\Users\Yousri\php\workspace\Memento\views\templates/lb_edit_synapse.php
INFO - 2018-04-13 19:49:29 --> File loaded: C:\Users\Yousri\php\workspace\Memento\views\memento.php
INFO - 2018-04-13 19:49:29 --> File loaded: C:\Users\Yousri\php\workspace\Memento\views\memento_scripts_dev.php
INFO - 2018-04-13 19:49:29 --> Final output sent to browser
DEBUG - 2018-04-13 19:49:29 --> Total execution time: 0.0907
INFO - 2018-04-13 19:51:55 --> Config Class Initialized
INFO - 2018-04-13 19:51:55 --> Hooks Class Initialized
DEBUG - 2018-04-13 19:51:55 --> UTF-8 Support Enabled
INFO - 2018-04-13 19:51:55 --> Utf8 Class Initialized
INFO - 2018-04-13 19:51:55 --> URI Class Initialized
INFO - 2018-04-13 19:51:55 --> Router Class Initialized
INFO - 2018-04-13 19:51:55 --> Output Class Initialized
INFO - 2018-04-13 19:51:55 --> Security Class Initialized
DEBUG - 2018-04-13 19:51:55 --> Global POST, GET and COOKIE data sanitized
INFO - 2018-04-13 19:51:55 --> Input Class Initialized
INFO - 2018-04-13 19:51:55 --> Language Class Initialized
INFO - 2018-04-13 19:51:55 --> Loader Class Initialized
INFO - 2018-04-13 19:51:55 --> Helper loaded: url_helper
DEBUG - 2018-04-13 19:51:55 --> Config file loaded: C:\Users\Yousri\php\workspace\Memento\config/mongo_db.php
INFO - 2018-04-13 19:51:55 --> Controller Class Initialized
INFO - 2018-04-13 19:51:55 --> Model Class Initialized
INFO - 2018-04-13 19:51:55 --> Helper loaded: debug_helper
INFO - 2018-04-13 19:51:55 --> File loaded: C:\Users\Yousri\php\workspace\Memento\views\templates/synapse.php
INFO - 2018-04-13 19:51:55 --> File loaded: C:\Users\Yousri\php\workspace\Memento\views\templates/synapse.php
INFO - 2018-04-13 19:51:55 --> File loaded: C:\Users\Yousri\php\workspace\Memento\views\templates/synapse.php
INFO - 2018-04-13 19:51:55 --> File loaded: C:\Users\Yousri\php\workspace\Memento\views\memento_head_dev.php
INFO - 2018-04-13 19:51:55 --> File loaded: C:\Users\Yousri\php\workspace\Memento\views\templates/lb_edit_synapse.php
INFO - 2018-04-13 19:51:55 --> File loaded: C:\Users\Yousri\php\workspace\Memento\views\memento.php
INFO - 2018-04-13 19:51:55 --> File loaded: C:\Users\Yousri\php\workspace\Memento\views\memento_scripts_dev.php
INFO - 2018-04-13 19:51:55 --> Final output sent to browser
DEBUG - 2018-04-13 19:51:55 --> Total execution time: 0.0777
INFO - 2018-04-13 19:53:02 --> Config Class Initialized
INFO - 2018-04-13 19:53:02 --> Hooks Class Initialized
DEBUG - 2018-04-13 19:53:02 --> UTF-8 Support Enabled
INFO - 2018-04-13 19:53:02 --> Utf8 Class Initialized
INFO - 2018-04-13 19:53:02 --> URI Class Initialized
INFO - 2018-04-13 19:53:02 --> Router Class Initialized
INFO - 2018-04-13 19:53:02 --> Output Class Initialized
INFO - 2018-04-13 19:53:02 --> Security Class Initialized
DEBUG - 2018-04-13 19:53:02 --> Global POST, GET and COOKIE data sanitized
INFO - 2018-04-13 19:53:02 --> Input Class Initialized
INFO - 2018-04-13 19:53:02 --> Language Class Initialized
INFO - 2018-04-13 19:53:02 --> Loader Class Initialized
INFO - 2018-04-13 19:53:02 --> Helper loaded: url_helper
DEBUG - 2018-04-13 19:53:02 --> Config file loaded: C:\Users\Yousri\php\workspace\Memento\config/mongo_db.php
INFO - 2018-04-13 19:53:02 --> Controller Class Initialized
INFO - 2018-04-13 19:53:02 --> Model Class Initialized
INFO - 2018-04-13 19:53:02 --> Helper loaded: debug_helper
INFO - 2018-04-13 19:53:02 --> File loaded: C:\Users\Yousri\php\workspace\Memento\views\templates/synapse.php
INFO - 2018-04-13 19:53:02 --> File loaded: C:\Users\Yousri\php\workspace\Memento\views\templates/synapse.php
INFO - 2018-04-13 19:53:02 --> File loaded: C:\Users\Yousri\php\workspace\Memento\views\templates/synapse.php
INFO - 2018-04-13 19:53:02 --> File loaded: C:\Users\Yousri\php\workspace\Memento\views\memento_head_dev.php
INFO - 2018-04-13 19:53:02 --> File loaded: C:\Users\Yousri\php\workspace\Memento\views\templates/lb_edit_synapse.php
INFO - 2018-04-13 19:53:02 --> File loaded: C:\Users\Yousri\php\workspace\Memento\views\memento.php
INFO - 2018-04-13 19:53:02 --> File loaded: C:\Users\Yousri\php\workspace\Memento\views\memento_scripts_dev.php
INFO - 2018-04-13 19:53:02 --> Final output sent to browser
DEBUG - 2018-04-13 19:53:02 --> Total execution time: 0.0750
INFO - 2018-04-13 19:57:58 --> Config Class Initialized
INFO - 2018-04-13 19:57:58 --> Hooks Class Initialized
DEBUG - 2018-04-13 19:57:58 --> UTF-8 Support Enabled
INFO - 2018-04-13 19:57:58 --> Utf8 Class Initialized
INFO - 2018-04-13 19:57:58 --> URI Class Initialized
INFO - 2018-04-13 19:57:58 --> Router Class Initialized
INFO - 2018-04-13 19:57:58 --> Output Class Initialized
INFO - 2018-04-13 19:57:58 --> Security Class Initialized
DEBUG - 2018-04-13 19:57:58 --> Global POST, GET and COOKIE data sanitized
INFO - 2018-04-13 19:57:58 --> Input Class Initialized
INFO - 2018-04-13 19:57:58 --> Language Class Initialized
INFO - 2018-04-13 19:57:58 --> Loader Class Initialized
INFO - 2018-04-13 19:57:58 --> Helper loaded: url_helper
DEBUG - 2018-04-13 19:57:58 --> Config file loaded: C:\Users\Yousri\php\workspace\Memento\config/mongo_db.php
INFO - 2018-04-13 19:57:58 --> Controller Class Initialized
INFO - 2018-04-13 19:57:58 --> Model Class Initialized
INFO - 2018-04-13 19:57:58 --> Helper loaded: debug_helper
INFO - 2018-04-13 19:57:58 --> File loaded: C:\Users\Yousri\php\workspace\Memento\views\templates/synapse.php
INFO - 2018-04-13 19:57:58 --> File loaded: C:\Users\Yousri\php\workspace\Memento\views\templates/synapse.php
INFO - 2018-04-13 19:57:58 --> File loaded: C:\Users\Yousri\php\workspace\Memento\views\templates/synapse.php
INFO - 2018-04-13 19:57:58 --> File loaded: C:\Users\Yousri\php\workspace\Memento\views\memento_head_dev.php
INFO - 2018-04-13 19:57:58 --> File loaded: C:\Users\Yousri\php\workspace\Memento\views\templates/lb_edit_synapse.php
INFO - 2018-04-13 19:57:58 --> File loaded: C:\Users\Yousri\php\workspace\Memento\views\memento.php
INFO - 2018-04-13 19:57:58 --> File loaded: C:\Users\Yousri\php\workspace\Memento\views\memento_scripts_dev.php
INFO - 2018-04-13 19:57:58 --> Final output sent to browser
DEBUG - 2018-04-13 19:57:58 --> Total execution time: 0.0892
INFO - 2018-04-13 20:04:49 --> Config Class Initialized
INFO - 2018-04-13 20:04:49 --> Hooks Class Initialized
DEBUG - 2018-04-13 20:04:49 --> UTF-8 Support Enabled
INFO - 2018-04-13 20:04:49 --> Utf8 Class Initialized
INFO - 2018-04-13 20:04:49 --> URI Class Initialized
INFO - 2018-04-13 20:04:49 --> Router Class Initialized
INFO - 2018-04-13 20:04:49 --> Output Class Initialized
INFO - 2018-04-13 20:04:49 --> Security Class Initialized
DEBUG - 2018-04-13 20:04:49 --> Global POST, GET and COOKIE data sanitized
INFO - 2018-04-13 20:04:49 --> Input Class Initialized
INFO - 2018-04-13 20:04:49 --> Language Class Initialized
INFO - 2018-04-13 20:04:49 --> Loader Class Initialized
INFO - 2018-04-13 20:04:49 --> Helper loaded: url_helper
DEBUG - 2018-04-13 20:04:49 --> Config file loaded: C:\Users\Yousri\php\workspace\Memento\config/mongo_db.php
INFO - 2018-04-13 20:04:49 --> Controller Class Initialized
INFO - 2018-04-13 20:04:49 --> Model Class Initialized
INFO - 2018-04-13 20:04:49 --> Helper loaded: debug_helper
INFO - 2018-04-13 20:04:49 --> File loaded: C:\Users\Yousri\php\workspace\Memento\views\templates/synapse.php
INFO - 2018-04-13 20:04:49 --> File loaded: C:\Users\Yousri\php\workspace\Memento\views\templates/synapse.php
INFO - 2018-04-13 20:04:49 --> File loaded: C:\Users\Yousri\php\workspace\Memento\views\templates/synapse.php
INFO - 2018-04-13 20:04:49 --> File loaded: C:\Users\Yousri\php\workspace\Memento\views\memento_head_dev.php
INFO - 2018-04-13 20:04:49 --> File loaded: C:\Users\Yousri\php\workspace\Memento\views\templates/lb_edit_synapse.php
INFO - 2018-04-13 20:04:49 --> File loaded: C:\Users\Yousri\php\workspace\Memento\views\memento.php
INFO - 2018-04-13 20:04:49 --> File loaded: C:\Users\Yousri\php\workspace\Memento\views\memento_scripts_dev.php
INFO - 2018-04-13 20:04:49 --> Final output sent to browser
DEBUG - 2018-04-13 20:04:49 --> Total execution time: 0.0942
INFO - 2018-04-13 20:07:53 --> Config Class Initialized
INFO - 2018-04-13 20:07:53 --> Hooks Class Initialized
DEBUG - 2018-04-13 20:07:53 --> UTF-8 Support Enabled
INFO - 2018-04-13 20:07:53 --> Utf8 Class Initialized
INFO - 2018-04-13 20:07:53 --> URI Class Initialized
INFO - 2018-04-13 20:07:53 --> Router Class Initialized
INFO - 2018-04-13 20:07:53 --> Output Class Initialized
INFO - 2018-04-13 20:07:53 --> Security Class Initialized
DEBUG - 2018-04-13 20:07:53 --> Global POST, GET and COOKIE data sanitized
INFO - 2018-04-13 20:07:53 --> Input Class Initialized
INFO - 2018-04-13 20:07:53 --> Language Class Initialized
INFO - 2018-04-13 20:07:53 --> Loader Class Initialized
INFO - 2018-04-13 20:07:53 --> Helper loaded: url_helper
DEBUG - 2018-04-13 20:07:53 --> Config file loaded: C:\Users\Yousri\php\workspace\Memento\config/mongo_db.php
INFO - 2018-04-13 20:07:53 --> Controller Class Initialized
INFO - 2018-04-13 20:07:53 --> Model Class Initialized
INFO - 2018-04-13 20:07:53 --> Helper loaded: debug_helper
INFO - 2018-04-13 20:07:53 --> File loaded: C:\Users\Yousri\php\workspace\Memento\views\templates/synapse.php
INFO - 2018-04-13 20:07:53 --> File loaded: C:\Users\Yousri\php\workspace\Memento\views\templates/synapse.php
INFO - 2018-04-13 20:07:53 --> File loaded: C:\Users\Yousri\php\workspace\Memento\views\templates/synapse.php
INFO - 2018-04-13 20:07:53 --> File loaded: C:\Users\Yousri\php\workspace\Memento\views\memento_head_dev.php
INFO - 2018-04-13 20:07:53 --> File loaded: C:\Users\Yousri\php\workspace\Memento\views\templates/lb_edit_synapse.php
INFO - 2018-04-13 20:07:53 --> File loaded: C:\Users\Yousri\php\workspace\Memento\views\memento.php
INFO - 2018-04-13 20:07:53 --> File loaded: C:\Users\Yousri\php\workspace\Memento\views\memento_scripts_dev.php
INFO - 2018-04-13 20:07:53 --> Final output sent to browser
DEBUG - 2018-04-13 20:07:53 --> Total execution time: 0.0760
INFO - 2018-04-13 20:08:23 --> Config Class Initialized
INFO - 2018-04-13 20:08:23 --> Hooks Class Initialized
DEBUG - 2018-04-13 20:08:23 --> UTF-8 Support Enabled
INFO - 2018-04-13 20:08:23 --> Utf8 Class Initialized
INFO - 2018-04-13 20:08:23 --> URI Class Initialized
INFO - 2018-04-13 20:08:23 --> Router Class Initialized
INFO - 2018-04-13 20:08:23 --> Output Class Initialized
INFO - 2018-04-13 20:08:23 --> Security Class Initialized
DEBUG - 2018-04-13 20:08:23 --> Global POST, GET and COOKIE data sanitized
INFO - 2018-04-13 20:08:23 --> Input Class Initialized
INFO - 2018-04-13 20:08:23 --> Language Class Initialized
INFO - 2018-04-13 20:08:23 --> Loader Class Initialized
INFO - 2018-04-13 20:08:23 --> Helper loaded: url_helper
DEBUG - 2018-04-13 20:08:23 --> Config file loaded: C:\Users\Yousri\php\workspace\Memento\config/mongo_db.php
INFO - 2018-04-13 20:08:23 --> Controller Class Initialized
INFO - 2018-04-13 20:08:23 --> Model Class Initialized
INFO - 2018-04-13 20:08:23 --> Helper loaded: debug_helper
INFO - 2018-04-13 20:08:23 --> File loaded: C:\Users\Yousri\php\workspace\Memento\views\templates/synapse.php
INFO - 2018-04-13 20:08:23 --> File loaded: C:\Users\Yousri\php\workspace\Memento\views\templates/synapse.php
INFO - 2018-04-13 20:08:23 --> File loaded: C:\Users\Yousri\php\workspace\Memento\views\templates/synapse.php
INFO - 2018-04-13 20:08:23 --> File loaded: C:\Users\Yousri\php\workspace\Memento\views\memento_head_dev.php
INFO - 2018-04-13 20:08:23 --> File loaded: C:\Users\Yousri\php\workspace\Memento\views\templates/lb_edit_synapse.php
INFO - 2018-04-13 20:08:23 --> File loaded: C:\Users\Yousri\php\workspace\Memento\views\memento.php
INFO - 2018-04-13 20:08:23 --> File loaded: C:\Users\Yousri\php\workspace\Memento\views\memento_scripts_dev.php
INFO - 2018-04-13 20:08:23 --> Final output sent to browser
DEBUG - 2018-04-13 20:08:23 --> Total execution time: 0.0796
INFO - 2018-04-13 20:09:25 --> Config Class Initialized
INFO - 2018-04-13 20:09:25 --> Hooks Class Initialized
DEBUG - 2018-04-13 20:09:25 --> UTF-8 Support Enabled
INFO - 2018-04-13 20:09:25 --> Utf8 Class Initialized
INFO - 2018-04-13 20:09:25 --> URI Class Initialized
INFO - 2018-04-13 20:09:25 --> Router Class Initialized
INFO - 2018-04-13 20:09:25 --> Output Class Initialized
INFO - 2018-04-13 20:09:25 --> Security Class Initialized
DEBUG - 2018-04-13 20:09:25 --> Global POST, GET and COOKIE data sanitized
INFO - 2018-04-13 20:09:25 --> Input Class Initialized
INFO - 2018-04-13 20:09:25 --> Language Class Initialized
INFO - 2018-04-13 20:09:25 --> Loader Class Initialized
INFO - 2018-04-13 20:09:25 --> Helper loaded: url_helper
DEBUG - 2018-04-13 20:09:25 --> Config file loaded: C:\Users\Yousri\php\workspace\Memento\config/mongo_db.php
INFO - 2018-04-13 20:09:25 --> Controller Class Initialized
INFO - 2018-04-13 20:09:25 --> Model Class Initialized
INFO - 2018-04-13 20:09:25 --> Helper loaded: debug_helper
INFO - 2018-04-13 20:09:25 --> File loaded: C:\Users\Yousri\php\workspace\Memento\views\templates/synapse.php
INFO - 2018-04-13 20:09:25 --> File loaded: C:\Users\Yousri\php\workspace\Memento\views\templates/synapse.php
INFO - 2018-04-13 20:09:25 --> File loaded: C:\Users\Yousri\php\workspace\Memento\views\templates/synapse.php
INFO - 2018-04-13 20:09:25 --> File loaded: C:\Users\Yousri\php\workspace\Memento\views\memento_head_dev.php
INFO - 2018-04-13 20:09:25 --> File loaded: C:\Users\Yousri\php\workspace\Memento\views\templates/lb_edit_synapse.php
INFO - 2018-04-13 20:09:25 --> File loaded: C:\Users\Yousri\php\workspace\Memento\views\memento.php
INFO - 2018-04-13 20:09:25 --> File loaded: C:\Users\Yousri\php\workspace\Memento\views\memento_scripts_dev.php
INFO - 2018-04-13 20:09:25 --> Final output sent to browser
DEBUG - 2018-04-13 20:09:25 --> Total execution time: 0.0757
INFO - 2018-04-13 20:11:06 --> Config Class Initialized
INFO - 2018-04-13 20:11:06 --> Hooks Class Initialized
DEBUG - 2018-04-13 20:11:06 --> UTF-8 Support Enabled
INFO - 2018-04-13 20:11:06 --> Utf8 Class Initialized
INFO - 2018-04-13 20:11:06 --> URI Class Initialized
INFO - 2018-04-13 20:11:06 --> Router Class Initialized
INFO - 2018-04-13 20:11:06 --> Output Class Initialized
INFO - 2018-04-13 20:11:06 --> Security Class Initialized
DEBUG - 2018-04-13 20:11:06 --> Global POST, GET and COOKIE data sanitized
INFO - 2018-04-13 20:11:06 --> Input Class Initialized
INFO - 2018-04-13 20:11:06 --> Language Class Initialized
INFO - 2018-04-13 20:11:06 --> Loader Class Initialized
INFO - 2018-04-13 20:11:06 --> Helper loaded: url_helper
DEBUG - 2018-04-13 20:11:06 --> Config file loaded: C:\Users\Yousri\php\workspace\Memento\config/mongo_db.php
INFO - 2018-04-13 20:11:06 --> Controller Class Initialized
INFO - 2018-04-13 20:11:06 --> Model Class Initialized
INFO - 2018-04-13 20:11:06 --> Helper loaded: debug_helper
INFO - 2018-04-13 20:11:06 --> File loaded: C:\Users\Yousri\php\workspace\Memento\views\templates/synapse.php
INFO - 2018-04-13 20:11:06 --> File loaded: C:\Users\Yousri\php\workspace\Memento\views\templates/synapse.php
INFO - 2018-04-13 20:11:06 --> File loaded: C:\Users\Yousri\php\workspace\Memento\views\templates/synapse.php
INFO - 2018-04-13 20:11:06 --> File loaded: C:\Users\Yousri\php\workspace\Memento\views\memento_head_dev.php
INFO - 2018-04-13 20:11:06 --> File loaded: C:\Users\Yousri\php\workspace\Memento\views\templates/lb_edit_synapse.php
INFO - 2018-04-13 20:11:06 --> File loaded: C:\Users\Yousri\php\workspace\Memento\views\memento.php
INFO - 2018-04-13 20:11:06 --> File loaded: C:\Users\Yousri\php\workspace\Memento\views\memento_scripts_dev.php
INFO - 2018-04-13 20:11:06 --> Final output sent to browser
DEBUG - 2018-04-13 20:11:06 --> Total execution time: 0.0808
INFO - 2018-04-13 20:11:46 --> Config Class Initialized
INFO - 2018-04-13 20:11:46 --> Hooks Class Initialized
DEBUG - 2018-04-13 20:11:46 --> UTF-8 Support Enabled
INFO - 2018-04-13 20:11:46 --> Utf8 Class Initialized
INFO - 2018-04-13 20:11:46 --> URI Class Initialized
INFO - 2018-04-13 20:11:46 --> Router Class Initialized
INFO - 2018-04-13 20:11:46 --> Output Class Initialized
INFO - 2018-04-13 20:11:46 --> Security Class Initialized
DEBUG - 2018-04-13 20:11:46 --> Global POST, GET and COOKIE data sanitized
INFO - 2018-04-13 20:11:46 --> Input Class Initialized
INFO - 2018-04-13 20:11:46 --> Language Class Initialized
INFO - 2018-04-13 20:11:46 --> Loader Class Initialized
INFO - 2018-04-13 20:11:46 --> Helper loaded: url_helper
DEBUG - 2018-04-13 20:11:46 --> Config file loaded: C:\Users\Yousri\php\workspace\Memento\config/mongo_db.php
INFO - 2018-04-13 20:11:46 --> Controller Class Initialized
INFO - 2018-04-13 20:11:46 --> Model Class Initialized
INFO - 2018-04-13 20:11:46 --> Helper loaded: debug_helper
INFO - 2018-04-13 20:11:46 --> File loaded: C:\Users\Yousri\php\workspace\Memento\views\templates/synapse.php
INFO - 2018-04-13 20:11:46 --> File loaded: C:\Users\Yousri\php\workspace\Memento\views\templates/synapse.php
INFO - 2018-04-13 20:11:46 --> File loaded: C:\Users\Yousri\php\workspace\Memento\views\templates/synapse.php
INFO - 2018-04-13 20:11:46 --> File loaded: C:\Users\Yousri\php\workspace\Memento\views\memento_head_dev.php
INFO - 2018-04-13 20:11:46 --> File loaded: C:\Users\Yousri\php\workspace\Memento\views\templates/lb_edit_synapse.php
INFO - 2018-04-13 20:11:46 --> File loaded: C:\Users\Yousri\php\workspace\Memento\views\memento.php
INFO - 2018-04-13 20:11:46 --> File loaded: C:\Users\Yousri\php\workspace\Memento\views\memento_scripts_dev.php
INFO - 2018-04-13 20:11:46 --> Final output sent to browser
DEBUG - 2018-04-13 20:11:46 --> Total execution time: 0.0841
