INFO - 2017-11-20 20:23:08 --> Config Class Initialized
INFO - 2017-11-20 20:23:08 --> Hooks Class Initialized
DEBUG - 2017-11-20 20:23:08 --> UTF-8 Support Enabled
INFO - 2017-11-20 20:23:08 --> Utf8 Class Initialized
INFO - 2017-11-20 20:23:08 --> URI Class Initialized
INFO - 2017-11-20 20:23:08 --> Router Class Initialized
INFO - 2017-11-20 20:23:08 --> Output Class Initialized
INFO - 2017-11-20 20:23:08 --> Security Class Initialized
DEBUG - 2017-11-20 20:23:08 --> Global POST, GET and COOKIE data sanitized
INFO - 2017-11-20 20:23:08 --> Input Class Initialized
INFO - 2017-11-20 20:23:08 --> Language Class Initialized
INFO - 2017-11-20 20:23:08 --> Loader Class Initialized
INFO - 2017-11-20 20:23:08 --> Helper loaded: url_helper
INFO - 2017-11-20 20:23:08 --> Controller Class Initialized
INFO - 2017-11-20 20:23:08 --> File loaded: C:\Users\Noctombule\Documents\isib\SelfLearning\programation\PHP\workspace\Memento\views\synapse.php
INFO - 2017-11-20 20:23:08 --> File loaded: C:\Users\Noctombule\Documents\isib\SelfLearning\programation\PHP\workspace\Memento\views\memento_head_dev.php
INFO - 2017-11-20 20:23:08 --> File loaded: C:\Users\Noctombule\Documents\isib\SelfLearning\programation\PHP\workspace\Memento\views\memento.php
INFO - 2017-11-20 20:23:08 --> Final output sent to browser
DEBUG - 2017-11-20 20:23:08 --> Total execution time: 0.0430
INFO - 2017-11-20 20:25:44 --> Config Class Initialized
INFO - 2017-11-20 20:25:44 --> Hooks Class Initialized
DEBUG - 2017-11-20 20:25:44 --> UTF-8 Support Enabled
INFO - 2017-11-20 20:25:44 --> Utf8 Class Initialized
INFO - 2017-11-20 20:25:44 --> URI Class Initialized
INFO - 2017-11-20 20:25:44 --> Router Class Initialized
INFO - 2017-11-20 20:25:44 --> Output Class Initialized
INFO - 2017-11-20 20:25:44 --> Security Class Initialized
DEBUG - 2017-11-20 20:25:44 --> Global POST, GET and COOKIE data sanitized
INFO - 2017-11-20 20:25:44 --> Input Class Initialized
INFO - 2017-11-20 20:25:44 --> Language Class Initialized
INFO - 2017-11-20 20:25:44 --> Loader Class Initialized
INFO - 2017-11-20 20:25:44 --> Helper loaded: url_helper
INFO - 2017-11-20 20:25:44 --> Controller Class Initialized
INFO - 2017-11-20 20:25:44 --> File loaded: C:\Users\Noctombule\Documents\isib\SelfLearning\programation\PHP\workspace\Memento\views\synapse.php
INFO - 2017-11-20 20:25:44 --> File loaded: C:\Users\Noctombule\Documents\isib\SelfLearning\programation\PHP\workspace\Memento\views\memento_head_dev.php
INFO - 2017-11-20 20:25:44 --> File loaded: C:\Users\Noctombule\Documents\isib\SelfLearning\programation\PHP\workspace\Memento\views\memento.php
INFO - 2017-11-20 20:25:44 --> Final output sent to browser
DEBUG - 2017-11-20 20:25:44 --> Total execution time: 0.0360
INFO - 2017-11-20 20:27:54 --> Config Class Initialized
INFO - 2017-11-20 20:27:54 --> Hooks Class Initialized
DEBUG - 2017-11-20 20:27:54 --> UTF-8 Support Enabled
INFO - 2017-11-20 20:27:54 --> Utf8 Class Initialized
INFO - 2017-11-20 20:27:54 --> URI Class Initialized
INFO - 2017-11-20 20:27:54 --> Router Class Initialized
INFO - 2017-11-20 20:27:54 --> Output Class Initialized
INFO - 2017-11-20 20:27:54 --> Security Class Initialized
DEBUG - 2017-11-20 20:27:54 --> Global POST, GET and COOKIE data sanitized
INFO - 2017-11-20 20:27:54 --> Input Class Initialized
INFO - 2017-11-20 20:27:54 --> Language Class Initialized
INFO - 2017-11-20 20:27:54 --> Loader Class Initialized
INFO - 2017-11-20 20:27:54 --> Helper loaded: url_helper
INFO - 2017-11-20 20:27:54 --> Controller Class Initialized
INFO - 2017-11-20 20:27:54 --> File loaded: C:\Users\Noctombule\Documents\isib\SelfLearning\programation\PHP\workspace\Memento\views\synapse.php
INFO - 2017-11-20 20:27:54 --> File loaded: C:\Users\Noctombule\Documents\isib\SelfLearning\programation\PHP\workspace\Memento\views\memento_head_dev.php
INFO - 2017-11-20 20:27:54 --> File loaded: C:\Users\Noctombule\Documents\isib\SelfLearning\programation\PHP\workspace\Memento\views\memento.php
INFO - 2017-11-20 20:27:54 --> Final output sent to browser
DEBUG - 2017-11-20 20:27:54 --> Total execution time: 0.0340
INFO - 2017-11-20 21:01:13 --> Config Class Initialized
INFO - 2017-11-20 21:01:13 --> Hooks Class Initialized
DEBUG - 2017-11-20 21:01:13 --> UTF-8 Support Enabled
INFO - 2017-11-20 21:01:13 --> Utf8 Class Initialized
INFO - 2017-11-20 21:01:13 --> URI Class Initialized
INFO - 2017-11-20 21:01:13 --> Router Class Initialized
INFO - 2017-11-20 21:01:13 --> Output Class Initialized
INFO - 2017-11-20 21:01:13 --> Security Class Initialized
DEBUG - 2017-11-20 21:01:13 --> Global POST, GET and COOKIE data sanitized
INFO - 2017-11-20 21:01:13 --> Input Class Initialized
INFO - 2017-11-20 21:01:13 --> Language Class Initialized
INFO - 2017-11-20 21:01:13 --> Loader Class Initialized
INFO - 2017-11-20 21:01:13 --> Helper loaded: url_helper
INFO - 2017-11-20 21:01:13 --> Controller Class Initialized
INFO - 2017-11-20 21:01:13 --> File loaded: C:\Users\Noctombule\Documents\isib\SelfLearning\programation\PHP\workspace\Memento\views\synapse.php
INFO - 2017-11-20 21:01:13 --> File loaded: C:\Users\Noctombule\Documents\isib\SelfLearning\programation\PHP\workspace\Memento\views\memento_head_dev.php
INFO - 2017-11-20 21:01:13 --> File loaded: C:\Users\Noctombule\Documents\isib\SelfLearning\programation\PHP\workspace\Memento\views\memento.php
INFO - 2017-11-20 21:01:13 --> Final output sent to browser
DEBUG - 2017-11-20 21:01:13 --> Total execution time: 0.0410
INFO - 2017-11-20 21:01:39 --> Config Class Initialized
INFO - 2017-11-20 21:01:39 --> Hooks Class Initialized
DEBUG - 2017-11-20 21:01:39 --> UTF-8 Support Enabled
INFO - 2017-11-20 21:01:39 --> Utf8 Class Initialized
INFO - 2017-11-20 21:01:39 --> URI Class Initialized
INFO - 2017-11-20 21:01:39 --> Router Class Initialized
INFO - 2017-11-20 21:01:39 --> Output Class Initialized
INFO - 2017-11-20 21:01:39 --> Security Class Initialized
DEBUG - 2017-11-20 21:01:39 --> Global POST, GET and COOKIE data sanitized
INFO - 2017-11-20 21:01:39 --> Input Class Initialized
INFO - 2017-11-20 21:01:39 --> Language Class Initialized
INFO - 2017-11-20 21:01:39 --> Loader Class Initialized
INFO - 2017-11-20 21:01:39 --> Helper loaded: url_helper
INFO - 2017-11-20 21:01:39 --> Controller Class Initialized
INFO - 2017-11-20 21:01:39 --> File loaded: C:\Users\Noctombule\Documents\isib\SelfLearning\programation\PHP\workspace\Memento\views\synapse.php
INFO - 2017-11-20 21:01:39 --> File loaded: C:\Users\Noctombule\Documents\isib\SelfLearning\programation\PHP\workspace\Memento\views\memento_head_dev.php
INFO - 2017-11-20 21:01:39 --> File loaded: C:\Users\Noctombule\Documents\isib\SelfLearning\programation\PHP\workspace\Memento\views\memento.php
INFO - 2017-11-20 21:01:39 --> Final output sent to browser
DEBUG - 2017-11-20 21:01:39 --> Total execution time: 0.0230
INFO - 2017-11-20 21:01:46 --> Config Class Initialized
INFO - 2017-11-20 21:01:46 --> Hooks Class Initialized
DEBUG - 2017-11-20 21:01:46 --> UTF-8 Support Enabled
INFO - 2017-11-20 21:01:46 --> Utf8 Class Initialized
INFO - 2017-11-20 21:01:46 --> URI Class Initialized
INFO - 2017-11-20 21:01:46 --> Router Class Initialized
INFO - 2017-11-20 21:01:46 --> Output Class Initialized
INFO - 2017-11-20 21:01:46 --> Security Class Initialized
DEBUG - 2017-11-20 21:01:46 --> Global POST, GET and COOKIE data sanitized
INFO - 2017-11-20 21:01:46 --> Input Class Initialized
INFO - 2017-11-20 21:01:46 --> Language Class Initialized
INFO - 2017-11-20 21:01:46 --> Loader Class Initialized
INFO - 2017-11-20 21:01:46 --> Helper loaded: url_helper
INFO - 2017-11-20 21:01:46 --> Controller Class Initialized
INFO - 2017-11-20 21:01:46 --> File loaded: C:\Users\Noctombule\Documents\isib\SelfLearning\programation\PHP\workspace\Memento\views\synapse.php
INFO - 2017-11-20 21:01:46 --> File loaded: C:\Users\Noctombule\Documents\isib\SelfLearning\programation\PHP\workspace\Memento\views\memento_head_dev.php
INFO - 2017-11-20 21:01:46 --> File loaded: C:\Users\Noctombule\Documents\isib\SelfLearning\programation\PHP\workspace\Memento\views\memento.php
INFO - 2017-11-20 21:01:46 --> Final output sent to browser
DEBUG - 2017-11-20 21:01:46 --> Total execution time: 0.0270
INFO - 2017-11-20 21:06:23 --> Config Class Initialized
INFO - 2017-11-20 21:06:23 --> Hooks Class Initialized
DEBUG - 2017-11-20 21:06:23 --> UTF-8 Support Enabled
INFO - 2017-11-20 21:06:23 --> Utf8 Class Initialized
INFO - 2017-11-20 21:06:23 --> URI Class Initialized
INFO - 2017-11-20 21:06:23 --> Router Class Initialized
INFO - 2017-11-20 21:06:23 --> Output Class Initialized
INFO - 2017-11-20 21:06:23 --> Security Class Initialized
DEBUG - 2017-11-20 21:06:23 --> Global POST, GET and COOKIE data sanitized
INFO - 2017-11-20 21:06:23 --> Input Class Initialized
INFO - 2017-11-20 21:06:23 --> Language Class Initialized
INFO - 2017-11-20 21:06:23 --> Loader Class Initialized
INFO - 2017-11-20 21:06:23 --> Helper loaded: url_helper
INFO - 2017-11-20 21:06:23 --> Controller Class Initialized
INFO - 2017-11-20 21:06:23 --> File loaded: C:\Users\Noctombule\Documents\isib\SelfLearning\programation\PHP\workspace\Memento\views\synapse.php
INFO - 2017-11-20 21:06:23 --> File loaded: C:\Users\Noctombule\Documents\isib\SelfLearning\programation\PHP\workspace\Memento\views\memento_head_dev.php
INFO - 2017-11-20 21:06:23 --> File loaded: C:\Users\Noctombule\Documents\isib\SelfLearning\programation\PHP\workspace\Memento\views\memento.php
INFO - 2017-11-20 21:06:23 --> Final output sent to browser
DEBUG - 2017-11-20 21:06:23 --> Total execution time: 0.0340
INFO - 2017-11-20 21:07:05 --> Config Class Initialized
INFO - 2017-11-20 21:07:05 --> Hooks Class Initialized
DEBUG - 2017-11-20 21:07:05 --> UTF-8 Support Enabled
INFO - 2017-11-20 21:07:05 --> Utf8 Class Initialized
INFO - 2017-11-20 21:07:05 --> URI Class Initialized
INFO - 2017-11-20 21:07:05 --> Router Class Initialized
INFO - 2017-11-20 21:07:05 --> Output Class Initialized
INFO - 2017-11-20 21:07:05 --> Security Class Initialized
DEBUG - 2017-11-20 21:07:05 --> Global POST, GET and COOKIE data sanitized
INFO - 2017-11-20 21:07:05 --> Input Class Initialized
INFO - 2017-11-20 21:07:05 --> Language Class Initialized
INFO - 2017-11-20 21:07:05 --> Loader Class Initialized
INFO - 2017-11-20 21:07:05 --> Helper loaded: url_helper
INFO - 2017-11-20 21:07:05 --> Controller Class Initialized
INFO - 2017-11-20 21:07:05 --> File loaded: C:\Users\Noctombule\Documents\isib\SelfLearning\programation\PHP\workspace\Memento\views\synapse.php
INFO - 2017-11-20 21:07:05 --> File loaded: C:\Users\Noctombule\Documents\isib\SelfLearning\programation\PHP\workspace\Memento\views\memento_head_dev.php
INFO - 2017-11-20 21:07:05 --> File loaded: C:\Users\Noctombule\Documents\isib\SelfLearning\programation\PHP\workspace\Memento\views\memento.php
INFO - 2017-11-20 21:07:05 --> Final output sent to browser
DEBUG - 2017-11-20 21:07:05 --> Total execution time: 0.0230
INFO - 2017-11-20 21:07:57 --> Config Class Initialized
INFO - 2017-11-20 21:07:57 --> Hooks Class Initialized
DEBUG - 2017-11-20 21:07:57 --> UTF-8 Support Enabled
INFO - 2017-11-20 21:07:57 --> Utf8 Class Initialized
INFO - 2017-11-20 21:07:57 --> URI Class Initialized
INFO - 2017-11-20 21:07:57 --> Router Class Initialized
INFO - 2017-11-20 21:07:57 --> Output Class Initialized
INFO - 2017-11-20 21:07:57 --> Security Class Initialized
DEBUG - 2017-11-20 21:07:57 --> Global POST, GET and COOKIE data sanitized
INFO - 2017-11-20 21:07:57 --> Input Class Initialized
INFO - 2017-11-20 21:07:57 --> Language Class Initialized
INFO - 2017-11-20 21:07:57 --> Loader Class Initialized
INFO - 2017-11-20 21:07:57 --> Helper loaded: url_helper
INFO - 2017-11-20 21:07:57 --> Controller Class Initialized
INFO - 2017-11-20 21:07:57 --> File loaded: C:\Users\Noctombule\Documents\isib\SelfLearning\programation\PHP\workspace\Memento\views\synapse.php
INFO - 2017-11-20 21:07:57 --> File loaded: C:\Users\Noctombule\Documents\isib\SelfLearning\programation\PHP\workspace\Memento\views\memento_head_dev.php
INFO - 2017-11-20 21:07:57 --> File loaded: C:\Users\Noctombule\Documents\isib\SelfLearning\programation\PHP\workspace\Memento\views\memento.php
INFO - 2017-11-20 21:07:57 --> Final output sent to browser
DEBUG - 2017-11-20 21:07:57 --> Total execution time: 0.0350
INFO - 2017-11-20 21:08:33 --> Config Class Initialized
INFO - 2017-11-20 21:08:33 --> Hooks Class Initialized
DEBUG - 2017-11-20 21:08:33 --> UTF-8 Support Enabled
INFO - 2017-11-20 21:08:33 --> Utf8 Class Initialized
INFO - 2017-11-20 21:08:33 --> URI Class Initialized
INFO - 2017-11-20 21:08:33 --> Router Class Initialized
INFO - 2017-11-20 21:08:33 --> Output Class Initialized
INFO - 2017-11-20 21:08:33 --> Security Class Initialized
DEBUG - 2017-11-20 21:08:33 --> Global POST, GET and COOKIE data sanitized
INFO - 2017-11-20 21:08:33 --> Input Class Initialized
INFO - 2017-11-20 21:08:33 --> Language Class Initialized
INFO - 2017-11-20 21:08:33 --> Loader Class Initialized
INFO - 2017-11-20 21:08:33 --> Helper loaded: url_helper
INFO - 2017-11-20 21:08:33 --> Controller Class Initialized
INFO - 2017-11-20 21:08:33 --> File loaded: C:\Users\Noctombule\Documents\isib\SelfLearning\programation\PHP\workspace\Memento\views\synapse.php
INFO - 2017-11-20 21:08:33 --> File loaded: C:\Users\Noctombule\Documents\isib\SelfLearning\programation\PHP\workspace\Memento\views\memento_head_dev.php
INFO - 2017-11-20 21:08:33 --> File loaded: C:\Users\Noctombule\Documents\isib\SelfLearning\programation\PHP\workspace\Memento\views\memento.php
INFO - 2017-11-20 21:08:33 --> Final output sent to browser
DEBUG - 2017-11-20 21:08:33 --> Total execution time: 0.0350
INFO - 2017-11-20 21:09:48 --> Config Class Initialized
INFO - 2017-11-20 21:09:48 --> Hooks Class Initialized
DEBUG - 2017-11-20 21:09:48 --> UTF-8 Support Enabled
INFO - 2017-11-20 21:09:48 --> Utf8 Class Initialized
INFO - 2017-11-20 21:09:48 --> URI Class Initialized
INFO - 2017-11-20 21:09:48 --> Router Class Initialized
INFO - 2017-11-20 21:09:48 --> Output Class Initialized
INFO - 2017-11-20 21:09:48 --> Security Class Initialized
DEBUG - 2017-11-20 21:09:48 --> Global POST, GET and COOKIE data sanitized
INFO - 2017-11-20 21:09:48 --> Input Class Initialized
INFO - 2017-11-20 21:09:48 --> Language Class Initialized
INFO - 2017-11-20 21:09:48 --> Loader Class Initialized
INFO - 2017-11-20 21:09:48 --> Helper loaded: url_helper
INFO - 2017-11-20 21:09:48 --> Controller Class Initialized
INFO - 2017-11-20 21:09:48 --> File loaded: C:\Users\Noctombule\Documents\isib\SelfLearning\programation\PHP\workspace\Memento\views\synapse.php
INFO - 2017-11-20 21:09:48 --> File loaded: C:\Users\Noctombule\Documents\isib\SelfLearning\programation\PHP\workspace\Memento\views\memento_head_dev.php
INFO - 2017-11-20 21:09:48 --> File loaded: C:\Users\Noctombule\Documents\isib\SelfLearning\programation\PHP\workspace\Memento\views\memento.php
INFO - 2017-11-20 21:09:48 --> Final output sent to browser
DEBUG - 2017-11-20 21:09:48 --> Total execution time: 0.0270
INFO - 2017-11-20 21:10:05 --> Config Class Initialized
INFO - 2017-11-20 21:10:05 --> Hooks Class Initialized
DEBUG - 2017-11-20 21:10:05 --> UTF-8 Support Enabled
INFO - 2017-11-20 21:10:05 --> Utf8 Class Initialized
INFO - 2017-11-20 21:10:05 --> URI Class Initialized
INFO - 2017-11-20 21:10:05 --> Router Class Initialized
INFO - 2017-11-20 21:10:05 --> Output Class Initialized
INFO - 2017-11-20 21:10:05 --> Security Class Initialized
DEBUG - 2017-11-20 21:10:05 --> Global POST, GET and COOKIE data sanitized
INFO - 2017-11-20 21:10:05 --> Input Class Initialized
INFO - 2017-11-20 21:10:05 --> Language Class Initialized
INFO - 2017-11-20 21:10:05 --> Loader Class Initialized
INFO - 2017-11-20 21:10:05 --> Helper loaded: url_helper
INFO - 2017-11-20 21:10:05 --> Controller Class Initialized
INFO - 2017-11-20 21:10:05 --> File loaded: C:\Users\Noctombule\Documents\isib\SelfLearning\programation\PHP\workspace\Memento\views\synapse.php
INFO - 2017-11-20 21:10:05 --> File loaded: C:\Users\Noctombule\Documents\isib\SelfLearning\programation\PHP\workspace\Memento\views\memento_head_dev.php
INFO - 2017-11-20 21:10:05 --> File loaded: C:\Users\Noctombule\Documents\isib\SelfLearning\programation\PHP\workspace\Memento\views\memento.php
INFO - 2017-11-20 21:10:05 --> Final output sent to browser
DEBUG - 2017-11-20 21:10:05 --> Total execution time: 0.0240
INFO - 2017-11-20 21:10:17 --> Config Class Initialized
INFO - 2017-11-20 21:10:17 --> Hooks Class Initialized
DEBUG - 2017-11-20 21:10:17 --> UTF-8 Support Enabled
INFO - 2017-11-20 21:10:17 --> Utf8 Class Initialized
INFO - 2017-11-20 21:10:17 --> URI Class Initialized
INFO - 2017-11-20 21:10:17 --> Router Class Initialized
INFO - 2017-11-20 21:10:17 --> Output Class Initialized
INFO - 2017-11-20 21:10:17 --> Security Class Initialized
DEBUG - 2017-11-20 21:10:17 --> Global POST, GET and COOKIE data sanitized
INFO - 2017-11-20 21:10:17 --> Input Class Initialized
INFO - 2017-11-20 21:10:17 --> Language Class Initialized
INFO - 2017-11-20 21:10:17 --> Loader Class Initialized
INFO - 2017-11-20 21:10:17 --> Helper loaded: url_helper
INFO - 2017-11-20 21:10:17 --> Controller Class Initialized
INFO - 2017-11-20 21:10:17 --> File loaded: C:\Users\Noctombule\Documents\isib\SelfLearning\programation\PHP\workspace\Memento\views\synapse.php
INFO - 2017-11-20 21:10:17 --> File loaded: C:\Users\Noctombule\Documents\isib\SelfLearning\programation\PHP\workspace\Memento\views\memento_head_dev.php
INFO - 2017-11-20 21:10:17 --> File loaded: C:\Users\Noctombule\Documents\isib\SelfLearning\programation\PHP\workspace\Memento\views\memento.php
INFO - 2017-11-20 21:10:17 --> Final output sent to browser
DEBUG - 2017-11-20 21:10:17 --> Total execution time: 0.0420
INFO - 2017-11-20 21:10:18 --> Config Class Initialized
INFO - 2017-11-20 21:10:18 --> Hooks Class Initialized
DEBUG - 2017-11-20 21:10:18 --> UTF-8 Support Enabled
INFO - 2017-11-20 21:10:18 --> Utf8 Class Initialized
INFO - 2017-11-20 21:10:18 --> URI Class Initialized
INFO - 2017-11-20 21:10:18 --> Router Class Initialized
INFO - 2017-11-20 21:10:18 --> Output Class Initialized
INFO - 2017-11-20 21:10:18 --> Security Class Initialized
DEBUG - 2017-11-20 21:10:18 --> Global POST, GET and COOKIE data sanitized
INFO - 2017-11-20 21:10:18 --> Input Class Initialized
INFO - 2017-11-20 21:10:18 --> Language Class Initialized
INFO - 2017-11-20 21:10:18 --> Loader Class Initialized
INFO - 2017-11-20 21:10:18 --> Helper loaded: url_helper
INFO - 2017-11-20 21:10:18 --> Controller Class Initialized
INFO - 2017-11-20 21:10:18 --> File loaded: C:\Users\Noctombule\Documents\isib\SelfLearning\programation\PHP\workspace\Memento\views\synapse.php
INFO - 2017-11-20 21:10:18 --> File loaded: C:\Users\Noctombule\Documents\isib\SelfLearning\programation\PHP\workspace\Memento\views\memento_head_dev.php
INFO - 2017-11-20 21:10:18 --> File loaded: C:\Users\Noctombule\Documents\isib\SelfLearning\programation\PHP\workspace\Memento\views\memento.php
INFO - 2017-11-20 21:10:18 --> Final output sent to browser
DEBUG - 2017-11-20 21:10:18 --> Total execution time: 0.0260
INFO - 2017-11-20 21:10:36 --> Config Class Initialized
INFO - 2017-11-20 21:10:36 --> Hooks Class Initialized
DEBUG - 2017-11-20 21:10:36 --> UTF-8 Support Enabled
INFO - 2017-11-20 21:10:36 --> Utf8 Class Initialized
INFO - 2017-11-20 21:10:36 --> URI Class Initialized
INFO - 2017-11-20 21:10:36 --> Router Class Initialized
INFO - 2017-11-20 21:10:36 --> Output Class Initialized
INFO - 2017-11-20 21:10:36 --> Security Class Initialized
DEBUG - 2017-11-20 21:10:36 --> Global POST, GET and COOKIE data sanitized
INFO - 2017-11-20 21:10:36 --> Input Class Initialized
INFO - 2017-11-20 21:10:36 --> Language Class Initialized
INFO - 2017-11-20 21:10:36 --> Loader Class Initialized
INFO - 2017-11-20 21:10:36 --> Helper loaded: url_helper
INFO - 2017-11-20 21:10:36 --> Controller Class Initialized
INFO - 2017-11-20 21:10:36 --> File loaded: C:\Users\Noctombule\Documents\isib\SelfLearning\programation\PHP\workspace\Memento\views\synapse.php
INFO - 2017-11-20 21:10:36 --> File loaded: C:\Users\Noctombule\Documents\isib\SelfLearning\programation\PHP\workspace\Memento\views\memento_head_dev.php
INFO - 2017-11-20 21:10:36 --> File loaded: C:\Users\Noctombule\Documents\isib\SelfLearning\programation\PHP\workspace\Memento\views\memento.php
INFO - 2017-11-20 21:10:36 --> Final output sent to browser
DEBUG - 2017-11-20 21:10:36 --> Total execution time: 0.0290
INFO - 2017-11-20 21:49:45 --> Config Class Initialized
INFO - 2017-11-20 21:49:45 --> Hooks Class Initialized
DEBUG - 2017-11-20 21:49:45 --> UTF-8 Support Enabled
INFO - 2017-11-20 21:49:45 --> Utf8 Class Initialized
INFO - 2017-11-20 21:49:45 --> URI Class Initialized
INFO - 2017-11-20 21:49:45 --> Router Class Initialized
INFO - 2017-11-20 21:49:45 --> Output Class Initialized
INFO - 2017-11-20 21:49:45 --> Security Class Initialized
DEBUG - 2017-11-20 21:49:45 --> Global POST, GET and COOKIE data sanitized
INFO - 2017-11-20 21:49:45 --> Input Class Initialized
INFO - 2017-11-20 21:49:45 --> Language Class Initialized
INFO - 2017-11-20 21:49:45 --> Loader Class Initialized
INFO - 2017-11-20 21:49:45 --> Helper loaded: url_helper
INFO - 2017-11-20 21:49:45 --> Controller Class Initialized
INFO - 2017-11-20 21:49:45 --> File loaded: C:\Users\Noctombule\Documents\isib\SelfLearning\programation\PHP\workspace\Memento\views\synapse.php
INFO - 2017-11-20 21:49:45 --> File loaded: C:\Users\Noctombule\Documents\isib\SelfLearning\programation\PHP\workspace\Memento\views\memento_head_dev.php
INFO - 2017-11-20 21:49:45 --> File loaded: C:\Users\Noctombule\Documents\isib\SelfLearning\programation\PHP\workspace\Memento\views\memento.php
INFO - 2017-11-20 21:49:45 --> Final output sent to browser
DEBUG - 2017-11-20 21:49:45 --> Total execution time: 0.0340
INFO - 2017-11-20 21:52:37 --> Config Class Initialized
INFO - 2017-11-20 21:52:37 --> Hooks Class Initialized
DEBUG - 2017-11-20 21:52:38 --> UTF-8 Support Enabled
INFO - 2017-11-20 21:52:38 --> Utf8 Class Initialized
INFO - 2017-11-20 21:52:38 --> URI Class Initialized
INFO - 2017-11-20 21:52:38 --> Router Class Initialized
INFO - 2017-11-20 21:52:38 --> Output Class Initialized
INFO - 2017-11-20 21:52:38 --> Security Class Initialized
DEBUG - 2017-11-20 21:52:38 --> Global POST, GET and COOKIE data sanitized
INFO - 2017-11-20 21:52:38 --> Input Class Initialized
INFO - 2017-11-20 21:52:38 --> Language Class Initialized
INFO - 2017-11-20 21:52:38 --> Loader Class Initialized
INFO - 2017-11-20 21:52:38 --> Helper loaded: url_helper
INFO - 2017-11-20 21:52:38 --> Controller Class Initialized
INFO - 2017-11-20 21:52:38 --> File loaded: C:\Users\Noctombule\Documents\isib\SelfLearning\programation\PHP\workspace\Memento\views\synapse.php
INFO - 2017-11-20 21:52:38 --> File loaded: C:\Users\Noctombule\Documents\isib\SelfLearning\programation\PHP\workspace\Memento\views\memento_head_dev.php
INFO - 2017-11-20 21:52:38 --> File loaded: C:\Users\Noctombule\Documents\isib\SelfLearning\programation\PHP\workspace\Memento\views\memento.php
INFO - 2017-11-20 21:52:38 --> Final output sent to browser
DEBUG - 2017-11-20 21:52:38 --> Total execution time: 0.0300
INFO - 2017-11-20 21:56:04 --> Config Class Initialized
INFO - 2017-11-20 21:56:04 --> Hooks Class Initialized
DEBUG - 2017-11-20 21:56:04 --> UTF-8 Support Enabled
INFO - 2017-11-20 21:56:04 --> Utf8 Class Initialized
INFO - 2017-11-20 21:56:04 --> URI Class Initialized
INFO - 2017-11-20 21:56:04 --> Router Class Initialized
INFO - 2017-11-20 21:56:04 --> Output Class Initialized
INFO - 2017-11-20 21:56:04 --> Security Class Initialized
DEBUG - 2017-11-20 21:56:04 --> Global POST, GET and COOKIE data sanitized
INFO - 2017-11-20 21:56:04 --> Input Class Initialized
INFO - 2017-11-20 21:56:04 --> Language Class Initialized
INFO - 2017-11-20 21:56:04 --> Loader Class Initialized
INFO - 2017-11-20 21:56:04 --> Helper loaded: url_helper
INFO - 2017-11-20 21:56:04 --> Controller Class Initialized
INFO - 2017-11-20 21:56:04 --> File loaded: C:\Users\Noctombule\Documents\isib\SelfLearning\programation\PHP\workspace\Memento\views\synapse.php
INFO - 2017-11-20 21:56:04 --> File loaded: C:\Users\Noctombule\Documents\isib\SelfLearning\programation\PHP\workspace\Memento\views\memento_head_dev.php
INFO - 2017-11-20 21:56:04 --> File loaded: C:\Users\Noctombule\Documents\isib\SelfLearning\programation\PHP\workspace\Memento\views\memento.php
INFO - 2017-11-20 21:56:04 --> Final output sent to browser
DEBUG - 2017-11-20 21:56:04 --> Total execution time: 0.0390
INFO - 2017-11-20 21:56:06 --> Config Class Initialized
INFO - 2017-11-20 21:56:06 --> Hooks Class Initialized
DEBUG - 2017-11-20 21:56:06 --> UTF-8 Support Enabled
INFO - 2017-11-20 21:56:06 --> Utf8 Class Initialized
INFO - 2017-11-20 21:56:06 --> URI Class Initialized
INFO - 2017-11-20 21:56:06 --> Router Class Initialized
INFO - 2017-11-20 21:56:06 --> Output Class Initialized
INFO - 2017-11-20 21:56:06 --> Security Class Initialized
DEBUG - 2017-11-20 21:56:06 --> Global POST, GET and COOKIE data sanitized
INFO - 2017-11-20 21:56:06 --> Input Class Initialized
INFO - 2017-11-20 21:56:06 --> Language Class Initialized
INFO - 2017-11-20 21:56:06 --> Loader Class Initialized
INFO - 2017-11-20 21:56:06 --> Helper loaded: url_helper
INFO - 2017-11-20 21:56:06 --> Controller Class Initialized
INFO - 2017-11-20 21:56:06 --> File loaded: C:\Users\Noctombule\Documents\isib\SelfLearning\programation\PHP\workspace\Memento\views\synapse.php
INFO - 2017-11-20 21:56:06 --> File loaded: C:\Users\Noctombule\Documents\isib\SelfLearning\programation\PHP\workspace\Memento\views\memento_head_dev.php
INFO - 2017-11-20 21:56:06 --> File loaded: C:\Users\Noctombule\Documents\isib\SelfLearning\programation\PHP\workspace\Memento\views\memento.php
INFO - 2017-11-20 21:56:06 --> Final output sent to browser
DEBUG - 2017-11-20 21:56:06 --> Total execution time: 0.0290
INFO - 2017-11-20 21:57:13 --> Config Class Initialized
INFO - 2017-11-20 21:57:13 --> Hooks Class Initialized
DEBUG - 2017-11-20 21:57:13 --> UTF-8 Support Enabled
INFO - 2017-11-20 21:57:13 --> Utf8 Class Initialized
INFO - 2017-11-20 21:57:13 --> URI Class Initialized
INFO - 2017-11-20 21:57:13 --> Router Class Initialized
INFO - 2017-11-20 21:57:13 --> Output Class Initialized
INFO - 2017-11-20 21:57:13 --> Security Class Initialized
DEBUG - 2017-11-20 21:57:13 --> Global POST, GET and COOKIE data sanitized
INFO - 2017-11-20 21:57:13 --> Input Class Initialized
INFO - 2017-11-20 21:57:13 --> Language Class Initialized
INFO - 2017-11-20 21:57:13 --> Loader Class Initialized
INFO - 2017-11-20 21:57:13 --> Helper loaded: url_helper
INFO - 2017-11-20 21:57:13 --> Controller Class Initialized
INFO - 2017-11-20 21:57:13 --> File loaded: C:\Users\Noctombule\Documents\isib\SelfLearning\programation\PHP\workspace\Memento\views\synapse.php
INFO - 2017-11-20 21:57:13 --> File loaded: C:\Users\Noctombule\Documents\isib\SelfLearning\programation\PHP\workspace\Memento\views\memento_head_dev.php
INFO - 2017-11-20 21:57:13 --> File loaded: C:\Users\Noctombule\Documents\isib\SelfLearning\programation\PHP\workspace\Memento\views\memento.php
INFO - 2017-11-20 21:57:13 --> Final output sent to browser
DEBUG - 2017-11-20 21:57:13 --> Total execution time: 0.0330
INFO - 2017-11-20 21:57:16 --> Config Class Initialized
INFO - 2017-11-20 21:57:17 --> Hooks Class Initialized
DEBUG - 2017-11-20 21:57:17 --> UTF-8 Support Enabled
INFO - 2017-11-20 21:57:17 --> Utf8 Class Initialized
INFO - 2017-11-20 21:57:17 --> URI Class Initialized
INFO - 2017-11-20 21:57:17 --> Router Class Initialized
INFO - 2017-11-20 21:57:17 --> Output Class Initialized
INFO - 2017-11-20 21:57:17 --> Security Class Initialized
DEBUG - 2017-11-20 21:57:17 --> Global POST, GET and COOKIE data sanitized
INFO - 2017-11-20 21:57:17 --> Input Class Initialized
INFO - 2017-11-20 21:57:17 --> Language Class Initialized
INFO - 2017-11-20 21:57:17 --> Loader Class Initialized
INFO - 2017-11-20 21:57:17 --> Helper loaded: url_helper
INFO - 2017-11-20 21:57:17 --> Controller Class Initialized
INFO - 2017-11-20 21:57:17 --> File loaded: C:\Users\Noctombule\Documents\isib\SelfLearning\programation\PHP\workspace\Memento\views\synapse.php
INFO - 2017-11-20 21:57:17 --> File loaded: C:\Users\Noctombule\Documents\isib\SelfLearning\programation\PHP\workspace\Memento\views\memento_head_dev.php
INFO - 2017-11-20 21:57:17 --> File loaded: C:\Users\Noctombule\Documents\isib\SelfLearning\programation\PHP\workspace\Memento\views\memento.php
INFO - 2017-11-20 21:57:17 --> Final output sent to browser
DEBUG - 2017-11-20 21:57:17 --> Total execution time: 0.0300
INFO - 2017-11-20 21:57:20 --> Config Class Initialized
INFO - 2017-11-20 21:57:20 --> Hooks Class Initialized
DEBUG - 2017-11-20 21:57:20 --> UTF-8 Support Enabled
INFO - 2017-11-20 21:57:20 --> Utf8 Class Initialized
INFO - 2017-11-20 21:57:20 --> URI Class Initialized
INFO - 2017-11-20 21:57:20 --> Router Class Initialized
INFO - 2017-11-20 21:57:20 --> Output Class Initialized
INFO - 2017-11-20 21:57:20 --> Security Class Initialized
DEBUG - 2017-11-20 21:57:20 --> Global POST, GET and COOKIE data sanitized
INFO - 2017-11-20 21:57:20 --> Input Class Initialized
INFO - 2017-11-20 21:57:20 --> Language Class Initialized
INFO - 2017-11-20 21:57:20 --> Loader Class Initialized
INFO - 2017-11-20 21:57:20 --> Helper loaded: url_helper
INFO - 2017-11-20 21:57:20 --> Controller Class Initialized
INFO - 2017-11-20 21:57:20 --> File loaded: C:\Users\Noctombule\Documents\isib\SelfLearning\programation\PHP\workspace\Memento\views\synapse.php
INFO - 2017-11-20 21:57:20 --> File loaded: C:\Users\Noctombule\Documents\isib\SelfLearning\programation\PHP\workspace\Memento\views\memento_head_dev.php
INFO - 2017-11-20 21:57:20 --> File loaded: C:\Users\Noctombule\Documents\isib\SelfLearning\programation\PHP\workspace\Memento\views\memento.php
INFO - 2017-11-20 21:57:20 --> Final output sent to browser
DEBUG - 2017-11-20 21:57:20 --> Total execution time: 0.0490
INFO - 2017-11-20 22:31:08 --> Config Class Initialized
INFO - 2017-11-20 22:31:08 --> Hooks Class Initialized
DEBUG - 2017-11-20 22:31:08 --> UTF-8 Support Enabled
INFO - 2017-11-20 22:31:08 --> Utf8 Class Initialized
INFO - 2017-11-20 22:31:08 --> URI Class Initialized
INFO - 2017-11-20 22:31:08 --> Router Class Initialized
INFO - 2017-11-20 22:31:08 --> Output Class Initialized
INFO - 2017-11-20 22:31:08 --> Security Class Initialized
DEBUG - 2017-11-20 22:31:08 --> Global POST, GET and COOKIE data sanitized
INFO - 2017-11-20 22:31:08 --> Input Class Initialized
INFO - 2017-11-20 22:31:08 --> Language Class Initialized
INFO - 2017-11-20 22:31:08 --> Loader Class Initialized
INFO - 2017-11-20 22:31:08 --> Helper loaded: url_helper
INFO - 2017-11-20 22:31:08 --> Controller Class Initialized
INFO - 2017-11-20 22:31:08 --> File loaded: C:\Users\Noctombule\Documents\isib\SelfLearning\programation\PHP\workspace\Memento\views\synapse.php
INFO - 2017-11-20 22:31:08 --> File loaded: C:\Users\Noctombule\Documents\isib\SelfLearning\programation\PHP\workspace\Memento\views\memento_head_dev.php
INFO - 2017-11-20 22:31:08 --> File loaded: C:\Users\Noctombule\Documents\isib\SelfLearning\programation\PHP\workspace\Memento\views\memento.php
INFO - 2017-11-20 22:31:08 --> Final output sent to browser
DEBUG - 2017-11-20 22:31:08 --> Total execution time: 0.0450
INFO - 2017-11-20 22:31:31 --> Config Class Initialized
INFO - 2017-11-20 22:31:31 --> Hooks Class Initialized
DEBUG - 2017-11-20 22:31:31 --> UTF-8 Support Enabled
INFO - 2017-11-20 22:31:31 --> Utf8 Class Initialized
INFO - 2017-11-20 22:31:31 --> URI Class Initialized
INFO - 2017-11-20 22:31:31 --> Router Class Initialized
INFO - 2017-11-20 22:31:31 --> Output Class Initialized
INFO - 2017-11-20 22:31:31 --> Security Class Initialized
DEBUG - 2017-11-20 22:31:31 --> Global POST, GET and COOKIE data sanitized
INFO - 2017-11-20 22:31:31 --> Input Class Initialized
INFO - 2017-11-20 22:31:31 --> Language Class Initialized
INFO - 2017-11-20 22:31:31 --> Loader Class Initialized
INFO - 2017-11-20 22:31:31 --> Helper loaded: url_helper
INFO - 2017-11-20 22:31:31 --> Controller Class Initialized
INFO - 2017-11-20 22:31:31 --> File loaded: C:\Users\Noctombule\Documents\isib\SelfLearning\programation\PHP\workspace\Memento\views\synapse.php
INFO - 2017-11-20 22:31:31 --> File loaded: C:\Users\Noctombule\Documents\isib\SelfLearning\programation\PHP\workspace\Memento\views\memento_head_dev.php
INFO - 2017-11-20 22:31:31 --> File loaded: C:\Users\Noctombule\Documents\isib\SelfLearning\programation\PHP\workspace\Memento\views\memento.php
INFO - 2017-11-20 22:31:31 --> Final output sent to browser
DEBUG - 2017-11-20 22:31:31 --> Total execution time: 0.0410
INFO - 2017-11-20 22:33:11 --> Config Class Initialized
INFO - 2017-11-20 22:33:11 --> Hooks Class Initialized
DEBUG - 2017-11-20 22:33:11 --> UTF-8 Support Enabled
INFO - 2017-11-20 22:33:11 --> Utf8 Class Initialized
INFO - 2017-11-20 22:33:11 --> URI Class Initialized
INFO - 2017-11-20 22:33:11 --> Router Class Initialized
INFO - 2017-11-20 22:33:11 --> Output Class Initialized
INFO - 2017-11-20 22:33:11 --> Security Class Initialized
DEBUG - 2017-11-20 22:33:11 --> Global POST, GET and COOKIE data sanitized
INFO - 2017-11-20 22:33:11 --> Input Class Initialized
INFO - 2017-11-20 22:33:11 --> Language Class Initialized
INFO - 2017-11-20 22:33:11 --> Loader Class Initialized
INFO - 2017-11-20 22:33:11 --> Helper loaded: url_helper
INFO - 2017-11-20 22:33:11 --> Controller Class Initialized
INFO - 2017-11-20 22:33:11 --> File loaded: C:\Users\Noctombule\Documents\isib\SelfLearning\programation\PHP\workspace\Memento\views\synapse.php
INFO - 2017-11-20 22:33:11 --> File loaded: C:\Users\Noctombule\Documents\isib\SelfLearning\programation\PHP\workspace\Memento\views\memento_head_dev.php
INFO - 2017-11-20 22:33:11 --> File loaded: C:\Users\Noctombule\Documents\isib\SelfLearning\programation\PHP\workspace\Memento\views\memento.php
INFO - 2017-11-20 22:33:11 --> Final output sent to browser
DEBUG - 2017-11-20 22:33:11 --> Total execution time: 0.0390
INFO - 2017-11-20 22:33:12 --> Config Class Initialized
INFO - 2017-11-20 22:33:12 --> Hooks Class Initialized
DEBUG - 2017-11-20 22:33:12 --> UTF-8 Support Enabled
INFO - 2017-11-20 22:33:12 --> Utf8 Class Initialized
INFO - 2017-11-20 22:33:12 --> URI Class Initialized
INFO - 2017-11-20 22:33:12 --> Router Class Initialized
INFO - 2017-11-20 22:33:12 --> Output Class Initialized
INFO - 2017-11-20 22:33:12 --> Security Class Initialized
DEBUG - 2017-11-20 22:33:12 --> Global POST, GET and COOKIE data sanitized
INFO - 2017-11-20 22:33:12 --> Input Class Initialized
INFO - 2017-11-20 22:33:12 --> Language Class Initialized
INFO - 2017-11-20 22:33:12 --> Loader Class Initialized
INFO - 2017-11-20 22:33:12 --> Helper loaded: url_helper
INFO - 2017-11-20 22:33:12 --> Controller Class Initialized
INFO - 2017-11-20 22:33:12 --> File loaded: C:\Users\Noctombule\Documents\isib\SelfLearning\programation\PHP\workspace\Memento\views\synapse.php
INFO - 2017-11-20 22:33:12 --> File loaded: C:\Users\Noctombule\Documents\isib\SelfLearning\programation\PHP\workspace\Memento\views\memento_head_dev.php
INFO - 2017-11-20 22:33:12 --> File loaded: C:\Users\Noctombule\Documents\isib\SelfLearning\programation\PHP\workspace\Memento\views\memento.php
INFO - 2017-11-20 22:33:12 --> Final output sent to browser
DEBUG - 2017-11-20 22:33:12 --> Total execution time: 0.0250
INFO - 2017-11-20 22:33:12 --> Config Class Initialized
INFO - 2017-11-20 22:33:12 --> Hooks Class Initialized
DEBUG - 2017-11-20 22:33:12 --> UTF-8 Support Enabled
INFO - 2017-11-20 22:33:12 --> Utf8 Class Initialized
INFO - 2017-11-20 22:33:12 --> URI Class Initialized
INFO - 2017-11-20 22:33:12 --> Router Class Initialized
INFO - 2017-11-20 22:33:12 --> Output Class Initialized
INFO - 2017-11-20 22:33:12 --> Security Class Initialized
DEBUG - 2017-11-20 22:33:12 --> Global POST, GET and COOKIE data sanitized
INFO - 2017-11-20 22:33:12 --> Input Class Initialized
INFO - 2017-11-20 22:33:12 --> Language Class Initialized
INFO - 2017-11-20 22:33:12 --> Loader Class Initialized
INFO - 2017-11-20 22:33:12 --> Helper loaded: url_helper
INFO - 2017-11-20 22:33:12 --> Controller Class Initialized
INFO - 2017-11-20 22:33:12 --> File loaded: C:\Users\Noctombule\Documents\isib\SelfLearning\programation\PHP\workspace\Memento\views\synapse.php
INFO - 2017-11-20 22:33:12 --> File loaded: C:\Users\Noctombule\Documents\isib\SelfLearning\programation\PHP\workspace\Memento\views\memento_head_dev.php
INFO - 2017-11-20 22:33:12 --> File loaded: C:\Users\Noctombule\Documents\isib\SelfLearning\programation\PHP\workspace\Memento\views\memento.php
INFO - 2017-11-20 22:33:12 --> Final output sent to browser
DEBUG - 2017-11-20 22:33:12 --> Total execution time: 0.0500
INFO - 2017-11-20 22:33:12 --> Config Class Initialized
INFO - 2017-11-20 22:33:12 --> Hooks Class Initialized
DEBUG - 2017-11-20 22:33:12 --> UTF-8 Support Enabled
INFO - 2017-11-20 22:33:12 --> Utf8 Class Initialized
INFO - 2017-11-20 22:33:12 --> URI Class Initialized
INFO - 2017-11-20 22:33:12 --> Router Class Initialized
INFO - 2017-11-20 22:33:12 --> Output Class Initialized
INFO - 2017-11-20 22:33:12 --> Security Class Initialized
DEBUG - 2017-11-20 22:33:12 --> Global POST, GET and COOKIE data sanitized
INFO - 2017-11-20 22:33:12 --> Input Class Initialized
INFO - 2017-11-20 22:33:12 --> Language Class Initialized
INFO - 2017-11-20 22:33:12 --> Loader Class Initialized
INFO - 2017-11-20 22:33:12 --> Helper loaded: url_helper
INFO - 2017-11-20 22:33:12 --> Controller Class Initialized
INFO - 2017-11-20 22:33:12 --> File loaded: C:\Users\Noctombule\Documents\isib\SelfLearning\programation\PHP\workspace\Memento\views\synapse.php
INFO - 2017-11-20 22:33:12 --> File loaded: C:\Users\Noctombule\Documents\isib\SelfLearning\programation\PHP\workspace\Memento\views\memento_head_dev.php
INFO - 2017-11-20 22:33:12 --> File loaded: C:\Users\Noctombule\Documents\isib\SelfLearning\programation\PHP\workspace\Memento\views\memento.php
INFO - 2017-11-20 22:33:12 --> Final output sent to browser
DEBUG - 2017-11-20 22:33:12 --> Total execution time: 0.0440
INFO - 2017-11-20 22:36:50 --> Config Class Initialized
INFO - 2017-11-20 22:36:50 --> Hooks Class Initialized
DEBUG - 2017-11-20 22:36:50 --> UTF-8 Support Enabled
INFO - 2017-11-20 22:36:50 --> Utf8 Class Initialized
INFO - 2017-11-20 22:36:50 --> URI Class Initialized
INFO - 2017-11-20 22:36:50 --> Router Class Initialized
INFO - 2017-11-20 22:36:50 --> Output Class Initialized
INFO - 2017-11-20 22:36:50 --> Security Class Initialized
DEBUG - 2017-11-20 22:36:50 --> Global POST, GET and COOKIE data sanitized
INFO - 2017-11-20 22:36:50 --> Input Class Initialized
INFO - 2017-11-20 22:36:50 --> Language Class Initialized
INFO - 2017-11-20 22:36:50 --> Loader Class Initialized
INFO - 2017-11-20 22:36:50 --> Helper loaded: url_helper
INFO - 2017-11-20 22:36:50 --> Controller Class Initialized
INFO - 2017-11-20 22:36:50 --> File loaded: C:\Users\Noctombule\Documents\isib\SelfLearning\programation\PHP\workspace\Memento\views\synapse.php
INFO - 2017-11-20 22:36:50 --> File loaded: C:\Users\Noctombule\Documents\isib\SelfLearning\programation\PHP\workspace\Memento\views\memento_head_dev.php
INFO - 2017-11-20 22:36:50 --> File loaded: C:\Users\Noctombule\Documents\isib\SelfLearning\programation\PHP\workspace\Memento\views\memento.php
INFO - 2017-11-20 22:36:50 --> Final output sent to browser
DEBUG - 2017-11-20 22:36:50 --> Total execution time: 0.0220
INFO - 2017-11-20 22:36:51 --> Config Class Initialized
INFO - 2017-11-20 22:36:51 --> Hooks Class Initialized
DEBUG - 2017-11-20 22:36:51 --> UTF-8 Support Enabled
INFO - 2017-11-20 22:36:51 --> Utf8 Class Initialized
INFO - 2017-11-20 22:36:51 --> URI Class Initialized
INFO - 2017-11-20 22:36:51 --> Router Class Initialized
INFO - 2017-11-20 22:36:51 --> Output Class Initialized
INFO - 2017-11-20 22:36:51 --> Security Class Initialized
DEBUG - 2017-11-20 22:36:51 --> Global POST, GET and COOKIE data sanitized
INFO - 2017-11-20 22:36:51 --> Input Class Initialized
INFO - 2017-11-20 22:36:51 --> Language Class Initialized
INFO - 2017-11-20 22:36:51 --> Loader Class Initialized
INFO - 2017-11-20 22:36:51 --> Helper loaded: url_helper
INFO - 2017-11-20 22:36:51 --> Controller Class Initialized
INFO - 2017-11-20 22:36:51 --> File loaded: C:\Users\Noctombule\Documents\isib\SelfLearning\programation\PHP\workspace\Memento\views\synapse.php
INFO - 2017-11-20 22:36:51 --> File loaded: C:\Users\Noctombule\Documents\isib\SelfLearning\programation\PHP\workspace\Memento\views\memento_head_dev.php
INFO - 2017-11-20 22:36:51 --> File loaded: C:\Users\Noctombule\Documents\isib\SelfLearning\programation\PHP\workspace\Memento\views\memento.php
INFO - 2017-11-20 22:36:51 --> Final output sent to browser
DEBUG - 2017-11-20 22:36:51 --> Total execution time: 0.0290
INFO - 2017-11-20 22:36:52 --> Config Class Initialized
INFO - 2017-11-20 22:36:52 --> Hooks Class Initialized
DEBUG - 2017-11-20 22:36:52 --> UTF-8 Support Enabled
INFO - 2017-11-20 22:36:52 --> Utf8 Class Initialized
INFO - 2017-11-20 22:36:52 --> URI Class Initialized
INFO - 2017-11-20 22:36:52 --> Router Class Initialized
INFO - 2017-11-20 22:36:52 --> Output Class Initialized
INFO - 2017-11-20 22:36:52 --> Security Class Initialized
DEBUG - 2017-11-20 22:36:52 --> Global POST, GET and COOKIE data sanitized
INFO - 2017-11-20 22:36:52 --> Input Class Initialized
INFO - 2017-11-20 22:36:52 --> Language Class Initialized
INFO - 2017-11-20 22:36:52 --> Loader Class Initialized
INFO - 2017-11-20 22:36:52 --> Helper loaded: url_helper
INFO - 2017-11-20 22:36:52 --> Controller Class Initialized
INFO - 2017-11-20 22:36:52 --> File loaded: C:\Users\Noctombule\Documents\isib\SelfLearning\programation\PHP\workspace\Memento\views\synapse.php
INFO - 2017-11-20 22:36:52 --> File loaded: C:\Users\Noctombule\Documents\isib\SelfLearning\programation\PHP\workspace\Memento\views\memento_head_dev.php
INFO - 2017-11-20 22:36:52 --> File loaded: C:\Users\Noctombule\Documents\isib\SelfLearning\programation\PHP\workspace\Memento\views\memento.php
INFO - 2017-11-20 22:36:52 --> Final output sent to browser
DEBUG - 2017-11-20 22:36:52 --> Total execution time: 0.0480
INFO - 2017-11-20 22:42:14 --> Config Class Initialized
INFO - 2017-11-20 22:42:14 --> Hooks Class Initialized
DEBUG - 2017-11-20 22:42:14 --> UTF-8 Support Enabled
INFO - 2017-11-20 22:42:14 --> Utf8 Class Initialized
INFO - 2017-11-20 22:42:14 --> URI Class Initialized
INFO - 2017-11-20 22:42:14 --> Router Class Initialized
INFO - 2017-11-20 22:42:14 --> Output Class Initialized
INFO - 2017-11-20 22:42:14 --> Security Class Initialized
DEBUG - 2017-11-20 22:42:14 --> Global POST, GET and COOKIE data sanitized
INFO - 2017-11-20 22:42:14 --> Input Class Initialized
INFO - 2017-11-20 22:42:14 --> Language Class Initialized
INFO - 2017-11-20 22:42:14 --> Loader Class Initialized
INFO - 2017-11-20 22:42:14 --> Helper loaded: url_helper
INFO - 2017-11-20 22:42:14 --> Controller Class Initialized
INFO - 2017-11-20 22:42:14 --> File loaded: C:\Users\Noctombule\Documents\isib\SelfLearning\programation\PHP\workspace\Memento\views\synapse.php
INFO - 2017-11-20 22:42:14 --> File loaded: C:\Users\Noctombule\Documents\isib\SelfLearning\programation\PHP\workspace\Memento\views\memento_head_dev.php
INFO - 2017-11-20 22:42:14 --> File loaded: C:\Users\Noctombule\Documents\isib\SelfLearning\programation\PHP\workspace\Memento\views\memento.php
INFO - 2017-11-20 22:42:14 --> File loaded: C:\Users\Noctombule\Documents\isib\SelfLearning\programation\PHP\workspace\Memento\views\memento_scripts_dev.php
INFO - 2017-11-20 22:42:14 --> Final output sent to browser
DEBUG - 2017-11-20 22:42:14 --> Total execution time: 0.0270
