INFO - 2017-11-29 21:30:18 --> Config Class Initialized
INFO - 2017-11-29 21:30:18 --> Hooks Class Initialized
DEBUG - 2017-11-29 21:30:18 --> UTF-8 Support Enabled
INFO - 2017-11-29 21:30:18 --> Utf8 Class Initialized
INFO - 2017-11-29 21:30:18 --> URI Class Initialized
DEBUG - 2017-11-29 21:30:18 --> No URI present. Default controller set.
INFO - 2017-11-29 21:30:18 --> Router Class Initialized
INFO - 2017-11-29 21:30:18 --> Output Class Initialized
INFO - 2017-11-29 21:30:18 --> Security Class Initialized
DEBUG - 2017-11-29 21:30:18 --> Global POST, GET and COOKIE data sanitized
INFO - 2017-11-29 21:30:18 --> Input Class Initialized
INFO - 2017-11-29 21:30:18 --> Language Class Initialized
INFO - 2017-11-29 21:30:18 --> Loader Class Initialized
INFO - 2017-11-29 21:30:18 --> Helper loaded: url_helper
INFO - 2017-11-29 21:30:18 --> Controller Class Initialized
INFO - 2017-11-29 21:30:18 --> File loaded: C:\Users\Noctombule\Documents\isib\SelfLearning\programation\PHP\workspace\Memento\views\welcome_message.php
INFO - 2017-11-29 21:30:18 --> Final output sent to browser
DEBUG - 2017-11-29 21:30:18 --> Total execution time: 0.0410
INFO - 2017-11-29 21:33:49 --> Config Class Initialized
INFO - 2017-11-29 21:33:49 --> Hooks Class Initialized
DEBUG - 2017-11-29 21:33:49 --> UTF-8 Support Enabled
INFO - 2017-11-29 21:33:49 --> Utf8 Class Initialized
INFO - 2017-11-29 21:33:49 --> URI Class Initialized
INFO - 2017-11-29 21:33:49 --> Router Class Initialized
INFO - 2017-11-29 21:33:49 --> Output Class Initialized
INFO - 2017-11-29 21:33:49 --> Security Class Initialized
DEBUG - 2017-11-29 21:33:49 --> Global POST, GET and COOKIE data sanitized
INFO - 2017-11-29 21:33:49 --> Input Class Initialized
INFO - 2017-11-29 21:33:49 --> Language Class Initialized
INFO - 2017-11-29 21:33:49 --> Loader Class Initialized
INFO - 2017-11-29 21:33:49 --> Helper loaded: url_helper
INFO - 2017-11-29 21:33:49 --> Controller Class Initialized
INFO - 2017-11-29 21:33:49 --> File loaded: C:\Users\Noctombule\Documents\isib\SelfLearning\programation\PHP\workspace\Memento\views\synapse.php
INFO - 2017-11-29 21:33:49 --> File loaded: C:\Users\Noctombule\Documents\isib\SelfLearning\programation\PHP\workspace\Memento\views\memento_head_dev.php
INFO - 2017-11-29 21:33:49 --> File loaded: C:\Users\Noctombule\Documents\isib\SelfLearning\programation\PHP\workspace\Memento\views\memento.php
INFO - 2017-11-29 21:33:49 --> File loaded: C:\Users\Noctombule\Documents\isib\SelfLearning\programation\PHP\workspace\Memento\views\memento_scripts_dev.php
INFO - 2017-11-29 21:33:49 --> Final output sent to browser
DEBUG - 2017-11-29 21:33:49 --> Total execution time: 0.0340
INFO - 2017-11-29 21:48:07 --> Config Class Initialized
INFO - 2017-11-29 21:48:07 --> Hooks Class Initialized
DEBUG - 2017-11-29 21:48:07 --> UTF-8 Support Enabled
INFO - 2017-11-29 21:48:07 --> Utf8 Class Initialized
INFO - 2017-11-29 21:48:07 --> URI Class Initialized
INFO - 2017-11-29 21:48:07 --> Router Class Initialized
INFO - 2017-11-29 21:48:07 --> Output Class Initialized
INFO - 2017-11-29 21:48:07 --> Security Class Initialized
DEBUG - 2017-11-29 21:48:07 --> Global POST, GET and COOKIE data sanitized
INFO - 2017-11-29 21:48:07 --> Input Class Initialized
INFO - 2017-11-29 21:48:07 --> Language Class Initialized
INFO - 2017-11-29 21:48:07 --> Loader Class Initialized
INFO - 2017-11-29 21:48:07 --> Helper loaded: url_helper
INFO - 2017-11-29 21:48:07 --> Controller Class Initialized
INFO - 2017-11-29 21:48:07 --> File loaded: C:\Users\Noctombule\Documents\isib\SelfLearning\programation\PHP\workspace\Memento\views\synapse.php
INFO - 2017-11-29 21:48:07 --> File loaded: C:\Users\Noctombule\Documents\isib\SelfLearning\programation\PHP\workspace\Memento\views\memento_head_dev.php
INFO - 2017-11-29 21:48:07 --> File loaded: C:\Users\Noctombule\Documents\isib\SelfLearning\programation\PHP\workspace\Memento\views\memento.php
INFO - 2017-11-29 21:48:07 --> File loaded: C:\Users\Noctombule\Documents\isib\SelfLearning\programation\PHP\workspace\Memento\views\memento_scripts_dev.php
INFO - 2017-11-29 21:48:07 --> Final output sent to browser
DEBUG - 2017-11-29 21:48:07 --> Total execution time: 0.0390
