INFO - 2018-02-08 14:29:43 --> Config Class Initialized
INFO - 2018-02-08 14:29:43 --> Hooks Class Initialized
DEBUG - 2018-02-08 14:29:43 --> UTF-8 Support Enabled
INFO - 2018-02-08 14:29:43 --> Utf8 Class Initialized
INFO - 2018-02-08 14:29:43 --> URI Class Initialized
INFO - 2018-02-08 14:29:43 --> Router Class Initialized
INFO - 2018-02-08 14:29:43 --> Output Class Initialized
INFO - 2018-02-08 14:29:43 --> Security Class Initialized
DEBUG - 2018-02-08 14:29:43 --> Global POST, GET and COOKIE data sanitized
INFO - 2018-02-08 14:29:43 --> Input Class Initialized
INFO - 2018-02-08 14:29:43 --> Language Class Initialized
INFO - 2018-02-08 14:29:43 --> Loader Class Initialized
INFO - 2018-02-08 14:29:43 --> Helper loaded: url_helper
DEBUG - 2018-02-08 14:29:43 --> Config file loaded: C:\Users\Yousri\php\workspace\Memento\config/mongo_db.php
INFO - 2018-02-08 14:29:43 --> Controller Class Initialized
INFO - 2018-02-08 14:29:43 --> Model Class Initialized
ERROR - 2018-02-08 14:29:43 --> Severity: error --> Exception: Call to undefined method Mongo_db::findOne() C:\Users\Yousri\php\workspace\Memento\models\memento_m.php 20
INFO - 2018-02-08 14:30:46 --> Config Class Initialized
INFO - 2018-02-08 14:30:46 --> Hooks Class Initialized
DEBUG - 2018-02-08 14:30:46 --> UTF-8 Support Enabled
INFO - 2018-02-08 14:30:46 --> Utf8 Class Initialized
INFO - 2018-02-08 14:30:46 --> URI Class Initialized
INFO - 2018-02-08 14:30:46 --> Router Class Initialized
INFO - 2018-02-08 14:30:46 --> Output Class Initialized
INFO - 2018-02-08 14:30:46 --> Security Class Initialized
DEBUG - 2018-02-08 14:30:46 --> Global POST, GET and COOKIE data sanitized
INFO - 2018-02-08 14:30:46 --> Input Class Initialized
INFO - 2018-02-08 14:30:46 --> Language Class Initialized
INFO - 2018-02-08 14:30:46 --> Loader Class Initialized
INFO - 2018-02-08 14:30:46 --> Helper loaded: url_helper
DEBUG - 2018-02-08 14:30:46 --> Config file loaded: C:\Users\Yousri\php\workspace\Memento\config/mongo_db.php
INFO - 2018-02-08 14:30:46 --> Controller Class Initialized
INFO - 2018-02-08 14:30:46 --> Model Class Initialized
ERROR - 2018-02-08 14:30:46 --> Severity: Notice --> Undefined property: Mongo_db::$memento C:\Users\Yousri\php\workspace\Memento\models\memento_m.php 19
ERROR - 2018-02-08 14:30:46 --> Severity: error --> Exception: Call to a member function findOne() on null C:\Users\Yousri\php\workspace\Memento\models\memento_m.php 20
INFO - 2018-02-08 14:31:24 --> Config Class Initialized
INFO - 2018-02-08 14:31:24 --> Hooks Class Initialized
DEBUG - 2018-02-08 14:31:24 --> UTF-8 Support Enabled
INFO - 2018-02-08 14:31:24 --> Utf8 Class Initialized
INFO - 2018-02-08 14:31:24 --> URI Class Initialized
INFO - 2018-02-08 14:31:24 --> Router Class Initialized
INFO - 2018-02-08 14:31:24 --> Output Class Initialized
INFO - 2018-02-08 14:31:24 --> Security Class Initialized
DEBUG - 2018-02-08 14:31:24 --> Global POST, GET and COOKIE data sanitized
INFO - 2018-02-08 14:31:24 --> Input Class Initialized
INFO - 2018-02-08 14:31:24 --> Language Class Initialized
INFO - 2018-02-08 14:31:24 --> Loader Class Initialized
INFO - 2018-02-08 14:31:24 --> Helper loaded: url_helper
DEBUG - 2018-02-08 14:31:24 --> Config file loaded: C:\Users\Yousri\php\workspace\Memento\config/mongo_db.php
INFO - 2018-02-08 14:31:24 --> Controller Class Initialized
INFO - 2018-02-08 14:31:24 --> Model Class Initialized
ERROR - 2018-02-08 14:31:24 --> Severity: error --> Exception: Call to undefined method Mongo_db::findOne() C:\Users\Yousri\php\workspace\Memento\models\memento_m.php 19
INFO - 2018-02-08 14:31:54 --> Config Class Initialized
INFO - 2018-02-08 14:31:54 --> Hooks Class Initialized
DEBUG - 2018-02-08 14:31:54 --> UTF-8 Support Enabled
INFO - 2018-02-08 14:31:54 --> Utf8 Class Initialized
INFO - 2018-02-08 14:31:54 --> URI Class Initialized
INFO - 2018-02-08 14:31:54 --> Router Class Initialized
INFO - 2018-02-08 14:31:54 --> Output Class Initialized
INFO - 2018-02-08 14:31:54 --> Security Class Initialized
DEBUG - 2018-02-08 14:31:54 --> Global POST, GET and COOKIE data sanitized
INFO - 2018-02-08 14:31:54 --> Input Class Initialized
INFO - 2018-02-08 14:31:54 --> Language Class Initialized
INFO - 2018-02-08 14:31:54 --> Loader Class Initialized
INFO - 2018-02-08 14:31:54 --> Helper loaded: url_helper
DEBUG - 2018-02-08 14:31:54 --> Config file loaded: C:\Users\Yousri\php\workspace\Memento\config/mongo_db.php
INFO - 2018-02-08 14:31:54 --> Controller Class Initialized
INFO - 2018-02-08 14:31:54 --> Model Class Initialized
ERROR - 2018-02-08 14:31:54 --> Severity: error --> Exception: Call to undefined method MongoDB\Model\BSONDocument::findOne() C:\Users\Yousri\php\workspace\Memento\models\memento_m.php 20
INFO - 2018-02-08 14:47:41 --> Config Class Initialized
INFO - 2018-02-08 14:47:41 --> Hooks Class Initialized
DEBUG - 2018-02-08 14:47:41 --> UTF-8 Support Enabled
INFO - 2018-02-08 14:47:41 --> Utf8 Class Initialized
INFO - 2018-02-08 14:47:41 --> URI Class Initialized
INFO - 2018-02-08 14:47:41 --> Router Class Initialized
INFO - 2018-02-08 14:47:41 --> Output Class Initialized
INFO - 2018-02-08 14:47:41 --> Security Class Initialized
DEBUG - 2018-02-08 14:47:41 --> Global POST, GET and COOKIE data sanitized
INFO - 2018-02-08 14:47:41 --> Input Class Initialized
INFO - 2018-02-08 14:47:41 --> Language Class Initialized
INFO - 2018-02-08 14:47:41 --> Loader Class Initialized
INFO - 2018-02-08 14:47:41 --> Helper loaded: url_helper
DEBUG - 2018-02-08 14:47:41 --> Config file loaded: C:\Users\Yousri\php\workspace\Memento\config/mongo_db.php
INFO - 2018-02-08 14:47:41 --> Controller Class Initialized
INFO - 2018-02-08 14:47:41 --> Model Class Initialized
ERROR - 2018-02-08 14:47:41 --> Severity: error --> Exception: Failed to parse MongoDB URI: 'localhost:27017:Memento'. Invalid URI Schema, expecting 'mongodb://'. C:\Users\Yousri\php\workspace\Memento\vendor\mongodb\mongodb\src\Client.php 83
INFO - 2018-02-08 14:48:43 --> Config Class Initialized
INFO - 2018-02-08 14:48:43 --> Hooks Class Initialized
DEBUG - 2018-02-08 14:48:43 --> UTF-8 Support Enabled
INFO - 2018-02-08 14:48:43 --> Utf8 Class Initialized
INFO - 2018-02-08 14:48:43 --> URI Class Initialized
INFO - 2018-02-08 14:48:43 --> Router Class Initialized
INFO - 2018-02-08 14:48:43 --> Output Class Initialized
INFO - 2018-02-08 14:48:43 --> Security Class Initialized
DEBUG - 2018-02-08 14:48:43 --> Global POST, GET and COOKIE data sanitized
INFO - 2018-02-08 14:48:43 --> Input Class Initialized
INFO - 2018-02-08 14:48:43 --> Language Class Initialized
INFO - 2018-02-08 14:48:43 --> Loader Class Initialized
INFO - 2018-02-08 14:48:43 --> Helper loaded: url_helper
DEBUG - 2018-02-08 14:48:43 --> Config file loaded: C:\Users\Yousri\php\workspace\Memento\config/mongo_db.php
INFO - 2018-02-08 14:48:43 --> Controller Class Initialized
INFO - 2018-02-08 14:48:43 --> Model Class Initialized
ERROR - 2018-02-08 14:48:43 --> Severity: Notice --> Undefined variable: db C:\Users\Yousri\php\workspace\Memento\models\memento_m.php 21
ERROR - 2018-02-08 14:48:43 --> Severity: Notice --> Undefined variable: db C:\Users\Yousri\php\workspace\Memento\models\memento_m.php 22
ERROR - 2018-02-08 14:48:43 --> Severity: Notice --> Undefined variable: memento C:\Users\Yousri\php\workspace\Memento\models\memento_m.php 22
ERROR - 2018-02-08 14:48:43 --> Severity: Notice --> Undefined variable: memento C:\Users\Yousri\php\workspace\Memento\models\memento_m.php 28
ERROR - 2018-02-08 14:48:43 --> Severity: error --> Exception: Call to undefined method MongoDB\Database::findOne() C:\Users\Yousri\php\workspace\Memento\models\memento_m.php 28
INFO - 2018-02-08 14:53:33 --> Config Class Initialized
INFO - 2018-02-08 14:53:33 --> Hooks Class Initialized
DEBUG - 2018-02-08 14:53:33 --> UTF-8 Support Enabled
INFO - 2018-02-08 14:53:33 --> Utf8 Class Initialized
INFO - 2018-02-08 14:53:33 --> URI Class Initialized
INFO - 2018-02-08 14:53:33 --> Router Class Initialized
INFO - 2018-02-08 14:53:33 --> Output Class Initialized
INFO - 2018-02-08 14:53:33 --> Security Class Initialized
DEBUG - 2018-02-08 14:53:33 --> Global POST, GET and COOKIE data sanitized
INFO - 2018-02-08 14:53:33 --> Input Class Initialized
INFO - 2018-02-08 14:53:33 --> Language Class Initialized
INFO - 2018-02-08 14:53:33 --> Loader Class Initialized
INFO - 2018-02-08 14:53:33 --> Helper loaded: url_helper
DEBUG - 2018-02-08 14:53:33 --> Config file loaded: C:\Users\Yousri\php\workspace\Memento\config/mongo_db.php
INFO - 2018-02-08 14:53:33 --> Controller Class Initialized
INFO - 2018-02-08 14:53:33 --> Model Class Initialized
ERROR - 2018-02-08 14:53:33 --> Severity: Notice --> Undefined variable: db C:\Users\Yousri\php\workspace\Memento\models\memento_m.php 21
ERROR - 2018-02-08 14:53:33 --> Severity: Notice --> Undefined variable: db C:\Users\Yousri\php\workspace\Memento\models\memento_m.php 22
ERROR - 2018-02-08 14:53:33 --> Severity: Notice --> Undefined variable: memento C:\Users\Yousri\php\workspace\Memento\models\memento_m.php 22
ERROR - 2018-02-08 14:53:33 --> Severity: Notice --> Undefined variable: memento C:\Users\Yousri\php\workspace\Memento\models\memento_m.php 28
INFO - 2018-02-08 14:53:33 --> File loaded: C:\Users\Yousri\php\workspace\Memento\views\synapse.php
INFO - 2018-02-08 14:53:33 --> File loaded: C:\Users\Yousri\php\workspace\Memento\views\memento_head_dev.php
INFO - 2018-02-08 14:53:33 --> File loaded: C:\Users\Yousri\php\workspace\Memento\views\memento.php
INFO - 2018-02-08 14:53:33 --> File loaded: C:\Users\Yousri\php\workspace\Memento\views\memento_scripts_dev.php
INFO - 2018-02-08 14:53:33 --> Final output sent to browser
DEBUG - 2018-02-08 14:53:33 --> Total execution time: 0.0664
INFO - 2018-02-08 14:55:55 --> Config Class Initialized
INFO - 2018-02-08 14:55:55 --> Hooks Class Initialized
DEBUG - 2018-02-08 14:55:55 --> UTF-8 Support Enabled
INFO - 2018-02-08 14:55:55 --> Utf8 Class Initialized
INFO - 2018-02-08 14:55:55 --> URI Class Initialized
INFO - 2018-02-08 14:55:55 --> Router Class Initialized
INFO - 2018-02-08 14:55:55 --> Output Class Initialized
INFO - 2018-02-08 14:55:55 --> Security Class Initialized
DEBUG - 2018-02-08 14:55:55 --> Global POST, GET and COOKIE data sanitized
INFO - 2018-02-08 14:55:55 --> Input Class Initialized
INFO - 2018-02-08 14:55:55 --> Language Class Initialized
INFO - 2018-02-08 14:55:55 --> Loader Class Initialized
INFO - 2018-02-08 14:55:55 --> Helper loaded: url_helper
DEBUG - 2018-02-08 14:55:55 --> Config file loaded: C:\Users\Yousri\php\workspace\Memento\config/mongo_db.php
INFO - 2018-02-08 14:55:55 --> Controller Class Initialized
INFO - 2018-02-08 14:55:55 --> Model Class Initialized
INFO - 2018-02-08 14:55:55 --> File loaded: C:\Users\Yousri\php\workspace\Memento\views\synapse.php
INFO - 2018-02-08 14:55:55 --> File loaded: C:\Users\Yousri\php\workspace\Memento\views\memento_head_dev.php
INFO - 2018-02-08 14:55:55 --> File loaded: C:\Users\Yousri\php\workspace\Memento\views\memento.php
INFO - 2018-02-08 14:55:55 --> File loaded: C:\Users\Yousri\php\workspace\Memento\views\memento_scripts_dev.php
INFO - 2018-02-08 14:55:55 --> Final output sent to browser
DEBUG - 2018-02-08 14:55:55 --> Total execution time: 0.0546
INFO - 2018-02-08 14:56:27 --> Config Class Initialized
INFO - 2018-02-08 14:56:27 --> Hooks Class Initialized
DEBUG - 2018-02-08 14:56:27 --> UTF-8 Support Enabled
INFO - 2018-02-08 14:56:27 --> Utf8 Class Initialized
INFO - 2018-02-08 14:56:27 --> URI Class Initialized
INFO - 2018-02-08 14:56:27 --> Router Class Initialized
INFO - 2018-02-08 14:56:27 --> Output Class Initialized
INFO - 2018-02-08 14:56:27 --> Security Class Initialized
DEBUG - 2018-02-08 14:56:27 --> Global POST, GET and COOKIE data sanitized
INFO - 2018-02-08 14:56:27 --> Input Class Initialized
INFO - 2018-02-08 14:56:27 --> Language Class Initialized
INFO - 2018-02-08 14:56:27 --> Loader Class Initialized
INFO - 2018-02-08 14:56:27 --> Helper loaded: url_helper
DEBUG - 2018-02-08 14:56:27 --> Config file loaded: C:\Users\Yousri\php\workspace\Memento\config/mongo_db.php
INFO - 2018-02-08 14:56:27 --> Controller Class Initialized
INFO - 2018-02-08 14:56:27 --> Model Class Initialized
INFO - 2018-02-08 14:56:27 --> File loaded: C:\Users\Yousri\php\workspace\Memento\views\synapse.php
INFO - 2018-02-08 14:56:27 --> File loaded: C:\Users\Yousri\php\workspace\Memento\views\memento_head_dev.php
INFO - 2018-02-08 14:56:27 --> File loaded: C:\Users\Yousri\php\workspace\Memento\views\memento.php
INFO - 2018-02-08 14:56:27 --> File loaded: C:\Users\Yousri\php\workspace\Memento\views\memento_scripts_dev.php
INFO - 2018-02-08 14:56:27 --> Final output sent to browser
DEBUG - 2018-02-08 14:56:27 --> Total execution time: 0.0598
INFO - 2018-02-08 15:00:27 --> Config Class Initialized
INFO - 2018-02-08 15:00:27 --> Hooks Class Initialized
DEBUG - 2018-02-08 15:00:27 --> UTF-8 Support Enabled
INFO - 2018-02-08 15:00:27 --> Utf8 Class Initialized
INFO - 2018-02-08 15:00:27 --> URI Class Initialized
INFO - 2018-02-08 15:00:27 --> Router Class Initialized
INFO - 2018-02-08 15:00:27 --> Output Class Initialized
INFO - 2018-02-08 15:00:27 --> Security Class Initialized
DEBUG - 2018-02-08 15:00:27 --> Global POST, GET and COOKIE data sanitized
INFO - 2018-02-08 15:00:27 --> Input Class Initialized
INFO - 2018-02-08 15:00:27 --> Language Class Initialized
INFO - 2018-02-08 15:00:27 --> Loader Class Initialized
INFO - 2018-02-08 15:00:27 --> Helper loaded: url_helper
DEBUG - 2018-02-08 15:00:27 --> Config file loaded: C:\Users\Yousri\php\workspace\Memento\config/mongo_db.php
INFO - 2018-02-08 15:00:27 --> Controller Class Initialized
INFO - 2018-02-08 15:00:27 --> Model Class Initialized
INFO - 2018-02-08 15:00:27 --> File loaded: C:\Users\Yousri\php\workspace\Memento\views\synapse.php
INFO - 2018-02-08 15:00:27 --> File loaded: C:\Users\Yousri\php\workspace\Memento\views\memento_head_dev.php
INFO - 2018-02-08 15:00:27 --> File loaded: C:\Users\Yousri\php\workspace\Memento\views\memento.php
INFO - 2018-02-08 15:00:27 --> File loaded: C:\Users\Yousri\php\workspace\Memento\views\memento_scripts_dev.php
INFO - 2018-02-08 15:00:27 --> Final output sent to browser
DEBUG - 2018-02-08 15:00:27 --> Total execution time: 0.0639
INFO - 2018-02-08 15:01:37 --> Config Class Initialized
INFO - 2018-02-08 15:01:37 --> Hooks Class Initialized
DEBUG - 2018-02-08 15:01:37 --> UTF-8 Support Enabled
INFO - 2018-02-08 15:01:37 --> Utf8 Class Initialized
INFO - 2018-02-08 15:01:37 --> URI Class Initialized
INFO - 2018-02-08 15:01:37 --> Router Class Initialized
INFO - 2018-02-08 15:01:37 --> Output Class Initialized
INFO - 2018-02-08 15:01:37 --> Security Class Initialized
DEBUG - 2018-02-08 15:01:37 --> Global POST, GET and COOKIE data sanitized
INFO - 2018-02-08 15:01:37 --> Input Class Initialized
INFO - 2018-02-08 15:01:37 --> Language Class Initialized
INFO - 2018-02-08 15:01:37 --> Loader Class Initialized
INFO - 2018-02-08 15:01:37 --> Helper loaded: url_helper
DEBUG - 2018-02-08 15:01:37 --> Config file loaded: C:\Users\Yousri\php\workspace\Memento\config/mongo_db.php
INFO - 2018-02-08 15:01:37 --> Controller Class Initialized
INFO - 2018-02-08 15:01:37 --> Model Class Initialized
INFO - 2018-02-08 15:01:37 --> File loaded: C:\Users\Yousri\php\workspace\Memento\views\synapse.php
INFO - 2018-02-08 15:01:37 --> File loaded: C:\Users\Yousri\php\workspace\Memento\views\memento_head_dev.php
INFO - 2018-02-08 15:01:37 --> File loaded: C:\Users\Yousri\php\workspace\Memento\views\memento.php
INFO - 2018-02-08 15:01:37 --> File loaded: C:\Users\Yousri\php\workspace\Memento\views\memento_scripts_dev.php
INFO - 2018-02-08 15:01:37 --> Final output sent to browser
DEBUG - 2018-02-08 15:01:37 --> Total execution time: 0.0514
INFO - 2018-02-08 15:43:48 --> Config Class Initialized
INFO - 2018-02-08 15:43:48 --> Hooks Class Initialized
DEBUG - 2018-02-08 15:43:48 --> UTF-8 Support Enabled
INFO - 2018-02-08 15:43:48 --> Utf8 Class Initialized
INFO - 2018-02-08 15:43:48 --> URI Class Initialized
INFO - 2018-02-08 15:43:48 --> Router Class Initialized
INFO - 2018-02-08 15:43:48 --> Output Class Initialized
INFO - 2018-02-08 15:43:48 --> Security Class Initialized
DEBUG - 2018-02-08 15:43:48 --> Global POST, GET and COOKIE data sanitized
INFO - 2018-02-08 15:43:48 --> Input Class Initialized
INFO - 2018-02-08 15:43:48 --> Language Class Initialized
INFO - 2018-02-08 15:43:48 --> Loader Class Initialized
INFO - 2018-02-08 15:43:48 --> Helper loaded: url_helper
DEBUG - 2018-02-08 15:43:48 --> Config file loaded: C:\Users\Yousri\php\workspace\Memento\config/mongo_db.php
INFO - 2018-02-08 15:43:48 --> Controller Class Initialized
INFO - 2018-02-08 15:43:48 --> Model Class Initialized
INFO - 2018-02-08 15:43:48 --> File loaded: C:\Users\Yousri\php\workspace\Memento\views\synapse.php
INFO - 2018-02-08 15:43:48 --> File loaded: C:\Users\Yousri\php\workspace\Memento\views\memento_head_dev.php
INFO - 2018-02-08 15:43:48 --> File loaded: C:\Users\Yousri\php\workspace\Memento\views\memento.php
INFO - 2018-02-08 15:43:48 --> File loaded: C:\Users\Yousri\php\workspace\Memento\views\memento_scripts_dev.php
INFO - 2018-02-08 15:43:48 --> Final output sent to browser
DEBUG - 2018-02-08 15:43:48 --> Total execution time: 0.0737
INFO - 2018-02-08 15:44:34 --> Config Class Initialized
INFO - 2018-02-08 15:44:34 --> Hooks Class Initialized
DEBUG - 2018-02-08 15:44:34 --> UTF-8 Support Enabled
INFO - 2018-02-08 15:44:34 --> Utf8 Class Initialized
INFO - 2018-02-08 15:44:34 --> URI Class Initialized
INFO - 2018-02-08 15:44:34 --> Router Class Initialized
INFO - 2018-02-08 15:44:34 --> Output Class Initialized
INFO - 2018-02-08 15:44:34 --> Security Class Initialized
DEBUG - 2018-02-08 15:44:34 --> Global POST, GET and COOKIE data sanitized
INFO - 2018-02-08 15:44:34 --> Input Class Initialized
INFO - 2018-02-08 15:44:34 --> Language Class Initialized
INFO - 2018-02-08 15:44:34 --> Loader Class Initialized
INFO - 2018-02-08 15:44:34 --> Helper loaded: url_helper
DEBUG - 2018-02-08 15:44:34 --> Config file loaded: C:\Users\Yousri\php\workspace\Memento\config/mongo_db.php
INFO - 2018-02-08 15:44:34 --> Controller Class Initialized
INFO - 2018-02-08 15:44:34 --> Model Class Initialized
INFO - 2018-02-08 15:44:34 --> File loaded: C:\Users\Yousri\php\workspace\Memento\views\synapse.php
INFO - 2018-02-08 15:44:34 --> File loaded: C:\Users\Yousri\php\workspace\Memento\views\memento_head_dev.php
INFO - 2018-02-08 15:44:34 --> File loaded: C:\Users\Yousri\php\workspace\Memento\views\memento.php
INFO - 2018-02-08 15:44:34 --> File loaded: C:\Users\Yousri\php\workspace\Memento\views\memento_scripts_dev.php
INFO - 2018-02-08 15:44:34 --> Final output sent to browser
DEBUG - 2018-02-08 15:44:34 --> Total execution time: 0.0493
INFO - 2018-02-08 15:48:18 --> Config Class Initialized
INFO - 2018-02-08 15:48:18 --> Hooks Class Initialized
DEBUG - 2018-02-08 15:48:18 --> UTF-8 Support Enabled
INFO - 2018-02-08 15:48:18 --> Utf8 Class Initialized
INFO - 2018-02-08 15:48:18 --> URI Class Initialized
INFO - 2018-02-08 15:48:18 --> Router Class Initialized
INFO - 2018-02-08 15:48:18 --> Output Class Initialized
INFO - 2018-02-08 15:48:18 --> Security Class Initialized
DEBUG - 2018-02-08 15:48:18 --> Global POST, GET and COOKIE data sanitized
INFO - 2018-02-08 15:48:18 --> Input Class Initialized
INFO - 2018-02-08 15:48:18 --> Language Class Initialized
INFO - 2018-02-08 15:48:18 --> Loader Class Initialized
INFO - 2018-02-08 15:48:18 --> Helper loaded: url_helper
DEBUG - 2018-02-08 15:48:18 --> Config file loaded: C:\Users\Yousri\php\workspace\Memento\config/mongo_db.php
INFO - 2018-02-08 15:48:18 --> Controller Class Initialized
INFO - 2018-02-08 15:48:18 --> Model Class Initialized
ERROR - 2018-02-08 15:48:18 --> Severity: error --> Exception: Call to undefined method MongoDB\Collection::selectCollection() C:\Users\Yousri\php\workspace\Memento\models\memento_m.php 24
INFO - 2018-02-08 15:50:21 --> Config Class Initialized
INFO - 2018-02-08 15:50:21 --> Hooks Class Initialized
DEBUG - 2018-02-08 15:50:21 --> UTF-8 Support Enabled
INFO - 2018-02-08 15:50:21 --> Utf8 Class Initialized
INFO - 2018-02-08 15:50:21 --> URI Class Initialized
INFO - 2018-02-08 15:50:21 --> Router Class Initialized
INFO - 2018-02-08 15:50:21 --> Output Class Initialized
INFO - 2018-02-08 15:50:21 --> Security Class Initialized
DEBUG - 2018-02-08 15:50:21 --> Global POST, GET and COOKIE data sanitized
INFO - 2018-02-08 15:50:21 --> Input Class Initialized
INFO - 2018-02-08 15:50:21 --> Language Class Initialized
INFO - 2018-02-08 15:50:21 --> Loader Class Initialized
INFO - 2018-02-08 15:50:21 --> Helper loaded: url_helper
DEBUG - 2018-02-08 15:50:21 --> Config file loaded: C:\Users\Yousri\php\workspace\Memento\config/mongo_db.php
INFO - 2018-02-08 15:50:21 --> Controller Class Initialized
INFO - 2018-02-08 15:50:21 --> Model Class Initialized
ERROR - 2018-02-08 15:50:21 --> Severity: error --> Exception: Call to undefined method MongoDB\Collection::selectCollection() C:\Users\Yousri\php\workspace\Memento\models\memento_m.php 24
INFO - 2018-02-08 15:50:22 --> Config Class Initialized
INFO - 2018-02-08 15:50:22 --> Hooks Class Initialized
DEBUG - 2018-02-08 15:50:22 --> UTF-8 Support Enabled
INFO - 2018-02-08 15:50:22 --> Utf8 Class Initialized
INFO - 2018-02-08 15:50:22 --> URI Class Initialized
INFO - 2018-02-08 15:50:22 --> Router Class Initialized
INFO - 2018-02-08 15:50:22 --> Output Class Initialized
INFO - 2018-02-08 15:50:22 --> Security Class Initialized
DEBUG - 2018-02-08 15:50:22 --> Global POST, GET and COOKIE data sanitized
INFO - 2018-02-08 15:50:22 --> Input Class Initialized
INFO - 2018-02-08 15:50:22 --> Language Class Initialized
INFO - 2018-02-08 15:50:22 --> Loader Class Initialized
INFO - 2018-02-08 15:50:22 --> Helper loaded: url_helper
DEBUG - 2018-02-08 15:50:22 --> Config file loaded: C:\Users\Yousri\php\workspace\Memento\config/mongo_db.php
INFO - 2018-02-08 15:50:22 --> Controller Class Initialized
INFO - 2018-02-08 15:50:22 --> Model Class Initialized
ERROR - 2018-02-08 15:50:22 --> Severity: error --> Exception: Call to undefined method MongoDB\Collection::selectCollection() C:\Users\Yousri\php\workspace\Memento\models\memento_m.php 24
INFO - 2018-02-08 15:50:23 --> Config Class Initialized
INFO - 2018-02-08 15:50:23 --> Hooks Class Initialized
DEBUG - 2018-02-08 15:50:23 --> UTF-8 Support Enabled
INFO - 2018-02-08 15:50:23 --> Utf8 Class Initialized
INFO - 2018-02-08 15:50:23 --> URI Class Initialized
INFO - 2018-02-08 15:50:23 --> Router Class Initialized
INFO - 2018-02-08 15:50:23 --> Output Class Initialized
INFO - 2018-02-08 15:50:23 --> Security Class Initialized
DEBUG - 2018-02-08 15:50:23 --> Global POST, GET and COOKIE data sanitized
INFO - 2018-02-08 15:50:23 --> Input Class Initialized
INFO - 2018-02-08 15:50:23 --> Language Class Initialized
INFO - 2018-02-08 15:50:23 --> Loader Class Initialized
INFO - 2018-02-08 15:50:23 --> Helper loaded: url_helper
DEBUG - 2018-02-08 15:50:23 --> Config file loaded: C:\Users\Yousri\php\workspace\Memento\config/mongo_db.php
INFO - 2018-02-08 15:50:23 --> Controller Class Initialized
INFO - 2018-02-08 15:50:23 --> Model Class Initialized
ERROR - 2018-02-08 15:50:23 --> Severity: error --> Exception: Call to undefined method MongoDB\Collection::selectCollection() C:\Users\Yousri\php\workspace\Memento\models\memento_m.php 24
INFO - 2018-02-08 15:52:25 --> Config Class Initialized
INFO - 2018-02-08 15:52:25 --> Hooks Class Initialized
DEBUG - 2018-02-08 15:52:25 --> UTF-8 Support Enabled
INFO - 2018-02-08 15:52:25 --> Utf8 Class Initialized
INFO - 2018-02-08 15:52:25 --> URI Class Initialized
INFO - 2018-02-08 15:52:25 --> Router Class Initialized
INFO - 2018-02-08 15:52:25 --> Output Class Initialized
INFO - 2018-02-08 15:52:25 --> Security Class Initialized
DEBUG - 2018-02-08 15:52:25 --> Global POST, GET and COOKIE data sanitized
INFO - 2018-02-08 15:52:25 --> Input Class Initialized
INFO - 2018-02-08 15:52:25 --> Language Class Initialized
INFO - 2018-02-08 15:52:25 --> Loader Class Initialized
INFO - 2018-02-08 15:52:25 --> Helper loaded: url_helper
DEBUG - 2018-02-08 15:52:25 --> Config file loaded: C:\Users\Yousri\php\workspace\Memento\config/mongo_db.php
INFO - 2018-02-08 15:52:25 --> Controller Class Initialized
INFO - 2018-02-08 15:52:25 --> Model Class Initialized
ERROR - 2018-02-08 15:52:25 --> Severity: error --> Exception: Argument 2 passed to MongoDB\Collection::findOne() must be of the type array, null given, called in C:\Users\Yousri\php\workspace\Memento\models\memento_m.php on line 30 C:\Users\Yousri\php\workspace\Memento\vendor\mongodb\mongodb\src\Collection.php 542
INFO - 2018-02-08 15:52:50 --> Config Class Initialized
INFO - 2018-02-08 15:52:50 --> Hooks Class Initialized
DEBUG - 2018-02-08 15:52:50 --> UTF-8 Support Enabled
INFO - 2018-02-08 15:52:50 --> Utf8 Class Initialized
INFO - 2018-02-08 15:52:50 --> URI Class Initialized
INFO - 2018-02-08 15:52:50 --> Router Class Initialized
INFO - 2018-02-08 15:52:50 --> Output Class Initialized
INFO - 2018-02-08 15:52:50 --> Security Class Initialized
DEBUG - 2018-02-08 15:52:50 --> Global POST, GET and COOKIE data sanitized
INFO - 2018-02-08 15:52:50 --> Input Class Initialized
INFO - 2018-02-08 15:52:50 --> Language Class Initialized
INFO - 2018-02-08 15:52:50 --> Loader Class Initialized
INFO - 2018-02-08 15:52:50 --> Helper loaded: url_helper
DEBUG - 2018-02-08 15:52:50 --> Config file loaded: C:\Users\Yousri\php\workspace\Memento\config/mongo_db.php
INFO - 2018-02-08 15:52:50 --> Controller Class Initialized
INFO - 2018-02-08 15:52:50 --> Model Class Initialized
INFO - 2018-02-08 15:52:50 --> File loaded: C:\Users\Yousri\php\workspace\Memento\views\synapse.php
INFO - 2018-02-08 15:52:50 --> File loaded: C:\Users\Yousri\php\workspace\Memento\views\memento_head_dev.php
INFO - 2018-02-08 15:52:50 --> File loaded: C:\Users\Yousri\php\workspace\Memento\views\memento.php
INFO - 2018-02-08 15:52:50 --> File loaded: C:\Users\Yousri\php\workspace\Memento\views\memento_scripts_dev.php
INFO - 2018-02-08 15:52:50 --> Final output sent to browser
DEBUG - 2018-02-08 15:52:50 --> Total execution time: 0.0487
INFO - 2018-02-08 15:53:54 --> Config Class Initialized
INFO - 2018-02-08 15:53:54 --> Hooks Class Initialized
DEBUG - 2018-02-08 15:53:54 --> UTF-8 Support Enabled
INFO - 2018-02-08 15:53:54 --> Utf8 Class Initialized
INFO - 2018-02-08 15:53:54 --> URI Class Initialized
INFO - 2018-02-08 15:53:54 --> Router Class Initialized
INFO - 2018-02-08 15:53:54 --> Output Class Initialized
INFO - 2018-02-08 15:53:54 --> Security Class Initialized
DEBUG - 2018-02-08 15:53:54 --> Global POST, GET and COOKIE data sanitized
INFO - 2018-02-08 15:53:54 --> Input Class Initialized
INFO - 2018-02-08 15:53:54 --> Language Class Initialized
INFO - 2018-02-08 15:53:54 --> Loader Class Initialized
INFO - 2018-02-08 15:53:54 --> Helper loaded: url_helper
DEBUG - 2018-02-08 15:53:54 --> Config file loaded: C:\Users\Yousri\php\workspace\Memento\config/mongo_db.php
INFO - 2018-02-08 15:53:54 --> Controller Class Initialized
INFO - 2018-02-08 15:53:54 --> Model Class Initialized
INFO - 2018-02-08 15:53:54 --> File loaded: C:\Users\Yousri\php\workspace\Memento\views\synapse.php
INFO - 2018-02-08 15:53:54 --> File loaded: C:\Users\Yousri\php\workspace\Memento\views\memento_head_dev.php
INFO - 2018-02-08 15:53:54 --> File loaded: C:\Users\Yousri\php\workspace\Memento\views\memento.php
INFO - 2018-02-08 15:53:54 --> File loaded: C:\Users\Yousri\php\workspace\Memento\views\memento_scripts_dev.php
INFO - 2018-02-08 15:53:54 --> Final output sent to browser
DEBUG - 2018-02-08 15:53:54 --> Total execution time: 0.0584
INFO - 2018-02-08 15:56:34 --> Config Class Initialized
INFO - 2018-02-08 15:56:34 --> Hooks Class Initialized
DEBUG - 2018-02-08 15:56:34 --> UTF-8 Support Enabled
INFO - 2018-02-08 15:56:34 --> Utf8 Class Initialized
INFO - 2018-02-08 15:56:34 --> URI Class Initialized
INFO - 2018-02-08 15:56:34 --> Router Class Initialized
INFO - 2018-02-08 15:56:34 --> Output Class Initialized
INFO - 2018-02-08 15:56:34 --> Security Class Initialized
DEBUG - 2018-02-08 15:56:34 --> Global POST, GET and COOKIE data sanitized
INFO - 2018-02-08 15:56:34 --> Input Class Initialized
INFO - 2018-02-08 15:56:34 --> Language Class Initialized
INFO - 2018-02-08 15:56:34 --> Loader Class Initialized
INFO - 2018-02-08 15:56:34 --> Helper loaded: url_helper
DEBUG - 2018-02-08 15:56:34 --> Config file loaded: C:\Users\Yousri\php\workspace\Memento\config/mongo_db.php
INFO - 2018-02-08 15:56:34 --> Controller Class Initialized
INFO - 2018-02-08 15:56:34 --> Model Class Initialized
INFO - 2018-02-08 15:56:34 --> File loaded: C:\Users\Yousri\php\workspace\Memento\views\synapse.php
INFO - 2018-02-08 15:56:34 --> File loaded: C:\Users\Yousri\php\workspace\Memento\views\memento_head_dev.php
INFO - 2018-02-08 15:56:34 --> File loaded: C:\Users\Yousri\php\workspace\Memento\views\memento.php
INFO - 2018-02-08 15:56:34 --> File loaded: C:\Users\Yousri\php\workspace\Memento\views\memento_scripts_dev.php
INFO - 2018-02-08 15:56:34 --> Final output sent to browser
DEBUG - 2018-02-08 15:56:34 --> Total execution time: 0.0605
INFO - 2018-02-08 16:03:40 --> Config Class Initialized
INFO - 2018-02-08 16:03:40 --> Hooks Class Initialized
DEBUG - 2018-02-08 16:03:40 --> UTF-8 Support Enabled
INFO - 2018-02-08 16:03:40 --> Utf8 Class Initialized
INFO - 2018-02-08 16:03:40 --> URI Class Initialized
INFO - 2018-02-08 16:03:40 --> Router Class Initialized
INFO - 2018-02-08 16:03:40 --> Output Class Initialized
INFO - 2018-02-08 16:03:40 --> Security Class Initialized
DEBUG - 2018-02-08 16:03:40 --> Global POST, GET and COOKIE data sanitized
INFO - 2018-02-08 16:03:40 --> Input Class Initialized
INFO - 2018-02-08 16:03:40 --> Language Class Initialized
INFO - 2018-02-08 16:03:40 --> Loader Class Initialized
INFO - 2018-02-08 16:03:40 --> Helper loaded: url_helper
DEBUG - 2018-02-08 16:03:40 --> Config file loaded: C:\Users\Yousri\php\workspace\Memento\config/mongo_db.php
INFO - 2018-02-08 16:03:40 --> Controller Class Initialized
INFO - 2018-02-08 16:03:40 --> Model Class Initialized
INFO - 2018-02-08 16:03:40 --> File loaded: C:\Users\Yousri\php\workspace\Memento\views\synapse.php
INFO - 2018-02-08 16:03:40 --> File loaded: C:\Users\Yousri\php\workspace\Memento\views\memento_head_dev.php
INFO - 2018-02-08 16:03:40 --> File loaded: C:\Users\Yousri\php\workspace\Memento\views\memento.php
INFO - 2018-02-08 16:03:40 --> File loaded: C:\Users\Yousri\php\workspace\Memento\views\memento_scripts_dev.php
INFO - 2018-02-08 16:03:40 --> Final output sent to browser
DEBUG - 2018-02-08 16:03:40 --> Total execution time: 0.0617
INFO - 2018-02-08 16:18:59 --> Config Class Initialized
INFO - 2018-02-08 16:18:59 --> Hooks Class Initialized
DEBUG - 2018-02-08 16:18:59 --> UTF-8 Support Enabled
INFO - 2018-02-08 16:18:59 --> Utf8 Class Initialized
INFO - 2018-02-08 16:18:59 --> URI Class Initialized
INFO - 2018-02-08 16:18:59 --> Router Class Initialized
INFO - 2018-02-08 16:18:59 --> Output Class Initialized
INFO - 2018-02-08 16:18:59 --> Security Class Initialized
DEBUG - 2018-02-08 16:18:59 --> Global POST, GET and COOKIE data sanitized
INFO - 2018-02-08 16:18:59 --> Input Class Initialized
INFO - 2018-02-08 16:18:59 --> Language Class Initialized
INFO - 2018-02-08 16:18:59 --> Loader Class Initialized
INFO - 2018-02-08 16:18:59 --> Helper loaded: url_helper
DEBUG - 2018-02-08 16:18:59 --> Config file loaded: C:\Users\Yousri\php\workspace\Memento\config/mongo_db.php
INFO - 2018-02-08 16:18:59 --> Controller Class Initialized
INFO - 2018-02-08 16:18:59 --> Model Class Initialized
INFO - 2018-02-08 16:18:59 --> File loaded: C:\Users\Yousri\php\workspace\Memento\views\synapse.php
INFO - 2018-02-08 16:18:59 --> File loaded: C:\Users\Yousri\php\workspace\Memento\views\memento_head_dev.php
INFO - 2018-02-08 16:18:59 --> File loaded: C:\Users\Yousri\php\workspace\Memento\views\memento.php
INFO - 2018-02-08 16:18:59 --> File loaded: C:\Users\Yousri\php\workspace\Memento\views\memento_scripts_dev.php
INFO - 2018-02-08 16:18:59 --> Final output sent to browser
DEBUG - 2018-02-08 16:18:59 --> Total execution time: 0.0611
INFO - 2018-02-08 16:19:27 --> Config Class Initialized
INFO - 2018-02-08 16:19:27 --> Hooks Class Initialized
DEBUG - 2018-02-08 16:19:27 --> UTF-8 Support Enabled
INFO - 2018-02-08 16:19:27 --> Utf8 Class Initialized
INFO - 2018-02-08 16:19:27 --> URI Class Initialized
INFO - 2018-02-08 16:19:27 --> Router Class Initialized
INFO - 2018-02-08 16:19:27 --> Output Class Initialized
INFO - 2018-02-08 16:19:27 --> Security Class Initialized
DEBUG - 2018-02-08 16:19:27 --> Global POST, GET and COOKIE data sanitized
INFO - 2018-02-08 16:19:27 --> Input Class Initialized
INFO - 2018-02-08 16:19:27 --> Language Class Initialized
INFO - 2018-02-08 16:19:27 --> Loader Class Initialized
INFO - 2018-02-08 16:19:27 --> Helper loaded: url_helper
DEBUG - 2018-02-08 16:19:27 --> Config file loaded: C:\Users\Yousri\php\workspace\Memento\config/mongo_db.php
INFO - 2018-02-08 16:19:27 --> Controller Class Initialized
INFO - 2018-02-08 16:19:27 --> Model Class Initialized
INFO - 2018-02-08 16:19:27 --> File loaded: C:\Users\Yousri\php\workspace\Memento\views\synapse.php
INFO - 2018-02-08 16:19:27 --> File loaded: C:\Users\Yousri\php\workspace\Memento\views\memento_head_dev.php
INFO - 2018-02-08 16:19:27 --> File loaded: C:\Users\Yousri\php\workspace\Memento\views\memento.php
INFO - 2018-02-08 16:19:27 --> File loaded: C:\Users\Yousri\php\workspace\Memento\views\memento_scripts_dev.php
INFO - 2018-02-08 16:19:27 --> Final output sent to browser
DEBUG - 2018-02-08 16:19:27 --> Total execution time: 0.0704
INFO - 2018-02-08 16:19:32 --> Config Class Initialized
INFO - 2018-02-08 16:19:32 --> Hooks Class Initialized
DEBUG - 2018-02-08 16:19:32 --> UTF-8 Support Enabled
INFO - 2018-02-08 16:19:32 --> Utf8 Class Initialized
INFO - 2018-02-08 16:19:32 --> URI Class Initialized
INFO - 2018-02-08 16:19:32 --> Router Class Initialized
INFO - 2018-02-08 16:19:32 --> Output Class Initialized
INFO - 2018-02-08 16:19:32 --> Security Class Initialized
DEBUG - 2018-02-08 16:19:32 --> Global POST, GET and COOKIE data sanitized
INFO - 2018-02-08 16:19:32 --> Input Class Initialized
INFO - 2018-02-08 16:19:32 --> Language Class Initialized
INFO - 2018-02-08 16:19:32 --> Loader Class Initialized
INFO - 2018-02-08 16:19:32 --> Helper loaded: url_helper
DEBUG - 2018-02-08 16:19:32 --> Config file loaded: C:\Users\Yousri\php\workspace\Memento\config/mongo_db.php
INFO - 2018-02-08 16:19:32 --> Controller Class Initialized
INFO - 2018-02-08 16:19:32 --> Model Class Initialized
INFO - 2018-02-08 16:19:32 --> File loaded: C:\Users\Yousri\php\workspace\Memento\views\synapse.php
INFO - 2018-02-08 16:19:32 --> File loaded: C:\Users\Yousri\php\workspace\Memento\views\memento_head_dev.php
INFO - 2018-02-08 16:19:32 --> File loaded: C:\Users\Yousri\php\workspace\Memento\views\memento.php
INFO - 2018-02-08 16:19:32 --> File loaded: C:\Users\Yousri\php\workspace\Memento\views\memento_scripts_dev.php
INFO - 2018-02-08 16:19:32 --> Final output sent to browser
DEBUG - 2018-02-08 16:19:32 --> Total execution time: 0.0557
INFO - 2018-02-08 16:24:10 --> Config Class Initialized
INFO - 2018-02-08 16:24:10 --> Hooks Class Initialized
DEBUG - 2018-02-08 16:24:10 --> UTF-8 Support Enabled
INFO - 2018-02-08 16:24:10 --> Utf8 Class Initialized
INFO - 2018-02-08 16:24:10 --> URI Class Initialized
INFO - 2018-02-08 16:24:10 --> Router Class Initialized
INFO - 2018-02-08 16:24:10 --> Output Class Initialized
INFO - 2018-02-08 16:24:10 --> Security Class Initialized
DEBUG - 2018-02-08 16:24:10 --> Global POST, GET and COOKIE data sanitized
INFO - 2018-02-08 16:24:10 --> Input Class Initialized
INFO - 2018-02-08 16:24:10 --> Language Class Initialized
INFO - 2018-02-08 16:24:10 --> Loader Class Initialized
INFO - 2018-02-08 16:24:10 --> Helper loaded: url_helper
DEBUG - 2018-02-08 16:24:10 --> Config file loaded: C:\Users\Yousri\php\workspace\Memento\config/mongo_db.php
INFO - 2018-02-08 16:24:10 --> Controller Class Initialized
INFO - 2018-02-08 16:24:10 --> Model Class Initialized
INFO - 2018-02-08 16:24:10 --> File loaded: C:\Users\Yousri\php\workspace\Memento\views\synapse.php
INFO - 2018-02-08 16:24:10 --> File loaded: C:\Users\Yousri\php\workspace\Memento\views\memento_head_dev.php
INFO - 2018-02-08 16:24:10 --> File loaded: C:\Users\Yousri\php\workspace\Memento\views\memento.php
INFO - 2018-02-08 16:24:10 --> File loaded: C:\Users\Yousri\php\workspace\Memento\views\memento_scripts_dev.php
INFO - 2018-02-08 16:24:10 --> Final output sent to browser
DEBUG - 2018-02-08 16:24:10 --> Total execution time: 0.0637
INFO - 2018-02-08 16:27:55 --> Config Class Initialized
INFO - 2018-02-08 16:27:55 --> Hooks Class Initialized
DEBUG - 2018-02-08 16:27:55 --> UTF-8 Support Enabled
INFO - 2018-02-08 16:27:55 --> Utf8 Class Initialized
INFO - 2018-02-08 16:27:55 --> URI Class Initialized
INFO - 2018-02-08 16:27:55 --> Router Class Initialized
INFO - 2018-02-08 16:27:55 --> Output Class Initialized
INFO - 2018-02-08 16:27:55 --> Security Class Initialized
DEBUG - 2018-02-08 16:27:55 --> Global POST, GET and COOKIE data sanitized
INFO - 2018-02-08 16:27:55 --> Input Class Initialized
INFO - 2018-02-08 16:27:55 --> Language Class Initialized
INFO - 2018-02-08 16:27:55 --> Loader Class Initialized
INFO - 2018-02-08 16:27:55 --> Helper loaded: url_helper
DEBUG - 2018-02-08 16:27:55 --> Config file loaded: C:\Users\Yousri\php\workspace\Memento\config/mongo_db.php
INFO - 2018-02-08 16:27:55 --> Controller Class Initialized
INFO - 2018-02-08 16:27:55 --> Model Class Initialized
ERROR - 2018-02-08 16:27:55 --> Severity: error --> Exception: Call to undefined method stdClass::toArray() C:\Users\Yousri\php\workspace\Memento\models\memento_m.php 31
INFO - 2018-02-08 16:29:49 --> Config Class Initialized
INFO - 2018-02-08 16:29:49 --> Hooks Class Initialized
DEBUG - 2018-02-08 16:29:49 --> UTF-8 Support Enabled
INFO - 2018-02-08 16:29:49 --> Utf8 Class Initialized
INFO - 2018-02-08 16:29:49 --> URI Class Initialized
INFO - 2018-02-08 16:29:49 --> Router Class Initialized
INFO - 2018-02-08 16:29:49 --> Output Class Initialized
INFO - 2018-02-08 16:29:49 --> Security Class Initialized
DEBUG - 2018-02-08 16:29:49 --> Global POST, GET and COOKIE data sanitized
INFO - 2018-02-08 16:29:49 --> Input Class Initialized
INFO - 2018-02-08 16:29:49 --> Language Class Initialized
INFO - 2018-02-08 16:29:49 --> Loader Class Initialized
INFO - 2018-02-08 16:29:49 --> Helper loaded: url_helper
DEBUG - 2018-02-08 16:29:49 --> Config file loaded: C:\Users\Yousri\php\workspace\Memento\config/mongo_db.php
INFO - 2018-02-08 16:29:49 --> Controller Class Initialized
INFO - 2018-02-08 16:29:49 --> Model Class Initialized
ERROR - 2018-02-08 16:29:49 --> Severity: 4096 --> Object of class stdClass could not be converted to string C:\Users\Yousri\php\workspace\Memento\models\memento_m.php 31
INFO - 2018-02-08 16:29:49 --> File loaded: C:\Users\Yousri\php\workspace\Memento\views\synapse.php
INFO - 2018-02-08 16:29:49 --> File loaded: C:\Users\Yousri\php\workspace\Memento\views\memento_head_dev.php
INFO - 2018-02-08 16:29:49 --> File loaded: C:\Users\Yousri\php\workspace\Memento\views\memento.php
INFO - 2018-02-08 16:29:49 --> File loaded: C:\Users\Yousri\php\workspace\Memento\views\memento_scripts_dev.php
INFO - 2018-02-08 16:29:49 --> Final output sent to browser
DEBUG - 2018-02-08 16:29:49 --> Total execution time: 0.0578
INFO - 2018-02-08 16:30:09 --> Config Class Initialized
INFO - 2018-02-08 16:30:09 --> Hooks Class Initialized
DEBUG - 2018-02-08 16:30:09 --> UTF-8 Support Enabled
INFO - 2018-02-08 16:30:09 --> Utf8 Class Initialized
INFO - 2018-02-08 16:30:09 --> URI Class Initialized
INFO - 2018-02-08 16:30:09 --> Router Class Initialized
INFO - 2018-02-08 16:30:09 --> Output Class Initialized
INFO - 2018-02-08 16:30:09 --> Security Class Initialized
DEBUG - 2018-02-08 16:30:09 --> Global POST, GET and COOKIE data sanitized
INFO - 2018-02-08 16:30:09 --> Input Class Initialized
INFO - 2018-02-08 16:30:09 --> Language Class Initialized
INFO - 2018-02-08 16:30:09 --> Loader Class Initialized
INFO - 2018-02-08 16:30:09 --> Helper loaded: url_helper
DEBUG - 2018-02-08 16:30:09 --> Config file loaded: C:\Users\Yousri\php\workspace\Memento\config/mongo_db.php
INFO - 2018-02-08 16:30:09 --> Controller Class Initialized
INFO - 2018-02-08 16:30:09 --> Model Class Initialized
ERROR - 2018-02-08 16:30:09 --> Severity: error --> Exception: Call to undefined method stdClass::to_array() C:\Users\Yousri\php\workspace\Memento\models\memento_m.php 31
INFO - 2018-02-08 16:30:10 --> Config Class Initialized
INFO - 2018-02-08 16:30:10 --> Hooks Class Initialized
DEBUG - 2018-02-08 16:30:10 --> UTF-8 Support Enabled
INFO - 2018-02-08 16:30:10 --> Utf8 Class Initialized
INFO - 2018-02-08 16:30:10 --> URI Class Initialized
INFO - 2018-02-08 16:30:10 --> Router Class Initialized
INFO - 2018-02-08 16:30:10 --> Output Class Initialized
INFO - 2018-02-08 16:30:10 --> Security Class Initialized
DEBUG - 2018-02-08 16:30:10 --> Global POST, GET and COOKIE data sanitized
INFO - 2018-02-08 16:30:10 --> Input Class Initialized
INFO - 2018-02-08 16:30:10 --> Language Class Initialized
INFO - 2018-02-08 16:30:10 --> Loader Class Initialized
INFO - 2018-02-08 16:30:10 --> Helper loaded: url_helper
DEBUG - 2018-02-08 16:30:10 --> Config file loaded: C:\Users\Yousri\php\workspace\Memento\config/mongo_db.php
INFO - 2018-02-08 16:30:10 --> Controller Class Initialized
INFO - 2018-02-08 16:30:10 --> Model Class Initialized
ERROR - 2018-02-08 16:30:10 --> Severity: error --> Exception: Call to undefined method stdClass::to_array() C:\Users\Yousri\php\workspace\Memento\models\memento_m.php 31
INFO - 2018-02-08 16:32:18 --> Config Class Initialized
INFO - 2018-02-08 16:32:18 --> Hooks Class Initialized
DEBUG - 2018-02-08 16:32:18 --> UTF-8 Support Enabled
INFO - 2018-02-08 16:32:18 --> Utf8 Class Initialized
INFO - 2018-02-08 16:32:18 --> URI Class Initialized
INFO - 2018-02-08 16:32:18 --> Router Class Initialized
INFO - 2018-02-08 16:32:18 --> Output Class Initialized
INFO - 2018-02-08 16:32:18 --> Security Class Initialized
DEBUG - 2018-02-08 16:32:18 --> Global POST, GET and COOKIE data sanitized
INFO - 2018-02-08 16:32:18 --> Input Class Initialized
INFO - 2018-02-08 16:32:18 --> Language Class Initialized
INFO - 2018-02-08 16:32:18 --> Loader Class Initialized
INFO - 2018-02-08 16:32:18 --> Helper loaded: url_helper
DEBUG - 2018-02-08 16:32:18 --> Config file loaded: C:\Users\Yousri\php\workspace\Memento\config/mongo_db.php
INFO - 2018-02-08 16:32:18 --> Controller Class Initialized
INFO - 2018-02-08 16:32:18 --> Model Class Initialized
ERROR - 2018-02-08 16:32:18 --> Severity: error --> Exception: Call to undefined method stdClass::find() C:\Users\Yousri\php\workspace\Memento\models\memento_m.php 31
INFO - 2018-02-08 16:33:02 --> Config Class Initialized
INFO - 2018-02-08 16:33:02 --> Hooks Class Initialized
DEBUG - 2018-02-08 16:33:02 --> UTF-8 Support Enabled
INFO - 2018-02-08 16:33:02 --> Utf8 Class Initialized
INFO - 2018-02-08 16:33:02 --> URI Class Initialized
INFO - 2018-02-08 16:33:02 --> Router Class Initialized
INFO - 2018-02-08 16:33:02 --> Output Class Initialized
INFO - 2018-02-08 16:33:02 --> Security Class Initialized
DEBUG - 2018-02-08 16:33:02 --> Global POST, GET and COOKIE data sanitized
INFO - 2018-02-08 16:33:02 --> Input Class Initialized
INFO - 2018-02-08 16:33:02 --> Language Class Initialized
INFO - 2018-02-08 16:33:02 --> Loader Class Initialized
INFO - 2018-02-08 16:33:02 --> Helper loaded: url_helper
DEBUG - 2018-02-08 16:33:02 --> Config file loaded: C:\Users\Yousri\php\workspace\Memento\config/mongo_db.php
INFO - 2018-02-08 16:33:02 --> Controller Class Initialized
INFO - 2018-02-08 16:33:02 --> Model Class Initialized
ERROR - 2018-02-08 16:33:02 --> Severity: error --> Exception: Call to undefined method stdClass::toArray() C:\Users\Yousri\php\workspace\Memento\models\memento_m.php 31
INFO - 2018-02-08 16:33:28 --> Config Class Initialized
INFO - 2018-02-08 16:33:28 --> Hooks Class Initialized
DEBUG - 2018-02-08 16:33:28 --> UTF-8 Support Enabled
INFO - 2018-02-08 16:33:28 --> Utf8 Class Initialized
INFO - 2018-02-08 16:33:28 --> URI Class Initialized
INFO - 2018-02-08 16:33:28 --> Router Class Initialized
INFO - 2018-02-08 16:33:28 --> Output Class Initialized
INFO - 2018-02-08 16:33:28 --> Security Class Initialized
DEBUG - 2018-02-08 16:33:28 --> Global POST, GET and COOKIE data sanitized
INFO - 2018-02-08 16:33:28 --> Input Class Initialized
INFO - 2018-02-08 16:33:28 --> Language Class Initialized
INFO - 2018-02-08 16:33:28 --> Loader Class Initialized
INFO - 2018-02-08 16:33:28 --> Helper loaded: url_helper
DEBUG - 2018-02-08 16:33:28 --> Config file loaded: C:\Users\Yousri\php\workspace\Memento\config/mongo_db.php
INFO - 2018-02-08 16:33:28 --> Controller Class Initialized
INFO - 2018-02-08 16:33:28 --> Model Class Initialized
ERROR - 2018-02-08 16:33:28 --> Severity: error --> Exception: Expected "typeMap" option to have type "array" but found "string" C:\Users\Yousri\php\workspace\Memento\vendor\mongodb\mongodb\src\Exception\InvalidArgumentException.php 32
INFO - 2018-02-08 16:33:59 --> Config Class Initialized
INFO - 2018-02-08 16:33:59 --> Hooks Class Initialized
DEBUG - 2018-02-08 16:33:59 --> UTF-8 Support Enabled
INFO - 2018-02-08 16:33:59 --> Utf8 Class Initialized
INFO - 2018-02-08 16:33:59 --> URI Class Initialized
INFO - 2018-02-08 16:33:59 --> Router Class Initialized
INFO - 2018-02-08 16:33:59 --> Output Class Initialized
INFO - 2018-02-08 16:33:59 --> Security Class Initialized
DEBUG - 2018-02-08 16:33:59 --> Global POST, GET and COOKIE data sanitized
INFO - 2018-02-08 16:33:59 --> Input Class Initialized
INFO - 2018-02-08 16:33:59 --> Language Class Initialized
INFO - 2018-02-08 16:33:59 --> Loader Class Initialized
INFO - 2018-02-08 16:33:59 --> Helper loaded: url_helper
DEBUG - 2018-02-08 16:33:59 --> Config file loaded: C:\Users\Yousri\php\workspace\Memento\config/mongo_db.php
INFO - 2018-02-08 16:33:59 --> Controller Class Initialized
INFO - 2018-02-08 16:33:59 --> Model Class Initialized
ERROR - 2018-02-08 16:33:59 --> Severity: error --> Exception: Class 1 does not exist C:\Users\Yousri\php\workspace\Memento\vendor\mongodb\mongodb\src\Operation\Find.php 283
INFO - 2018-02-08 16:36:30 --> Config Class Initialized
INFO - 2018-02-08 16:36:30 --> Hooks Class Initialized
DEBUG - 2018-02-08 16:36:30 --> UTF-8 Support Enabled
INFO - 2018-02-08 16:36:30 --> Utf8 Class Initialized
INFO - 2018-02-08 16:36:30 --> URI Class Initialized
INFO - 2018-02-08 16:36:30 --> Router Class Initialized
INFO - 2018-02-08 16:36:30 --> Output Class Initialized
INFO - 2018-02-08 16:36:30 --> Security Class Initialized
DEBUG - 2018-02-08 16:36:30 --> Global POST, GET and COOKIE data sanitized
INFO - 2018-02-08 16:36:30 --> Input Class Initialized
INFO - 2018-02-08 16:36:30 --> Language Class Initialized
INFO - 2018-02-08 16:36:30 --> Loader Class Initialized
INFO - 2018-02-08 16:36:30 --> Helper loaded: url_helper
DEBUG - 2018-02-08 16:36:30 --> Config file loaded: C:\Users\Yousri\php\workspace\Memento\config/mongo_db.php
INFO - 2018-02-08 16:36:30 --> Controller Class Initialized
INFO - 2018-02-08 16:36:30 --> Model Class Initialized
INFO - 2018-02-08 16:36:30 --> File loaded: C:\Users\Yousri\php\workspace\Memento\views\synapse.php
INFO - 2018-02-08 16:36:30 --> File loaded: C:\Users\Yousri\php\workspace\Memento\views\memento_head_dev.php
INFO - 2018-02-08 16:36:30 --> File loaded: C:\Users\Yousri\php\workspace\Memento\views\memento.php
INFO - 2018-02-08 16:36:30 --> File loaded: C:\Users\Yousri\php\workspace\Memento\views\memento_scripts_dev.php
INFO - 2018-02-08 16:36:30 --> Final output sent to browser
DEBUG - 2018-02-08 16:36:30 --> Total execution time: 0.0602
INFO - 2018-02-08 16:37:58 --> Config Class Initialized
INFO - 2018-02-08 16:37:58 --> Hooks Class Initialized
DEBUG - 2018-02-08 16:37:58 --> UTF-8 Support Enabled
INFO - 2018-02-08 16:37:58 --> Utf8 Class Initialized
INFO - 2018-02-08 16:37:58 --> URI Class Initialized
INFO - 2018-02-08 16:37:58 --> Router Class Initialized
INFO - 2018-02-08 16:37:58 --> Output Class Initialized
INFO - 2018-02-08 16:37:58 --> Security Class Initialized
DEBUG - 2018-02-08 16:37:58 --> Global POST, GET and COOKIE data sanitized
INFO - 2018-02-08 16:37:58 --> Input Class Initialized
INFO - 2018-02-08 16:37:58 --> Language Class Initialized
INFO - 2018-02-08 16:37:58 --> Loader Class Initialized
INFO - 2018-02-08 16:37:58 --> Helper loaded: url_helper
DEBUG - 2018-02-08 16:37:58 --> Config file loaded: C:\Users\Yousri\php\workspace\Memento\config/mongo_db.php
INFO - 2018-02-08 16:37:58 --> Controller Class Initialized
INFO - 2018-02-08 16:37:58 --> Model Class Initialized
ERROR - 2018-02-08 16:37:58 --> Severity: error --> Exception: Call to undefined function debug_to_console() C:\Users\Yousri\php\workspace\Memento\models\memento_m.php 31
INFO - 2018-02-08 16:38:45 --> Config Class Initialized
INFO - 2018-02-08 16:38:45 --> Hooks Class Initialized
DEBUG - 2018-02-08 16:38:45 --> UTF-8 Support Enabled
INFO - 2018-02-08 16:38:45 --> Utf8 Class Initialized
INFO - 2018-02-08 16:38:45 --> URI Class Initialized
INFO - 2018-02-08 16:38:45 --> Router Class Initialized
INFO - 2018-02-08 16:38:45 --> Output Class Initialized
INFO - 2018-02-08 16:38:45 --> Security Class Initialized
DEBUG - 2018-02-08 16:38:45 --> Global POST, GET and COOKIE data sanitized
INFO - 2018-02-08 16:38:45 --> Input Class Initialized
INFO - 2018-02-08 16:38:45 --> Language Class Initialized
INFO - 2018-02-08 16:38:46 --> Loader Class Initialized
INFO - 2018-02-08 16:38:46 --> Helper loaded: url_helper
DEBUG - 2018-02-08 16:38:46 --> Config file loaded: C:\Users\Yousri\php\workspace\Memento\config/mongo_db.php
INFO - 2018-02-08 16:38:46 --> Controller Class Initialized
INFO - 2018-02-08 16:38:46 --> Model Class Initialized
ERROR - 2018-02-08 16:38:46 --> Severity: error --> Exception: Call to undefined function debug_to_console() C:\Users\Yousri\php\workspace\Memento\models\memento_m.php 31
INFO - 2018-02-08 16:39:33 --> Config Class Initialized
INFO - 2018-02-08 16:39:33 --> Hooks Class Initialized
DEBUG - 2018-02-08 16:39:33 --> UTF-8 Support Enabled
INFO - 2018-02-08 16:39:33 --> Utf8 Class Initialized
INFO - 2018-02-08 16:39:33 --> URI Class Initialized
INFO - 2018-02-08 16:39:33 --> Router Class Initialized
INFO - 2018-02-08 16:39:33 --> Output Class Initialized
INFO - 2018-02-08 16:39:33 --> Security Class Initialized
DEBUG - 2018-02-08 16:39:33 --> Global POST, GET and COOKIE data sanitized
INFO - 2018-02-08 16:39:33 --> Input Class Initialized
INFO - 2018-02-08 16:39:33 --> Language Class Initialized
INFO - 2018-02-08 16:39:33 --> Loader Class Initialized
INFO - 2018-02-08 16:39:33 --> Helper loaded: url_helper
DEBUG - 2018-02-08 16:39:33 --> Config file loaded: C:\Users\Yousri\php\workspace\Memento\config/mongo_db.php
INFO - 2018-02-08 16:39:33 --> Controller Class Initialized
INFO - 2018-02-08 16:39:33 --> Model Class Initialized
INFO - 2018-02-08 16:40:15 --> Config Class Initialized
INFO - 2018-02-08 16:40:15 --> Hooks Class Initialized
DEBUG - 2018-02-08 16:40:15 --> UTF-8 Support Enabled
INFO - 2018-02-08 16:40:15 --> Utf8 Class Initialized
INFO - 2018-02-08 16:40:15 --> URI Class Initialized
INFO - 2018-02-08 16:40:15 --> Router Class Initialized
INFO - 2018-02-08 16:40:15 --> Output Class Initialized
INFO - 2018-02-08 16:40:15 --> Security Class Initialized
DEBUG - 2018-02-08 16:40:15 --> Global POST, GET and COOKIE data sanitized
INFO - 2018-02-08 16:40:15 --> Input Class Initialized
INFO - 2018-02-08 16:40:15 --> Language Class Initialized
INFO - 2018-02-08 16:40:15 --> Loader Class Initialized
INFO - 2018-02-08 16:40:15 --> Helper loaded: url_helper
DEBUG - 2018-02-08 16:40:15 --> Config file loaded: C:\Users\Yousri\php\workspace\Memento\config/mongo_db.php
INFO - 2018-02-08 16:40:15 --> Controller Class Initialized
INFO - 2018-02-08 16:40:15 --> Model Class Initialized
INFO - 2018-02-08 16:40:15 --> Helper loaded: debug_helper
INFO - 2018-02-08 16:40:15 --> File loaded: C:\Users\Yousri\php\workspace\Memento\views\synapse.php
INFO - 2018-02-08 16:40:15 --> File loaded: C:\Users\Yousri\php\workspace\Memento\views\memento_head_dev.php
INFO - 2018-02-08 16:40:15 --> File loaded: C:\Users\Yousri\php\workspace\Memento\views\memento.php
INFO - 2018-02-08 16:40:15 --> File loaded: C:\Users\Yousri\php\workspace\Memento\views\memento_scripts_dev.php
INFO - 2018-02-08 16:40:15 --> Final output sent to browser
DEBUG - 2018-02-08 16:40:15 --> Total execution time: 0.0594
INFO - 2018-02-08 16:41:51 --> Config Class Initialized
INFO - 2018-02-08 16:41:51 --> Hooks Class Initialized
DEBUG - 2018-02-08 16:41:51 --> UTF-8 Support Enabled
INFO - 2018-02-08 16:41:51 --> Utf8 Class Initialized
INFO - 2018-02-08 16:41:51 --> URI Class Initialized
INFO - 2018-02-08 16:41:51 --> Router Class Initialized
INFO - 2018-02-08 16:41:51 --> Output Class Initialized
INFO - 2018-02-08 16:41:51 --> Security Class Initialized
DEBUG - 2018-02-08 16:41:51 --> Global POST, GET and COOKIE data sanitized
INFO - 2018-02-08 16:41:51 --> Input Class Initialized
INFO - 2018-02-08 16:41:51 --> Language Class Initialized
INFO - 2018-02-08 16:41:51 --> Loader Class Initialized
INFO - 2018-02-08 16:41:51 --> Helper loaded: url_helper
DEBUG - 2018-02-08 16:41:51 --> Config file loaded: C:\Users\Yousri\php\workspace\Memento\config/mongo_db.php
INFO - 2018-02-08 16:41:51 --> Controller Class Initialized
INFO - 2018-02-08 16:41:51 --> Model Class Initialized
INFO - 2018-02-08 16:41:51 --> Helper loaded: debug_helper
ERROR - 2018-02-08 16:41:51 --> Severity: Notice --> Undefined index: storage C:\Users\Yousri\php\workspace\Memento\models\memento_m.php 32
INFO - 2018-02-08 16:41:51 --> File loaded: C:\Users\Yousri\php\workspace\Memento\views\synapse.php
INFO - 2018-02-08 16:41:51 --> File loaded: C:\Users\Yousri\php\workspace\Memento\views\memento_head_dev.php
INFO - 2018-02-08 16:41:51 --> File loaded: C:\Users\Yousri\php\workspace\Memento\views\memento.php
INFO - 2018-02-08 16:41:51 --> File loaded: C:\Users\Yousri\php\workspace\Memento\views\memento_scripts_dev.php
INFO - 2018-02-08 16:41:51 --> Final output sent to browser
DEBUG - 2018-02-08 16:41:51 --> Total execution time: 0.0734
INFO - 2018-02-08 16:42:16 --> Config Class Initialized
INFO - 2018-02-08 16:42:16 --> Hooks Class Initialized
DEBUG - 2018-02-08 16:42:16 --> UTF-8 Support Enabled
INFO - 2018-02-08 16:42:16 --> Utf8 Class Initialized
INFO - 2018-02-08 16:42:16 --> URI Class Initialized
INFO - 2018-02-08 16:42:16 --> Router Class Initialized
INFO - 2018-02-08 16:42:16 --> Output Class Initialized
INFO - 2018-02-08 16:42:16 --> Security Class Initialized
DEBUG - 2018-02-08 16:42:16 --> Global POST, GET and COOKIE data sanitized
INFO - 2018-02-08 16:42:16 --> Input Class Initialized
INFO - 2018-02-08 16:42:16 --> Language Class Initialized
INFO - 2018-02-08 16:42:16 --> Loader Class Initialized
INFO - 2018-02-08 16:42:16 --> Helper loaded: url_helper
DEBUG - 2018-02-08 16:42:16 --> Config file loaded: C:\Users\Yousri\php\workspace\Memento\config/mongo_db.php
INFO - 2018-02-08 16:42:16 --> Controller Class Initialized
INFO - 2018-02-08 16:42:16 --> Model Class Initialized
INFO - 2018-02-08 16:42:16 --> Helper loaded: debug_helper
INFO - 2018-02-08 16:42:16 --> File loaded: C:\Users\Yousri\php\workspace\Memento\views\synapse.php
INFO - 2018-02-08 16:42:16 --> File loaded: C:\Users\Yousri\php\workspace\Memento\views\memento_head_dev.php
INFO - 2018-02-08 16:42:16 --> File loaded: C:\Users\Yousri\php\workspace\Memento\views\memento.php
INFO - 2018-02-08 16:42:16 --> File loaded: C:\Users\Yousri\php\workspace\Memento\views\memento_scripts_dev.php
INFO - 2018-02-08 16:42:16 --> Final output sent to browser
DEBUG - 2018-02-08 16:42:16 --> Total execution time: 0.0670
INFO - 2018-02-08 16:42:35 --> Config Class Initialized
INFO - 2018-02-08 16:42:35 --> Hooks Class Initialized
DEBUG - 2018-02-08 16:42:35 --> UTF-8 Support Enabled
INFO - 2018-02-08 16:42:35 --> Utf8 Class Initialized
INFO - 2018-02-08 16:42:36 --> URI Class Initialized
INFO - 2018-02-08 16:42:36 --> Router Class Initialized
INFO - 2018-02-08 16:42:36 --> Output Class Initialized
INFO - 2018-02-08 16:42:36 --> Security Class Initialized
DEBUG - 2018-02-08 16:42:36 --> Global POST, GET and COOKIE data sanitized
INFO - 2018-02-08 16:42:36 --> Input Class Initialized
INFO - 2018-02-08 16:42:36 --> Language Class Initialized
INFO - 2018-02-08 16:42:36 --> Loader Class Initialized
INFO - 2018-02-08 16:42:36 --> Helper loaded: url_helper
DEBUG - 2018-02-08 16:42:36 --> Config file loaded: C:\Users\Yousri\php\workspace\Memento\config/mongo_db.php
INFO - 2018-02-08 16:42:36 --> Controller Class Initialized
INFO - 2018-02-08 16:42:36 --> Model Class Initialized
INFO - 2018-02-08 16:42:36 --> Helper loaded: debug_helper
ERROR - 2018-02-08 16:42:36 --> Severity: 4096 --> Object of class MongoDB\Model\BSONDocument could not be converted to string C:\Users\Yousri\php\workspace\Memento\helpers\debug_helper.php 8
INFO - 2018-02-08 16:42:36 --> File loaded: C:\Users\Yousri\php\workspace\Memento\views\synapse.php
INFO - 2018-02-08 16:42:36 --> File loaded: C:\Users\Yousri\php\workspace\Memento\views\memento_head_dev.php
INFO - 2018-02-08 16:42:36 --> File loaded: C:\Users\Yousri\php\workspace\Memento\views\memento.php
INFO - 2018-02-08 16:42:36 --> File loaded: C:\Users\Yousri\php\workspace\Memento\views\memento_scripts_dev.php
INFO - 2018-02-08 16:42:36 --> Final output sent to browser
DEBUG - 2018-02-08 16:42:36 --> Total execution time: 0.0689
INFO - 2018-02-08 16:43:16 --> Config Class Initialized
INFO - 2018-02-08 16:43:16 --> Hooks Class Initialized
DEBUG - 2018-02-08 16:43:16 --> UTF-8 Support Enabled
INFO - 2018-02-08 16:43:16 --> Utf8 Class Initialized
INFO - 2018-02-08 16:43:16 --> URI Class Initialized
INFO - 2018-02-08 16:43:16 --> Router Class Initialized
INFO - 2018-02-08 16:43:16 --> Output Class Initialized
INFO - 2018-02-08 16:43:16 --> Security Class Initialized
DEBUG - 2018-02-08 16:43:16 --> Global POST, GET and COOKIE data sanitized
INFO - 2018-02-08 16:43:16 --> Input Class Initialized
INFO - 2018-02-08 16:43:16 --> Language Class Initialized
INFO - 2018-02-08 16:43:16 --> Loader Class Initialized
INFO - 2018-02-08 16:43:16 --> Helper loaded: url_helper
DEBUG - 2018-02-08 16:43:16 --> Config file loaded: C:\Users\Yousri\php\workspace\Memento\config/mongo_db.php
INFO - 2018-02-08 16:43:16 --> Controller Class Initialized
INFO - 2018-02-08 16:43:16 --> Model Class Initialized
INFO - 2018-02-08 16:43:16 --> Helper loaded: debug_helper
ERROR - 2018-02-08 16:43:16 --> Severity: error --> Exception: Call to undefined method MongoDB\Model\BSONDocument::toArray() C:\Users\Yousri\php\workspace\Memento\models\memento_m.php 31
INFO - 2018-02-08 16:44:36 --> Config Class Initialized
INFO - 2018-02-08 16:44:36 --> Hooks Class Initialized
DEBUG - 2018-02-08 16:44:36 --> UTF-8 Support Enabled
INFO - 2018-02-08 16:44:36 --> Utf8 Class Initialized
INFO - 2018-02-08 16:44:36 --> URI Class Initialized
INFO - 2018-02-08 16:44:36 --> Router Class Initialized
INFO - 2018-02-08 16:44:36 --> Output Class Initialized
INFO - 2018-02-08 16:44:36 --> Security Class Initialized
DEBUG - 2018-02-08 16:44:36 --> Global POST, GET and COOKIE data sanitized
INFO - 2018-02-08 16:44:36 --> Input Class Initialized
INFO - 2018-02-08 16:44:36 --> Language Class Initialized
INFO - 2018-02-08 16:44:36 --> Loader Class Initialized
INFO - 2018-02-08 16:44:36 --> Helper loaded: url_helper
DEBUG - 2018-02-08 16:44:36 --> Config file loaded: C:\Users\Yousri\php\workspace\Memento\config/mongo_db.php
INFO - 2018-02-08 16:44:36 --> Controller Class Initialized
INFO - 2018-02-08 16:44:36 --> Model Class Initialized
INFO - 2018-02-08 16:44:36 --> Helper loaded: debug_helper
ERROR - 2018-02-08 16:44:36 --> Severity: 4096 --> Object of class stdClass could not be converted to string C:\Users\Yousri\php\workspace\Memento\helpers\debug_helper.php 8
INFO - 2018-02-08 16:44:36 --> File loaded: C:\Users\Yousri\php\workspace\Memento\views\synapse.php
INFO - 2018-02-08 16:44:36 --> File loaded: C:\Users\Yousri\php\workspace\Memento\views\memento_head_dev.php
INFO - 2018-02-08 16:44:36 --> File loaded: C:\Users\Yousri\php\workspace\Memento\views\memento.php
INFO - 2018-02-08 16:44:36 --> File loaded: C:\Users\Yousri\php\workspace\Memento\views\memento_scripts_dev.php
INFO - 2018-02-08 16:44:36 --> Final output sent to browser
DEBUG - 2018-02-08 16:44:36 --> Total execution time: 0.0772
INFO - 2018-02-08 16:44:57 --> Config Class Initialized
INFO - 2018-02-08 16:44:57 --> Hooks Class Initialized
DEBUG - 2018-02-08 16:44:57 --> UTF-8 Support Enabled
INFO - 2018-02-08 16:44:57 --> Utf8 Class Initialized
INFO - 2018-02-08 16:44:57 --> URI Class Initialized
INFO - 2018-02-08 16:44:57 --> Router Class Initialized
INFO - 2018-02-08 16:44:57 --> Output Class Initialized
INFO - 2018-02-08 16:44:57 --> Security Class Initialized
DEBUG - 2018-02-08 16:44:57 --> Global POST, GET and COOKIE data sanitized
INFO - 2018-02-08 16:44:57 --> Input Class Initialized
INFO - 2018-02-08 16:44:57 --> Language Class Initialized
INFO - 2018-02-08 16:44:57 --> Loader Class Initialized
INFO - 2018-02-08 16:44:57 --> Helper loaded: url_helper
DEBUG - 2018-02-08 16:44:57 --> Config file loaded: C:\Users\Yousri\php\workspace\Memento\config/mongo_db.php
INFO - 2018-02-08 16:44:57 --> Controller Class Initialized
INFO - 2018-02-08 16:44:57 --> Model Class Initialized
INFO - 2018-02-08 16:44:57 --> Helper loaded: debug_helper
INFO - 2018-02-08 16:44:57 --> File loaded: C:\Users\Yousri\php\workspace\Memento\views\synapse.php
INFO - 2018-02-08 16:44:57 --> File loaded: C:\Users\Yousri\php\workspace\Memento\views\memento_head_dev.php
INFO - 2018-02-08 16:44:57 --> File loaded: C:\Users\Yousri\php\workspace\Memento\views\memento.php
INFO - 2018-02-08 16:44:57 --> File loaded: C:\Users\Yousri\php\workspace\Memento\views\memento_scripts_dev.php
INFO - 2018-02-08 16:44:57 --> Final output sent to browser
DEBUG - 2018-02-08 16:44:57 --> Total execution time: 0.0720
INFO - 2018-02-08 16:45:55 --> Config Class Initialized
INFO - 2018-02-08 16:45:55 --> Hooks Class Initialized
DEBUG - 2018-02-08 16:45:55 --> UTF-8 Support Enabled
INFO - 2018-02-08 16:45:55 --> Utf8 Class Initialized
INFO - 2018-02-08 16:45:55 --> URI Class Initialized
INFO - 2018-02-08 16:45:55 --> Router Class Initialized
INFO - 2018-02-08 16:45:55 --> Output Class Initialized
INFO - 2018-02-08 16:45:55 --> Security Class Initialized
DEBUG - 2018-02-08 16:45:55 --> Global POST, GET and COOKIE data sanitized
INFO - 2018-02-08 16:45:55 --> Input Class Initialized
INFO - 2018-02-08 16:45:55 --> Language Class Initialized
INFO - 2018-02-08 16:45:55 --> Loader Class Initialized
INFO - 2018-02-08 16:45:55 --> Helper loaded: url_helper
DEBUG - 2018-02-08 16:45:55 --> Config file loaded: C:\Users\Yousri\php\workspace\Memento\config/mongo_db.php
INFO - 2018-02-08 16:45:55 --> Controller Class Initialized
INFO - 2018-02-08 16:45:55 --> Model Class Initialized
INFO - 2018-02-08 16:45:55 --> Helper loaded: debug_helper
ERROR - 2018-02-08 16:45:55 --> Severity: 4096 --> Object of class stdClass could not be converted to string C:\Users\Yousri\php\workspace\Memento\helpers\debug_helper.php 8
INFO - 2018-02-08 16:45:55 --> File loaded: C:\Users\Yousri\php\workspace\Memento\views\synapse.php
INFO - 2018-02-08 16:45:55 --> File loaded: C:\Users\Yousri\php\workspace\Memento\views\memento_head_dev.php
INFO - 2018-02-08 16:45:55 --> File loaded: C:\Users\Yousri\php\workspace\Memento\views\memento.php
INFO - 2018-02-08 16:45:55 --> File loaded: C:\Users\Yousri\php\workspace\Memento\views\memento_scripts_dev.php
INFO - 2018-02-08 16:45:55 --> Final output sent to browser
DEBUG - 2018-02-08 16:45:55 --> Total execution time: 0.0656
INFO - 2018-02-08 16:46:21 --> Config Class Initialized
INFO - 2018-02-08 16:46:21 --> Hooks Class Initialized
DEBUG - 2018-02-08 16:46:21 --> UTF-8 Support Enabled
INFO - 2018-02-08 16:46:21 --> Utf8 Class Initialized
INFO - 2018-02-08 16:46:21 --> URI Class Initialized
INFO - 2018-02-08 16:46:21 --> Router Class Initialized
INFO - 2018-02-08 16:46:21 --> Output Class Initialized
INFO - 2018-02-08 16:46:21 --> Security Class Initialized
DEBUG - 2018-02-08 16:46:21 --> Global POST, GET and COOKIE data sanitized
INFO - 2018-02-08 16:46:21 --> Input Class Initialized
INFO - 2018-02-08 16:46:21 --> Language Class Initialized
INFO - 2018-02-08 16:46:21 --> Loader Class Initialized
INFO - 2018-02-08 16:46:21 --> Helper loaded: url_helper
DEBUG - 2018-02-08 16:46:21 --> Config file loaded: C:\Users\Yousri\php\workspace\Memento\config/mongo_db.php
INFO - 2018-02-08 16:46:21 --> Controller Class Initialized
INFO - 2018-02-08 16:46:21 --> Model Class Initialized
INFO - 2018-02-08 16:46:21 --> Helper loaded: debug_helper
ERROR - 2018-02-08 16:46:21 --> Severity: Notice --> Undefined index: storage C:\Users\Yousri\php\workspace\Memento\models\memento_m.php 31
INFO - 2018-02-08 16:46:21 --> File loaded: C:\Users\Yousri\php\workspace\Memento\views\synapse.php
INFO - 2018-02-08 16:46:21 --> File loaded: C:\Users\Yousri\php\workspace\Memento\views\memento_head_dev.php
INFO - 2018-02-08 16:46:21 --> File loaded: C:\Users\Yousri\php\workspace\Memento\views\memento.php
INFO - 2018-02-08 16:46:21 --> File loaded: C:\Users\Yousri\php\workspace\Memento\views\memento_scripts_dev.php
INFO - 2018-02-08 16:46:21 --> Final output sent to browser
DEBUG - 2018-02-08 16:46:21 --> Total execution time: 0.0701
INFO - 2018-02-08 16:46:28 --> Config Class Initialized
INFO - 2018-02-08 16:46:28 --> Hooks Class Initialized
DEBUG - 2018-02-08 16:46:28 --> UTF-8 Support Enabled
INFO - 2018-02-08 16:46:28 --> Utf8 Class Initialized
INFO - 2018-02-08 16:46:28 --> URI Class Initialized
INFO - 2018-02-08 16:46:28 --> Router Class Initialized
INFO - 2018-02-08 16:46:28 --> Output Class Initialized
INFO - 2018-02-08 16:46:28 --> Security Class Initialized
DEBUG - 2018-02-08 16:46:28 --> Global POST, GET and COOKIE data sanitized
INFO - 2018-02-08 16:46:28 --> Input Class Initialized
INFO - 2018-02-08 16:46:28 --> Language Class Initialized
INFO - 2018-02-08 16:46:28 --> Loader Class Initialized
INFO - 2018-02-08 16:46:28 --> Helper loaded: url_helper
DEBUG - 2018-02-08 16:46:28 --> Config file loaded: C:\Users\Yousri\php\workspace\Memento\config/mongo_db.php
INFO - 2018-02-08 16:46:28 --> Controller Class Initialized
INFO - 2018-02-08 16:46:28 --> Model Class Initialized
INFO - 2018-02-08 16:46:28 --> Helper loaded: debug_helper
INFO - 2018-02-08 16:46:28 --> File loaded: C:\Users\Yousri\php\workspace\Memento\views\synapse.php
INFO - 2018-02-08 16:46:28 --> File loaded: C:\Users\Yousri\php\workspace\Memento\views\memento_head_dev.php
INFO - 2018-02-08 16:46:28 --> File loaded: C:\Users\Yousri\php\workspace\Memento\views\memento.php
INFO - 2018-02-08 16:46:28 --> File loaded: C:\Users\Yousri\php\workspace\Memento\views\memento_scripts_dev.php
INFO - 2018-02-08 16:46:28 --> Final output sent to browser
DEBUG - 2018-02-08 16:46:28 --> Total execution time: 0.0679
INFO - 2018-02-08 16:46:41 --> Config Class Initialized
INFO - 2018-02-08 16:46:41 --> Hooks Class Initialized
DEBUG - 2018-02-08 16:46:41 --> UTF-8 Support Enabled
INFO - 2018-02-08 16:46:41 --> Utf8 Class Initialized
INFO - 2018-02-08 16:46:41 --> URI Class Initialized
INFO - 2018-02-08 16:46:41 --> Router Class Initialized
INFO - 2018-02-08 16:46:41 --> Output Class Initialized
INFO - 2018-02-08 16:46:41 --> Security Class Initialized
DEBUG - 2018-02-08 16:46:41 --> Global POST, GET and COOKIE data sanitized
INFO - 2018-02-08 16:46:41 --> Input Class Initialized
INFO - 2018-02-08 16:46:41 --> Language Class Initialized
INFO - 2018-02-08 16:46:41 --> Loader Class Initialized
INFO - 2018-02-08 16:46:41 --> Helper loaded: url_helper
DEBUG - 2018-02-08 16:46:41 --> Config file loaded: C:\Users\Yousri\php\workspace\Memento\config/mongo_db.php
INFO - 2018-02-08 16:46:41 --> Controller Class Initialized
INFO - 2018-02-08 16:46:41 --> Model Class Initialized
INFO - 2018-02-08 16:46:41 --> Helper loaded: debug_helper
ERROR - 2018-02-08 16:46:41 --> Severity: 4096 --> Object of class stdClass could not be converted to string C:\Users\Yousri\php\workspace\Memento\helpers\debug_helper.php 8
INFO - 2018-02-08 16:46:41 --> File loaded: C:\Users\Yousri\php\workspace\Memento\views\synapse.php
INFO - 2018-02-08 16:46:41 --> File loaded: C:\Users\Yousri\php\workspace\Memento\views\memento_head_dev.php
INFO - 2018-02-08 16:46:41 --> File loaded: C:\Users\Yousri\php\workspace\Memento\views\memento.php
INFO - 2018-02-08 16:46:41 --> File loaded: C:\Users\Yousri\php\workspace\Memento\views\memento_scripts_dev.php
INFO - 2018-02-08 16:46:41 --> Final output sent to browser
DEBUG - 2018-02-08 16:46:41 --> Total execution time: 0.0733
INFO - 2018-02-08 16:46:55 --> Config Class Initialized
INFO - 2018-02-08 16:46:55 --> Hooks Class Initialized
DEBUG - 2018-02-08 16:46:55 --> UTF-8 Support Enabled
INFO - 2018-02-08 16:46:55 --> Utf8 Class Initialized
INFO - 2018-02-08 16:46:55 --> URI Class Initialized
INFO - 2018-02-08 16:46:55 --> Router Class Initialized
INFO - 2018-02-08 16:46:55 --> Output Class Initialized
INFO - 2018-02-08 16:46:55 --> Security Class Initialized
DEBUG - 2018-02-08 16:46:55 --> Global POST, GET and COOKIE data sanitized
INFO - 2018-02-08 16:46:55 --> Input Class Initialized
INFO - 2018-02-08 16:46:55 --> Language Class Initialized
INFO - 2018-02-08 16:46:55 --> Loader Class Initialized
INFO - 2018-02-08 16:46:55 --> Helper loaded: url_helper
DEBUG - 2018-02-08 16:46:55 --> Config file loaded: C:\Users\Yousri\php\workspace\Memento\config/mongo_db.php
INFO - 2018-02-08 16:46:55 --> Controller Class Initialized
INFO - 2018-02-08 16:46:55 --> Model Class Initialized
INFO - 2018-02-08 16:46:55 --> Helper loaded: debug_helper
INFO - 2018-02-08 16:46:55 --> File loaded: C:\Users\Yousri\php\workspace\Memento\views\synapse.php
INFO - 2018-02-08 16:46:55 --> File loaded: C:\Users\Yousri\php\workspace\Memento\views\memento_head_dev.php
INFO - 2018-02-08 16:46:55 --> File loaded: C:\Users\Yousri\php\workspace\Memento\views\memento.php
INFO - 2018-02-08 16:46:55 --> File loaded: C:\Users\Yousri\php\workspace\Memento\views\memento_scripts_dev.php
INFO - 2018-02-08 16:46:55 --> Final output sent to browser
DEBUG - 2018-02-08 16:46:55 --> Total execution time: 0.0662
