INFO - 2018-02-04 13:18:45 --> Config Class Initialized
INFO - 2018-02-04 13:18:45 --> Hooks Class Initialized
DEBUG - 2018-02-04 13:18:45 --> UTF-8 Support Enabled
INFO - 2018-02-04 13:18:45 --> Utf8 Class Initialized
INFO - 2018-02-04 13:18:45 --> URI Class Initialized
INFO - 2018-02-04 13:18:45 --> Router Class Initialized
INFO - 2018-02-04 13:18:45 --> Output Class Initialized
INFO - 2018-02-04 13:18:45 --> Security Class Initialized
DEBUG - 2018-02-04 13:18:45 --> Global POST, GET and COOKIE data sanitized
INFO - 2018-02-04 13:18:45 --> Input Class Initialized
INFO - 2018-02-04 13:18:45 --> Language Class Initialized
INFO - 2018-02-04 13:18:45 --> Loader Class Initialized
INFO - 2018-02-04 13:18:45 --> Helper loaded: url_helper
INFO - 2018-02-04 14:08:36 --> Config Class Initialized
INFO - 2018-02-04 14:08:36 --> Hooks Class Initialized
DEBUG - 2018-02-04 14:08:36 --> UTF-8 Support Enabled
INFO - 2018-02-04 14:08:36 --> Utf8 Class Initialized
INFO - 2018-02-04 14:08:36 --> URI Class Initialized
INFO - 2018-02-04 14:08:36 --> Router Class Initialized
INFO - 2018-02-04 14:08:36 --> Output Class Initialized
INFO - 2018-02-04 14:08:36 --> Security Class Initialized
DEBUG - 2018-02-04 14:08:36 --> Global POST, GET and COOKIE data sanitized
INFO - 2018-02-04 14:08:36 --> Input Class Initialized
INFO - 2018-02-04 14:08:36 --> Language Class Initialized
INFO - 2018-02-04 14:08:36 --> Loader Class Initialized
INFO - 2018-02-04 14:08:36 --> Helper loaded: url_helper
INFO - 2018-02-04 14:08:39 --> Config Class Initialized
INFO - 2018-02-04 14:08:39 --> Hooks Class Initialized
DEBUG - 2018-02-04 14:08:39 --> UTF-8 Support Enabled
INFO - 2018-02-04 14:08:39 --> Utf8 Class Initialized
INFO - 2018-02-04 14:08:39 --> URI Class Initialized
INFO - 2018-02-04 14:08:39 --> Router Class Initialized
INFO - 2018-02-04 14:08:39 --> Output Class Initialized
INFO - 2018-02-04 14:08:39 --> Security Class Initialized
DEBUG - 2018-02-04 14:08:39 --> Global POST, GET and COOKIE data sanitized
INFO - 2018-02-04 14:08:39 --> Input Class Initialized
INFO - 2018-02-04 14:08:39 --> Language Class Initialized
INFO - 2018-02-04 14:08:39 --> Loader Class Initialized
INFO - 2018-02-04 14:08:39 --> Helper loaded: url_helper
INFO - 2018-02-04 14:34:23 --> Config Class Initialized
INFO - 2018-02-04 14:34:23 --> Hooks Class Initialized
DEBUG - 2018-02-04 14:34:23 --> UTF-8 Support Enabled
INFO - 2018-02-04 14:34:23 --> Utf8 Class Initialized
INFO - 2018-02-04 14:34:23 --> URI Class Initialized
INFO - 2018-02-04 14:34:23 --> Router Class Initialized
INFO - 2018-02-04 14:34:23 --> Output Class Initialized
INFO - 2018-02-04 14:34:23 --> Security Class Initialized
DEBUG - 2018-02-04 14:34:23 --> Global POST, GET and COOKIE data sanitized
INFO - 2018-02-04 14:34:23 --> Input Class Initialized
INFO - 2018-02-04 14:34:23 --> Language Class Initialized
INFO - 2018-02-04 14:34:23 --> Loader Class Initialized
INFO - 2018-02-04 14:34:23 --> Helper loaded: url_helper
