INFO - 2017-10-12 18:44:45 --> Config Class Initialized
INFO - 2017-10-12 18:44:45 --> Hooks Class Initialized
DEBUG - 2017-10-12 18:44:45 --> UTF-8 Support Enabled
INFO - 2017-10-12 18:44:45 --> Utf8 Class Initialized
INFO - 2017-10-12 18:44:45 --> URI Class Initialized
INFO - 2017-10-12 18:44:45 --> Router Class Initialized
INFO - 2017-10-12 18:44:45 --> Output Class Initialized
INFO - 2017-10-12 18:44:45 --> Security Class Initialized
DEBUG - 2017-10-12 18:44:45 --> Global POST, GET and COOKIE data sanitized
INFO - 2017-10-12 18:44:45 --> Input Class Initialized
INFO - 2017-10-12 18:44:45 --> Language Class Initialized
ERROR - 2017-10-12 18:44:45 --> 404 Page Not Found: Memento/show
INFO - 2017-10-12 18:44:49 --> Config Class Initialized
INFO - 2017-10-12 18:44:49 --> Hooks Class Initialized
DEBUG - 2017-10-12 18:44:49 --> UTF-8 Support Enabled
INFO - 2017-10-12 18:44:49 --> Utf8 Class Initialized
INFO - 2017-10-12 18:44:49 --> URI Class Initialized
INFO - 2017-10-12 18:44:49 --> Router Class Initialized
INFO - 2017-10-12 18:44:49 --> Output Class Initialized
INFO - 2017-10-12 18:44:49 --> Security Class Initialized
DEBUG - 2017-10-12 18:44:49 --> Global POST, GET and COOKIE data sanitized
INFO - 2017-10-12 18:44:49 --> Input Class Initialized
INFO - 2017-10-12 18:44:49 --> Language Class Initialized
INFO - 2017-10-12 18:44:49 --> Loader Class Initialized
INFO - 2017-10-12 18:44:49 --> Helper loaded: url_helper
INFO - 2017-10-12 18:44:49 --> Controller Class Initialized
INFO - 2017-10-12 18:44:49 --> File loaded: C:\Users\Noctombule\Documents\isib\SelfLearning\programation\PHP\workspace\Memento\views\memento_head_dev.php
INFO - 2017-10-12 18:44:49 --> File loaded: C:\Users\Noctombule\Documents\isib\SelfLearning\programation\PHP\workspace\Memento\views\memento.php
INFO - 2017-10-12 18:44:49 --> Final output sent to browser
DEBUG - 2017-10-12 18:44:49 --> Total execution time: 0.0400
INFO - 2017-10-12 18:46:05 --> Config Class Initialized
INFO - 2017-10-12 18:46:05 --> Hooks Class Initialized
DEBUG - 2017-10-12 18:46:05 --> UTF-8 Support Enabled
INFO - 2017-10-12 18:46:05 --> Utf8 Class Initialized
INFO - 2017-10-12 18:46:05 --> URI Class Initialized
INFO - 2017-10-12 18:46:05 --> Router Class Initialized
INFO - 2017-10-12 18:46:05 --> Output Class Initialized
INFO - 2017-10-12 18:46:05 --> Security Class Initialized
DEBUG - 2017-10-12 18:46:05 --> Global POST, GET and COOKIE data sanitized
INFO - 2017-10-12 18:46:05 --> Input Class Initialized
INFO - 2017-10-12 18:46:05 --> Language Class Initialized
INFO - 2017-10-12 18:46:05 --> Loader Class Initialized
INFO - 2017-10-12 18:46:05 --> Helper loaded: url_helper
INFO - 2017-10-12 18:46:05 --> Controller Class Initialized
INFO - 2017-10-12 18:46:05 --> File loaded: C:\Users\Noctombule\Documents\isib\SelfLearning\programation\PHP\workspace\Memento\views\memento_head_dev.php
INFO - 2017-10-12 18:46:05 --> File loaded: C:\Users\Noctombule\Documents\isib\SelfLearning\programation\PHP\workspace\Memento\views\memento.php
INFO - 2017-10-12 18:46:05 --> Final output sent to browser
DEBUG - 2017-10-12 18:46:05 --> Total execution time: 0.0330
INFO - 2017-10-12 18:47:57 --> Config Class Initialized
INFO - 2017-10-12 18:47:57 --> Hooks Class Initialized
DEBUG - 2017-10-12 18:47:57 --> UTF-8 Support Enabled
INFO - 2017-10-12 18:47:57 --> Utf8 Class Initialized
INFO - 2017-10-12 18:47:57 --> URI Class Initialized
INFO - 2017-10-12 18:47:57 --> Router Class Initialized
INFO - 2017-10-12 18:47:57 --> Output Class Initialized
INFO - 2017-10-12 18:47:57 --> Security Class Initialized
DEBUG - 2017-10-12 18:47:57 --> Global POST, GET and COOKIE data sanitized
INFO - 2017-10-12 18:47:57 --> Input Class Initialized
INFO - 2017-10-12 18:47:57 --> Language Class Initialized
INFO - 2017-10-12 18:47:57 --> Loader Class Initialized
INFO - 2017-10-12 18:47:57 --> Helper loaded: url_helper
INFO - 2017-10-12 18:47:57 --> Controller Class Initialized
INFO - 2017-10-12 18:47:57 --> File loaded: C:\Users\Noctombule\Documents\isib\SelfLearning\programation\PHP\workspace\Memento\views\memento_head_dev.php
INFO - 2017-10-12 18:47:57 --> File loaded: C:\Users\Noctombule\Documents\isib\SelfLearning\programation\PHP\workspace\Memento\views\memento.php
INFO - 2017-10-12 18:47:57 --> Final output sent to browser
DEBUG - 2017-10-12 18:47:57 --> Total execution time: 0.0270
INFO - 2017-10-12 18:49:17 --> Config Class Initialized
INFO - 2017-10-12 18:49:17 --> Hooks Class Initialized
DEBUG - 2017-10-12 18:49:17 --> UTF-8 Support Enabled
INFO - 2017-10-12 18:49:17 --> Utf8 Class Initialized
INFO - 2017-10-12 18:49:17 --> URI Class Initialized
INFO - 2017-10-12 18:49:17 --> Router Class Initialized
INFO - 2017-10-12 18:49:17 --> Output Class Initialized
INFO - 2017-10-12 18:49:17 --> Security Class Initialized
DEBUG - 2017-10-12 18:49:17 --> Global POST, GET and COOKIE data sanitized
INFO - 2017-10-12 18:49:17 --> Input Class Initialized
INFO - 2017-10-12 18:49:17 --> Language Class Initialized
INFO - 2017-10-12 18:49:17 --> Loader Class Initialized
INFO - 2017-10-12 18:49:17 --> Helper loaded: url_helper
INFO - 2017-10-12 18:49:17 --> Controller Class Initialized
INFO - 2017-10-12 18:49:17 --> File loaded: C:\Users\Noctombule\Documents\isib\SelfLearning\programation\PHP\workspace\Memento\views\memento_head_dev.php
INFO - 2017-10-12 18:49:17 --> File loaded: C:\Users\Noctombule\Documents\isib\SelfLearning\programation\PHP\workspace\Memento\views\memento.php
INFO - 2017-10-12 18:49:17 --> Final output sent to browser
DEBUG - 2017-10-12 18:49:17 --> Total execution time: 0.0330
INFO - 2017-10-12 18:49:39 --> Config Class Initialized
INFO - 2017-10-12 18:49:39 --> Hooks Class Initialized
DEBUG - 2017-10-12 18:49:39 --> UTF-8 Support Enabled
INFO - 2017-10-12 18:49:39 --> Utf8 Class Initialized
INFO - 2017-10-12 18:49:39 --> URI Class Initialized
INFO - 2017-10-12 18:49:39 --> Router Class Initialized
INFO - 2017-10-12 18:49:39 --> Output Class Initialized
INFO - 2017-10-12 18:49:39 --> Security Class Initialized
DEBUG - 2017-10-12 18:49:39 --> Global POST, GET and COOKIE data sanitized
INFO - 2017-10-12 18:49:39 --> Input Class Initialized
INFO - 2017-10-12 18:49:39 --> Language Class Initialized
INFO - 2017-10-12 18:49:39 --> Loader Class Initialized
INFO - 2017-10-12 18:49:39 --> Helper loaded: url_helper
INFO - 2017-10-12 18:49:39 --> Controller Class Initialized
INFO - 2017-10-12 18:49:39 --> File loaded: C:\Users\Noctombule\Documents\isib\SelfLearning\programation\PHP\workspace\Memento\views\memento_head_dev.php
INFO - 2017-10-12 18:49:39 --> File loaded: C:\Users\Noctombule\Documents\isib\SelfLearning\programation\PHP\workspace\Memento\views\memento.php
INFO - 2017-10-12 18:49:39 --> Final output sent to browser
DEBUG - 2017-10-12 18:49:39 --> Total execution time: 0.0330
INFO - 2017-10-12 18:50:15 --> Config Class Initialized
INFO - 2017-10-12 18:50:15 --> Hooks Class Initialized
DEBUG - 2017-10-12 18:50:15 --> UTF-8 Support Enabled
INFO - 2017-10-12 18:50:15 --> Utf8 Class Initialized
INFO - 2017-10-12 18:50:15 --> URI Class Initialized
INFO - 2017-10-12 18:50:15 --> Router Class Initialized
INFO - 2017-10-12 18:50:15 --> Output Class Initialized
INFO - 2017-10-12 18:50:15 --> Security Class Initialized
DEBUG - 2017-10-12 18:50:15 --> Global POST, GET and COOKIE data sanitized
INFO - 2017-10-12 18:50:15 --> Input Class Initialized
INFO - 2017-10-12 18:50:15 --> Language Class Initialized
INFO - 2017-10-12 18:50:15 --> Loader Class Initialized
INFO - 2017-10-12 18:50:15 --> Helper loaded: url_helper
INFO - 2017-10-12 18:50:15 --> Controller Class Initialized
INFO - 2017-10-12 18:50:15 --> File loaded: C:\Users\Noctombule\Documents\isib\SelfLearning\programation\PHP\workspace\Memento\views\memento_head_dev.php
INFO - 2017-10-12 18:50:15 --> File loaded: C:\Users\Noctombule\Documents\isib\SelfLearning\programation\PHP\workspace\Memento\views\memento.php
INFO - 2017-10-12 18:50:15 --> Final output sent to browser
DEBUG - 2017-10-12 18:50:15 --> Total execution time: 0.0320
INFO - 2017-10-12 18:52:18 --> Config Class Initialized
INFO - 2017-10-12 18:52:18 --> Hooks Class Initialized
DEBUG - 2017-10-12 18:52:18 --> UTF-8 Support Enabled
INFO - 2017-10-12 18:52:18 --> Utf8 Class Initialized
INFO - 2017-10-12 18:52:18 --> URI Class Initialized
INFO - 2017-10-12 18:52:18 --> Router Class Initialized
INFO - 2017-10-12 18:52:18 --> Output Class Initialized
INFO - 2017-10-12 18:52:18 --> Security Class Initialized
DEBUG - 2017-10-12 18:52:18 --> Global POST, GET and COOKIE data sanitized
INFO - 2017-10-12 18:52:18 --> Input Class Initialized
INFO - 2017-10-12 18:52:18 --> Language Class Initialized
INFO - 2017-10-12 18:52:18 --> Loader Class Initialized
INFO - 2017-10-12 18:52:18 --> Helper loaded: url_helper
INFO - 2017-10-12 18:52:18 --> Controller Class Initialized
INFO - 2017-10-12 18:52:18 --> File loaded: C:\Users\Noctombule\Documents\isib\SelfLearning\programation\PHP\workspace\Memento\views\memento_head_dev.php
INFO - 2017-10-12 18:52:18 --> File loaded: C:\Users\Noctombule\Documents\isib\SelfLearning\programation\PHP\workspace\Memento\views\memento.php
INFO - 2017-10-12 18:52:18 --> Final output sent to browser
DEBUG - 2017-10-12 18:52:18 --> Total execution time: 0.0370
INFO - 2017-10-12 19:26:44 --> Config Class Initialized
INFO - 2017-10-12 19:26:44 --> Hooks Class Initialized
DEBUG - 2017-10-12 19:26:44 --> UTF-8 Support Enabled
INFO - 2017-10-12 19:26:44 --> Utf8 Class Initialized
INFO - 2017-10-12 19:26:44 --> URI Class Initialized
INFO - 2017-10-12 19:26:44 --> Router Class Initialized
INFO - 2017-10-12 19:26:44 --> Output Class Initialized
INFO - 2017-10-12 19:26:44 --> Security Class Initialized
DEBUG - 2017-10-12 19:26:44 --> Global POST, GET and COOKIE data sanitized
INFO - 2017-10-12 19:26:44 --> Input Class Initialized
INFO - 2017-10-12 19:26:44 --> Language Class Initialized
INFO - 2017-10-12 19:26:44 --> Loader Class Initialized
INFO - 2017-10-12 19:26:44 --> Helper loaded: url_helper
INFO - 2017-10-12 19:26:44 --> Controller Class Initialized
INFO - 2017-10-12 19:26:44 --> File loaded: C:\Users\Noctombule\Documents\isib\SelfLearning\programation\PHP\workspace\Memento\views\memento_head_dev.php
INFO - 2017-10-12 19:26:44 --> File loaded: C:\Users\Noctombule\Documents\isib\SelfLearning\programation\PHP\workspace\Memento\views\memento.php
INFO - 2017-10-12 19:26:44 --> Final output sent to browser
DEBUG - 2017-10-12 19:26:44 --> Total execution time: 0.0370
INFO - 2017-10-12 19:29:31 --> Config Class Initialized
INFO - 2017-10-12 19:29:31 --> Hooks Class Initialized
DEBUG - 2017-10-12 19:29:31 --> UTF-8 Support Enabled
INFO - 2017-10-12 19:29:31 --> Utf8 Class Initialized
INFO - 2017-10-12 19:29:31 --> URI Class Initialized
INFO - 2017-10-12 19:29:31 --> Router Class Initialized
INFO - 2017-10-12 19:29:31 --> Output Class Initialized
INFO - 2017-10-12 19:29:31 --> Security Class Initialized
DEBUG - 2017-10-12 19:29:31 --> Global POST, GET and COOKIE data sanitized
INFO - 2017-10-12 19:29:31 --> Input Class Initialized
INFO - 2017-10-12 19:29:31 --> Language Class Initialized
INFO - 2017-10-12 19:29:31 --> Loader Class Initialized
INFO - 2017-10-12 19:29:31 --> Helper loaded: url_helper
INFO - 2017-10-12 19:29:31 --> Controller Class Initialized
INFO - 2017-10-12 19:29:31 --> File loaded: C:\Users\Noctombule\Documents\isib\SelfLearning\programation\PHP\workspace\Memento\views\memento_head_dev.php
INFO - 2017-10-12 19:29:31 --> File loaded: C:\Users\Noctombule\Documents\isib\SelfLearning\programation\PHP\workspace\Memento\views\memento.php
INFO - 2017-10-12 19:29:31 --> Final output sent to browser
DEBUG - 2017-10-12 19:29:31 --> Total execution time: 0.0420
INFO - 2017-10-12 19:31:47 --> Config Class Initialized
INFO - 2017-10-12 19:31:47 --> Hooks Class Initialized
DEBUG - 2017-10-12 19:31:47 --> UTF-8 Support Enabled
INFO - 2017-10-12 19:31:47 --> Utf8 Class Initialized
INFO - 2017-10-12 19:31:47 --> URI Class Initialized
INFO - 2017-10-12 19:31:47 --> Router Class Initialized
INFO - 2017-10-12 19:31:47 --> Output Class Initialized
INFO - 2017-10-12 19:31:47 --> Security Class Initialized
DEBUG - 2017-10-12 19:31:47 --> Global POST, GET and COOKIE data sanitized
INFO - 2017-10-12 19:31:47 --> Input Class Initialized
INFO - 2017-10-12 19:31:47 --> Language Class Initialized
INFO - 2017-10-12 19:31:47 --> Loader Class Initialized
INFO - 2017-10-12 19:31:47 --> Helper loaded: url_helper
INFO - 2017-10-12 19:31:47 --> Controller Class Initialized
INFO - 2017-10-12 19:31:47 --> File loaded: C:\Users\Noctombule\Documents\isib\SelfLearning\programation\PHP\workspace\Memento\views\memento_head_dev.php
INFO - 2017-10-12 19:31:47 --> File loaded: C:\Users\Noctombule\Documents\isib\SelfLearning\programation\PHP\workspace\Memento\views\memento.php
INFO - 2017-10-12 19:31:47 --> Final output sent to browser
DEBUG - 2017-10-12 19:31:47 --> Total execution time: 0.0300
INFO - 2017-10-12 19:34:05 --> Config Class Initialized
INFO - 2017-10-12 19:34:05 --> Hooks Class Initialized
DEBUG - 2017-10-12 19:34:05 --> UTF-8 Support Enabled
INFO - 2017-10-12 19:34:05 --> Utf8 Class Initialized
INFO - 2017-10-12 19:34:05 --> URI Class Initialized
INFO - 2017-10-12 19:34:05 --> Router Class Initialized
INFO - 2017-10-12 19:34:05 --> Output Class Initialized
INFO - 2017-10-12 19:34:05 --> Security Class Initialized
DEBUG - 2017-10-12 19:34:05 --> Global POST, GET and COOKIE data sanitized
INFO - 2017-10-12 19:34:05 --> Input Class Initialized
INFO - 2017-10-12 19:34:05 --> Language Class Initialized
INFO - 2017-10-12 19:34:05 --> Loader Class Initialized
INFO - 2017-10-12 19:34:05 --> Helper loaded: url_helper
INFO - 2017-10-12 19:34:05 --> Controller Class Initialized
INFO - 2017-10-12 19:34:05 --> File loaded: C:\Users\Noctombule\Documents\isib\SelfLearning\programation\PHP\workspace\Memento\views\memento_head_dev.php
INFO - 2017-10-12 19:34:05 --> File loaded: C:\Users\Noctombule\Documents\isib\SelfLearning\programation\PHP\workspace\Memento\views\memento.php
INFO - 2017-10-12 19:34:05 --> Final output sent to browser
DEBUG - 2017-10-12 19:34:05 --> Total execution time: 0.0300
INFO - 2017-10-12 19:34:57 --> Config Class Initialized
INFO - 2017-10-12 19:34:57 --> Hooks Class Initialized
DEBUG - 2017-10-12 19:34:57 --> UTF-8 Support Enabled
INFO - 2017-10-12 19:34:57 --> Utf8 Class Initialized
INFO - 2017-10-12 19:34:57 --> URI Class Initialized
INFO - 2017-10-12 19:34:57 --> Router Class Initialized
INFO - 2017-10-12 19:34:57 --> Output Class Initialized
INFO - 2017-10-12 19:34:57 --> Security Class Initialized
DEBUG - 2017-10-12 19:34:57 --> Global POST, GET and COOKIE data sanitized
INFO - 2017-10-12 19:34:57 --> Input Class Initialized
INFO - 2017-10-12 19:34:57 --> Language Class Initialized
INFO - 2017-10-12 19:34:57 --> Loader Class Initialized
INFO - 2017-10-12 19:34:57 --> Helper loaded: url_helper
INFO - 2017-10-12 19:34:57 --> Controller Class Initialized
INFO - 2017-10-12 19:34:57 --> File loaded: C:\Users\Noctombule\Documents\isib\SelfLearning\programation\PHP\workspace\Memento\views\memento_head_dev.php
INFO - 2017-10-12 19:34:57 --> File loaded: C:\Users\Noctombule\Documents\isib\SelfLearning\programation\PHP\workspace\Memento\views\memento.php
INFO - 2017-10-12 19:34:57 --> Final output sent to browser
DEBUG - 2017-10-12 19:34:57 --> Total execution time: 0.0260
INFO - 2017-10-12 19:35:54 --> Config Class Initialized
INFO - 2017-10-12 19:35:54 --> Hooks Class Initialized
DEBUG - 2017-10-12 19:35:54 --> UTF-8 Support Enabled
INFO - 2017-10-12 19:35:54 --> Utf8 Class Initialized
INFO - 2017-10-12 19:35:54 --> URI Class Initialized
INFO - 2017-10-12 19:35:54 --> Router Class Initialized
INFO - 2017-10-12 19:35:54 --> Output Class Initialized
INFO - 2017-10-12 19:35:54 --> Security Class Initialized
DEBUG - 2017-10-12 19:35:54 --> Global POST, GET and COOKIE data sanitized
INFO - 2017-10-12 19:35:54 --> Input Class Initialized
INFO - 2017-10-12 19:35:54 --> Language Class Initialized
INFO - 2017-10-12 19:35:54 --> Loader Class Initialized
INFO - 2017-10-12 19:35:54 --> Helper loaded: url_helper
INFO - 2017-10-12 19:35:54 --> Controller Class Initialized
INFO - 2017-10-12 19:35:54 --> File loaded: C:\Users\Noctombule\Documents\isib\SelfLearning\programation\PHP\workspace\Memento\views\memento_head_dev.php
INFO - 2017-10-12 19:35:54 --> File loaded: C:\Users\Noctombule\Documents\isib\SelfLearning\programation\PHP\workspace\Memento\views\memento.php
INFO - 2017-10-12 19:35:54 --> Final output sent to browser
DEBUG - 2017-10-12 19:35:54 --> Total execution time: 0.0370
INFO - 2017-10-12 19:38:39 --> Config Class Initialized
INFO - 2017-10-12 19:38:39 --> Hooks Class Initialized
DEBUG - 2017-10-12 19:38:39 --> UTF-8 Support Enabled
INFO - 2017-10-12 19:38:39 --> Utf8 Class Initialized
INFO - 2017-10-12 19:38:39 --> URI Class Initialized
INFO - 2017-10-12 19:38:39 --> Router Class Initialized
INFO - 2017-10-12 19:38:39 --> Output Class Initialized
INFO - 2017-10-12 19:38:39 --> Security Class Initialized
DEBUG - 2017-10-12 19:38:39 --> Global POST, GET and COOKIE data sanitized
INFO - 2017-10-12 19:38:39 --> Input Class Initialized
INFO - 2017-10-12 19:38:39 --> Language Class Initialized
INFO - 2017-10-12 19:38:39 --> Loader Class Initialized
INFO - 2017-10-12 19:38:39 --> Helper loaded: url_helper
INFO - 2017-10-12 19:38:39 --> Controller Class Initialized
INFO - 2017-10-12 19:38:39 --> File loaded: C:\Users\Noctombule\Documents\isib\SelfLearning\programation\PHP\workspace\Memento\views\memento_head_dev.php
INFO - 2017-10-12 19:38:39 --> File loaded: C:\Users\Noctombule\Documents\isib\SelfLearning\programation\PHP\workspace\Memento\views\memento.php
INFO - 2017-10-12 19:38:39 --> Final output sent to browser
DEBUG - 2017-10-12 19:38:39 --> Total execution time: 0.0280
INFO - 2017-10-12 19:39:53 --> Config Class Initialized
INFO - 2017-10-12 19:39:53 --> Hooks Class Initialized
DEBUG - 2017-10-12 19:39:53 --> UTF-8 Support Enabled
INFO - 2017-10-12 19:39:53 --> Utf8 Class Initialized
INFO - 2017-10-12 19:39:53 --> URI Class Initialized
INFO - 2017-10-12 19:39:53 --> Router Class Initialized
INFO - 2017-10-12 19:39:53 --> Output Class Initialized
INFO - 2017-10-12 19:39:53 --> Security Class Initialized
DEBUG - 2017-10-12 19:39:53 --> Global POST, GET and COOKIE data sanitized
INFO - 2017-10-12 19:39:53 --> Input Class Initialized
INFO - 2017-10-12 19:39:53 --> Language Class Initialized
INFO - 2017-10-12 19:39:53 --> Loader Class Initialized
INFO - 2017-10-12 19:39:53 --> Helper loaded: url_helper
INFO - 2017-10-12 19:39:53 --> Controller Class Initialized
INFO - 2017-10-12 19:39:53 --> File loaded: C:\Users\Noctombule\Documents\isib\SelfLearning\programation\PHP\workspace\Memento\views\memento_head_dev.php
INFO - 2017-10-12 19:39:53 --> File loaded: C:\Users\Noctombule\Documents\isib\SelfLearning\programation\PHP\workspace\Memento\views\memento.php
INFO - 2017-10-12 19:39:53 --> Final output sent to browser
DEBUG - 2017-10-12 19:39:53 --> Total execution time: 0.0280
INFO - 2017-10-12 19:42:33 --> Config Class Initialized
INFO - 2017-10-12 19:42:33 --> Hooks Class Initialized
DEBUG - 2017-10-12 19:42:33 --> UTF-8 Support Enabled
INFO - 2017-10-12 19:42:33 --> Utf8 Class Initialized
INFO - 2017-10-12 19:42:33 --> URI Class Initialized
INFO - 2017-10-12 19:42:33 --> Router Class Initialized
INFO - 2017-10-12 19:42:33 --> Output Class Initialized
INFO - 2017-10-12 19:42:33 --> Security Class Initialized
DEBUG - 2017-10-12 19:42:33 --> Global POST, GET and COOKIE data sanitized
INFO - 2017-10-12 19:42:33 --> Input Class Initialized
INFO - 2017-10-12 19:42:33 --> Language Class Initialized
INFO - 2017-10-12 19:42:33 --> Loader Class Initialized
INFO - 2017-10-12 19:42:33 --> Helper loaded: url_helper
INFO - 2017-10-12 19:42:33 --> Controller Class Initialized
INFO - 2017-10-12 19:42:33 --> File loaded: C:\Users\Noctombule\Documents\isib\SelfLearning\programation\PHP\workspace\Memento\views\memento_head_dev.php
INFO - 2017-10-12 19:42:33 --> File loaded: C:\Users\Noctombule\Documents\isib\SelfLearning\programation\PHP\workspace\Memento\views\memento.php
INFO - 2017-10-12 19:42:33 --> Final output sent to browser
DEBUG - 2017-10-12 19:42:33 --> Total execution time: 0.0350
INFO - 2017-10-12 19:45:22 --> Config Class Initialized
INFO - 2017-10-12 19:45:22 --> Hooks Class Initialized
DEBUG - 2017-10-12 19:45:22 --> UTF-8 Support Enabled
INFO - 2017-10-12 19:45:22 --> Utf8 Class Initialized
INFO - 2017-10-12 19:45:22 --> URI Class Initialized
INFO - 2017-10-12 19:45:22 --> Router Class Initialized
INFO - 2017-10-12 19:45:22 --> Output Class Initialized
INFO - 2017-10-12 19:45:22 --> Security Class Initialized
DEBUG - 2017-10-12 19:45:22 --> Global POST, GET and COOKIE data sanitized
INFO - 2017-10-12 19:45:22 --> Input Class Initialized
INFO - 2017-10-12 19:45:22 --> Language Class Initialized
INFO - 2017-10-12 19:45:22 --> Loader Class Initialized
INFO - 2017-10-12 19:45:22 --> Helper loaded: url_helper
INFO - 2017-10-12 19:45:22 --> Controller Class Initialized
INFO - 2017-10-12 19:45:22 --> File loaded: C:\Users\Noctombule\Documents\isib\SelfLearning\programation\PHP\workspace\Memento\views\memento_head_dev.php
INFO - 2017-10-12 19:45:22 --> File loaded: C:\Users\Noctombule\Documents\isib\SelfLearning\programation\PHP\workspace\Memento\views\memento.php
INFO - 2017-10-12 19:45:22 --> Final output sent to browser
DEBUG - 2017-10-12 19:45:22 --> Total execution time: 0.0310
INFO - 2017-10-12 19:51:10 --> Config Class Initialized
INFO - 2017-10-12 19:51:10 --> Hooks Class Initialized
DEBUG - 2017-10-12 19:51:10 --> UTF-8 Support Enabled
INFO - 2017-10-12 19:51:10 --> Utf8 Class Initialized
INFO - 2017-10-12 19:51:10 --> URI Class Initialized
INFO - 2017-10-12 19:51:10 --> Router Class Initialized
INFO - 2017-10-12 19:51:10 --> Output Class Initialized
INFO - 2017-10-12 19:51:10 --> Security Class Initialized
DEBUG - 2017-10-12 19:51:10 --> Global POST, GET and COOKIE data sanitized
INFO - 2017-10-12 19:51:10 --> Input Class Initialized
INFO - 2017-10-12 19:51:10 --> Language Class Initialized
INFO - 2017-10-12 19:51:10 --> Loader Class Initialized
INFO - 2017-10-12 19:51:10 --> Helper loaded: url_helper
INFO - 2017-10-12 19:51:10 --> Controller Class Initialized
INFO - 2017-10-12 19:51:10 --> File loaded: C:\Users\Noctombule\Documents\isib\SelfLearning\programation\PHP\workspace\Memento\views\memento_head_dev.php
INFO - 2017-10-12 19:51:10 --> File loaded: C:\Users\Noctombule\Documents\isib\SelfLearning\programation\PHP\workspace\Memento\views\memento.php
INFO - 2017-10-12 19:51:10 --> Final output sent to browser
DEBUG - 2017-10-12 19:51:10 --> Total execution time: 0.0370
INFO - 2017-10-12 19:51:29 --> Config Class Initialized
INFO - 2017-10-12 19:51:29 --> Hooks Class Initialized
DEBUG - 2017-10-12 19:51:29 --> UTF-8 Support Enabled
INFO - 2017-10-12 19:51:29 --> Utf8 Class Initialized
INFO - 2017-10-12 19:51:29 --> URI Class Initialized
INFO - 2017-10-12 19:51:29 --> Router Class Initialized
INFO - 2017-10-12 19:51:29 --> Output Class Initialized
INFO - 2017-10-12 19:51:29 --> Security Class Initialized
DEBUG - 2017-10-12 19:51:29 --> Global POST, GET and COOKIE data sanitized
INFO - 2017-10-12 19:51:29 --> Input Class Initialized
INFO - 2017-10-12 19:51:29 --> Language Class Initialized
INFO - 2017-10-12 19:51:29 --> Loader Class Initialized
INFO - 2017-10-12 19:51:29 --> Helper loaded: url_helper
INFO - 2017-10-12 19:51:29 --> Controller Class Initialized
INFO - 2017-10-12 19:51:29 --> File loaded: C:\Users\Noctombule\Documents\isib\SelfLearning\programation\PHP\workspace\Memento\views\memento_head_dev.php
INFO - 2017-10-12 19:51:29 --> File loaded: C:\Users\Noctombule\Documents\isib\SelfLearning\programation\PHP\workspace\Memento\views\memento.php
INFO - 2017-10-12 19:51:29 --> Final output sent to browser
DEBUG - 2017-10-12 19:51:29 --> Total execution time: 0.0320
INFO - 2017-10-12 19:56:04 --> Config Class Initialized
INFO - 2017-10-12 19:56:04 --> Hooks Class Initialized
DEBUG - 2017-10-12 19:56:04 --> UTF-8 Support Enabled
INFO - 2017-10-12 19:56:04 --> Utf8 Class Initialized
INFO - 2017-10-12 19:56:04 --> URI Class Initialized
DEBUG - 2017-10-12 19:56:04 --> No URI present. Default controller set.
INFO - 2017-10-12 19:56:04 --> Router Class Initialized
INFO - 2017-10-12 19:56:04 --> Output Class Initialized
INFO - 2017-10-12 19:56:04 --> Security Class Initialized
DEBUG - 2017-10-12 19:56:04 --> Global POST, GET and COOKIE data sanitized
INFO - 2017-10-12 19:56:04 --> Input Class Initialized
INFO - 2017-10-12 19:56:04 --> Language Class Initialized
INFO - 2017-10-12 19:56:04 --> Loader Class Initialized
INFO - 2017-10-12 19:56:04 --> Helper loaded: url_helper
INFO - 2017-10-12 19:56:04 --> Controller Class Initialized
INFO - 2017-10-12 19:56:04 --> File loaded: C:\Users\Noctombule\Documents\isib\SelfLearning\programation\PHP\workspace\Memento\views\welcome_message.php
INFO - 2017-10-12 19:56:04 --> Final output sent to browser
DEBUG - 2017-10-12 19:56:04 --> Total execution time: 0.0380
INFO - 2017-10-12 19:56:06 --> Config Class Initialized
INFO - 2017-10-12 19:56:06 --> Hooks Class Initialized
DEBUG - 2017-10-12 19:56:06 --> UTF-8 Support Enabled
INFO - 2017-10-12 19:56:06 --> Utf8 Class Initialized
INFO - 2017-10-12 19:56:06 --> URI Class Initialized
INFO - 2017-10-12 19:56:06 --> Router Class Initialized
INFO - 2017-10-12 19:56:06 --> Output Class Initialized
INFO - 2017-10-12 19:56:06 --> Security Class Initialized
DEBUG - 2017-10-12 19:56:06 --> Global POST, GET and COOKIE data sanitized
INFO - 2017-10-12 19:56:06 --> Input Class Initialized
INFO - 2017-10-12 19:56:06 --> Language Class Initialized
ERROR - 2017-10-12 19:56:06 --> 404 Page Not Found: User_guide/index
INFO - 2017-10-12 19:56:22 --> Config Class Initialized
INFO - 2017-10-12 19:56:22 --> Hooks Class Initialized
DEBUG - 2017-10-12 19:56:22 --> UTF-8 Support Enabled
INFO - 2017-10-12 19:56:22 --> Utf8 Class Initialized
INFO - 2017-10-12 19:56:22 --> URI Class Initialized
DEBUG - 2017-10-12 19:56:22 --> No URI present. Default controller set.
INFO - 2017-10-12 19:56:22 --> Router Class Initialized
INFO - 2017-10-12 19:56:22 --> Output Class Initialized
INFO - 2017-10-12 19:56:22 --> Security Class Initialized
DEBUG - 2017-10-12 19:56:22 --> Global POST, GET and COOKIE data sanitized
INFO - 2017-10-12 19:56:22 --> Input Class Initialized
INFO - 2017-10-12 19:56:22 --> Language Class Initialized
INFO - 2017-10-12 19:56:22 --> Loader Class Initialized
INFO - 2017-10-12 19:56:22 --> Helper loaded: url_helper
INFO - 2017-10-12 19:56:22 --> Controller Class Initialized
INFO - 2017-10-12 19:56:22 --> File loaded: C:\Users\Noctombule\Documents\isib\SelfLearning\programation\PHP\workspace\Memento\views\welcome_message.php
INFO - 2017-10-12 19:56:22 --> Final output sent to browser
DEBUG - 2017-10-12 19:56:22 --> Total execution time: 0.0280
