INFO - 2017-12-06 17:58:34 --> Config Class Initialized
INFO - 2017-12-06 17:58:34 --> Hooks Class Initialized
DEBUG - 2017-12-06 17:58:34 --> UTF-8 Support Enabled
INFO - 2017-12-06 17:58:34 --> Utf8 Class Initialized
INFO - 2017-12-06 17:58:34 --> URI Class Initialized
DEBUG - 2017-12-06 17:58:34 --> No URI present. Default controller set.
INFO - 2017-12-06 17:58:34 --> Router Class Initialized
INFO - 2017-12-06 17:58:34 --> Output Class Initialized
INFO - 2017-12-06 17:58:34 --> Security Class Initialized
DEBUG - 2017-12-06 17:58:34 --> Global POST, GET and COOKIE data sanitized
INFO - 2017-12-06 17:58:34 --> Input Class Initialized
INFO - 2017-12-06 17:58:34 --> Language Class Initialized
INFO - 2017-12-06 17:58:34 --> Loader Class Initialized
INFO - 2017-12-06 17:58:34 --> Helper loaded: url_helper
INFO - 2017-12-06 17:58:34 --> Controller Class Initialized
INFO - 2017-12-06 17:58:34 --> File loaded: C:\Users\Yousri\php\workspace\Memento\views\welcome_message.php
INFO - 2017-12-06 17:58:34 --> Final output sent to browser
DEBUG - 2017-12-06 17:58:34 --> Total execution time: 0.0396
INFO - 2017-12-06 17:58:41 --> Config Class Initialized
INFO - 2017-12-06 17:58:41 --> Hooks Class Initialized
DEBUG - 2017-12-06 17:58:41 --> UTF-8 Support Enabled
INFO - 2017-12-06 17:58:41 --> Utf8 Class Initialized
INFO - 2017-12-06 17:58:41 --> URI Class Initialized
INFO - 2017-12-06 17:58:41 --> Router Class Initialized
INFO - 2017-12-06 17:58:41 --> Output Class Initialized
INFO - 2017-12-06 17:58:41 --> Security Class Initialized
DEBUG - 2017-12-06 17:58:41 --> Global POST, GET and COOKIE data sanitized
INFO - 2017-12-06 17:58:41 --> Input Class Initialized
INFO - 2017-12-06 17:58:41 --> Language Class Initialized
INFO - 2017-12-06 17:58:41 --> Loader Class Initialized
INFO - 2017-12-06 17:58:41 --> Helper loaded: url_helper
INFO - 2017-12-06 17:58:41 --> Controller Class Initialized
INFO - 2017-12-06 17:58:41 --> File loaded: C:\Users\Yousri\php\workspace\Memento\views\synapse.php
INFO - 2017-12-06 17:58:41 --> File loaded: C:\Users\Yousri\php\workspace\Memento\views\memento_head_dev.php
INFO - 2017-12-06 17:58:41 --> File loaded: C:\Users\Yousri\php\workspace\Memento\views\memento.php
INFO - 2017-12-06 17:58:41 --> File loaded: C:\Users\Yousri\php\workspace\Memento\views\memento_scripts_dev.php
INFO - 2017-12-06 17:58:41 --> Final output sent to browser
DEBUG - 2017-12-06 17:58:41 --> Total execution time: 0.0420
INFO - 2017-12-06 18:01:52 --> Config Class Initialized
INFO - 2017-12-06 18:01:52 --> Hooks Class Initialized
DEBUG - 2017-12-06 18:01:52 --> UTF-8 Support Enabled
INFO - 2017-12-06 18:01:52 --> Utf8 Class Initialized
INFO - 2017-12-06 18:01:52 --> URI Class Initialized
DEBUG - 2017-12-06 18:01:52 --> No URI present. Default controller set.
INFO - 2017-12-06 18:01:52 --> Router Class Initialized
INFO - 2017-12-06 18:01:52 --> Output Class Initialized
INFO - 2017-12-06 18:01:52 --> Security Class Initialized
DEBUG - 2017-12-06 18:01:52 --> Global POST, GET and COOKIE data sanitized
INFO - 2017-12-06 18:01:52 --> Input Class Initialized
INFO - 2017-12-06 18:01:52 --> Language Class Initialized
INFO - 2017-12-06 18:01:52 --> Loader Class Initialized
INFO - 2017-12-06 18:01:52 --> Helper loaded: url_helper
INFO - 2017-12-06 18:01:52 --> Controller Class Initialized
INFO - 2017-12-06 18:01:52 --> File loaded: C:\Users\Yousri\php\workspace\Memento\views\welcome_message.php
INFO - 2017-12-06 18:01:52 --> Final output sent to browser
DEBUG - 2017-12-06 18:01:52 --> Total execution time: 0.0378
INFO - 2017-12-06 18:01:57 --> Config Class Initialized
INFO - 2017-12-06 18:01:57 --> Hooks Class Initialized
DEBUG - 2017-12-06 18:01:57 --> UTF-8 Support Enabled
INFO - 2017-12-06 18:01:57 --> Utf8 Class Initialized
INFO - 2017-12-06 18:01:57 --> URI Class Initialized
INFO - 2017-12-06 18:01:57 --> Router Class Initialized
INFO - 2017-12-06 18:01:57 --> Output Class Initialized
INFO - 2017-12-06 18:01:57 --> Security Class Initialized
DEBUG - 2017-12-06 18:01:57 --> Global POST, GET and COOKIE data sanitized
INFO - 2017-12-06 18:01:57 --> Input Class Initialized
INFO - 2017-12-06 18:01:57 --> Language Class Initialized
INFO - 2017-12-06 18:01:57 --> Loader Class Initialized
INFO - 2017-12-06 18:01:57 --> Helper loaded: url_helper
INFO - 2017-12-06 18:01:57 --> Controller Class Initialized
INFO - 2017-12-06 18:01:57 --> File loaded: C:\Users\Yousri\php\workspace\Memento\views\synapse.php
INFO - 2017-12-06 18:01:57 --> File loaded: C:\Users\Yousri\php\workspace\Memento\views\memento_head_dev.php
INFO - 2017-12-06 18:01:57 --> File loaded: C:\Users\Yousri\php\workspace\Memento\views\memento.php
INFO - 2017-12-06 18:01:57 --> File loaded: C:\Users\Yousri\php\workspace\Memento\views\memento_scripts_dev.php
INFO - 2017-12-06 18:01:57 --> Final output sent to browser
DEBUG - 2017-12-06 18:01:57 --> Total execution time: 0.0448
INFO - 2017-12-06 18:11:10 --> Config Class Initialized
INFO - 2017-12-06 18:11:10 --> Hooks Class Initialized
DEBUG - 2017-12-06 18:11:10 --> UTF-8 Support Enabled
INFO - 2017-12-06 18:11:10 --> Utf8 Class Initialized
INFO - 2017-12-06 18:11:10 --> URI Class Initialized
INFO - 2017-12-06 18:11:10 --> Router Class Initialized
INFO - 2017-12-06 18:11:10 --> Output Class Initialized
INFO - 2017-12-06 18:11:10 --> Security Class Initialized
DEBUG - 2017-12-06 18:11:10 --> Global POST, GET and COOKIE data sanitized
INFO - 2017-12-06 18:11:10 --> Input Class Initialized
INFO - 2017-12-06 18:11:10 --> Language Class Initialized
INFO - 2017-12-06 18:11:10 --> Loader Class Initialized
INFO - 2017-12-06 18:11:10 --> Helper loaded: url_helper
INFO - 2017-12-06 18:11:10 --> Controller Class Initialized
INFO - 2017-12-06 18:11:10 --> File loaded: C:\Users\Yousri\php\workspace\Memento\views\synapse.php
INFO - 2017-12-06 18:11:10 --> File loaded: C:\Users\Yousri\php\workspace\Memento\views\memento_head_dev.php
INFO - 2017-12-06 18:11:10 --> File loaded: C:\Users\Yousri\php\workspace\Memento\views\memento.php
INFO - 2017-12-06 18:11:10 --> File loaded: C:\Users\Yousri\php\workspace\Memento\views\memento_scripts_dev.php
INFO - 2017-12-06 18:11:10 --> Final output sent to browser
DEBUG - 2017-12-06 18:11:10 --> Total execution time: 0.0497
INFO - 2017-12-06 18:11:11 --> Config Class Initialized
INFO - 2017-12-06 18:11:11 --> Hooks Class Initialized
DEBUG - 2017-12-06 18:11:11 --> UTF-8 Support Enabled
INFO - 2017-12-06 18:11:11 --> Utf8 Class Initialized
INFO - 2017-12-06 18:11:11 --> URI Class Initialized
INFO - 2017-12-06 18:11:11 --> Router Class Initialized
INFO - 2017-12-06 18:11:11 --> Output Class Initialized
INFO - 2017-12-06 18:11:11 --> Security Class Initialized
DEBUG - 2017-12-06 18:11:11 --> Global POST, GET and COOKIE data sanitized
INFO - 2017-12-06 18:11:11 --> Input Class Initialized
INFO - 2017-12-06 18:11:11 --> Language Class Initialized
INFO - 2017-12-06 18:11:11 --> Loader Class Initialized
INFO - 2017-12-06 18:11:11 --> Helper loaded: url_helper
INFO - 2017-12-06 18:11:11 --> Controller Class Initialized
INFO - 2017-12-06 18:11:11 --> File loaded: C:\Users\Yousri\php\workspace\Memento\views\synapse.php
INFO - 2017-12-06 18:11:11 --> File loaded: C:\Users\Yousri\php\workspace\Memento\views\memento_head_dev.php
INFO - 2017-12-06 18:11:11 --> File loaded: C:\Users\Yousri\php\workspace\Memento\views\memento.php
INFO - 2017-12-06 18:11:11 --> File loaded: C:\Users\Yousri\php\workspace\Memento\views\memento_scripts_dev.php
INFO - 2017-12-06 18:11:11 --> Final output sent to browser
DEBUG - 2017-12-06 18:11:11 --> Total execution time: 0.0562
INFO - 2017-12-06 18:45:12 --> Config Class Initialized
INFO - 2017-12-06 18:45:12 --> Hooks Class Initialized
DEBUG - 2017-12-06 18:45:12 --> UTF-8 Support Enabled
INFO - 2017-12-06 18:45:12 --> Utf8 Class Initialized
INFO - 2017-12-06 18:45:12 --> URI Class Initialized
INFO - 2017-12-06 18:45:12 --> Router Class Initialized
INFO - 2017-12-06 18:45:12 --> Output Class Initialized
INFO - 2017-12-06 18:45:12 --> Security Class Initialized
DEBUG - 2017-12-06 18:45:12 --> Global POST, GET and COOKIE data sanitized
INFO - 2017-12-06 18:45:12 --> Input Class Initialized
INFO - 2017-12-06 18:45:12 --> Language Class Initialized
INFO - 2017-12-06 18:45:12 --> Loader Class Initialized
INFO - 2017-12-06 18:45:12 --> Helper loaded: url_helper
INFO - 2017-12-06 18:45:12 --> Controller Class Initialized
INFO - 2017-12-06 18:45:12 --> File loaded: C:\Users\Yousri\php\workspace\Memento\views\synapse.php
INFO - 2017-12-06 18:45:12 --> File loaded: C:\Users\Yousri\php\workspace\Memento\views\memento_head_dev.php
INFO - 2017-12-06 18:45:12 --> File loaded: C:\Users\Yousri\php\workspace\Memento\views\memento.php
INFO - 2017-12-06 18:45:12 --> File loaded: C:\Users\Yousri\php\workspace\Memento\views\memento_scripts_dev.php
INFO - 2017-12-06 18:45:12 --> Final output sent to browser
DEBUG - 2017-12-06 18:45:12 --> Total execution time: 0.0429
INFO - 2017-12-06 18:45:13 --> Config Class Initialized
INFO - 2017-12-06 18:45:13 --> Hooks Class Initialized
DEBUG - 2017-12-06 18:45:13 --> UTF-8 Support Enabled
INFO - 2017-12-06 18:45:13 --> Utf8 Class Initialized
INFO - 2017-12-06 18:45:13 --> URI Class Initialized
INFO - 2017-12-06 18:45:13 --> Router Class Initialized
INFO - 2017-12-06 18:45:13 --> Output Class Initialized
INFO - 2017-12-06 18:45:13 --> Security Class Initialized
DEBUG - 2017-12-06 18:45:13 --> Global POST, GET and COOKIE data sanitized
INFO - 2017-12-06 18:45:13 --> Input Class Initialized
INFO - 2017-12-06 18:45:13 --> Language Class Initialized
INFO - 2017-12-06 18:45:13 --> Loader Class Initialized
INFO - 2017-12-06 18:45:13 --> Helper loaded: url_helper
INFO - 2017-12-06 18:45:13 --> Controller Class Initialized
INFO - 2017-12-06 18:45:13 --> File loaded: C:\Users\Yousri\php\workspace\Memento\views\synapse.php
INFO - 2017-12-06 18:45:13 --> File loaded: C:\Users\Yousri\php\workspace\Memento\views\memento_head_dev.php
INFO - 2017-12-06 18:45:13 --> File loaded: C:\Users\Yousri\php\workspace\Memento\views\memento.php
INFO - 2017-12-06 18:45:13 --> File loaded: C:\Users\Yousri\php\workspace\Memento\views\memento_scripts_dev.php
INFO - 2017-12-06 18:45:13 --> Final output sent to browser
DEBUG - 2017-12-06 18:45:13 --> Total execution time: 0.0568
INFO - 2017-12-06 18:45:45 --> Config Class Initialized
INFO - 2017-12-06 18:45:45 --> Hooks Class Initialized
DEBUG - 2017-12-06 18:45:45 --> UTF-8 Support Enabled
INFO - 2017-12-06 18:45:45 --> Utf8 Class Initialized
INFO - 2017-12-06 18:45:45 --> URI Class Initialized
INFO - 2017-12-06 18:45:45 --> Router Class Initialized
INFO - 2017-12-06 18:45:45 --> Output Class Initialized
INFO - 2017-12-06 18:45:45 --> Security Class Initialized
DEBUG - 2017-12-06 18:45:45 --> Global POST, GET and COOKIE data sanitized
INFO - 2017-12-06 18:45:45 --> Input Class Initialized
INFO - 2017-12-06 18:45:45 --> Language Class Initialized
INFO - 2017-12-06 18:45:45 --> Loader Class Initialized
INFO - 2017-12-06 18:45:45 --> Helper loaded: url_helper
INFO - 2017-12-06 18:45:45 --> Controller Class Initialized
INFO - 2017-12-06 18:45:45 --> File loaded: C:\Users\Yousri\php\workspace\Memento\views\synapse.php
INFO - 2017-12-06 18:45:45 --> File loaded: C:\Users\Yousri\php\workspace\Memento\views\memento_head_dev.php
INFO - 2017-12-06 18:45:45 --> File loaded: C:\Users\Yousri\php\workspace\Memento\views\memento.php
INFO - 2017-12-06 18:45:45 --> File loaded: C:\Users\Yousri\php\workspace\Memento\views\memento_scripts_dev.php
INFO - 2017-12-06 18:45:45 --> Final output sent to browser
DEBUG - 2017-12-06 18:45:45 --> Total execution time: 0.0587
INFO - 2017-12-06 18:45:46 --> Config Class Initialized
INFO - 2017-12-06 18:45:46 --> Hooks Class Initialized
DEBUG - 2017-12-06 18:45:46 --> UTF-8 Support Enabled
INFO - 2017-12-06 18:45:46 --> Utf8 Class Initialized
INFO - 2017-12-06 18:45:46 --> URI Class Initialized
INFO - 2017-12-06 18:45:46 --> Router Class Initialized
INFO - 2017-12-06 18:45:46 --> Output Class Initialized
INFO - 2017-12-06 18:45:46 --> Security Class Initialized
DEBUG - 2017-12-06 18:45:46 --> Global POST, GET and COOKIE data sanitized
INFO - 2017-12-06 18:45:46 --> Input Class Initialized
INFO - 2017-12-06 18:45:46 --> Language Class Initialized
INFO - 2017-12-06 18:45:46 --> Loader Class Initialized
INFO - 2017-12-06 18:45:46 --> Helper loaded: url_helper
INFO - 2017-12-06 18:45:46 --> Controller Class Initialized
INFO - 2017-12-06 18:45:46 --> File loaded: C:\Users\Yousri\php\workspace\Memento\views\synapse.php
INFO - 2017-12-06 18:45:46 --> File loaded: C:\Users\Yousri\php\workspace\Memento\views\memento_head_dev.php
INFO - 2017-12-06 18:45:46 --> File loaded: C:\Users\Yousri\php\workspace\Memento\views\memento.php
INFO - 2017-12-06 18:45:46 --> File loaded: C:\Users\Yousri\php\workspace\Memento\views\memento_scripts_dev.php
INFO - 2017-12-06 18:45:46 --> Final output sent to browser
DEBUG - 2017-12-06 18:45:46 --> Total execution time: 0.0514
INFO - 2017-12-06 18:46:28 --> Config Class Initialized
INFO - 2017-12-06 18:46:28 --> Hooks Class Initialized
DEBUG - 2017-12-06 18:46:28 --> UTF-8 Support Enabled
INFO - 2017-12-06 18:46:28 --> Utf8 Class Initialized
INFO - 2017-12-06 18:46:28 --> URI Class Initialized
INFO - 2017-12-06 18:46:28 --> Router Class Initialized
INFO - 2017-12-06 18:46:28 --> Output Class Initialized
INFO - 2017-12-06 18:46:28 --> Security Class Initialized
DEBUG - 2017-12-06 18:46:28 --> Global POST, GET and COOKIE data sanitized
INFO - 2017-12-06 18:46:28 --> Input Class Initialized
INFO - 2017-12-06 18:46:28 --> Language Class Initialized
INFO - 2017-12-06 18:46:28 --> Loader Class Initialized
INFO - 2017-12-06 18:46:28 --> Helper loaded: url_helper
INFO - 2017-12-06 18:46:28 --> Controller Class Initialized
INFO - 2017-12-06 18:46:28 --> File loaded: C:\Users\Yousri\php\workspace\Memento\views\synapse.php
INFO - 2017-12-06 18:46:28 --> File loaded: C:\Users\Yousri\php\workspace\Memento\views\memento_head_dev.php
INFO - 2017-12-06 18:46:28 --> File loaded: C:\Users\Yousri\php\workspace\Memento\views\memento.php
INFO - 2017-12-06 18:46:28 --> File loaded: C:\Users\Yousri\php\workspace\Memento\views\memento_scripts_dev.php
INFO - 2017-12-06 18:46:28 --> Final output sent to browser
DEBUG - 2017-12-06 18:46:28 --> Total execution time: 0.0495
INFO - 2017-12-06 18:46:28 --> Config Class Initialized
INFO - 2017-12-06 18:46:28 --> Hooks Class Initialized
DEBUG - 2017-12-06 18:46:28 --> UTF-8 Support Enabled
INFO - 2017-12-06 18:46:28 --> Utf8 Class Initialized
INFO - 2017-12-06 18:46:28 --> URI Class Initialized
INFO - 2017-12-06 18:46:28 --> Router Class Initialized
INFO - 2017-12-06 18:46:28 --> Output Class Initialized
INFO - 2017-12-06 18:46:28 --> Security Class Initialized
DEBUG - 2017-12-06 18:46:28 --> Global POST, GET and COOKIE data sanitized
INFO - 2017-12-06 18:46:28 --> Input Class Initialized
INFO - 2017-12-06 18:46:28 --> Language Class Initialized
INFO - 2017-12-06 18:46:28 --> Loader Class Initialized
INFO - 2017-12-06 18:46:28 --> Helper loaded: url_helper
INFO - 2017-12-06 18:46:28 --> Controller Class Initialized
INFO - 2017-12-06 18:46:28 --> File loaded: C:\Users\Yousri\php\workspace\Memento\views\synapse.php
INFO - 2017-12-06 18:46:28 --> File loaded: C:\Users\Yousri\php\workspace\Memento\views\memento_head_dev.php
INFO - 2017-12-06 18:46:28 --> File loaded: C:\Users\Yousri\php\workspace\Memento\views\memento.php
INFO - 2017-12-06 18:46:28 --> File loaded: C:\Users\Yousri\php\workspace\Memento\views\memento_scripts_dev.php
INFO - 2017-12-06 18:46:28 --> Final output sent to browser
DEBUG - 2017-12-06 18:46:28 --> Total execution time: 0.0588
INFO - 2017-12-06 18:48:52 --> Config Class Initialized
INFO - 2017-12-06 18:48:52 --> Hooks Class Initialized
DEBUG - 2017-12-06 18:48:52 --> UTF-8 Support Enabled
INFO - 2017-12-06 18:48:52 --> Utf8 Class Initialized
INFO - 2017-12-06 18:48:52 --> URI Class Initialized
INFO - 2017-12-06 18:48:52 --> Router Class Initialized
INFO - 2017-12-06 18:48:52 --> Output Class Initialized
INFO - 2017-12-06 18:48:52 --> Security Class Initialized
DEBUG - 2017-12-06 18:48:52 --> Global POST, GET and COOKIE data sanitized
INFO - 2017-12-06 18:48:52 --> Input Class Initialized
INFO - 2017-12-06 18:48:52 --> Language Class Initialized
INFO - 2017-12-06 18:48:52 --> Loader Class Initialized
INFO - 2017-12-06 18:48:52 --> Helper loaded: url_helper
INFO - 2017-12-06 18:48:52 --> Controller Class Initialized
INFO - 2017-12-06 18:48:52 --> File loaded: C:\Users\Yousri\php\workspace\Memento\views\synapse.php
INFO - 2017-12-06 18:48:52 --> File loaded: C:\Users\Yousri\php\workspace\Memento\views\memento_head_dev.php
INFO - 2017-12-06 18:48:52 --> File loaded: C:\Users\Yousri\php\workspace\Memento\views\memento.php
INFO - 2017-12-06 18:48:52 --> File loaded: C:\Users\Yousri\php\workspace\Memento\views\memento_scripts_dev.php
INFO - 2017-12-06 18:48:52 --> Final output sent to browser
DEBUG - 2017-12-06 18:48:52 --> Total execution time: 0.0579
INFO - 2017-12-06 18:48:53 --> Config Class Initialized
INFO - 2017-12-06 18:48:53 --> Hooks Class Initialized
DEBUG - 2017-12-06 18:48:53 --> UTF-8 Support Enabled
INFO - 2017-12-06 18:48:53 --> Utf8 Class Initialized
INFO - 2017-12-06 18:48:53 --> URI Class Initialized
INFO - 2017-12-06 18:48:53 --> Router Class Initialized
INFO - 2017-12-06 18:48:53 --> Output Class Initialized
INFO - 2017-12-06 18:48:53 --> Security Class Initialized
DEBUG - 2017-12-06 18:48:53 --> Global POST, GET and COOKIE data sanitized
INFO - 2017-12-06 18:48:53 --> Input Class Initialized
INFO - 2017-12-06 18:48:53 --> Language Class Initialized
INFO - 2017-12-06 18:48:53 --> Loader Class Initialized
INFO - 2017-12-06 18:48:53 --> Helper loaded: url_helper
INFO - 2017-12-06 18:48:53 --> Controller Class Initialized
INFO - 2017-12-06 18:48:53 --> File loaded: C:\Users\Yousri\php\workspace\Memento\views\synapse.php
INFO - 2017-12-06 18:48:53 --> File loaded: C:\Users\Yousri\php\workspace\Memento\views\memento_head_dev.php
INFO - 2017-12-06 18:48:53 --> File loaded: C:\Users\Yousri\php\workspace\Memento\views\memento.php
INFO - 2017-12-06 18:48:53 --> File loaded: C:\Users\Yousri\php\workspace\Memento\views\memento_scripts_dev.php
INFO - 2017-12-06 18:48:53 --> Final output sent to browser
DEBUG - 2017-12-06 18:48:53 --> Total execution time: 0.0595
INFO - 2017-12-06 18:53:32 --> Config Class Initialized
INFO - 2017-12-06 18:53:32 --> Hooks Class Initialized
DEBUG - 2017-12-06 18:53:32 --> UTF-8 Support Enabled
INFO - 2017-12-06 18:53:32 --> Utf8 Class Initialized
INFO - 2017-12-06 18:53:32 --> URI Class Initialized
INFO - 2017-12-06 18:53:32 --> Router Class Initialized
INFO - 2017-12-06 18:53:32 --> Output Class Initialized
INFO - 2017-12-06 18:53:32 --> Security Class Initialized
DEBUG - 2017-12-06 18:53:32 --> Global POST, GET and COOKIE data sanitized
INFO - 2017-12-06 18:53:32 --> Input Class Initialized
INFO - 2017-12-06 18:53:32 --> Language Class Initialized
INFO - 2017-12-06 18:53:32 --> Loader Class Initialized
INFO - 2017-12-06 18:53:32 --> Helper loaded: url_helper
INFO - 2017-12-06 18:53:32 --> Controller Class Initialized
INFO - 2017-12-06 18:53:32 --> File loaded: C:\Users\Yousri\php\workspace\Memento\views\synapse.php
INFO - 2017-12-06 18:53:32 --> File loaded: C:\Users\Yousri\php\workspace\Memento\views\memento_head_dev.php
INFO - 2017-12-06 18:53:32 --> File loaded: C:\Users\Yousri\php\workspace\Memento\views\memento.php
INFO - 2017-12-06 18:53:32 --> File loaded: C:\Users\Yousri\php\workspace\Memento\views\memento_scripts_dev.php
INFO - 2017-12-06 18:53:32 --> Final output sent to browser
DEBUG - 2017-12-06 18:53:32 --> Total execution time: 0.0578
INFO - 2017-12-06 18:53:33 --> Config Class Initialized
INFO - 2017-12-06 18:53:33 --> Hooks Class Initialized
DEBUG - 2017-12-06 18:53:33 --> UTF-8 Support Enabled
INFO - 2017-12-06 18:53:33 --> Utf8 Class Initialized
INFO - 2017-12-06 18:53:33 --> URI Class Initialized
INFO - 2017-12-06 18:53:33 --> Router Class Initialized
INFO - 2017-12-06 18:53:33 --> Output Class Initialized
INFO - 2017-12-06 18:53:33 --> Security Class Initialized
DEBUG - 2017-12-06 18:53:33 --> Global POST, GET and COOKIE data sanitized
INFO - 2017-12-06 18:53:33 --> Input Class Initialized
INFO - 2017-12-06 18:53:33 --> Language Class Initialized
INFO - 2017-12-06 18:53:33 --> Loader Class Initialized
INFO - 2017-12-06 18:53:33 --> Helper loaded: url_helper
INFO - 2017-12-06 18:53:33 --> Controller Class Initialized
INFO - 2017-12-06 18:53:33 --> File loaded: C:\Users\Yousri\php\workspace\Memento\views\synapse.php
INFO - 2017-12-06 18:53:33 --> File loaded: C:\Users\Yousri\php\workspace\Memento\views\memento_head_dev.php
INFO - 2017-12-06 18:53:33 --> File loaded: C:\Users\Yousri\php\workspace\Memento\views\memento.php
INFO - 2017-12-06 18:53:33 --> File loaded: C:\Users\Yousri\php\workspace\Memento\views\memento_scripts_dev.php
INFO - 2017-12-06 18:53:33 --> Final output sent to browser
DEBUG - 2017-12-06 18:53:33 --> Total execution time: 0.0569
INFO - 2017-12-06 18:59:22 --> Config Class Initialized
INFO - 2017-12-06 18:59:22 --> Hooks Class Initialized
DEBUG - 2017-12-06 18:59:22 --> UTF-8 Support Enabled
INFO - 2017-12-06 18:59:22 --> Utf8 Class Initialized
INFO - 2017-12-06 18:59:22 --> URI Class Initialized
INFO - 2017-12-06 18:59:22 --> Router Class Initialized
INFO - 2017-12-06 18:59:22 --> Output Class Initialized
INFO - 2017-12-06 18:59:22 --> Security Class Initialized
DEBUG - 2017-12-06 18:59:22 --> Global POST, GET and COOKIE data sanitized
INFO - 2017-12-06 18:59:22 --> Input Class Initialized
INFO - 2017-12-06 18:59:22 --> Language Class Initialized
INFO - 2017-12-06 18:59:22 --> Loader Class Initialized
INFO - 2017-12-06 18:59:22 --> Helper loaded: url_helper
INFO - 2017-12-06 18:59:22 --> Controller Class Initialized
INFO - 2017-12-06 18:59:22 --> File loaded: C:\Users\Yousri\php\workspace\Memento\views\synapse.php
INFO - 2017-12-06 18:59:22 --> File loaded: C:\Users\Yousri\php\workspace\Memento\views\memento_head_dev.php
INFO - 2017-12-06 18:59:22 --> File loaded: C:\Users\Yousri\php\workspace\Memento\views\memento.php
INFO - 2017-12-06 18:59:22 --> File loaded: C:\Users\Yousri\php\workspace\Memento\views\memento_scripts_dev.php
INFO - 2017-12-06 18:59:22 --> Final output sent to browser
DEBUG - 2017-12-06 18:59:22 --> Total execution time: 0.0672
INFO - 2017-12-06 18:59:22 --> Config Class Initialized
INFO - 2017-12-06 18:59:22 --> Hooks Class Initialized
DEBUG - 2017-12-06 18:59:22 --> UTF-8 Support Enabled
INFO - 2017-12-06 18:59:22 --> Utf8 Class Initialized
INFO - 2017-12-06 18:59:22 --> URI Class Initialized
INFO - 2017-12-06 18:59:22 --> Router Class Initialized
INFO - 2017-12-06 18:59:22 --> Output Class Initialized
INFO - 2017-12-06 18:59:22 --> Security Class Initialized
DEBUG - 2017-12-06 18:59:22 --> Global POST, GET and COOKIE data sanitized
INFO - 2017-12-06 18:59:22 --> Input Class Initialized
INFO - 2017-12-06 18:59:22 --> Language Class Initialized
INFO - 2017-12-06 18:59:22 --> Loader Class Initialized
INFO - 2017-12-06 18:59:22 --> Helper loaded: url_helper
INFO - 2017-12-06 18:59:22 --> Controller Class Initialized
INFO - 2017-12-06 18:59:22 --> File loaded: C:\Users\Yousri\php\workspace\Memento\views\synapse.php
INFO - 2017-12-06 18:59:22 --> File loaded: C:\Users\Yousri\php\workspace\Memento\views\memento_head_dev.php
INFO - 2017-12-06 18:59:22 --> File loaded: C:\Users\Yousri\php\workspace\Memento\views\memento.php
INFO - 2017-12-06 18:59:22 --> File loaded: C:\Users\Yousri\php\workspace\Memento\views\memento_scripts_dev.php
INFO - 2017-12-06 18:59:22 --> Final output sent to browser
DEBUG - 2017-12-06 18:59:22 --> Total execution time: 0.0582
INFO - 2017-12-06 19:00:26 --> Config Class Initialized
INFO - 2017-12-06 19:00:26 --> Hooks Class Initialized
DEBUG - 2017-12-06 19:00:26 --> UTF-8 Support Enabled
INFO - 2017-12-06 19:00:26 --> Utf8 Class Initialized
INFO - 2017-12-06 19:00:26 --> URI Class Initialized
INFO - 2017-12-06 19:00:26 --> Router Class Initialized
INFO - 2017-12-06 19:00:26 --> Output Class Initialized
INFO - 2017-12-06 19:00:26 --> Security Class Initialized
DEBUG - 2017-12-06 19:00:26 --> Global POST, GET and COOKIE data sanitized
INFO - 2017-12-06 19:00:26 --> Input Class Initialized
INFO - 2017-12-06 19:00:26 --> Language Class Initialized
INFO - 2017-12-06 19:00:26 --> Loader Class Initialized
INFO - 2017-12-06 19:00:26 --> Helper loaded: url_helper
INFO - 2017-12-06 19:00:26 --> Controller Class Initialized
INFO - 2017-12-06 19:00:26 --> File loaded: C:\Users\Yousri\php\workspace\Memento\views\synapse.php
INFO - 2017-12-06 19:00:26 --> File loaded: C:\Users\Yousri\php\workspace\Memento\views\memento_head_dev.php
INFO - 2017-12-06 19:00:26 --> File loaded: C:\Users\Yousri\php\workspace\Memento\views\memento.php
INFO - 2017-12-06 19:00:26 --> File loaded: C:\Users\Yousri\php\workspace\Memento\views\memento_scripts_dev.php
INFO - 2017-12-06 19:00:26 --> Final output sent to browser
DEBUG - 2017-12-06 19:00:26 --> Total execution time: 0.0727
INFO - 2017-12-06 19:00:27 --> Config Class Initialized
INFO - 2017-12-06 19:00:27 --> Hooks Class Initialized
DEBUG - 2017-12-06 19:00:27 --> UTF-8 Support Enabled
INFO - 2017-12-06 19:00:27 --> Utf8 Class Initialized
INFO - 2017-12-06 19:00:27 --> URI Class Initialized
INFO - 2017-12-06 19:00:27 --> Router Class Initialized
INFO - 2017-12-06 19:00:27 --> Output Class Initialized
INFO - 2017-12-06 19:00:27 --> Security Class Initialized
DEBUG - 2017-12-06 19:00:27 --> Global POST, GET and COOKIE data sanitized
INFO - 2017-12-06 19:00:27 --> Input Class Initialized
INFO - 2017-12-06 19:00:27 --> Language Class Initialized
INFO - 2017-12-06 19:00:27 --> Loader Class Initialized
INFO - 2017-12-06 19:00:27 --> Helper loaded: url_helper
INFO - 2017-12-06 19:00:27 --> Controller Class Initialized
INFO - 2017-12-06 19:00:27 --> File loaded: C:\Users\Yousri\php\workspace\Memento\views\synapse.php
INFO - 2017-12-06 19:00:27 --> File loaded: C:\Users\Yousri\php\workspace\Memento\views\memento_head_dev.php
INFO - 2017-12-06 19:00:27 --> File loaded: C:\Users\Yousri\php\workspace\Memento\views\memento.php
INFO - 2017-12-06 19:00:27 --> File loaded: C:\Users\Yousri\php\workspace\Memento\views\memento_scripts_dev.php
INFO - 2017-12-06 19:00:27 --> Final output sent to browser
DEBUG - 2017-12-06 19:00:27 --> Total execution time: 0.0541
INFO - 2017-12-06 19:00:54 --> Config Class Initialized
INFO - 2017-12-06 19:00:54 --> Hooks Class Initialized
DEBUG - 2017-12-06 19:00:54 --> UTF-8 Support Enabled
INFO - 2017-12-06 19:00:54 --> Utf8 Class Initialized
INFO - 2017-12-06 19:00:54 --> URI Class Initialized
INFO - 2017-12-06 19:00:54 --> Router Class Initialized
INFO - 2017-12-06 19:00:54 --> Output Class Initialized
INFO - 2017-12-06 19:00:54 --> Security Class Initialized
DEBUG - 2017-12-06 19:00:54 --> Global POST, GET and COOKIE data sanitized
INFO - 2017-12-06 19:00:54 --> Input Class Initialized
INFO - 2017-12-06 19:00:54 --> Language Class Initialized
INFO - 2017-12-06 19:00:54 --> Loader Class Initialized
INFO - 2017-12-06 19:00:54 --> Helper loaded: url_helper
INFO - 2017-12-06 19:00:54 --> Controller Class Initialized
INFO - 2017-12-06 19:00:54 --> File loaded: C:\Users\Yousri\php\workspace\Memento\views\synapse.php
INFO - 2017-12-06 19:00:54 --> File loaded: C:\Users\Yousri\php\workspace\Memento\views\memento_head_dev.php
INFO - 2017-12-06 19:00:54 --> File loaded: C:\Users\Yousri\php\workspace\Memento\views\memento.php
INFO - 2017-12-06 19:00:54 --> File loaded: C:\Users\Yousri\php\workspace\Memento\views\memento_scripts_dev.php
INFO - 2017-12-06 19:00:54 --> Final output sent to browser
DEBUG - 2017-12-06 19:00:54 --> Total execution time: 0.0570
INFO - 2017-12-06 19:00:55 --> Config Class Initialized
INFO - 2017-12-06 19:00:55 --> Hooks Class Initialized
DEBUG - 2017-12-06 19:00:55 --> UTF-8 Support Enabled
INFO - 2017-12-06 19:00:55 --> Utf8 Class Initialized
INFO - 2017-12-06 19:00:55 --> URI Class Initialized
INFO - 2017-12-06 19:00:55 --> Router Class Initialized
INFO - 2017-12-06 19:00:55 --> Output Class Initialized
INFO - 2017-12-06 19:00:55 --> Security Class Initialized
DEBUG - 2017-12-06 19:00:55 --> Global POST, GET and COOKIE data sanitized
INFO - 2017-12-06 19:00:55 --> Input Class Initialized
INFO - 2017-12-06 19:00:55 --> Language Class Initialized
INFO - 2017-12-06 19:00:55 --> Loader Class Initialized
INFO - 2017-12-06 19:00:55 --> Helper loaded: url_helper
INFO - 2017-12-06 19:00:55 --> Controller Class Initialized
INFO - 2017-12-06 19:00:55 --> File loaded: C:\Users\Yousri\php\workspace\Memento\views\synapse.php
INFO - 2017-12-06 19:00:55 --> File loaded: C:\Users\Yousri\php\workspace\Memento\views\memento_head_dev.php
INFO - 2017-12-06 19:00:55 --> File loaded: C:\Users\Yousri\php\workspace\Memento\views\memento.php
INFO - 2017-12-06 19:00:55 --> File loaded: C:\Users\Yousri\php\workspace\Memento\views\memento_scripts_dev.php
INFO - 2017-12-06 19:00:55 --> Final output sent to browser
DEBUG - 2017-12-06 19:00:55 --> Total execution time: 0.0575
INFO - 2017-12-06 19:02:34 --> Config Class Initialized
INFO - 2017-12-06 19:02:34 --> Hooks Class Initialized
DEBUG - 2017-12-06 19:02:34 --> UTF-8 Support Enabled
INFO - 2017-12-06 19:02:34 --> Utf8 Class Initialized
INFO - 2017-12-06 19:02:34 --> URI Class Initialized
INFO - 2017-12-06 19:02:34 --> Router Class Initialized
INFO - 2017-12-06 19:02:34 --> Output Class Initialized
INFO - 2017-12-06 19:02:34 --> Security Class Initialized
DEBUG - 2017-12-06 19:02:34 --> Global POST, GET and COOKIE data sanitized
INFO - 2017-12-06 19:02:34 --> Input Class Initialized
INFO - 2017-12-06 19:02:34 --> Language Class Initialized
INFO - 2017-12-06 19:02:34 --> Loader Class Initialized
INFO - 2017-12-06 19:02:34 --> Helper loaded: url_helper
INFO - 2017-12-06 19:02:34 --> Controller Class Initialized
INFO - 2017-12-06 19:02:34 --> File loaded: C:\Users\Yousri\php\workspace\Memento\views\synapse.php
INFO - 2017-12-06 19:02:34 --> File loaded: C:\Users\Yousri\php\workspace\Memento\views\memento_head_dev.php
INFO - 2017-12-06 19:02:34 --> File loaded: C:\Users\Yousri\php\workspace\Memento\views\memento.php
INFO - 2017-12-06 19:02:34 --> File loaded: C:\Users\Yousri\php\workspace\Memento\views\memento_scripts_dev.php
INFO - 2017-12-06 19:02:34 --> Final output sent to browser
DEBUG - 2017-12-06 19:02:34 --> Total execution time: 0.0521
INFO - 2017-12-06 19:02:34 --> Config Class Initialized
INFO - 2017-12-06 19:02:34 --> Hooks Class Initialized
DEBUG - 2017-12-06 19:02:34 --> UTF-8 Support Enabled
INFO - 2017-12-06 19:02:34 --> Utf8 Class Initialized
INFO - 2017-12-06 19:02:34 --> URI Class Initialized
INFO - 2017-12-06 19:02:34 --> Router Class Initialized
INFO - 2017-12-06 19:02:34 --> Output Class Initialized
INFO - 2017-12-06 19:02:34 --> Security Class Initialized
DEBUG - 2017-12-06 19:02:34 --> Global POST, GET and COOKIE data sanitized
INFO - 2017-12-06 19:02:34 --> Input Class Initialized
INFO - 2017-12-06 19:02:34 --> Language Class Initialized
INFO - 2017-12-06 19:02:34 --> Loader Class Initialized
INFO - 2017-12-06 19:02:34 --> Helper loaded: url_helper
INFO - 2017-12-06 19:02:34 --> Controller Class Initialized
INFO - 2017-12-06 19:02:34 --> File loaded: C:\Users\Yousri\php\workspace\Memento\views\synapse.php
INFO - 2017-12-06 19:02:34 --> File loaded: C:\Users\Yousri\php\workspace\Memento\views\memento_head_dev.php
INFO - 2017-12-06 19:02:34 --> File loaded: C:\Users\Yousri\php\workspace\Memento\views\memento.php
INFO - 2017-12-06 19:02:34 --> File loaded: C:\Users\Yousri\php\workspace\Memento\views\memento_scripts_dev.php
INFO - 2017-12-06 19:02:34 --> Final output sent to browser
DEBUG - 2017-12-06 19:02:34 --> Total execution time: 0.0535
INFO - 2017-12-06 19:07:04 --> Config Class Initialized
INFO - 2017-12-06 19:07:04 --> Hooks Class Initialized
DEBUG - 2017-12-06 19:07:04 --> UTF-8 Support Enabled
INFO - 2017-12-06 19:07:04 --> Utf8 Class Initialized
INFO - 2017-12-06 19:07:04 --> URI Class Initialized
INFO - 2017-12-06 19:07:04 --> Router Class Initialized
INFO - 2017-12-06 19:07:04 --> Output Class Initialized
INFO - 2017-12-06 19:07:04 --> Security Class Initialized
DEBUG - 2017-12-06 19:07:04 --> Global POST, GET and COOKIE data sanitized
INFO - 2017-12-06 19:07:04 --> Input Class Initialized
INFO - 2017-12-06 19:07:04 --> Language Class Initialized
INFO - 2017-12-06 19:07:04 --> Loader Class Initialized
INFO - 2017-12-06 19:07:04 --> Helper loaded: url_helper
INFO - 2017-12-06 19:07:04 --> Controller Class Initialized
INFO - 2017-12-06 19:07:04 --> File loaded: C:\Users\Yousri\php\workspace\Memento\views\synapse.php
INFO - 2017-12-06 19:07:04 --> File loaded: C:\Users\Yousri\php\workspace\Memento\views\memento_head_dev.php
INFO - 2017-12-06 19:07:04 --> File loaded: C:\Users\Yousri\php\workspace\Memento\views\memento.php
INFO - 2017-12-06 19:07:04 --> File loaded: C:\Users\Yousri\php\workspace\Memento\views\memento_scripts_dev.php
INFO - 2017-12-06 19:07:04 --> Final output sent to browser
DEBUG - 2017-12-06 19:07:04 --> Total execution time: 0.0497
INFO - 2017-12-06 19:07:05 --> Config Class Initialized
INFO - 2017-12-06 19:07:05 --> Hooks Class Initialized
DEBUG - 2017-12-06 19:07:05 --> UTF-8 Support Enabled
INFO - 2017-12-06 19:07:05 --> Utf8 Class Initialized
INFO - 2017-12-06 19:07:05 --> URI Class Initialized
INFO - 2017-12-06 19:07:05 --> Router Class Initialized
INFO - 2017-12-06 19:07:05 --> Output Class Initialized
INFO - 2017-12-06 19:07:05 --> Security Class Initialized
DEBUG - 2017-12-06 19:07:05 --> Global POST, GET and COOKIE data sanitized
INFO - 2017-12-06 19:07:05 --> Input Class Initialized
INFO - 2017-12-06 19:07:05 --> Language Class Initialized
INFO - 2017-12-06 19:07:05 --> Loader Class Initialized
INFO - 2017-12-06 19:07:05 --> Helper loaded: url_helper
INFO - 2017-12-06 19:07:05 --> Controller Class Initialized
INFO - 2017-12-06 19:07:05 --> File loaded: C:\Users\Yousri\php\workspace\Memento\views\synapse.php
INFO - 2017-12-06 19:07:05 --> File loaded: C:\Users\Yousri\php\workspace\Memento\views\memento_head_dev.php
INFO - 2017-12-06 19:07:05 --> File loaded: C:\Users\Yousri\php\workspace\Memento\views\memento.php
INFO - 2017-12-06 19:07:05 --> File loaded: C:\Users\Yousri\php\workspace\Memento\views\memento_scripts_dev.php
INFO - 2017-12-06 19:07:05 --> Final output sent to browser
DEBUG - 2017-12-06 19:07:05 --> Total execution time: 0.0558
INFO - 2017-12-06 19:07:54 --> Config Class Initialized
INFO - 2017-12-06 19:07:54 --> Hooks Class Initialized
DEBUG - 2017-12-06 19:07:54 --> UTF-8 Support Enabled
INFO - 2017-12-06 19:07:54 --> Utf8 Class Initialized
INFO - 2017-12-06 19:07:54 --> URI Class Initialized
INFO - 2017-12-06 19:07:54 --> Router Class Initialized
INFO - 2017-12-06 19:07:54 --> Output Class Initialized
INFO - 2017-12-06 19:07:54 --> Security Class Initialized
DEBUG - 2017-12-06 19:07:54 --> Global POST, GET and COOKIE data sanitized
INFO - 2017-12-06 19:07:54 --> Input Class Initialized
INFO - 2017-12-06 19:07:54 --> Language Class Initialized
INFO - 2017-12-06 19:07:54 --> Loader Class Initialized
INFO - 2017-12-06 19:07:54 --> Helper loaded: url_helper
INFO - 2017-12-06 19:07:54 --> Controller Class Initialized
INFO - 2017-12-06 19:07:54 --> File loaded: C:\Users\Yousri\php\workspace\Memento\views\synapse.php
INFO - 2017-12-06 19:07:54 --> File loaded: C:\Users\Yousri\php\workspace\Memento\views\memento_head_dev.php
INFO - 2017-12-06 19:07:54 --> File loaded: C:\Users\Yousri\php\workspace\Memento\views\memento.php
INFO - 2017-12-06 19:07:54 --> File loaded: C:\Users\Yousri\php\workspace\Memento\views\memento_scripts_dev.php
INFO - 2017-12-06 19:07:54 --> Final output sent to browser
DEBUG - 2017-12-06 19:07:54 --> Total execution time: 0.0545
INFO - 2017-12-06 19:07:55 --> Config Class Initialized
INFO - 2017-12-06 19:07:55 --> Hooks Class Initialized
DEBUG - 2017-12-06 19:07:55 --> UTF-8 Support Enabled
INFO - 2017-12-06 19:07:55 --> Utf8 Class Initialized
INFO - 2017-12-06 19:07:55 --> URI Class Initialized
INFO - 2017-12-06 19:07:55 --> Router Class Initialized
INFO - 2017-12-06 19:07:55 --> Output Class Initialized
INFO - 2017-12-06 19:07:55 --> Security Class Initialized
DEBUG - 2017-12-06 19:07:55 --> Global POST, GET and COOKIE data sanitized
INFO - 2017-12-06 19:07:55 --> Input Class Initialized
INFO - 2017-12-06 19:07:55 --> Language Class Initialized
INFO - 2017-12-06 19:07:55 --> Loader Class Initialized
INFO - 2017-12-06 19:07:55 --> Helper loaded: url_helper
INFO - 2017-12-06 19:07:55 --> Controller Class Initialized
INFO - 2017-12-06 19:07:55 --> File loaded: C:\Users\Yousri\php\workspace\Memento\views\synapse.php
INFO - 2017-12-06 19:07:55 --> File loaded: C:\Users\Yousri\php\workspace\Memento\views\memento_head_dev.php
INFO - 2017-12-06 19:07:55 --> File loaded: C:\Users\Yousri\php\workspace\Memento\views\memento.php
INFO - 2017-12-06 19:07:55 --> File loaded: C:\Users\Yousri\php\workspace\Memento\views\memento_scripts_dev.php
INFO - 2017-12-06 19:07:55 --> Final output sent to browser
DEBUG - 2017-12-06 19:07:55 --> Total execution time: 0.0650
INFO - 2017-12-06 19:09:19 --> Config Class Initialized
INFO - 2017-12-06 19:09:19 --> Hooks Class Initialized
DEBUG - 2017-12-06 19:09:19 --> UTF-8 Support Enabled
INFO - 2017-12-06 19:09:19 --> Utf8 Class Initialized
INFO - 2017-12-06 19:09:19 --> URI Class Initialized
INFO - 2017-12-06 19:09:19 --> Router Class Initialized
INFO - 2017-12-06 19:09:19 --> Output Class Initialized
INFO - 2017-12-06 19:09:19 --> Security Class Initialized
DEBUG - 2017-12-06 19:09:19 --> Global POST, GET and COOKIE data sanitized
INFO - 2017-12-06 19:09:19 --> Input Class Initialized
INFO - 2017-12-06 19:09:19 --> Language Class Initialized
INFO - 2017-12-06 19:09:19 --> Loader Class Initialized
INFO - 2017-12-06 19:09:19 --> Helper loaded: url_helper
INFO - 2017-12-06 19:09:19 --> Controller Class Initialized
INFO - 2017-12-06 19:09:19 --> File loaded: C:\Users\Yousri\php\workspace\Memento\views\synapse.php
INFO - 2017-12-06 19:09:19 --> File loaded: C:\Users\Yousri\php\workspace\Memento\views\memento_head_dev.php
INFO - 2017-12-06 19:09:19 --> File loaded: C:\Users\Yousri\php\workspace\Memento\views\memento.php
INFO - 2017-12-06 19:09:19 --> File loaded: C:\Users\Yousri\php\workspace\Memento\views\memento_scripts_dev.php
INFO - 2017-12-06 19:09:19 --> Final output sent to browser
DEBUG - 2017-12-06 19:09:19 --> Total execution time: 0.0513
INFO - 2017-12-06 19:09:19 --> Config Class Initialized
INFO - 2017-12-06 19:09:19 --> Hooks Class Initialized
DEBUG - 2017-12-06 19:09:19 --> UTF-8 Support Enabled
INFO - 2017-12-06 19:09:19 --> Utf8 Class Initialized
INFO - 2017-12-06 19:09:19 --> URI Class Initialized
INFO - 2017-12-06 19:09:19 --> Router Class Initialized
INFO - 2017-12-06 19:09:19 --> Output Class Initialized
INFO - 2017-12-06 19:09:19 --> Security Class Initialized
DEBUG - 2017-12-06 19:09:19 --> Global POST, GET and COOKIE data sanitized
INFO - 2017-12-06 19:09:19 --> Input Class Initialized
INFO - 2017-12-06 19:09:19 --> Language Class Initialized
INFO - 2017-12-06 19:09:19 --> Loader Class Initialized
INFO - 2017-12-06 19:09:19 --> Helper loaded: url_helper
INFO - 2017-12-06 19:09:19 --> Controller Class Initialized
INFO - 2017-12-06 19:09:19 --> File loaded: C:\Users\Yousri\php\workspace\Memento\views\synapse.php
INFO - 2017-12-06 19:09:19 --> File loaded: C:\Users\Yousri\php\workspace\Memento\views\memento_head_dev.php
INFO - 2017-12-06 19:09:19 --> File loaded: C:\Users\Yousri\php\workspace\Memento\views\memento.php
INFO - 2017-12-06 19:09:19 --> File loaded: C:\Users\Yousri\php\workspace\Memento\views\memento_scripts_dev.php
INFO - 2017-12-06 19:09:19 --> Final output sent to browser
DEBUG - 2017-12-06 19:09:19 --> Total execution time: 0.0496
INFO - 2017-12-06 19:09:52 --> Config Class Initialized
INFO - 2017-12-06 19:09:52 --> Hooks Class Initialized
DEBUG - 2017-12-06 19:09:52 --> UTF-8 Support Enabled
INFO - 2017-12-06 19:09:52 --> Utf8 Class Initialized
INFO - 2017-12-06 19:09:52 --> URI Class Initialized
INFO - 2017-12-06 19:09:52 --> Router Class Initialized
INFO - 2017-12-06 19:09:52 --> Output Class Initialized
INFO - 2017-12-06 19:09:52 --> Security Class Initialized
DEBUG - 2017-12-06 19:09:52 --> Global POST, GET and COOKIE data sanitized
INFO - 2017-12-06 19:09:52 --> Input Class Initialized
INFO - 2017-12-06 19:09:52 --> Language Class Initialized
INFO - 2017-12-06 19:09:52 --> Loader Class Initialized
INFO - 2017-12-06 19:09:52 --> Helper loaded: url_helper
INFO - 2017-12-06 19:09:52 --> Controller Class Initialized
INFO - 2017-12-06 19:09:52 --> File loaded: C:\Users\Yousri\php\workspace\Memento\views\synapse.php
INFO - 2017-12-06 19:09:52 --> File loaded: C:\Users\Yousri\php\workspace\Memento\views\memento_head_dev.php
INFO - 2017-12-06 19:09:52 --> File loaded: C:\Users\Yousri\php\workspace\Memento\views\memento.php
INFO - 2017-12-06 19:09:52 --> File loaded: C:\Users\Yousri\php\workspace\Memento\views\memento_scripts_dev.php
INFO - 2017-12-06 19:09:52 --> Final output sent to browser
DEBUG - 2017-12-06 19:09:52 --> Total execution time: 0.0563
INFO - 2017-12-06 19:09:52 --> Config Class Initialized
INFO - 2017-12-06 19:09:52 --> Hooks Class Initialized
DEBUG - 2017-12-06 19:09:52 --> UTF-8 Support Enabled
INFO - 2017-12-06 19:09:52 --> Utf8 Class Initialized
INFO - 2017-12-06 19:09:52 --> URI Class Initialized
INFO - 2017-12-06 19:09:52 --> Router Class Initialized
INFO - 2017-12-06 19:09:52 --> Output Class Initialized
INFO - 2017-12-06 19:09:52 --> Security Class Initialized
DEBUG - 2017-12-06 19:09:52 --> Global POST, GET and COOKIE data sanitized
INFO - 2017-12-06 19:09:52 --> Input Class Initialized
INFO - 2017-12-06 19:09:52 --> Language Class Initialized
INFO - 2017-12-06 19:09:52 --> Loader Class Initialized
INFO - 2017-12-06 19:09:52 --> Helper loaded: url_helper
INFO - 2017-12-06 19:09:52 --> Controller Class Initialized
INFO - 2017-12-06 19:09:52 --> File loaded: C:\Users\Yousri\php\workspace\Memento\views\synapse.php
INFO - 2017-12-06 19:09:52 --> File loaded: C:\Users\Yousri\php\workspace\Memento\views\memento_head_dev.php
INFO - 2017-12-06 19:09:52 --> File loaded: C:\Users\Yousri\php\workspace\Memento\views\memento.php
INFO - 2017-12-06 19:09:52 --> File loaded: C:\Users\Yousri\php\workspace\Memento\views\memento_scripts_dev.php
INFO - 2017-12-06 19:09:52 --> Final output sent to browser
DEBUG - 2017-12-06 19:09:52 --> Total execution time: 0.0608
INFO - 2017-12-06 19:10:26 --> Config Class Initialized
INFO - 2017-12-06 19:10:26 --> Hooks Class Initialized
DEBUG - 2017-12-06 19:10:26 --> UTF-8 Support Enabled
INFO - 2017-12-06 19:10:26 --> Utf8 Class Initialized
INFO - 2017-12-06 19:10:26 --> URI Class Initialized
INFO - 2017-12-06 19:10:26 --> Router Class Initialized
INFO - 2017-12-06 19:10:26 --> Output Class Initialized
INFO - 2017-12-06 19:10:26 --> Security Class Initialized
DEBUG - 2017-12-06 19:10:26 --> Global POST, GET and COOKIE data sanitized
INFO - 2017-12-06 19:10:26 --> Input Class Initialized
INFO - 2017-12-06 19:10:26 --> Language Class Initialized
INFO - 2017-12-06 19:10:26 --> Loader Class Initialized
INFO - 2017-12-06 19:10:26 --> Helper loaded: url_helper
INFO - 2017-12-06 19:10:26 --> Controller Class Initialized
INFO - 2017-12-06 19:10:26 --> File loaded: C:\Users\Yousri\php\workspace\Memento\views\synapse.php
INFO - 2017-12-06 19:10:26 --> File loaded: C:\Users\Yousri\php\workspace\Memento\views\memento_head_dev.php
INFO - 2017-12-06 19:10:26 --> File loaded: C:\Users\Yousri\php\workspace\Memento\views\memento.php
INFO - 2017-12-06 19:10:26 --> File loaded: C:\Users\Yousri\php\workspace\Memento\views\memento_scripts_dev.php
INFO - 2017-12-06 19:10:26 --> Final output sent to browser
DEBUG - 2017-12-06 19:10:26 --> Total execution time: 0.0525
INFO - 2017-12-06 19:10:26 --> Config Class Initialized
INFO - 2017-12-06 19:10:26 --> Hooks Class Initialized
DEBUG - 2017-12-06 19:10:26 --> UTF-8 Support Enabled
INFO - 2017-12-06 19:10:26 --> Utf8 Class Initialized
INFO - 2017-12-06 19:10:26 --> URI Class Initialized
INFO - 2017-12-06 19:10:26 --> Router Class Initialized
INFO - 2017-12-06 19:10:26 --> Output Class Initialized
INFO - 2017-12-06 19:10:26 --> Security Class Initialized
DEBUG - 2017-12-06 19:10:26 --> Global POST, GET and COOKIE data sanitized
INFO - 2017-12-06 19:10:26 --> Input Class Initialized
INFO - 2017-12-06 19:10:26 --> Language Class Initialized
INFO - 2017-12-06 19:10:26 --> Loader Class Initialized
INFO - 2017-12-06 19:10:26 --> Helper loaded: url_helper
INFO - 2017-12-06 19:10:26 --> Controller Class Initialized
INFO - 2017-12-06 19:10:26 --> File loaded: C:\Users\Yousri\php\workspace\Memento\views\synapse.php
INFO - 2017-12-06 19:10:26 --> File loaded: C:\Users\Yousri\php\workspace\Memento\views\memento_head_dev.php
INFO - 2017-12-06 19:10:26 --> File loaded: C:\Users\Yousri\php\workspace\Memento\views\memento.php
INFO - 2017-12-06 19:10:26 --> File loaded: C:\Users\Yousri\php\workspace\Memento\views\memento_scripts_dev.php
INFO - 2017-12-06 19:10:26 --> Final output sent to browser
DEBUG - 2017-12-06 19:10:26 --> Total execution time: 0.0583
INFO - 2017-12-06 19:10:48 --> Config Class Initialized
INFO - 2017-12-06 19:10:48 --> Hooks Class Initialized
DEBUG - 2017-12-06 19:10:48 --> UTF-8 Support Enabled
INFO - 2017-12-06 19:10:48 --> Utf8 Class Initialized
INFO - 2017-12-06 19:10:48 --> URI Class Initialized
INFO - 2017-12-06 19:10:48 --> Router Class Initialized
INFO - 2017-12-06 19:10:48 --> Output Class Initialized
INFO - 2017-12-06 19:10:48 --> Security Class Initialized
DEBUG - 2017-12-06 19:10:48 --> Global POST, GET and COOKIE data sanitized
INFO - 2017-12-06 19:10:48 --> Input Class Initialized
INFO - 2017-12-06 19:10:48 --> Language Class Initialized
INFO - 2017-12-06 19:10:48 --> Loader Class Initialized
INFO - 2017-12-06 19:10:48 --> Helper loaded: url_helper
INFO - 2017-12-06 19:10:48 --> Controller Class Initialized
INFO - 2017-12-06 19:10:48 --> File loaded: C:\Users\Yousri\php\workspace\Memento\views\synapse.php
INFO - 2017-12-06 19:10:48 --> File loaded: C:\Users\Yousri\php\workspace\Memento\views\memento_head_dev.php
INFO - 2017-12-06 19:10:48 --> File loaded: C:\Users\Yousri\php\workspace\Memento\views\memento.php
INFO - 2017-12-06 19:10:48 --> File loaded: C:\Users\Yousri\php\workspace\Memento\views\memento_scripts_dev.php
INFO - 2017-12-06 19:10:48 --> Final output sent to browser
DEBUG - 2017-12-06 19:10:48 --> Total execution time: 0.0591
INFO - 2017-12-06 19:10:48 --> Config Class Initialized
INFO - 2017-12-06 19:10:48 --> Hooks Class Initialized
DEBUG - 2017-12-06 19:10:48 --> UTF-8 Support Enabled
INFO - 2017-12-06 19:10:48 --> Utf8 Class Initialized
INFO - 2017-12-06 19:10:48 --> URI Class Initialized
INFO - 2017-12-06 19:10:48 --> Router Class Initialized
INFO - 2017-12-06 19:10:48 --> Output Class Initialized
INFO - 2017-12-06 19:10:48 --> Security Class Initialized
DEBUG - 2017-12-06 19:10:48 --> Global POST, GET and COOKIE data sanitized
INFO - 2017-12-06 19:10:48 --> Input Class Initialized
INFO - 2017-12-06 19:10:48 --> Language Class Initialized
INFO - 2017-12-06 19:10:48 --> Loader Class Initialized
INFO - 2017-12-06 19:10:48 --> Helper loaded: url_helper
INFO - 2017-12-06 19:10:48 --> Controller Class Initialized
INFO - 2017-12-06 19:10:48 --> File loaded: C:\Users\Yousri\php\workspace\Memento\views\synapse.php
INFO - 2017-12-06 19:10:48 --> File loaded: C:\Users\Yousri\php\workspace\Memento\views\memento_head_dev.php
INFO - 2017-12-06 19:10:48 --> File loaded: C:\Users\Yousri\php\workspace\Memento\views\memento.php
INFO - 2017-12-06 19:10:48 --> File loaded: C:\Users\Yousri\php\workspace\Memento\views\memento_scripts_dev.php
INFO - 2017-12-06 19:10:48 --> Final output sent to browser
DEBUG - 2017-12-06 19:10:48 --> Total execution time: 0.0546
INFO - 2017-12-06 19:11:32 --> Config Class Initialized
INFO - 2017-12-06 19:11:32 --> Hooks Class Initialized
DEBUG - 2017-12-06 19:11:32 --> UTF-8 Support Enabled
INFO - 2017-12-06 19:11:32 --> Utf8 Class Initialized
INFO - 2017-12-06 19:11:32 --> URI Class Initialized
INFO - 2017-12-06 19:11:32 --> Router Class Initialized
INFO - 2017-12-06 19:11:32 --> Output Class Initialized
INFO - 2017-12-06 19:11:32 --> Security Class Initialized
DEBUG - 2017-12-06 19:11:32 --> Global POST, GET and COOKIE data sanitized
INFO - 2017-12-06 19:11:32 --> Input Class Initialized
INFO - 2017-12-06 19:11:32 --> Language Class Initialized
INFO - 2017-12-06 19:11:32 --> Loader Class Initialized
INFO - 2017-12-06 19:11:32 --> Helper loaded: url_helper
INFO - 2017-12-06 19:11:32 --> Controller Class Initialized
INFO - 2017-12-06 19:11:32 --> File loaded: C:\Users\Yousri\php\workspace\Memento\views\synapse.php
INFO - 2017-12-06 19:11:32 --> File loaded: C:\Users\Yousri\php\workspace\Memento\views\memento_head_dev.php
INFO - 2017-12-06 19:11:32 --> File loaded: C:\Users\Yousri\php\workspace\Memento\views\memento.php
INFO - 2017-12-06 19:11:32 --> File loaded: C:\Users\Yousri\php\workspace\Memento\views\memento_scripts_dev.php
INFO - 2017-12-06 19:11:32 --> Final output sent to browser
DEBUG - 2017-12-06 19:11:32 --> Total execution time: 0.0517
INFO - 2017-12-06 19:11:33 --> Config Class Initialized
INFO - 2017-12-06 19:11:33 --> Hooks Class Initialized
DEBUG - 2017-12-06 19:11:33 --> UTF-8 Support Enabled
INFO - 2017-12-06 19:11:33 --> Utf8 Class Initialized
INFO - 2017-12-06 19:11:33 --> URI Class Initialized
INFO - 2017-12-06 19:11:33 --> Router Class Initialized
INFO - 2017-12-06 19:11:33 --> Output Class Initialized
INFO - 2017-12-06 19:11:33 --> Security Class Initialized
DEBUG - 2017-12-06 19:11:33 --> Global POST, GET and COOKIE data sanitized
INFO - 2017-12-06 19:11:33 --> Input Class Initialized
INFO - 2017-12-06 19:11:33 --> Language Class Initialized
INFO - 2017-12-06 19:11:33 --> Loader Class Initialized
INFO - 2017-12-06 19:11:33 --> Helper loaded: url_helper
INFO - 2017-12-06 19:11:33 --> Controller Class Initialized
INFO - 2017-12-06 19:11:33 --> File loaded: C:\Users\Yousri\php\workspace\Memento\views\synapse.php
INFO - 2017-12-06 19:11:33 --> File loaded: C:\Users\Yousri\php\workspace\Memento\views\memento_head_dev.php
INFO - 2017-12-06 19:11:33 --> File loaded: C:\Users\Yousri\php\workspace\Memento\views\memento.php
INFO - 2017-12-06 19:11:33 --> File loaded: C:\Users\Yousri\php\workspace\Memento\views\memento_scripts_dev.php
INFO - 2017-12-06 19:11:33 --> Final output sent to browser
DEBUG - 2017-12-06 19:11:33 --> Total execution time: 0.0567
INFO - 2017-12-06 19:14:32 --> Config Class Initialized
INFO - 2017-12-06 19:14:32 --> Hooks Class Initialized
DEBUG - 2017-12-06 19:14:32 --> UTF-8 Support Enabled
INFO - 2017-12-06 19:14:32 --> Utf8 Class Initialized
INFO - 2017-12-06 19:14:32 --> URI Class Initialized
INFO - 2017-12-06 19:14:32 --> Router Class Initialized
INFO - 2017-12-06 19:14:32 --> Output Class Initialized
INFO - 2017-12-06 19:14:32 --> Security Class Initialized
DEBUG - 2017-12-06 19:14:32 --> Global POST, GET and COOKIE data sanitized
INFO - 2017-12-06 19:14:32 --> Input Class Initialized
INFO - 2017-12-06 19:14:32 --> Language Class Initialized
INFO - 2017-12-06 19:14:32 --> Loader Class Initialized
INFO - 2017-12-06 19:14:32 --> Helper loaded: url_helper
INFO - 2017-12-06 19:14:32 --> Controller Class Initialized
INFO - 2017-12-06 19:14:32 --> File loaded: C:\Users\Yousri\php\workspace\Memento\views\synapse.php
INFO - 2017-12-06 19:14:32 --> File loaded: C:\Users\Yousri\php\workspace\Memento\views\memento_head_dev.php
INFO - 2017-12-06 19:14:32 --> File loaded: C:\Users\Yousri\php\workspace\Memento\views\memento.php
INFO - 2017-12-06 19:14:32 --> File loaded: C:\Users\Yousri\php\workspace\Memento\views\memento_scripts_dev.php
INFO - 2017-12-06 19:14:32 --> Final output sent to browser
DEBUG - 2017-12-06 19:14:32 --> Total execution time: 0.0625
INFO - 2017-12-06 19:14:33 --> Config Class Initialized
INFO - 2017-12-06 19:14:33 --> Hooks Class Initialized
DEBUG - 2017-12-06 19:14:33 --> UTF-8 Support Enabled
INFO - 2017-12-06 19:14:33 --> Utf8 Class Initialized
INFO - 2017-12-06 19:14:33 --> URI Class Initialized
INFO - 2017-12-06 19:14:33 --> Router Class Initialized
INFO - 2017-12-06 19:14:33 --> Output Class Initialized
INFO - 2017-12-06 19:14:33 --> Security Class Initialized
DEBUG - 2017-12-06 19:14:33 --> Global POST, GET and COOKIE data sanitized
INFO - 2017-12-06 19:14:33 --> Input Class Initialized
INFO - 2017-12-06 19:14:33 --> Language Class Initialized
INFO - 2017-12-06 19:14:33 --> Loader Class Initialized
INFO - 2017-12-06 19:14:33 --> Helper loaded: url_helper
INFO - 2017-12-06 19:14:33 --> Controller Class Initialized
INFO - 2017-12-06 19:14:33 --> File loaded: C:\Users\Yousri\php\workspace\Memento\views\synapse.php
INFO - 2017-12-06 19:14:33 --> File loaded: C:\Users\Yousri\php\workspace\Memento\views\memento_head_dev.php
INFO - 2017-12-06 19:14:33 --> File loaded: C:\Users\Yousri\php\workspace\Memento\views\memento.php
INFO - 2017-12-06 19:14:33 --> File loaded: C:\Users\Yousri\php\workspace\Memento\views\memento_scripts_dev.php
INFO - 2017-12-06 19:14:33 --> Final output sent to browser
DEBUG - 2017-12-06 19:14:33 --> Total execution time: 0.0606
INFO - 2017-12-06 19:15:44 --> Config Class Initialized
INFO - 2017-12-06 19:15:44 --> Hooks Class Initialized
DEBUG - 2017-12-06 19:15:44 --> UTF-8 Support Enabled
INFO - 2017-12-06 19:15:44 --> Utf8 Class Initialized
INFO - 2017-12-06 19:15:44 --> URI Class Initialized
INFO - 2017-12-06 19:15:44 --> Router Class Initialized
INFO - 2017-12-06 19:15:44 --> Output Class Initialized
INFO - 2017-12-06 19:15:44 --> Security Class Initialized
DEBUG - 2017-12-06 19:15:44 --> Global POST, GET and COOKIE data sanitized
INFO - 2017-12-06 19:15:44 --> Input Class Initialized
INFO - 2017-12-06 19:15:44 --> Language Class Initialized
INFO - 2017-12-06 19:15:44 --> Loader Class Initialized
INFO - 2017-12-06 19:15:44 --> Helper loaded: url_helper
INFO - 2017-12-06 19:15:44 --> Controller Class Initialized
INFO - 2017-12-06 19:15:44 --> File loaded: C:\Users\Yousri\php\workspace\Memento\views\synapse.php
INFO - 2017-12-06 19:15:44 --> File loaded: C:\Users\Yousri\php\workspace\Memento\views\memento_head_dev.php
INFO - 2017-12-06 19:15:44 --> File loaded: C:\Users\Yousri\php\workspace\Memento\views\memento.php
INFO - 2017-12-06 19:15:44 --> File loaded: C:\Users\Yousri\php\workspace\Memento\views\memento_scripts_dev.php
INFO - 2017-12-06 19:15:44 --> Final output sent to browser
DEBUG - 2017-12-06 19:15:44 --> Total execution time: 0.0637
INFO - 2017-12-06 19:15:45 --> Config Class Initialized
INFO - 2017-12-06 19:15:45 --> Hooks Class Initialized
DEBUG - 2017-12-06 19:15:45 --> UTF-8 Support Enabled
INFO - 2017-12-06 19:15:45 --> Utf8 Class Initialized
INFO - 2017-12-06 19:15:45 --> URI Class Initialized
INFO - 2017-12-06 19:15:45 --> Router Class Initialized
INFO - 2017-12-06 19:15:45 --> Output Class Initialized
INFO - 2017-12-06 19:15:45 --> Security Class Initialized
DEBUG - 2017-12-06 19:15:45 --> Global POST, GET and COOKIE data sanitized
INFO - 2017-12-06 19:15:45 --> Input Class Initialized
INFO - 2017-12-06 19:15:45 --> Language Class Initialized
INFO - 2017-12-06 19:15:45 --> Loader Class Initialized
INFO - 2017-12-06 19:15:45 --> Helper loaded: url_helper
INFO - 2017-12-06 19:15:45 --> Controller Class Initialized
INFO - 2017-12-06 19:15:45 --> File loaded: C:\Users\Yousri\php\workspace\Memento\views\synapse.php
INFO - 2017-12-06 19:15:45 --> File loaded: C:\Users\Yousri\php\workspace\Memento\views\memento_head_dev.php
INFO - 2017-12-06 19:15:45 --> File loaded: C:\Users\Yousri\php\workspace\Memento\views\memento.php
INFO - 2017-12-06 19:15:45 --> File loaded: C:\Users\Yousri\php\workspace\Memento\views\memento_scripts_dev.php
INFO - 2017-12-06 19:15:45 --> Final output sent to browser
DEBUG - 2017-12-06 19:15:45 --> Total execution time: 0.0491
INFO - 2017-12-06 19:16:26 --> Config Class Initialized
INFO - 2017-12-06 19:16:26 --> Hooks Class Initialized
DEBUG - 2017-12-06 19:16:26 --> UTF-8 Support Enabled
INFO - 2017-12-06 19:16:26 --> Utf8 Class Initialized
INFO - 2017-12-06 19:16:26 --> URI Class Initialized
INFO - 2017-12-06 19:16:26 --> Router Class Initialized
INFO - 2017-12-06 19:16:26 --> Output Class Initialized
INFO - 2017-12-06 19:16:26 --> Security Class Initialized
DEBUG - 2017-12-06 19:16:26 --> Global POST, GET and COOKIE data sanitized
INFO - 2017-12-06 19:16:26 --> Input Class Initialized
INFO - 2017-12-06 19:16:26 --> Language Class Initialized
INFO - 2017-12-06 19:16:26 --> Loader Class Initialized
INFO - 2017-12-06 19:16:26 --> Helper loaded: url_helper
INFO - 2017-12-06 19:16:26 --> Controller Class Initialized
INFO - 2017-12-06 19:16:26 --> File loaded: C:\Users\Yousri\php\workspace\Memento\views\synapse.php
INFO - 2017-12-06 19:16:26 --> File loaded: C:\Users\Yousri\php\workspace\Memento\views\memento_head_dev.php
INFO - 2017-12-06 19:16:26 --> File loaded: C:\Users\Yousri\php\workspace\Memento\views\memento.php
INFO - 2017-12-06 19:16:26 --> File loaded: C:\Users\Yousri\php\workspace\Memento\views\memento_scripts_dev.php
INFO - 2017-12-06 19:16:26 --> Final output sent to browser
DEBUG - 2017-12-06 19:16:26 --> Total execution time: 0.0586
INFO - 2017-12-06 19:16:26 --> Config Class Initialized
INFO - 2017-12-06 19:16:26 --> Hooks Class Initialized
DEBUG - 2017-12-06 19:16:26 --> UTF-8 Support Enabled
INFO - 2017-12-06 19:16:26 --> Utf8 Class Initialized
INFO - 2017-12-06 19:16:26 --> URI Class Initialized
INFO - 2017-12-06 19:16:26 --> Router Class Initialized
INFO - 2017-12-06 19:16:26 --> Output Class Initialized
INFO - 2017-12-06 19:16:26 --> Security Class Initialized
DEBUG - 2017-12-06 19:16:26 --> Global POST, GET and COOKIE data sanitized
INFO - 2017-12-06 19:16:26 --> Input Class Initialized
INFO - 2017-12-06 19:16:26 --> Language Class Initialized
INFO - 2017-12-06 19:16:26 --> Loader Class Initialized
INFO - 2017-12-06 19:16:26 --> Helper loaded: url_helper
INFO - 2017-12-06 19:16:26 --> Controller Class Initialized
INFO - 2017-12-06 19:16:26 --> File loaded: C:\Users\Yousri\php\workspace\Memento\views\synapse.php
INFO - 2017-12-06 19:16:26 --> File loaded: C:\Users\Yousri\php\workspace\Memento\views\memento_head_dev.php
INFO - 2017-12-06 19:16:26 --> File loaded: C:\Users\Yousri\php\workspace\Memento\views\memento.php
INFO - 2017-12-06 19:16:26 --> File loaded: C:\Users\Yousri\php\workspace\Memento\views\memento_scripts_dev.php
INFO - 2017-12-06 19:16:26 --> Final output sent to browser
DEBUG - 2017-12-06 19:16:26 --> Total execution time: 0.0812
INFO - 2017-12-06 19:19:48 --> Config Class Initialized
INFO - 2017-12-06 19:19:48 --> Hooks Class Initialized
DEBUG - 2017-12-06 19:19:48 --> UTF-8 Support Enabled
INFO - 2017-12-06 19:19:48 --> Utf8 Class Initialized
INFO - 2017-12-06 19:19:48 --> URI Class Initialized
INFO - 2017-12-06 19:19:48 --> Router Class Initialized
INFO - 2017-12-06 19:19:48 --> Output Class Initialized
INFO - 2017-12-06 19:19:48 --> Security Class Initialized
DEBUG - 2017-12-06 19:19:48 --> Global POST, GET and COOKIE data sanitized
INFO - 2017-12-06 19:19:48 --> Input Class Initialized
INFO - 2017-12-06 19:19:48 --> Language Class Initialized
INFO - 2017-12-06 19:19:48 --> Loader Class Initialized
INFO - 2017-12-06 19:19:48 --> Helper loaded: url_helper
INFO - 2017-12-06 19:19:48 --> Controller Class Initialized
INFO - 2017-12-06 19:19:48 --> File loaded: C:\Users\Yousri\php\workspace\Memento\views\synapse.php
INFO - 2017-12-06 19:19:48 --> File loaded: C:\Users\Yousri\php\workspace\Memento\views\memento_head_dev.php
INFO - 2017-12-06 19:19:48 --> File loaded: C:\Users\Yousri\php\workspace\Memento\views\memento.php
INFO - 2017-12-06 19:19:48 --> File loaded: C:\Users\Yousri\php\workspace\Memento\views\memento_scripts_dev.php
INFO - 2017-12-06 19:19:48 --> Final output sent to browser
DEBUG - 2017-12-06 19:19:48 --> Total execution time: 0.0554
INFO - 2017-12-06 19:19:49 --> Config Class Initialized
INFO - 2017-12-06 19:19:49 --> Hooks Class Initialized
DEBUG - 2017-12-06 19:19:49 --> UTF-8 Support Enabled
INFO - 2017-12-06 19:19:49 --> Utf8 Class Initialized
INFO - 2017-12-06 19:19:49 --> URI Class Initialized
INFO - 2017-12-06 19:19:49 --> Router Class Initialized
INFO - 2017-12-06 19:19:49 --> Output Class Initialized
INFO - 2017-12-06 19:19:49 --> Security Class Initialized
DEBUG - 2017-12-06 19:19:49 --> Global POST, GET and COOKIE data sanitized
INFO - 2017-12-06 19:19:49 --> Input Class Initialized
INFO - 2017-12-06 19:19:49 --> Language Class Initialized
INFO - 2017-12-06 19:19:49 --> Loader Class Initialized
INFO - 2017-12-06 19:19:49 --> Helper loaded: url_helper
INFO - 2017-12-06 19:19:49 --> Controller Class Initialized
INFO - 2017-12-06 19:19:49 --> File loaded: C:\Users\Yousri\php\workspace\Memento\views\synapse.php
INFO - 2017-12-06 19:19:49 --> File loaded: C:\Users\Yousri\php\workspace\Memento\views\memento_head_dev.php
INFO - 2017-12-06 19:19:49 --> File loaded: C:\Users\Yousri\php\workspace\Memento\views\memento.php
INFO - 2017-12-06 19:19:49 --> File loaded: C:\Users\Yousri\php\workspace\Memento\views\memento_scripts_dev.php
INFO - 2017-12-06 19:19:49 --> Final output sent to browser
DEBUG - 2017-12-06 19:19:49 --> Total execution time: 0.0566
INFO - 2017-12-06 19:24:09 --> Config Class Initialized
INFO - 2017-12-06 19:24:09 --> Hooks Class Initialized
DEBUG - 2017-12-06 19:24:09 --> UTF-8 Support Enabled
INFO - 2017-12-06 19:24:09 --> Utf8 Class Initialized
INFO - 2017-12-06 19:24:09 --> URI Class Initialized
INFO - 2017-12-06 19:24:09 --> Router Class Initialized
INFO - 2017-12-06 19:24:09 --> Output Class Initialized
INFO - 2017-12-06 19:24:09 --> Security Class Initialized
DEBUG - 2017-12-06 19:24:09 --> Global POST, GET and COOKIE data sanitized
INFO - 2017-12-06 19:24:09 --> Input Class Initialized
INFO - 2017-12-06 19:24:09 --> Language Class Initialized
INFO - 2017-12-06 19:24:09 --> Loader Class Initialized
INFO - 2017-12-06 19:24:09 --> Helper loaded: url_helper
INFO - 2017-12-06 19:24:09 --> Controller Class Initialized
INFO - 2017-12-06 19:24:09 --> File loaded: C:\Users\Yousri\php\workspace\Memento\views\synapse.php
INFO - 2017-12-06 19:24:09 --> File loaded: C:\Users\Yousri\php\workspace\Memento\views\memento_head_dev.php
INFO - 2017-12-06 19:24:09 --> File loaded: C:\Users\Yousri\php\workspace\Memento\views\memento.php
INFO - 2017-12-06 19:24:09 --> File loaded: C:\Users\Yousri\php\workspace\Memento\views\memento_scripts_dev.php
INFO - 2017-12-06 19:24:09 --> Final output sent to browser
DEBUG - 2017-12-06 19:24:09 --> Total execution time: 0.0598
INFO - 2017-12-06 19:24:10 --> Config Class Initialized
INFO - 2017-12-06 19:24:10 --> Hooks Class Initialized
DEBUG - 2017-12-06 19:24:10 --> UTF-8 Support Enabled
INFO - 2017-12-06 19:24:10 --> Utf8 Class Initialized
INFO - 2017-12-06 19:24:10 --> URI Class Initialized
INFO - 2017-12-06 19:24:10 --> Router Class Initialized
INFO - 2017-12-06 19:24:10 --> Output Class Initialized
INFO - 2017-12-06 19:24:10 --> Security Class Initialized
DEBUG - 2017-12-06 19:24:10 --> Global POST, GET and COOKIE data sanitized
INFO - 2017-12-06 19:24:10 --> Input Class Initialized
INFO - 2017-12-06 19:24:10 --> Language Class Initialized
INFO - 2017-12-06 19:24:10 --> Loader Class Initialized
INFO - 2017-12-06 19:24:10 --> Helper loaded: url_helper
INFO - 2017-12-06 19:24:10 --> Controller Class Initialized
INFO - 2017-12-06 19:24:10 --> File loaded: C:\Users\Yousri\php\workspace\Memento\views\synapse.php
INFO - 2017-12-06 19:24:10 --> File loaded: C:\Users\Yousri\php\workspace\Memento\views\memento_head_dev.php
INFO - 2017-12-06 19:24:10 --> File loaded: C:\Users\Yousri\php\workspace\Memento\views\memento.php
INFO - 2017-12-06 19:24:10 --> File loaded: C:\Users\Yousri\php\workspace\Memento\views\memento_scripts_dev.php
INFO - 2017-12-06 19:24:10 --> Final output sent to browser
DEBUG - 2017-12-06 19:24:10 --> Total execution time: 0.0644
INFO - 2017-12-06 20:23:24 --> Config Class Initialized
INFO - 2017-12-06 20:23:24 --> Hooks Class Initialized
DEBUG - 2017-12-06 20:23:24 --> UTF-8 Support Enabled
INFO - 2017-12-06 20:23:24 --> Utf8 Class Initialized
INFO - 2017-12-06 20:23:24 --> URI Class Initialized
INFO - 2017-12-06 20:23:24 --> Router Class Initialized
INFO - 2017-12-06 20:23:24 --> Output Class Initialized
INFO - 2017-12-06 20:23:24 --> Security Class Initialized
DEBUG - 2017-12-06 20:23:24 --> Global POST, GET and COOKIE data sanitized
INFO - 2017-12-06 20:23:24 --> Input Class Initialized
INFO - 2017-12-06 20:23:24 --> Language Class Initialized
INFO - 2017-12-06 20:23:24 --> Loader Class Initialized
INFO - 2017-12-06 20:23:24 --> Helper loaded: url_helper
INFO - 2017-12-06 20:23:24 --> Controller Class Initialized
INFO - 2017-12-06 20:23:24 --> File loaded: C:\Users\Yousri\php\workspace\Memento\views\synapse.php
INFO - 2017-12-06 20:23:24 --> File loaded: C:\Users\Yousri\php\workspace\Memento\views\memento_head_dev.php
INFO - 2017-12-06 20:23:24 --> File loaded: C:\Users\Yousri\php\workspace\Memento\views\memento.php
INFO - 2017-12-06 20:23:24 --> File loaded: C:\Users\Yousri\php\workspace\Memento\views\memento_scripts_dev.php
INFO - 2017-12-06 20:23:24 --> Final output sent to browser
DEBUG - 2017-12-06 20:23:24 --> Total execution time: 0.0950
INFO - 2017-12-06 20:23:24 --> Config Class Initialized
INFO - 2017-12-06 20:23:24 --> Hooks Class Initialized
DEBUG - 2017-12-06 20:23:24 --> UTF-8 Support Enabled
INFO - 2017-12-06 20:23:24 --> Utf8 Class Initialized
INFO - 2017-12-06 20:23:24 --> URI Class Initialized
INFO - 2017-12-06 20:23:24 --> Router Class Initialized
INFO - 2017-12-06 20:23:24 --> Output Class Initialized
INFO - 2017-12-06 20:23:24 --> Security Class Initialized
DEBUG - 2017-12-06 20:23:24 --> Global POST, GET and COOKIE data sanitized
INFO - 2017-12-06 20:23:24 --> Input Class Initialized
INFO - 2017-12-06 20:23:24 --> Language Class Initialized
INFO - 2017-12-06 20:23:24 --> Loader Class Initialized
INFO - 2017-12-06 20:23:24 --> Helper loaded: url_helper
INFO - 2017-12-06 20:23:24 --> Controller Class Initialized
INFO - 2017-12-06 20:23:24 --> File loaded: C:\Users\Yousri\php\workspace\Memento\views\synapse.php
INFO - 2017-12-06 20:23:24 --> File loaded: C:\Users\Yousri\php\workspace\Memento\views\memento_head_dev.php
INFO - 2017-12-06 20:23:24 --> File loaded: C:\Users\Yousri\php\workspace\Memento\views\memento.php
INFO - 2017-12-06 20:23:24 --> File loaded: C:\Users\Yousri\php\workspace\Memento\views\memento_scripts_dev.php
INFO - 2017-12-06 20:23:24 --> Final output sent to browser
DEBUG - 2017-12-06 20:23:24 --> Total execution time: 0.0540
INFO - 2017-12-06 20:23:47 --> Config Class Initialized
INFO - 2017-12-06 20:23:47 --> Hooks Class Initialized
DEBUG - 2017-12-06 20:23:47 --> UTF-8 Support Enabled
INFO - 2017-12-06 20:23:47 --> Utf8 Class Initialized
INFO - 2017-12-06 20:23:47 --> URI Class Initialized
INFO - 2017-12-06 20:23:47 --> Router Class Initialized
INFO - 2017-12-06 20:23:47 --> Output Class Initialized
INFO - 2017-12-06 20:23:47 --> Security Class Initialized
DEBUG - 2017-12-06 20:23:47 --> Global POST, GET and COOKIE data sanitized
INFO - 2017-12-06 20:23:47 --> Input Class Initialized
INFO - 2017-12-06 20:23:47 --> Language Class Initialized
INFO - 2017-12-06 20:23:47 --> Loader Class Initialized
INFO - 2017-12-06 20:23:47 --> Helper loaded: url_helper
INFO - 2017-12-06 20:23:47 --> Controller Class Initialized
INFO - 2017-12-06 20:23:47 --> File loaded: C:\Users\Yousri\php\workspace\Memento\views\synapse.php
INFO - 2017-12-06 20:23:47 --> File loaded: C:\Users\Yousri\php\workspace\Memento\views\memento_head_dev.php
INFO - 2017-12-06 20:23:47 --> File loaded: C:\Users\Yousri\php\workspace\Memento\views\memento.php
INFO - 2017-12-06 20:23:47 --> File loaded: C:\Users\Yousri\php\workspace\Memento\views\memento_scripts_dev.php
INFO - 2017-12-06 20:23:47 --> Final output sent to browser
DEBUG - 2017-12-06 20:23:47 --> Total execution time: 0.0677
INFO - 2017-12-06 20:23:47 --> Config Class Initialized
INFO - 2017-12-06 20:23:47 --> Hooks Class Initialized
DEBUG - 2017-12-06 20:23:47 --> UTF-8 Support Enabled
INFO - 2017-12-06 20:23:47 --> Utf8 Class Initialized
INFO - 2017-12-06 20:23:47 --> URI Class Initialized
INFO - 2017-12-06 20:23:47 --> Router Class Initialized
INFO - 2017-12-06 20:23:47 --> Output Class Initialized
INFO - 2017-12-06 20:23:47 --> Security Class Initialized
DEBUG - 2017-12-06 20:23:47 --> Global POST, GET and COOKIE data sanitized
INFO - 2017-12-06 20:23:47 --> Input Class Initialized
INFO - 2017-12-06 20:23:47 --> Language Class Initialized
INFO - 2017-12-06 20:23:47 --> Loader Class Initialized
INFO - 2017-12-06 20:23:47 --> Helper loaded: url_helper
INFO - 2017-12-06 20:23:47 --> Controller Class Initialized
INFO - 2017-12-06 20:23:47 --> File loaded: C:\Users\Yousri\php\workspace\Memento\views\synapse.php
INFO - 2017-12-06 20:23:47 --> File loaded: C:\Users\Yousri\php\workspace\Memento\views\memento_head_dev.php
INFO - 2017-12-06 20:23:47 --> File loaded: C:\Users\Yousri\php\workspace\Memento\views\memento.php
INFO - 2017-12-06 20:23:47 --> File loaded: C:\Users\Yousri\php\workspace\Memento\views\memento_scripts_dev.php
INFO - 2017-12-06 20:23:47 --> Final output sent to browser
DEBUG - 2017-12-06 20:23:47 --> Total execution time: 0.0754
INFO - 2017-12-06 20:24:59 --> Config Class Initialized
INFO - 2017-12-06 20:24:59 --> Hooks Class Initialized
DEBUG - 2017-12-06 20:24:59 --> UTF-8 Support Enabled
INFO - 2017-12-06 20:24:59 --> Utf8 Class Initialized
INFO - 2017-12-06 20:24:59 --> URI Class Initialized
INFO - 2017-12-06 20:24:59 --> Router Class Initialized
INFO - 2017-12-06 20:24:59 --> Output Class Initialized
INFO - 2017-12-06 20:24:59 --> Security Class Initialized
DEBUG - 2017-12-06 20:24:59 --> Global POST, GET and COOKIE data sanitized
INFO - 2017-12-06 20:24:59 --> Input Class Initialized
INFO - 2017-12-06 20:24:59 --> Language Class Initialized
INFO - 2017-12-06 20:24:59 --> Loader Class Initialized
INFO - 2017-12-06 20:24:59 --> Helper loaded: url_helper
INFO - 2017-12-06 20:24:59 --> Controller Class Initialized
INFO - 2017-12-06 20:24:59 --> File loaded: C:\Users\Yousri\php\workspace\Memento\views\synapse.php
INFO - 2017-12-06 20:24:59 --> File loaded: C:\Users\Yousri\php\workspace\Memento\views\memento_head_dev.php
INFO - 2017-12-06 20:24:59 --> File loaded: C:\Users\Yousri\php\workspace\Memento\views\memento.php
INFO - 2017-12-06 20:24:59 --> File loaded: C:\Users\Yousri\php\workspace\Memento\views\memento_scripts_dev.php
INFO - 2017-12-06 20:24:59 --> Final output sent to browser
DEBUG - 2017-12-06 20:24:59 --> Total execution time: 0.0569
INFO - 2017-12-06 20:24:59 --> Config Class Initialized
INFO - 2017-12-06 20:24:59 --> Hooks Class Initialized
DEBUG - 2017-12-06 20:24:59 --> UTF-8 Support Enabled
INFO - 2017-12-06 20:24:59 --> Utf8 Class Initialized
INFO - 2017-12-06 20:24:59 --> URI Class Initialized
INFO - 2017-12-06 20:24:59 --> Router Class Initialized
INFO - 2017-12-06 20:24:59 --> Output Class Initialized
INFO - 2017-12-06 20:24:59 --> Security Class Initialized
DEBUG - 2017-12-06 20:24:59 --> Global POST, GET and COOKIE data sanitized
INFO - 2017-12-06 20:24:59 --> Input Class Initialized
INFO - 2017-12-06 20:24:59 --> Language Class Initialized
INFO - 2017-12-06 20:24:59 --> Loader Class Initialized
INFO - 2017-12-06 20:24:59 --> Helper loaded: url_helper
INFO - 2017-12-06 20:24:59 --> Controller Class Initialized
INFO - 2017-12-06 20:24:59 --> File loaded: C:\Users\Yousri\php\workspace\Memento\views\synapse.php
INFO - 2017-12-06 20:24:59 --> File loaded: C:\Users\Yousri\php\workspace\Memento\views\memento_head_dev.php
INFO - 2017-12-06 20:24:59 --> File loaded: C:\Users\Yousri\php\workspace\Memento\views\memento.php
INFO - 2017-12-06 20:24:59 --> File loaded: C:\Users\Yousri\php\workspace\Memento\views\memento_scripts_dev.php
INFO - 2017-12-06 20:24:59 --> Final output sent to browser
DEBUG - 2017-12-06 20:24:59 --> Total execution time: 0.0694
INFO - 2017-12-06 20:25:37 --> Config Class Initialized
INFO - 2017-12-06 20:25:37 --> Hooks Class Initialized
DEBUG - 2017-12-06 20:25:37 --> UTF-8 Support Enabled
INFO - 2017-12-06 20:25:37 --> Utf8 Class Initialized
INFO - 2017-12-06 20:25:37 --> URI Class Initialized
INFO - 2017-12-06 20:25:37 --> Router Class Initialized
INFO - 2017-12-06 20:25:37 --> Output Class Initialized
INFO - 2017-12-06 20:25:37 --> Security Class Initialized
DEBUG - 2017-12-06 20:25:37 --> Global POST, GET and COOKIE data sanitized
INFO - 2017-12-06 20:25:37 --> Input Class Initialized
INFO - 2017-12-06 20:25:37 --> Language Class Initialized
INFO - 2017-12-06 20:25:37 --> Loader Class Initialized
INFO - 2017-12-06 20:25:37 --> Helper loaded: url_helper
INFO - 2017-12-06 20:25:37 --> Controller Class Initialized
INFO - 2017-12-06 20:25:37 --> File loaded: C:\Users\Yousri\php\workspace\Memento\views\synapse.php
INFO - 2017-12-06 20:25:37 --> File loaded: C:\Users\Yousri\php\workspace\Memento\views\memento_head_dev.php
INFO - 2017-12-06 20:25:37 --> File loaded: C:\Users\Yousri\php\workspace\Memento\views\memento.php
INFO - 2017-12-06 20:25:37 --> File loaded: C:\Users\Yousri\php\workspace\Memento\views\memento_scripts_dev.php
INFO - 2017-12-06 20:25:37 --> Final output sent to browser
DEBUG - 2017-12-06 20:25:37 --> Total execution time: 0.0627
INFO - 2017-12-06 20:25:37 --> Config Class Initialized
INFO - 2017-12-06 20:25:37 --> Hooks Class Initialized
DEBUG - 2017-12-06 20:25:37 --> UTF-8 Support Enabled
INFO - 2017-12-06 20:25:37 --> Utf8 Class Initialized
INFO - 2017-12-06 20:25:37 --> URI Class Initialized
INFO - 2017-12-06 20:25:37 --> Router Class Initialized
INFO - 2017-12-06 20:25:37 --> Output Class Initialized
INFO - 2017-12-06 20:25:37 --> Security Class Initialized
DEBUG - 2017-12-06 20:25:37 --> Global POST, GET and COOKIE data sanitized
INFO - 2017-12-06 20:25:37 --> Input Class Initialized
INFO - 2017-12-06 20:25:37 --> Language Class Initialized
INFO - 2017-12-06 20:25:37 --> Loader Class Initialized
INFO - 2017-12-06 20:25:37 --> Helper loaded: url_helper
INFO - 2017-12-06 20:25:37 --> Controller Class Initialized
INFO - 2017-12-06 20:25:37 --> File loaded: C:\Users\Yousri\php\workspace\Memento\views\synapse.php
INFO - 2017-12-06 20:25:37 --> File loaded: C:\Users\Yousri\php\workspace\Memento\views\memento_head_dev.php
INFO - 2017-12-06 20:25:37 --> File loaded: C:\Users\Yousri\php\workspace\Memento\views\memento.php
INFO - 2017-12-06 20:25:37 --> File loaded: C:\Users\Yousri\php\workspace\Memento\views\memento_scripts_dev.php
INFO - 2017-12-06 20:25:37 --> Final output sent to browser
DEBUG - 2017-12-06 20:25:37 --> Total execution time: 0.0508
INFO - 2017-12-06 20:34:14 --> Config Class Initialized
INFO - 2017-12-06 20:34:14 --> Hooks Class Initialized
DEBUG - 2017-12-06 20:34:14 --> UTF-8 Support Enabled
INFO - 2017-12-06 20:34:14 --> Utf8 Class Initialized
INFO - 2017-12-06 20:34:14 --> URI Class Initialized
INFO - 2017-12-06 20:34:14 --> Router Class Initialized
INFO - 2017-12-06 20:34:14 --> Output Class Initialized
INFO - 2017-12-06 20:34:14 --> Security Class Initialized
DEBUG - 2017-12-06 20:34:14 --> Global POST, GET and COOKIE data sanitized
INFO - 2017-12-06 20:34:14 --> Input Class Initialized
INFO - 2017-12-06 20:34:14 --> Language Class Initialized
INFO - 2017-12-06 20:34:14 --> Loader Class Initialized
INFO - 2017-12-06 20:34:14 --> Helper loaded: url_helper
INFO - 2017-12-06 20:34:14 --> Controller Class Initialized
INFO - 2017-12-06 20:34:14 --> File loaded: C:\Users\Yousri\php\workspace\Memento\views\synapse.php
INFO - 2017-12-06 20:34:14 --> File loaded: C:\Users\Yousri\php\workspace\Memento\views\memento_head_dev.php
INFO - 2017-12-06 20:34:14 --> File loaded: C:\Users\Yousri\php\workspace\Memento\views\memento.php
INFO - 2017-12-06 20:34:14 --> File loaded: C:\Users\Yousri\php\workspace\Memento\views\memento_scripts_dev.php
INFO - 2017-12-06 20:34:14 --> Final output sent to browser
DEBUG - 2017-12-06 20:34:14 --> Total execution time: 0.0521
INFO - 2017-12-06 20:35:13 --> Config Class Initialized
INFO - 2017-12-06 20:35:13 --> Hooks Class Initialized
DEBUG - 2017-12-06 20:35:13 --> UTF-8 Support Enabled
INFO - 2017-12-06 20:35:13 --> Utf8 Class Initialized
INFO - 2017-12-06 20:35:13 --> URI Class Initialized
INFO - 2017-12-06 20:35:13 --> Router Class Initialized
INFO - 2017-12-06 20:35:13 --> Output Class Initialized
INFO - 2017-12-06 20:35:13 --> Security Class Initialized
DEBUG - 2017-12-06 20:35:13 --> Global POST, GET and COOKIE data sanitized
INFO - 2017-12-06 20:35:13 --> Input Class Initialized
INFO - 2017-12-06 20:35:13 --> Language Class Initialized
INFO - 2017-12-06 20:35:13 --> Loader Class Initialized
INFO - 2017-12-06 20:35:13 --> Helper loaded: url_helper
INFO - 2017-12-06 20:35:13 --> Controller Class Initialized
INFO - 2017-12-06 20:35:13 --> File loaded: C:\Users\Yousri\php\workspace\Memento\views\synapse.php
INFO - 2017-12-06 20:35:13 --> File loaded: C:\Users\Yousri\php\workspace\Memento\views\memento_head_dev.php
INFO - 2017-12-06 20:35:13 --> File loaded: C:\Users\Yousri\php\workspace\Memento\views\memento.php
INFO - 2017-12-06 20:35:13 --> File loaded: C:\Users\Yousri\php\workspace\Memento\views\memento_scripts_dev.php
INFO - 2017-12-06 20:35:13 --> Final output sent to browser
DEBUG - 2017-12-06 20:35:13 --> Total execution time: 0.0445
INFO - 2017-12-06 20:36:09 --> Config Class Initialized
INFO - 2017-12-06 20:36:09 --> Hooks Class Initialized
DEBUG - 2017-12-06 20:36:09 --> UTF-8 Support Enabled
INFO - 2017-12-06 20:36:09 --> Utf8 Class Initialized
INFO - 2017-12-06 20:36:09 --> URI Class Initialized
INFO - 2017-12-06 20:36:09 --> Router Class Initialized
INFO - 2017-12-06 20:36:09 --> Output Class Initialized
INFO - 2017-12-06 20:36:09 --> Security Class Initialized
DEBUG - 2017-12-06 20:36:09 --> Global POST, GET and COOKIE data sanitized
INFO - 2017-12-06 20:36:09 --> Input Class Initialized
INFO - 2017-12-06 20:36:09 --> Language Class Initialized
INFO - 2017-12-06 20:36:09 --> Loader Class Initialized
INFO - 2017-12-06 20:36:09 --> Helper loaded: url_helper
INFO - 2017-12-06 20:36:09 --> Controller Class Initialized
INFO - 2017-12-06 20:36:09 --> File loaded: C:\Users\Yousri\php\workspace\Memento\views\synapse.php
INFO - 2017-12-06 20:36:09 --> File loaded: C:\Users\Yousri\php\workspace\Memento\views\memento_head_dev.php
INFO - 2017-12-06 20:36:09 --> File loaded: C:\Users\Yousri\php\workspace\Memento\views\memento.php
INFO - 2017-12-06 20:36:09 --> File loaded: C:\Users\Yousri\php\workspace\Memento\views\memento_scripts_dev.php
INFO - 2017-12-06 20:36:09 --> Final output sent to browser
DEBUG - 2017-12-06 20:36:09 --> Total execution time: 0.0554
