INFO - 2018-02-07 19:34:14 --> Config Class Initialized
INFO - 2018-02-07 19:34:14 --> Hooks Class Initialized
DEBUG - 2018-02-07 19:34:14 --> UTF-8 Support Enabled
INFO - 2018-02-07 19:34:14 --> Utf8 Class Initialized
INFO - 2018-02-07 19:34:14 --> URI Class Initialized
INFO - 2018-02-07 19:34:14 --> Router Class Initialized
INFO - 2018-02-07 19:34:14 --> Output Class Initialized
INFO - 2018-02-07 19:34:14 --> Security Class Initialized
DEBUG - 2018-02-07 19:34:14 --> Global POST, GET and COOKIE data sanitized
INFO - 2018-02-07 19:34:14 --> Input Class Initialized
INFO - 2018-02-07 19:34:14 --> Language Class Initialized
INFO - 2018-02-07 19:34:14 --> Loader Class Initialized
INFO - 2018-02-07 19:34:14 --> Helper loaded: url_helper
INFO - 2018-02-07 19:40:44 --> Config Class Initialized
INFO - 2018-02-07 19:40:44 --> Hooks Class Initialized
DEBUG - 2018-02-07 19:40:44 --> UTF-8 Support Enabled
INFO - 2018-02-07 19:40:44 --> Utf8 Class Initialized
INFO - 2018-02-07 19:40:44 --> URI Class Initialized
INFO - 2018-02-07 19:40:44 --> Router Class Initialized
INFO - 2018-02-07 19:40:44 --> Output Class Initialized
INFO - 2018-02-07 19:40:44 --> Security Class Initialized
DEBUG - 2018-02-07 19:40:44 --> Global POST, GET and COOKIE data sanitized
INFO - 2018-02-07 19:40:44 --> Input Class Initialized
INFO - 2018-02-07 19:40:44 --> Language Class Initialized
INFO - 2018-02-07 19:40:44 --> Loader Class Initialized
INFO - 2018-02-07 19:40:44 --> Helper loaded: url_helper
INFO - 2018-02-07 19:40:51 --> Config Class Initialized
INFO - 2018-02-07 19:40:51 --> Hooks Class Initialized
DEBUG - 2018-02-07 19:40:51 --> UTF-8 Support Enabled
INFO - 2018-02-07 19:40:51 --> Utf8 Class Initialized
INFO - 2018-02-07 19:40:51 --> URI Class Initialized
INFO - 2018-02-07 19:40:51 --> Router Class Initialized
INFO - 2018-02-07 19:40:51 --> Output Class Initialized
INFO - 2018-02-07 19:40:51 --> Security Class Initialized
DEBUG - 2018-02-07 19:40:51 --> Global POST, GET and COOKIE data sanitized
INFO - 2018-02-07 19:40:51 --> Input Class Initialized
INFO - 2018-02-07 19:40:51 --> Language Class Initialized
INFO - 2018-02-07 19:40:51 --> Loader Class Initialized
INFO - 2018-02-07 19:40:51 --> Helper loaded: url_helper
INFO - 2018-02-07 19:40:52 --> Config Class Initialized
INFO - 2018-02-07 19:40:52 --> Hooks Class Initialized
DEBUG - 2018-02-07 19:40:52 --> UTF-8 Support Enabled
INFO - 2018-02-07 19:40:52 --> Utf8 Class Initialized
INFO - 2018-02-07 19:40:52 --> URI Class Initialized
INFO - 2018-02-07 19:40:52 --> Router Class Initialized
INFO - 2018-02-07 19:40:52 --> Output Class Initialized
INFO - 2018-02-07 19:40:52 --> Security Class Initialized
DEBUG - 2018-02-07 19:40:52 --> Global POST, GET and COOKIE data sanitized
INFO - 2018-02-07 19:40:52 --> Input Class Initialized
INFO - 2018-02-07 19:40:52 --> Language Class Initialized
INFO - 2018-02-07 19:40:52 --> Loader Class Initialized
INFO - 2018-02-07 19:40:52 --> Helper loaded: url_helper
INFO - 2018-02-07 19:41:42 --> Config Class Initialized
INFO - 2018-02-07 19:41:42 --> Hooks Class Initialized
DEBUG - 2018-02-07 19:41:42 --> UTF-8 Support Enabled
INFO - 2018-02-07 19:41:42 --> Utf8 Class Initialized
INFO - 2018-02-07 19:41:42 --> URI Class Initialized
INFO - 2018-02-07 19:41:42 --> Router Class Initialized
INFO - 2018-02-07 19:41:42 --> Output Class Initialized
INFO - 2018-02-07 19:41:42 --> Security Class Initialized
DEBUG - 2018-02-07 19:41:42 --> Global POST, GET and COOKIE data sanitized
INFO - 2018-02-07 19:41:42 --> Input Class Initialized
INFO - 2018-02-07 19:41:42 --> Language Class Initialized
INFO - 2018-02-07 19:41:42 --> Loader Class Initialized
INFO - 2018-02-07 19:41:42 --> Helper loaded: url_helper
INFO - 2018-02-07 19:41:44 --> Config Class Initialized
INFO - 2018-02-07 19:41:44 --> Hooks Class Initialized
DEBUG - 2018-02-07 19:41:44 --> UTF-8 Support Enabled
INFO - 2018-02-07 19:41:44 --> Utf8 Class Initialized
INFO - 2018-02-07 19:41:44 --> URI Class Initialized
INFO - 2018-02-07 19:41:44 --> Router Class Initialized
INFO - 2018-02-07 19:41:44 --> Output Class Initialized
INFO - 2018-02-07 19:41:44 --> Security Class Initialized
DEBUG - 2018-02-07 19:41:44 --> Global POST, GET and COOKIE data sanitized
INFO - 2018-02-07 19:41:44 --> Input Class Initialized
INFO - 2018-02-07 19:41:44 --> Language Class Initialized
INFO - 2018-02-07 19:41:44 --> Loader Class Initialized
INFO - 2018-02-07 19:41:44 --> Helper loaded: url_helper
INFO - 2018-02-07 19:41:49 --> Config Class Initialized
INFO - 2018-02-07 19:41:49 --> Hooks Class Initialized
DEBUG - 2018-02-07 19:41:49 --> UTF-8 Support Enabled
INFO - 2018-02-07 19:41:49 --> Utf8 Class Initialized
INFO - 2018-02-07 19:41:49 --> URI Class Initialized
DEBUG - 2018-02-07 19:41:49 --> No URI present. Default controller set.
INFO - 2018-02-07 19:41:49 --> Router Class Initialized
INFO - 2018-02-07 19:41:49 --> Output Class Initialized
INFO - 2018-02-07 19:41:49 --> Security Class Initialized
DEBUG - 2018-02-07 19:41:49 --> Global POST, GET and COOKIE data sanitized
INFO - 2018-02-07 19:41:49 --> Input Class Initialized
INFO - 2018-02-07 19:41:49 --> Language Class Initialized
INFO - 2018-02-07 19:41:49 --> Loader Class Initialized
INFO - 2018-02-07 19:41:49 --> Helper loaded: url_helper
INFO - 2018-02-07 19:41:56 --> Config Class Initialized
INFO - 2018-02-07 19:41:56 --> Hooks Class Initialized
DEBUG - 2018-02-07 19:41:56 --> UTF-8 Support Enabled
INFO - 2018-02-07 19:41:56 --> Utf8 Class Initialized
INFO - 2018-02-07 19:41:56 --> URI Class Initialized
INFO - 2018-02-07 19:41:56 --> Router Class Initialized
INFO - 2018-02-07 19:41:56 --> Output Class Initialized
INFO - 2018-02-07 19:41:56 --> Security Class Initialized
DEBUG - 2018-02-07 19:41:56 --> Global POST, GET and COOKIE data sanitized
INFO - 2018-02-07 19:41:56 --> Input Class Initialized
INFO - 2018-02-07 19:41:56 --> Language Class Initialized
INFO - 2018-02-07 19:41:56 --> Loader Class Initialized
INFO - 2018-02-07 19:41:56 --> Helper loaded: url_helper
INFO - 2018-02-07 19:43:21 --> Config Class Initialized
INFO - 2018-02-07 19:43:21 --> Hooks Class Initialized
DEBUG - 2018-02-07 19:43:21 --> UTF-8 Support Enabled
INFO - 2018-02-07 19:43:21 --> Utf8 Class Initialized
INFO - 2018-02-07 19:43:21 --> URI Class Initialized
INFO - 2018-02-07 19:43:21 --> Router Class Initialized
INFO - 2018-02-07 19:43:21 --> Output Class Initialized
INFO - 2018-02-07 19:43:21 --> Security Class Initialized
DEBUG - 2018-02-07 19:43:21 --> Global POST, GET and COOKIE data sanitized
INFO - 2018-02-07 19:43:21 --> Input Class Initialized
INFO - 2018-02-07 19:43:21 --> Language Class Initialized
INFO - 2018-02-07 19:43:21 --> Loader Class Initialized
INFO - 2018-02-07 19:43:21 --> Helper loaded: url_helper
INFO - 2018-02-07 19:43:22 --> Config Class Initialized
INFO - 2018-02-07 19:43:22 --> Hooks Class Initialized
DEBUG - 2018-02-07 19:43:22 --> UTF-8 Support Enabled
INFO - 2018-02-07 19:43:22 --> Utf8 Class Initialized
INFO - 2018-02-07 19:43:22 --> URI Class Initialized
INFO - 2018-02-07 19:43:22 --> Router Class Initialized
INFO - 2018-02-07 19:43:22 --> Output Class Initialized
INFO - 2018-02-07 19:43:22 --> Security Class Initialized
DEBUG - 2018-02-07 19:43:22 --> Global POST, GET and COOKIE data sanitized
INFO - 2018-02-07 19:43:22 --> Input Class Initialized
INFO - 2018-02-07 19:43:22 --> Language Class Initialized
INFO - 2018-02-07 19:43:22 --> Loader Class Initialized
INFO - 2018-02-07 19:43:22 --> Helper loaded: url_helper
INFO - 2018-02-07 19:44:13 --> Config Class Initialized
INFO - 2018-02-07 19:44:13 --> Hooks Class Initialized
DEBUG - 2018-02-07 19:44:13 --> UTF-8 Support Enabled
INFO - 2018-02-07 19:44:13 --> Utf8 Class Initialized
INFO - 2018-02-07 19:44:13 --> URI Class Initialized
INFO - 2018-02-07 19:44:13 --> Router Class Initialized
INFO - 2018-02-07 19:44:13 --> Output Class Initialized
INFO - 2018-02-07 19:44:13 --> Security Class Initialized
DEBUG - 2018-02-07 19:44:13 --> Global POST, GET and COOKIE data sanitized
INFO - 2018-02-07 19:44:13 --> Input Class Initialized
INFO - 2018-02-07 19:44:13 --> Language Class Initialized
INFO - 2018-02-07 19:44:13 --> Loader Class Initialized
INFO - 2018-02-07 19:44:13 --> Helper loaded: url_helper
ERROR - 2018-02-07 19:44:13 --> Unable to load the requested class: Mongodb
INFO - 2018-02-07 19:47:55 --> Config Class Initialized
INFO - 2018-02-07 19:47:55 --> Hooks Class Initialized
DEBUG - 2018-02-07 19:47:55 --> UTF-8 Support Enabled
INFO - 2018-02-07 19:47:55 --> Utf8 Class Initialized
INFO - 2018-02-07 19:47:55 --> URI Class Initialized
INFO - 2018-02-07 19:47:55 --> Router Class Initialized
INFO - 2018-02-07 19:47:55 --> Output Class Initialized
INFO - 2018-02-07 19:47:55 --> Security Class Initialized
DEBUG - 2018-02-07 19:47:55 --> Global POST, GET and COOKIE data sanitized
INFO - 2018-02-07 19:47:55 --> Input Class Initialized
INFO - 2018-02-07 19:47:55 --> Language Class Initialized
INFO - 2018-02-07 19:47:55 --> Loader Class Initialized
INFO - 2018-02-07 19:47:55 --> Helper loaded: url_helper
INFO - 2018-02-07 19:47:57 --> Config Class Initialized
INFO - 2018-02-07 19:47:57 --> Hooks Class Initialized
DEBUG - 2018-02-07 19:47:57 --> UTF-8 Support Enabled
INFO - 2018-02-07 19:47:57 --> Utf8 Class Initialized
INFO - 2018-02-07 19:47:57 --> URI Class Initialized
INFO - 2018-02-07 19:47:57 --> Router Class Initialized
INFO - 2018-02-07 19:47:57 --> Output Class Initialized
INFO - 2018-02-07 19:47:57 --> Security Class Initialized
DEBUG - 2018-02-07 19:47:57 --> Global POST, GET and COOKIE data sanitized
INFO - 2018-02-07 19:47:57 --> Input Class Initialized
INFO - 2018-02-07 19:47:57 --> Language Class Initialized
INFO - 2018-02-07 19:47:57 --> Loader Class Initialized
INFO - 2018-02-07 19:47:57 --> Helper loaded: url_helper
INFO - 2018-02-07 19:50:41 --> Config Class Initialized
INFO - 2018-02-07 19:50:41 --> Hooks Class Initialized
DEBUG - 2018-02-07 19:50:41 --> UTF-8 Support Enabled
INFO - 2018-02-07 19:50:41 --> Utf8 Class Initialized
INFO - 2018-02-07 19:50:41 --> URI Class Initialized
DEBUG - 2018-02-07 19:50:41 --> No URI present. Default controller set.
INFO - 2018-02-07 19:50:41 --> Router Class Initialized
INFO - 2018-02-07 19:50:41 --> Output Class Initialized
INFO - 2018-02-07 19:50:41 --> Security Class Initialized
DEBUG - 2018-02-07 19:50:41 --> Global POST, GET and COOKIE data sanitized
INFO - 2018-02-07 19:50:41 --> Input Class Initialized
INFO - 2018-02-07 19:50:41 --> Language Class Initialized
INFO - 2018-02-07 19:50:41 --> Loader Class Initialized
INFO - 2018-02-07 19:50:41 --> Helper loaded: url_helper
INFO - 2018-02-07 19:53:09 --> Config Class Initialized
INFO - 2018-02-07 19:53:09 --> Hooks Class Initialized
DEBUG - 2018-02-07 19:53:09 --> UTF-8 Support Enabled
INFO - 2018-02-07 19:53:09 --> Utf8 Class Initialized
INFO - 2018-02-07 19:53:09 --> URI Class Initialized
INFO - 2018-02-07 19:53:09 --> Router Class Initialized
INFO - 2018-02-07 19:53:09 --> Output Class Initialized
INFO - 2018-02-07 19:53:09 --> Security Class Initialized
DEBUG - 2018-02-07 19:53:09 --> Global POST, GET and COOKIE data sanitized
INFO - 2018-02-07 19:53:09 --> Input Class Initialized
INFO - 2018-02-07 19:53:09 --> Language Class Initialized
INFO - 2018-02-07 19:53:09 --> Loader Class Initialized
INFO - 2018-02-07 19:53:09 --> Helper loaded: url_helper
DEBUG - 2018-02-07 19:53:09 --> Config file loaded: C:\Users\Yousri\php\workspace\Memento\config/mongo_db.php
ERROR - 2018-02-07 19:53:09 --> Severity: error --> Exception: Call to undefined method MongoDB\Client::selectDB() C:\Users\Yousri\php\workspace\Memento\libraries\Mongo_db.php 220
INFO - 2018-02-07 19:54:31 --> Config Class Initialized
INFO - 2018-02-07 19:54:31 --> Hooks Class Initialized
DEBUG - 2018-02-07 19:54:31 --> UTF-8 Support Enabled
INFO - 2018-02-07 19:54:31 --> Utf8 Class Initialized
INFO - 2018-02-07 19:54:31 --> URI Class Initialized
INFO - 2018-02-07 19:54:31 --> Router Class Initialized
INFO - 2018-02-07 19:54:31 --> Output Class Initialized
INFO - 2018-02-07 19:54:31 --> Security Class Initialized
DEBUG - 2018-02-07 19:54:31 --> Global POST, GET and COOKIE data sanitized
INFO - 2018-02-07 19:54:31 --> Input Class Initialized
INFO - 2018-02-07 19:54:31 --> Language Class Initialized
INFO - 2018-02-07 19:54:31 --> Loader Class Initialized
INFO - 2018-02-07 19:54:31 --> Helper loaded: url_helper
DEBUG - 2018-02-07 19:54:31 --> Config file loaded: C:\Users\Yousri\php\workspace\Memento\config/mongo_db.php
INFO - 2018-02-07 19:54:31 --> Controller Class Initialized
ERROR - 2018-02-07 19:54:31 --> Severity: error --> Exception: Class Memento already exists and doesn't extend CI_Model C:\Users\Yousri\php\workspace\MementoCISys\core\Loader.php 349
INFO - 2018-02-07 19:57:32 --> Config Class Initialized
INFO - 2018-02-07 19:57:32 --> Hooks Class Initialized
DEBUG - 2018-02-07 19:57:32 --> UTF-8 Support Enabled
INFO - 2018-02-07 19:57:32 --> Utf8 Class Initialized
INFO - 2018-02-07 19:57:32 --> URI Class Initialized
INFO - 2018-02-07 19:57:32 --> Router Class Initialized
INFO - 2018-02-07 19:57:32 --> Output Class Initialized
INFO - 2018-02-07 19:57:32 --> Security Class Initialized
DEBUG - 2018-02-07 19:57:32 --> Global POST, GET and COOKIE data sanitized
INFO - 2018-02-07 19:57:32 --> Input Class Initialized
INFO - 2018-02-07 19:57:32 --> Language Class Initialized
INFO - 2018-02-07 19:57:32 --> Loader Class Initialized
INFO - 2018-02-07 19:57:32 --> Helper loaded: url_helper
DEBUG - 2018-02-07 19:57:32 --> Config file loaded: C:\Users\Yousri\php\workspace\Memento\config/mongo_db.php
INFO - 2018-02-07 19:57:32 --> Controller Class Initialized
ERROR - 2018-02-07 19:57:32 --> Severity: error --> Exception: Class Memento already exists and doesn't extend CI_Model C:\Users\Yousri\php\workspace\MementoCISys\core\Loader.php 349
INFO - 2018-02-07 22:39:49 --> Config Class Initialized
INFO - 2018-02-07 22:39:49 --> Hooks Class Initialized
DEBUG - 2018-02-07 22:39:49 --> UTF-8 Support Enabled
INFO - 2018-02-07 22:39:49 --> Utf8 Class Initialized
INFO - 2018-02-07 22:39:49 --> URI Class Initialized
INFO - 2018-02-07 22:39:49 --> Router Class Initialized
INFO - 2018-02-07 22:39:49 --> Output Class Initialized
INFO - 2018-02-07 22:39:49 --> Security Class Initialized
DEBUG - 2018-02-07 22:39:49 --> Global POST, GET and COOKIE data sanitized
INFO - 2018-02-07 22:39:49 --> Input Class Initialized
INFO - 2018-02-07 22:39:49 --> Language Class Initialized
INFO - 2018-02-07 22:39:49 --> Loader Class Initialized
INFO - 2018-02-07 22:39:49 --> Helper loaded: url_helper
DEBUG - 2018-02-07 22:39:49 --> Config file loaded: C:\Users\Yousri\php\workspace\Memento\config/mongo_db.php
INFO - 2018-02-07 22:39:49 --> Controller Class Initialized
ERROR - 2018-02-07 22:39:49 --> Severity: error --> Exception: Class Memento already exists and doesn't extend CI_Model C:\Users\Yousri\php\workspace\MementoCISys\core\Loader.php 349
INFO - 2018-02-07 22:42:56 --> Config Class Initialized
INFO - 2018-02-07 22:42:56 --> Hooks Class Initialized
DEBUG - 2018-02-07 22:42:56 --> UTF-8 Support Enabled
INFO - 2018-02-07 22:42:56 --> Utf8 Class Initialized
INFO - 2018-02-07 22:42:56 --> URI Class Initialized
INFO - 2018-02-07 22:42:56 --> Router Class Initialized
INFO - 2018-02-07 22:42:56 --> Output Class Initialized
INFO - 2018-02-07 22:42:56 --> Security Class Initialized
DEBUG - 2018-02-07 22:42:56 --> Global POST, GET and COOKIE data sanitized
INFO - 2018-02-07 22:42:56 --> Input Class Initialized
INFO - 2018-02-07 22:42:56 --> Language Class Initialized
INFO - 2018-02-07 22:42:56 --> Loader Class Initialized
INFO - 2018-02-07 22:42:56 --> Helper loaded: url_helper
DEBUG - 2018-02-07 22:42:56 --> Config file loaded: C:\Users\Yousri\php\workspace\Memento\config/mongo_db.php
INFO - 2018-02-07 22:42:56 --> Controller Class Initialized
ERROR - 2018-02-07 22:42:56 --> Severity: error --> Exception: Unable to locate the model you have specified: Memento_m C:\Users\Yousri\php\workspace\MementoCISys\core\Loader.php 344
INFO - 2018-02-07 22:43:11 --> Config Class Initialized
INFO - 2018-02-07 22:43:11 --> Hooks Class Initialized
DEBUG - 2018-02-07 22:43:11 --> UTF-8 Support Enabled
INFO - 2018-02-07 22:43:11 --> Utf8 Class Initialized
INFO - 2018-02-07 22:43:11 --> URI Class Initialized
INFO - 2018-02-07 22:43:11 --> Router Class Initialized
INFO - 2018-02-07 22:43:11 --> Output Class Initialized
INFO - 2018-02-07 22:43:11 --> Security Class Initialized
DEBUG - 2018-02-07 22:43:11 --> Global POST, GET and COOKIE data sanitized
INFO - 2018-02-07 22:43:11 --> Input Class Initialized
INFO - 2018-02-07 22:43:11 --> Language Class Initialized
INFO - 2018-02-07 22:43:11 --> Loader Class Initialized
INFO - 2018-02-07 22:43:11 --> Helper loaded: url_helper
DEBUG - 2018-02-07 22:43:11 --> Config file loaded: C:\Users\Yousri\php\workspace\Memento\config/mongo_db.php
INFO - 2018-02-07 22:43:11 --> Controller Class Initialized
ERROR - 2018-02-07 22:43:11 --> Severity: error --> Exception: Unable to locate the model you have specified: Memento_M C:\Users\Yousri\php\workspace\MementoCISys\core\Loader.php 344
INFO - 2018-02-07 22:43:13 --> Config Class Initialized
INFO - 2018-02-07 22:43:13 --> Hooks Class Initialized
DEBUG - 2018-02-07 22:43:13 --> UTF-8 Support Enabled
INFO - 2018-02-07 22:43:13 --> Utf8 Class Initialized
INFO - 2018-02-07 22:43:13 --> URI Class Initialized
INFO - 2018-02-07 22:43:13 --> Router Class Initialized
INFO - 2018-02-07 22:43:13 --> Output Class Initialized
INFO - 2018-02-07 22:43:13 --> Security Class Initialized
DEBUG - 2018-02-07 22:43:13 --> Global POST, GET and COOKIE data sanitized
INFO - 2018-02-07 22:43:13 --> Input Class Initialized
INFO - 2018-02-07 22:43:13 --> Language Class Initialized
INFO - 2018-02-07 22:43:13 --> Loader Class Initialized
INFO - 2018-02-07 22:43:13 --> Helper loaded: url_helper
DEBUG - 2018-02-07 22:43:13 --> Config file loaded: C:\Users\Yousri\php\workspace\Memento\config/mongo_db.php
INFO - 2018-02-07 22:43:13 --> Controller Class Initialized
ERROR - 2018-02-07 22:43:13 --> Severity: error --> Exception: Unable to locate the model you have specified: Memento_M C:\Users\Yousri\php\workspace\MementoCISys\core\Loader.php 344
INFO - 2018-02-07 22:43:56 --> Config Class Initialized
INFO - 2018-02-07 22:43:56 --> Hooks Class Initialized
DEBUG - 2018-02-07 22:43:56 --> UTF-8 Support Enabled
INFO - 2018-02-07 22:43:56 --> Utf8 Class Initialized
INFO - 2018-02-07 22:43:56 --> URI Class Initialized
INFO - 2018-02-07 22:43:56 --> Router Class Initialized
INFO - 2018-02-07 22:43:56 --> Output Class Initialized
INFO - 2018-02-07 22:43:56 --> Security Class Initialized
DEBUG - 2018-02-07 22:43:56 --> Global POST, GET and COOKIE data sanitized
INFO - 2018-02-07 22:43:56 --> Input Class Initialized
INFO - 2018-02-07 22:43:56 --> Language Class Initialized
INFO - 2018-02-07 22:43:56 --> Loader Class Initialized
INFO - 2018-02-07 22:43:56 --> Helper loaded: url_helper
DEBUG - 2018-02-07 22:43:56 --> Config file loaded: C:\Users\Yousri\php\workspace\Memento\config/mongo_db.php
INFO - 2018-02-07 22:43:56 --> Controller Class Initialized
ERROR - 2018-02-07 22:43:56 --> Severity: error --> Exception: Class Memento already exists and doesn't extend CI_Model C:\Users\Yousri\php\workspace\MementoCISys\core\Loader.php 349
INFO - 2018-02-07 22:48:30 --> Config Class Initialized
INFO - 2018-02-07 22:48:30 --> Hooks Class Initialized
DEBUG - 2018-02-07 22:48:30 --> UTF-8 Support Enabled
INFO - 2018-02-07 22:48:30 --> Utf8 Class Initialized
INFO - 2018-02-07 22:48:30 --> URI Class Initialized
INFO - 2018-02-07 22:48:30 --> Router Class Initialized
INFO - 2018-02-07 22:48:30 --> Output Class Initialized
INFO - 2018-02-07 22:48:30 --> Security Class Initialized
DEBUG - 2018-02-07 22:48:30 --> Global POST, GET and COOKIE data sanitized
INFO - 2018-02-07 22:48:30 --> Input Class Initialized
INFO - 2018-02-07 22:48:30 --> Language Class Initialized
INFO - 2018-02-07 22:48:30 --> Loader Class Initialized
INFO - 2018-02-07 22:48:30 --> Helper loaded: url_helper
DEBUG - 2018-02-07 22:48:30 --> Config file loaded: C:\Users\Yousri\php\workspace\Memento\config/mongo_db.php
INFO - 2018-02-07 22:48:30 --> Controller Class Initialized
ERROR - 2018-02-07 22:48:30 --> Severity: error --> Exception: Class Memento already exists and doesn't extend CI_Model C:\Users\Yousri\php\workspace\MementoCISys\core\Loader.php 349
INFO - 2018-02-07 22:49:20 --> Config Class Initialized
INFO - 2018-02-07 22:49:20 --> Hooks Class Initialized
DEBUG - 2018-02-07 22:49:20 --> UTF-8 Support Enabled
INFO - 2018-02-07 22:49:20 --> Utf8 Class Initialized
INFO - 2018-02-07 22:49:20 --> URI Class Initialized
INFO - 2018-02-07 22:49:20 --> Router Class Initialized
INFO - 2018-02-07 22:49:20 --> Output Class Initialized
INFO - 2018-02-07 22:49:20 --> Security Class Initialized
DEBUG - 2018-02-07 22:49:20 --> Global POST, GET and COOKIE data sanitized
INFO - 2018-02-07 22:49:20 --> Input Class Initialized
INFO - 2018-02-07 22:49:20 --> Language Class Initialized
INFO - 2018-02-07 22:49:20 --> Loader Class Initialized
INFO - 2018-02-07 22:49:20 --> Helper loaded: url_helper
DEBUG - 2018-02-07 22:49:20 --> Config file loaded: C:\Users\Yousri\php\workspace\Memento\config/mongo_db.php
INFO - 2018-02-07 22:49:20 --> Controller Class Initialized
INFO - 2018-02-07 22:49:20 --> Model Class Initialized
ERROR - 2018-02-07 22:49:20 --> Severity: Notice --> Undefined property: Memento::$memento C:\Users\Yousri\php\workspace\Memento\controllers\memento.php 17
ERROR - 2018-02-07 22:49:20 --> Severity: error --> Exception: Call to a member function getMementoByTitle() on null C:\Users\Yousri\php\workspace\Memento\controllers\memento.php 17
INFO - 2018-02-07 22:51:56 --> Config Class Initialized
INFO - 2018-02-07 22:51:56 --> Hooks Class Initialized
DEBUG - 2018-02-07 22:51:56 --> UTF-8 Support Enabled
INFO - 2018-02-07 22:51:56 --> Utf8 Class Initialized
INFO - 2018-02-07 22:51:56 --> URI Class Initialized
INFO - 2018-02-07 22:51:56 --> Router Class Initialized
INFO - 2018-02-07 22:51:56 --> Output Class Initialized
INFO - 2018-02-07 22:51:56 --> Security Class Initialized
DEBUG - 2018-02-07 22:51:56 --> Global POST, GET and COOKIE data sanitized
INFO - 2018-02-07 22:51:56 --> Input Class Initialized
INFO - 2018-02-07 22:51:56 --> Language Class Initialized
INFO - 2018-02-07 22:51:56 --> Loader Class Initialized
INFO - 2018-02-07 22:51:56 --> Helper loaded: url_helper
DEBUG - 2018-02-07 22:51:56 --> Config file loaded: C:\Users\Yousri\php\workspace\Memento\config/mongo_db.php
INFO - 2018-02-07 22:51:56 --> Controller Class Initialized
INFO - 2018-02-07 22:51:56 --> Model Class Initialized
INFO - 2018-02-07 22:51:56 --> File loaded: C:\Users\Yousri\php\workspace\Memento\views\synapse.php
INFO - 2018-02-07 22:51:56 --> File loaded: C:\Users\Yousri\php\workspace\Memento\views\memento_head_dev.php
INFO - 2018-02-07 22:51:56 --> File loaded: C:\Users\Yousri\php\workspace\Memento\views\memento.php
INFO - 2018-02-07 22:51:56 --> File loaded: C:\Users\Yousri\php\workspace\Memento\views\memento_scripts_dev.php
INFO - 2018-02-07 22:51:56 --> Final output sent to browser
DEBUG - 2018-02-07 22:51:56 --> Total execution time: 0.0627
INFO - 2018-02-07 22:56:27 --> Config Class Initialized
INFO - 2018-02-07 22:56:27 --> Hooks Class Initialized
DEBUG - 2018-02-07 22:56:27 --> UTF-8 Support Enabled
INFO - 2018-02-07 22:56:27 --> Utf8 Class Initialized
INFO - 2018-02-07 22:56:27 --> URI Class Initialized
INFO - 2018-02-07 22:56:27 --> Router Class Initialized
INFO - 2018-02-07 22:56:27 --> Output Class Initialized
INFO - 2018-02-07 22:56:27 --> Security Class Initialized
DEBUG - 2018-02-07 22:56:27 --> Global POST, GET and COOKIE data sanitized
INFO - 2018-02-07 22:56:27 --> Input Class Initialized
INFO - 2018-02-07 22:56:27 --> Language Class Initialized
INFO - 2018-02-07 22:56:27 --> Loader Class Initialized
INFO - 2018-02-07 22:56:27 --> Helper loaded: url_helper
DEBUG - 2018-02-07 22:56:27 --> Config file loaded: C:\Users\Yousri\php\workspace\Memento\config/mongo_db.php
INFO - 2018-02-07 22:56:27 --> Controller Class Initialized
INFO - 2018-02-07 22:56:27 --> Model Class Initialized
ERROR - 2018-02-07 22:56:27 --> Severity: error --> Exception: Call to undefined method MongoDB\Driver\Cursor::limit() C:\Users\Yousri\php\workspace\Memento\libraries\Mongo_db.php 765
INFO - 2018-02-07 22:59:24 --> Config Class Initialized
INFO - 2018-02-07 22:59:24 --> Hooks Class Initialized
DEBUG - 2018-02-07 22:59:24 --> UTF-8 Support Enabled
INFO - 2018-02-07 22:59:24 --> Utf8 Class Initialized
INFO - 2018-02-07 22:59:24 --> URI Class Initialized
INFO - 2018-02-07 22:59:24 --> Router Class Initialized
INFO - 2018-02-07 22:59:24 --> Output Class Initialized
INFO - 2018-02-07 22:59:24 --> Security Class Initialized
DEBUG - 2018-02-07 22:59:24 --> Global POST, GET and COOKIE data sanitized
INFO - 2018-02-07 22:59:24 --> Input Class Initialized
INFO - 2018-02-07 22:59:24 --> Language Class Initialized
INFO - 2018-02-07 22:59:24 --> Loader Class Initialized
INFO - 2018-02-07 22:59:24 --> Helper loaded: url_helper
DEBUG - 2018-02-07 22:59:24 --> Config file loaded: C:\Users\Yousri\php\workspace\Memento\config/mongo_db.php
INFO - 2018-02-07 22:59:24 --> Controller Class Initialized
INFO - 2018-02-07 22:59:24 --> Model Class Initialized
INFO - 2018-02-07 22:59:24 --> File loaded: C:\Users\Yousri\php\workspace\Memento\views\synapse.php
INFO - 2018-02-07 22:59:24 --> File loaded: C:\Users\Yousri\php\workspace\Memento\views\memento_head_dev.php
INFO - 2018-02-07 22:59:24 --> File loaded: C:\Users\Yousri\php\workspace\Memento\views\memento.php
INFO - 2018-02-07 22:59:24 --> File loaded: C:\Users\Yousri\php\workspace\Memento\views\memento_scripts_dev.php
INFO - 2018-02-07 22:59:24 --> Final output sent to browser
DEBUG - 2018-02-07 22:59:24 --> Total execution time: 0.0600
INFO - 2018-02-07 23:00:22 --> Config Class Initialized
INFO - 2018-02-07 23:00:22 --> Hooks Class Initialized
DEBUG - 2018-02-07 23:00:22 --> UTF-8 Support Enabled
INFO - 2018-02-07 23:00:22 --> Utf8 Class Initialized
INFO - 2018-02-07 23:00:22 --> URI Class Initialized
INFO - 2018-02-07 23:00:22 --> Router Class Initialized
INFO - 2018-02-07 23:00:22 --> Output Class Initialized
INFO - 2018-02-07 23:00:22 --> Security Class Initialized
DEBUG - 2018-02-07 23:00:22 --> Global POST, GET and COOKIE data sanitized
INFO - 2018-02-07 23:00:22 --> Input Class Initialized
INFO - 2018-02-07 23:00:22 --> Language Class Initialized
INFO - 2018-02-07 23:00:22 --> Loader Class Initialized
INFO - 2018-02-07 23:00:22 --> Helper loaded: url_helper
DEBUG - 2018-02-07 23:00:22 --> Config file loaded: C:\Users\Yousri\php\workspace\Memento\config/mongo_db.php
INFO - 2018-02-07 23:00:22 --> Controller Class Initialized
INFO - 2018-02-07 23:00:22 --> Model Class Initialized
INFO - 2018-02-07 23:00:22 --> File loaded: C:\Users\Yousri\php\workspace\Memento\views\synapse.php
INFO - 2018-02-07 23:00:22 --> File loaded: C:\Users\Yousri\php\workspace\Memento\views\memento_head_dev.php
INFO - 2018-02-07 23:00:22 --> File loaded: C:\Users\Yousri\php\workspace\Memento\views\memento.php
INFO - 2018-02-07 23:00:22 --> File loaded: C:\Users\Yousri\php\workspace\Memento\views\memento_scripts_dev.php
INFO - 2018-02-07 23:00:22 --> Final output sent to browser
DEBUG - 2018-02-07 23:00:22 --> Total execution time: 0.0651
INFO - 2018-02-07 23:01:24 --> Config Class Initialized
INFO - 2018-02-07 23:01:24 --> Hooks Class Initialized
DEBUG - 2018-02-07 23:01:24 --> UTF-8 Support Enabled
INFO - 2018-02-07 23:01:24 --> Utf8 Class Initialized
INFO - 2018-02-07 23:01:24 --> URI Class Initialized
INFO - 2018-02-07 23:01:24 --> Router Class Initialized
INFO - 2018-02-07 23:01:24 --> Output Class Initialized
INFO - 2018-02-07 23:01:24 --> Security Class Initialized
DEBUG - 2018-02-07 23:01:24 --> Global POST, GET and COOKIE data sanitized
INFO - 2018-02-07 23:01:24 --> Input Class Initialized
INFO - 2018-02-07 23:01:24 --> Language Class Initialized
INFO - 2018-02-07 23:01:24 --> Loader Class Initialized
INFO - 2018-02-07 23:01:24 --> Helper loaded: url_helper
DEBUG - 2018-02-07 23:01:24 --> Config file loaded: C:\Users\Yousri\php\workspace\Memento\config/mongo_db.php
INFO - 2018-02-07 23:01:24 --> Controller Class Initialized
INFO - 2018-02-07 23:01:24 --> Model Class Initialized
INFO - 2018-02-07 23:01:24 --> File loaded: C:\Users\Yousri\php\workspace\Memento\views\synapse.php
INFO - 2018-02-07 23:01:24 --> File loaded: C:\Users\Yousri\php\workspace\Memento\views\memento_head_dev.php
INFO - 2018-02-07 23:01:24 --> File loaded: C:\Users\Yousri\php\workspace\Memento\views\memento.php
INFO - 2018-02-07 23:01:24 --> File loaded: C:\Users\Yousri\php\workspace\Memento\views\memento_scripts_dev.php
INFO - 2018-02-07 23:01:24 --> Final output sent to browser
DEBUG - 2018-02-07 23:01:24 --> Total execution time: 0.0672
