INFO - 2018-02-10 12:24:16 --> Config Class Initialized
INFO - 2018-02-10 12:24:16 --> Hooks Class Initialized
DEBUG - 2018-02-10 12:24:16 --> UTF-8 Support Enabled
INFO - 2018-02-10 12:24:16 --> Utf8 Class Initialized
INFO - 2018-02-10 12:24:16 --> URI Class Initialized
INFO - 2018-02-10 12:24:16 --> Router Class Initialized
INFO - 2018-02-10 12:24:16 --> Output Class Initialized
INFO - 2018-02-10 12:24:16 --> Security Class Initialized
DEBUG - 2018-02-10 12:24:16 --> Global POST, GET and COOKIE data sanitized
INFO - 2018-02-10 12:24:16 --> Input Class Initialized
INFO - 2018-02-10 12:24:16 --> Language Class Initialized
INFO - 2018-02-10 12:24:16 --> Loader Class Initialized
INFO - 2018-02-10 12:24:16 --> Helper loaded: url_helper
DEBUG - 2018-02-10 12:24:16 --> Config file loaded: C:\Users\Yousri\php\workspace\Memento\config/mongo_db.php
INFO - 2018-02-10 12:24:16 --> Controller Class Initialized
INFO - 2018-02-10 12:24:16 --> Model Class Initialized
INFO - 2018-02-10 12:24:16 --> Helper loaded: debug_helper
ERROR - 2018-02-10 12:24:16 --> Severity: error --> Exception: Call to a member function toJSON() on array C:\Users\Yousri\php\workspace\Memento\models\memento_m.php 31
INFO - 2018-02-10 12:29:20 --> Config Class Initialized
INFO - 2018-02-10 12:29:20 --> Hooks Class Initialized
DEBUG - 2018-02-10 12:29:20 --> UTF-8 Support Enabled
INFO - 2018-02-10 12:29:20 --> Utf8 Class Initialized
INFO - 2018-02-10 12:29:20 --> URI Class Initialized
INFO - 2018-02-10 12:29:20 --> Router Class Initialized
INFO - 2018-02-10 12:29:20 --> Output Class Initialized
INFO - 2018-02-10 12:29:20 --> Security Class Initialized
DEBUG - 2018-02-10 12:29:20 --> Global POST, GET and COOKIE data sanitized
INFO - 2018-02-10 12:29:20 --> Input Class Initialized
INFO - 2018-02-10 12:29:20 --> Language Class Initialized
INFO - 2018-02-10 12:29:20 --> Loader Class Initialized
INFO - 2018-02-10 12:29:20 --> Helper loaded: url_helper
DEBUG - 2018-02-10 12:29:20 --> Config file loaded: C:\Users\Yousri\php\workspace\Memento\config/mongo_db.php
INFO - 2018-02-10 12:29:20 --> Controller Class Initialized
INFO - 2018-02-10 12:29:20 --> Model Class Initialized
INFO - 2018-02-10 12:29:20 --> Helper loaded: debug_helper
INFO - 2018-02-10 12:29:20 --> File loaded: C:\Users\Yousri\php\workspace\Memento\views\synapse.php
INFO - 2018-02-10 12:29:20 --> File loaded: C:\Users\Yousri\php\workspace\Memento\views\memento_head_dev.php
INFO - 2018-02-10 12:29:20 --> File loaded: C:\Users\Yousri\php\workspace\Memento\views\memento.php
INFO - 2018-02-10 12:29:20 --> File loaded: C:\Users\Yousri\php\workspace\Memento\views\memento_scripts_dev.php
INFO - 2018-02-10 12:29:20 --> Final output sent to browser
DEBUG - 2018-02-10 12:29:20 --> Total execution time: 0.0542
INFO - 2018-02-10 12:30:34 --> Config Class Initialized
INFO - 2018-02-10 12:30:34 --> Hooks Class Initialized
DEBUG - 2018-02-10 12:30:34 --> UTF-8 Support Enabled
INFO - 2018-02-10 12:30:34 --> Utf8 Class Initialized
INFO - 2018-02-10 12:30:34 --> URI Class Initialized
INFO - 2018-02-10 12:30:34 --> Router Class Initialized
INFO - 2018-02-10 12:30:34 --> Output Class Initialized
INFO - 2018-02-10 12:30:34 --> Security Class Initialized
DEBUG - 2018-02-10 12:30:34 --> Global POST, GET and COOKIE data sanitized
INFO - 2018-02-10 12:30:34 --> Input Class Initialized
INFO - 2018-02-10 12:30:34 --> Language Class Initialized
INFO - 2018-02-10 12:30:34 --> Loader Class Initialized
INFO - 2018-02-10 12:30:34 --> Helper loaded: url_helper
DEBUG - 2018-02-10 12:30:34 --> Config file loaded: C:\Users\Yousri\php\workspace\Memento\config/mongo_db.php
INFO - 2018-02-10 12:30:34 --> Controller Class Initialized
INFO - 2018-02-10 12:30:34 --> Model Class Initialized
INFO - 2018-02-10 12:30:34 --> Helper loaded: debug_helper
ERROR - 2018-02-10 12:30:34 --> Severity: error --> Exception: Call to undefined method stdClass::jsonSerialize() C:\Users\Yousri\php\workspace\Memento\models\memento_m.php 31
INFO - 2018-02-10 12:30:55 --> Config Class Initialized
INFO - 2018-02-10 12:30:55 --> Hooks Class Initialized
DEBUG - 2018-02-10 12:30:55 --> UTF-8 Support Enabled
INFO - 2018-02-10 12:30:55 --> Utf8 Class Initialized
INFO - 2018-02-10 12:30:55 --> URI Class Initialized
INFO - 2018-02-10 12:30:55 --> Router Class Initialized
INFO - 2018-02-10 12:30:55 --> Output Class Initialized
INFO - 2018-02-10 12:30:55 --> Security Class Initialized
DEBUG - 2018-02-10 12:30:55 --> Global POST, GET and COOKIE data sanitized
INFO - 2018-02-10 12:30:55 --> Input Class Initialized
INFO - 2018-02-10 12:30:55 --> Language Class Initialized
INFO - 2018-02-10 12:30:55 --> Loader Class Initialized
INFO - 2018-02-10 12:30:55 --> Helper loaded: url_helper
DEBUG - 2018-02-10 12:30:55 --> Config file loaded: C:\Users\Yousri\php\workspace\Memento\config/mongo_db.php
INFO - 2018-02-10 12:30:55 --> Controller Class Initialized
INFO - 2018-02-10 12:30:55 --> Model Class Initialized
INFO - 2018-02-10 12:30:55 --> Helper loaded: debug_helper
INFO - 2018-02-10 12:30:55 --> File loaded: C:\Users\Yousri\php\workspace\Memento\views\synapse.php
INFO - 2018-02-10 12:30:55 --> File loaded: C:\Users\Yousri\php\workspace\Memento\views\memento_head_dev.php
INFO - 2018-02-10 12:30:55 --> File loaded: C:\Users\Yousri\php\workspace\Memento\views\memento.php
INFO - 2018-02-10 12:30:55 --> File loaded: C:\Users\Yousri\php\workspace\Memento\views\memento_scripts_dev.php
INFO - 2018-02-10 12:30:55 --> Final output sent to browser
DEBUG - 2018-02-10 12:30:55 --> Total execution time: 0.0674
INFO - 2018-02-10 12:31:29 --> Config Class Initialized
INFO - 2018-02-10 12:31:29 --> Hooks Class Initialized
DEBUG - 2018-02-10 12:31:29 --> UTF-8 Support Enabled
INFO - 2018-02-10 12:31:29 --> Utf8 Class Initialized
INFO - 2018-02-10 12:31:29 --> URI Class Initialized
INFO - 2018-02-10 12:31:29 --> Router Class Initialized
INFO - 2018-02-10 12:31:29 --> Output Class Initialized
INFO - 2018-02-10 12:31:29 --> Security Class Initialized
DEBUG - 2018-02-10 12:31:29 --> Global POST, GET and COOKIE data sanitized
INFO - 2018-02-10 12:31:29 --> Input Class Initialized
INFO - 2018-02-10 12:31:29 --> Language Class Initialized
INFO - 2018-02-10 12:31:29 --> Loader Class Initialized
INFO - 2018-02-10 12:31:29 --> Helper loaded: url_helper
DEBUG - 2018-02-10 12:31:29 --> Config file loaded: C:\Users\Yousri\php\workspace\Memento\config/mongo_db.php
INFO - 2018-02-10 12:31:29 --> Controller Class Initialized
INFO - 2018-02-10 12:31:29 --> Model Class Initialized
INFO - 2018-02-10 12:31:29 --> Helper loaded: debug_helper
ERROR - 2018-02-10 12:31:29 --> Severity: 4096 --> Object of class stdClass could not be converted to string C:\Users\Yousri\php\workspace\Memento\helpers\debug_helper.php 8
INFO - 2018-02-10 12:31:29 --> File loaded: C:\Users\Yousri\php\workspace\Memento\views\synapse.php
INFO - 2018-02-10 12:31:29 --> File loaded: C:\Users\Yousri\php\workspace\Memento\views\memento_head_dev.php
INFO - 2018-02-10 12:31:29 --> File loaded: C:\Users\Yousri\php\workspace\Memento\views\memento.php
INFO - 2018-02-10 12:31:29 --> File loaded: C:\Users\Yousri\php\workspace\Memento\views\memento_scripts_dev.php
INFO - 2018-02-10 12:31:29 --> Final output sent to browser
DEBUG - 2018-02-10 12:31:29 --> Total execution time: 0.0791
INFO - 2018-02-10 12:32:33 --> Config Class Initialized
INFO - 2018-02-10 12:32:33 --> Hooks Class Initialized
DEBUG - 2018-02-10 12:32:33 --> UTF-8 Support Enabled
INFO - 2018-02-10 12:32:33 --> Utf8 Class Initialized
INFO - 2018-02-10 12:32:33 --> URI Class Initialized
INFO - 2018-02-10 12:32:33 --> Router Class Initialized
INFO - 2018-02-10 12:32:33 --> Output Class Initialized
INFO - 2018-02-10 12:32:33 --> Security Class Initialized
DEBUG - 2018-02-10 12:32:33 --> Global POST, GET and COOKIE data sanitized
INFO - 2018-02-10 12:32:33 --> Input Class Initialized
INFO - 2018-02-10 12:32:33 --> Language Class Initialized
INFO - 2018-02-10 12:32:33 --> Loader Class Initialized
INFO - 2018-02-10 12:32:33 --> Helper loaded: url_helper
DEBUG - 2018-02-10 12:32:33 --> Config file loaded: C:\Users\Yousri\php\workspace\Memento\config/mongo_db.php
INFO - 2018-02-10 12:32:33 --> Controller Class Initialized
INFO - 2018-02-10 12:32:33 --> Model Class Initialized
INFO - 2018-02-10 12:32:33 --> Helper loaded: debug_helper
INFO - 2018-02-10 12:32:33 --> File loaded: C:\Users\Yousri\php\workspace\Memento\views\synapse.php
INFO - 2018-02-10 12:32:33 --> File loaded: C:\Users\Yousri\php\workspace\Memento\views\memento_head_dev.php
INFO - 2018-02-10 12:32:33 --> File loaded: C:\Users\Yousri\php\workspace\Memento\views\memento.php
INFO - 2018-02-10 12:32:33 --> File loaded: C:\Users\Yousri\php\workspace\Memento\views\memento_scripts_dev.php
INFO - 2018-02-10 12:32:33 --> Final output sent to browser
DEBUG - 2018-02-10 12:32:33 --> Total execution time: 0.0708
INFO - 2018-02-10 12:34:46 --> Config Class Initialized
INFO - 2018-02-10 12:34:46 --> Hooks Class Initialized
DEBUG - 2018-02-10 12:34:46 --> UTF-8 Support Enabled
INFO - 2018-02-10 12:34:46 --> Utf8 Class Initialized
INFO - 2018-02-10 12:34:46 --> URI Class Initialized
INFO - 2018-02-10 12:34:46 --> Router Class Initialized
INFO - 2018-02-10 12:34:46 --> Output Class Initialized
INFO - 2018-02-10 12:34:46 --> Security Class Initialized
DEBUG - 2018-02-10 12:34:46 --> Global POST, GET and COOKIE data sanitized
INFO - 2018-02-10 12:34:46 --> Input Class Initialized
INFO - 2018-02-10 12:34:46 --> Language Class Initialized
INFO - 2018-02-10 12:34:46 --> Loader Class Initialized
INFO - 2018-02-10 12:34:46 --> Helper loaded: url_helper
DEBUG - 2018-02-10 12:34:46 --> Config file loaded: C:\Users\Yousri\php\workspace\Memento\config/mongo_db.php
INFO - 2018-02-10 12:34:46 --> Controller Class Initialized
INFO - 2018-02-10 12:34:46 --> Model Class Initialized
INFO - 2018-02-10 12:34:46 --> Helper loaded: debug_helper
INFO - 2018-02-10 12:34:46 --> File loaded: C:\Users\Yousri\php\workspace\Memento\views\synapse.php
INFO - 2018-02-10 12:34:46 --> File loaded: C:\Users\Yousri\php\workspace\Memento\views\memento_head_dev.php
INFO - 2018-02-10 12:34:46 --> File loaded: C:\Users\Yousri\php\workspace\Memento\views\memento.php
INFO - 2018-02-10 12:34:46 --> File loaded: C:\Users\Yousri\php\workspace\Memento\views\memento_scripts_dev.php
INFO - 2018-02-10 12:34:46 --> Final output sent to browser
DEBUG - 2018-02-10 12:34:46 --> Total execution time: 0.0680
INFO - 2018-02-10 12:39:27 --> Config Class Initialized
INFO - 2018-02-10 12:39:27 --> Hooks Class Initialized
DEBUG - 2018-02-10 12:39:27 --> UTF-8 Support Enabled
INFO - 2018-02-10 12:39:27 --> Utf8 Class Initialized
INFO - 2018-02-10 12:39:27 --> URI Class Initialized
INFO - 2018-02-10 12:39:27 --> Router Class Initialized
INFO - 2018-02-10 12:39:27 --> Output Class Initialized
INFO - 2018-02-10 12:39:27 --> Security Class Initialized
DEBUG - 2018-02-10 12:39:27 --> Global POST, GET and COOKIE data sanitized
INFO - 2018-02-10 12:39:27 --> Input Class Initialized
INFO - 2018-02-10 12:39:27 --> Language Class Initialized
INFO - 2018-02-10 12:39:27 --> Loader Class Initialized
INFO - 2018-02-10 12:39:27 --> Helper loaded: url_helper
DEBUG - 2018-02-10 12:39:27 --> Config file loaded: C:\Users\Yousri\php\workspace\Memento\config/mongo_db.php
INFO - 2018-02-10 12:39:27 --> Controller Class Initialized
INFO - 2018-02-10 12:39:27 --> Model Class Initialized
INFO - 2018-02-10 12:39:27 --> Helper loaded: debug_helper
INFO - 2018-02-10 12:39:27 --> File loaded: C:\Users\Yousri\php\workspace\Memento\views\synapse.php
INFO - 2018-02-10 12:39:27 --> File loaded: C:\Users\Yousri\php\workspace\Memento\views\memento_head_dev.php
INFO - 2018-02-10 12:39:27 --> File loaded: C:\Users\Yousri\php\workspace\Memento\views\memento.php
INFO - 2018-02-10 12:39:27 --> File loaded: C:\Users\Yousri\php\workspace\Memento\views\memento_scripts_dev.php
INFO - 2018-02-10 12:39:27 --> Final output sent to browser
DEBUG - 2018-02-10 12:39:27 --> Total execution time: 0.0635
INFO - 2018-02-10 12:39:57 --> Config Class Initialized
INFO - 2018-02-10 12:39:57 --> Hooks Class Initialized
DEBUG - 2018-02-10 12:39:57 --> UTF-8 Support Enabled
INFO - 2018-02-10 12:39:57 --> Utf8 Class Initialized
INFO - 2018-02-10 12:39:57 --> URI Class Initialized
INFO - 2018-02-10 12:39:57 --> Router Class Initialized
INFO - 2018-02-10 12:39:57 --> Output Class Initialized
INFO - 2018-02-10 12:39:57 --> Security Class Initialized
DEBUG - 2018-02-10 12:39:57 --> Global POST, GET and COOKIE data sanitized
INFO - 2018-02-10 12:39:57 --> Input Class Initialized
INFO - 2018-02-10 12:39:57 --> Language Class Initialized
INFO - 2018-02-10 12:39:57 --> Loader Class Initialized
INFO - 2018-02-10 12:39:57 --> Helper loaded: url_helper
DEBUG - 2018-02-10 12:39:57 --> Config file loaded: C:\Users\Yousri\php\workspace\Memento\config/mongo_db.php
INFO - 2018-02-10 12:39:57 --> Controller Class Initialized
ERROR - 2018-02-10 12:39:57 --> Severity: error --> Exception: syntax error, unexpected '$result' (T_VARIABLE), expecting ',' or ';' C:\Users\Yousri\php\workspace\Memento\models\memento_m.php 32
INFO - 2018-02-10 12:40:05 --> Config Class Initialized
INFO - 2018-02-10 12:40:05 --> Hooks Class Initialized
DEBUG - 2018-02-10 12:40:05 --> UTF-8 Support Enabled
INFO - 2018-02-10 12:40:05 --> Utf8 Class Initialized
INFO - 2018-02-10 12:40:05 --> URI Class Initialized
INFO - 2018-02-10 12:40:05 --> Router Class Initialized
INFO - 2018-02-10 12:40:05 --> Output Class Initialized
INFO - 2018-02-10 12:40:05 --> Security Class Initialized
DEBUG - 2018-02-10 12:40:05 --> Global POST, GET and COOKIE data sanitized
INFO - 2018-02-10 12:40:05 --> Input Class Initialized
INFO - 2018-02-10 12:40:05 --> Language Class Initialized
INFO - 2018-02-10 12:40:05 --> Loader Class Initialized
INFO - 2018-02-10 12:40:05 --> Helper loaded: url_helper
DEBUG - 2018-02-10 12:40:05 --> Config file loaded: C:\Users\Yousri\php\workspace\Memento\config/mongo_db.php
INFO - 2018-02-10 12:40:05 --> Controller Class Initialized
INFO - 2018-02-10 12:40:05 --> Model Class Initialized
INFO - 2018-02-10 12:40:05 --> Helper loaded: debug_helper
ERROR - 2018-02-10 12:40:05 --> Severity: 4096 --> Object of class MongoDB\Model\BSONDocument could not be converted to string C:\Users\Yousri\php\workspace\Memento\models\memento_m.php 32
INFO - 2018-02-10 12:40:05 --> File loaded: C:\Users\Yousri\php\workspace\Memento\views\synapse.php
INFO - 2018-02-10 12:40:05 --> File loaded: C:\Users\Yousri\php\workspace\Memento\views\memento_head_dev.php
INFO - 2018-02-10 12:40:05 --> File loaded: C:\Users\Yousri\php\workspace\Memento\views\memento.php
INFO - 2018-02-10 12:40:05 --> File loaded: C:\Users\Yousri\php\workspace\Memento\views\memento_scripts_dev.php
INFO - 2018-02-10 12:40:05 --> Final output sent to browser
DEBUG - 2018-02-10 12:40:05 --> Total execution time: 0.0720
INFO - 2018-02-10 12:40:15 --> Config Class Initialized
INFO - 2018-02-10 12:40:15 --> Hooks Class Initialized
DEBUG - 2018-02-10 12:40:15 --> UTF-8 Support Enabled
INFO - 2018-02-10 12:40:15 --> Utf8 Class Initialized
INFO - 2018-02-10 12:40:15 --> URI Class Initialized
INFO - 2018-02-10 12:40:15 --> Router Class Initialized
INFO - 2018-02-10 12:40:15 --> Output Class Initialized
INFO - 2018-02-10 12:40:15 --> Security Class Initialized
DEBUG - 2018-02-10 12:40:15 --> Global POST, GET and COOKIE data sanitized
INFO - 2018-02-10 12:40:15 --> Input Class Initialized
INFO - 2018-02-10 12:40:15 --> Language Class Initialized
INFO - 2018-02-10 12:40:15 --> Loader Class Initialized
INFO - 2018-02-10 12:40:15 --> Helper loaded: url_helper
DEBUG - 2018-02-10 12:40:15 --> Config file loaded: C:\Users\Yousri\php\workspace\Memento\config/mongo_db.php
INFO - 2018-02-10 12:40:15 --> Controller Class Initialized
INFO - 2018-02-10 12:40:15 --> Model Class Initialized
INFO - 2018-02-10 12:40:15 --> Helper loaded: debug_helper
INFO - 2018-02-10 12:40:15 --> File loaded: C:\Users\Yousri\php\workspace\Memento\views\synapse.php
INFO - 2018-02-10 12:40:15 --> File loaded: C:\Users\Yousri\php\workspace\Memento\views\memento_head_dev.php
INFO - 2018-02-10 12:40:15 --> File loaded: C:\Users\Yousri\php\workspace\Memento\views\memento.php
INFO - 2018-02-10 12:40:15 --> File loaded: C:\Users\Yousri\php\workspace\Memento\views\memento_scripts_dev.php
INFO - 2018-02-10 12:40:15 --> Final output sent to browser
DEBUG - 2018-02-10 12:40:15 --> Total execution time: 0.0801
INFO - 2018-02-10 12:40:41 --> Config Class Initialized
INFO - 2018-02-10 12:40:41 --> Hooks Class Initialized
DEBUG - 2018-02-10 12:40:41 --> UTF-8 Support Enabled
INFO - 2018-02-10 12:40:41 --> Utf8 Class Initialized
INFO - 2018-02-10 12:40:41 --> URI Class Initialized
INFO - 2018-02-10 12:40:41 --> Router Class Initialized
INFO - 2018-02-10 12:40:41 --> Output Class Initialized
INFO - 2018-02-10 12:40:41 --> Security Class Initialized
DEBUG - 2018-02-10 12:40:41 --> Global POST, GET and COOKIE data sanitized
INFO - 2018-02-10 12:40:41 --> Input Class Initialized
INFO - 2018-02-10 12:40:41 --> Language Class Initialized
INFO - 2018-02-10 12:40:41 --> Loader Class Initialized
INFO - 2018-02-10 12:40:41 --> Helper loaded: url_helper
DEBUG - 2018-02-10 12:40:41 --> Config file loaded: C:\Users\Yousri\php\workspace\Memento\config/mongo_db.php
INFO - 2018-02-10 12:40:41 --> Controller Class Initialized
INFO - 2018-02-10 12:40:41 --> Model Class Initialized
INFO - 2018-02-10 12:40:41 --> Helper loaded: debug_helper
ERROR - 2018-02-10 12:40:41 --> Severity: Notice --> Undefined index: storage C:\Users\Yousri\php\workspace\Memento\models\memento_m.php 32
INFO - 2018-02-10 12:40:41 --> File loaded: C:\Users\Yousri\php\workspace\Memento\views\synapse.php
INFO - 2018-02-10 12:40:41 --> File loaded: C:\Users\Yousri\php\workspace\Memento\views\memento_head_dev.php
INFO - 2018-02-10 12:40:41 --> File loaded: C:\Users\Yousri\php\workspace\Memento\views\memento.php
INFO - 2018-02-10 12:40:41 --> File loaded: C:\Users\Yousri\php\workspace\Memento\views\memento_scripts_dev.php
INFO - 2018-02-10 12:40:41 --> Final output sent to browser
DEBUG - 2018-02-10 12:40:41 --> Total execution time: 0.0718
INFO - 2018-02-10 12:40:54 --> Config Class Initialized
INFO - 2018-02-10 12:40:54 --> Hooks Class Initialized
DEBUG - 2018-02-10 12:40:54 --> UTF-8 Support Enabled
INFO - 2018-02-10 12:40:54 --> Utf8 Class Initialized
INFO - 2018-02-10 12:40:54 --> URI Class Initialized
INFO - 2018-02-10 12:40:54 --> Router Class Initialized
INFO - 2018-02-10 12:40:54 --> Output Class Initialized
INFO - 2018-02-10 12:40:54 --> Security Class Initialized
DEBUG - 2018-02-10 12:40:54 --> Global POST, GET and COOKIE data sanitized
INFO - 2018-02-10 12:40:54 --> Input Class Initialized
INFO - 2018-02-10 12:40:54 --> Language Class Initialized
INFO - 2018-02-10 12:40:54 --> Loader Class Initialized
INFO - 2018-02-10 12:40:54 --> Helper loaded: url_helper
DEBUG - 2018-02-10 12:40:54 --> Config file loaded: C:\Users\Yousri\php\workspace\Memento\config/mongo_db.php
INFO - 2018-02-10 12:40:54 --> Controller Class Initialized
INFO - 2018-02-10 12:40:54 --> Model Class Initialized
INFO - 2018-02-10 12:40:54 --> Helper loaded: debug_helper
ERROR - 2018-02-10 12:40:54 --> Severity: Notice --> Undefined index: storage C:\Users\Yousri\php\workspace\Memento\models\memento_m.php 32
INFO - 2018-02-10 12:40:54 --> File loaded: C:\Users\Yousri\php\workspace\Memento\views\synapse.php
INFO - 2018-02-10 12:40:54 --> File loaded: C:\Users\Yousri\php\workspace\Memento\views\memento_head_dev.php
INFO - 2018-02-10 12:40:54 --> File loaded: C:\Users\Yousri\php\workspace\Memento\views\memento.php
INFO - 2018-02-10 12:40:54 --> File loaded: C:\Users\Yousri\php\workspace\Memento\views\memento_scripts_dev.php
INFO - 2018-02-10 12:40:54 --> Final output sent to browser
DEBUG - 2018-02-10 12:40:54 --> Total execution time: 0.0739
INFO - 2018-02-10 12:41:01 --> Config Class Initialized
INFO - 2018-02-10 12:41:01 --> Hooks Class Initialized
DEBUG - 2018-02-10 12:41:01 --> UTF-8 Support Enabled
INFO - 2018-02-10 12:41:01 --> Utf8 Class Initialized
INFO - 2018-02-10 12:41:01 --> URI Class Initialized
INFO - 2018-02-10 12:41:01 --> Router Class Initialized
INFO - 2018-02-10 12:41:01 --> Output Class Initialized
INFO - 2018-02-10 12:41:01 --> Security Class Initialized
DEBUG - 2018-02-10 12:41:01 --> Global POST, GET and COOKIE data sanitized
INFO - 2018-02-10 12:41:01 --> Input Class Initialized
INFO - 2018-02-10 12:41:01 --> Language Class Initialized
INFO - 2018-02-10 12:41:01 --> Loader Class Initialized
INFO - 2018-02-10 12:41:01 --> Helper loaded: url_helper
DEBUG - 2018-02-10 12:41:01 --> Config file loaded: C:\Users\Yousri\php\workspace\Memento\config/mongo_db.php
INFO - 2018-02-10 12:41:01 --> Controller Class Initialized
INFO - 2018-02-10 12:41:01 --> Model Class Initialized
INFO - 2018-02-10 12:41:01 --> Helper loaded: debug_helper
INFO - 2018-02-10 12:41:01 --> File loaded: C:\Users\Yousri\php\workspace\Memento\views\synapse.php
INFO - 2018-02-10 12:41:01 --> File loaded: C:\Users\Yousri\php\workspace\Memento\views\memento_head_dev.php
INFO - 2018-02-10 12:41:01 --> File loaded: C:\Users\Yousri\php\workspace\Memento\views\memento.php
INFO - 2018-02-10 12:41:01 --> File loaded: C:\Users\Yousri\php\workspace\Memento\views\memento_scripts_dev.php
INFO - 2018-02-10 12:41:01 --> Final output sent to browser
DEBUG - 2018-02-10 12:41:01 --> Total execution time: 0.0892
INFO - 2018-02-10 12:47:37 --> Config Class Initialized
INFO - 2018-02-10 12:47:37 --> Hooks Class Initialized
DEBUG - 2018-02-10 12:47:37 --> UTF-8 Support Enabled
INFO - 2018-02-10 12:47:37 --> Utf8 Class Initialized
INFO - 2018-02-10 12:47:37 --> URI Class Initialized
INFO - 2018-02-10 12:47:37 --> Router Class Initialized
INFO - 2018-02-10 12:47:37 --> Output Class Initialized
INFO - 2018-02-10 12:47:37 --> Security Class Initialized
DEBUG - 2018-02-10 12:47:37 --> Global POST, GET and COOKIE data sanitized
INFO - 2018-02-10 12:47:37 --> Input Class Initialized
INFO - 2018-02-10 12:47:37 --> Language Class Initialized
INFO - 2018-02-10 12:47:37 --> Loader Class Initialized
INFO - 2018-02-10 12:47:37 --> Helper loaded: url_helper
DEBUG - 2018-02-10 12:47:37 --> Config file loaded: C:\Users\Yousri\php\workspace\Memento\config/mongo_db.php
INFO - 2018-02-10 12:47:37 --> Controller Class Initialized
INFO - 2018-02-10 12:47:37 --> Model Class Initialized
INFO - 2018-02-10 12:47:37 --> Helper loaded: debug_helper
ERROR - 2018-02-10 12:47:37 --> Severity: 4096 --> Object of class MongoDB\Model\BSONDocument could not be converted to string C:\Users\Yousri\php\workspace\Memento\helpers\debug_helper.php 8
INFO - 2018-02-10 12:47:37 --> File loaded: C:\Users\Yousri\php\workspace\Memento\views\synapse.php
INFO - 2018-02-10 12:47:37 --> File loaded: C:\Users\Yousri\php\workspace\Memento\views\memento_head_dev.php
INFO - 2018-02-10 12:47:37 --> File loaded: C:\Users\Yousri\php\workspace\Memento\views\memento.php
INFO - 2018-02-10 12:47:37 --> File loaded: C:\Users\Yousri\php\workspace\Memento\views\memento_scripts_dev.php
INFO - 2018-02-10 12:47:37 --> Final output sent to browser
DEBUG - 2018-02-10 12:47:37 --> Total execution time: 0.0816
INFO - 2018-02-10 12:48:05 --> Config Class Initialized
INFO - 2018-02-10 12:48:05 --> Hooks Class Initialized
DEBUG - 2018-02-10 12:48:05 --> UTF-8 Support Enabled
INFO - 2018-02-10 12:48:05 --> Utf8 Class Initialized
INFO - 2018-02-10 12:48:05 --> URI Class Initialized
INFO - 2018-02-10 12:48:05 --> Router Class Initialized
INFO - 2018-02-10 12:48:05 --> Output Class Initialized
INFO - 2018-02-10 12:48:05 --> Security Class Initialized
DEBUG - 2018-02-10 12:48:05 --> Global POST, GET and COOKIE data sanitized
INFO - 2018-02-10 12:48:05 --> Input Class Initialized
INFO - 2018-02-10 12:48:05 --> Language Class Initialized
INFO - 2018-02-10 12:48:05 --> Loader Class Initialized
INFO - 2018-02-10 12:48:05 --> Helper loaded: url_helper
DEBUG - 2018-02-10 12:48:05 --> Config file loaded: C:\Users\Yousri\php\workspace\Memento\config/mongo_db.php
INFO - 2018-02-10 12:48:05 --> Controller Class Initialized
INFO - 2018-02-10 12:48:05 --> Model Class Initialized
INFO - 2018-02-10 12:48:05 --> Helper loaded: debug_helper
INFO - 2018-02-10 12:48:05 --> File loaded: C:\Users\Yousri\php\workspace\Memento\views\synapse.php
INFO - 2018-02-10 12:48:05 --> File loaded: C:\Users\Yousri\php\workspace\Memento\views\memento_head_dev.php
INFO - 2018-02-10 12:48:05 --> File loaded: C:\Users\Yousri\php\workspace\Memento\views\memento.php
INFO - 2018-02-10 12:48:05 --> File loaded: C:\Users\Yousri\php\workspace\Memento\views\memento_scripts_dev.php
INFO - 2018-02-10 12:48:05 --> Final output sent to browser
DEBUG - 2018-02-10 12:48:05 --> Total execution time: 0.0581
INFO - 2018-02-10 12:48:43 --> Config Class Initialized
INFO - 2018-02-10 12:48:43 --> Hooks Class Initialized
DEBUG - 2018-02-10 12:48:43 --> UTF-8 Support Enabled
INFO - 2018-02-10 12:48:43 --> Utf8 Class Initialized
INFO - 2018-02-10 12:48:43 --> URI Class Initialized
INFO - 2018-02-10 12:48:43 --> Router Class Initialized
INFO - 2018-02-10 12:48:43 --> Output Class Initialized
INFO - 2018-02-10 12:48:43 --> Security Class Initialized
DEBUG - 2018-02-10 12:48:43 --> Global POST, GET and COOKIE data sanitized
INFO - 2018-02-10 12:48:43 --> Input Class Initialized
INFO - 2018-02-10 12:48:43 --> Language Class Initialized
INFO - 2018-02-10 12:48:43 --> Loader Class Initialized
INFO - 2018-02-10 12:48:43 --> Helper loaded: url_helper
DEBUG - 2018-02-10 12:48:43 --> Config file loaded: C:\Users\Yousri\php\workspace\Memento\config/mongo_db.php
INFO - 2018-02-10 12:48:43 --> Controller Class Initialized
INFO - 2018-02-10 12:48:43 --> Model Class Initialized
INFO - 2018-02-10 12:48:44 --> Helper loaded: debug_helper
ERROR - 2018-02-10 12:48:44 --> Severity: Warning --> MongoDB\BSON\toJSON() expects parameter 1 to be string, object given C:\Users\Yousri\php\workspace\Memento\models\memento_m.php 32
INFO - 2018-02-10 12:48:44 --> File loaded: C:\Users\Yousri\php\workspace\Memento\views\synapse.php
INFO - 2018-02-10 12:48:44 --> File loaded: C:\Users\Yousri\php\workspace\Memento\views\memento_head_dev.php
INFO - 2018-02-10 12:48:44 --> File loaded: C:\Users\Yousri\php\workspace\Memento\views\memento.php
INFO - 2018-02-10 12:48:44 --> File loaded: C:\Users\Yousri\php\workspace\Memento\views\memento_scripts_dev.php
INFO - 2018-02-10 12:48:44 --> Final output sent to browser
DEBUG - 2018-02-10 12:48:44 --> Total execution time: 0.0683
INFO - 2018-02-10 12:49:19 --> Config Class Initialized
INFO - 2018-02-10 12:49:19 --> Hooks Class Initialized
DEBUG - 2018-02-10 12:49:19 --> UTF-8 Support Enabled
INFO - 2018-02-10 12:49:19 --> Utf8 Class Initialized
INFO - 2018-02-10 12:49:19 --> URI Class Initialized
INFO - 2018-02-10 12:49:19 --> Router Class Initialized
INFO - 2018-02-10 12:49:19 --> Output Class Initialized
INFO - 2018-02-10 12:49:19 --> Security Class Initialized
DEBUG - 2018-02-10 12:49:19 --> Global POST, GET and COOKIE data sanitized
INFO - 2018-02-10 12:49:19 --> Input Class Initialized
INFO - 2018-02-10 12:49:19 --> Language Class Initialized
INFO - 2018-02-10 12:49:19 --> Loader Class Initialized
INFO - 2018-02-10 12:49:19 --> Helper loaded: url_helper
DEBUG - 2018-02-10 12:49:19 --> Config file loaded: C:\Users\Yousri\php\workspace\Memento\config/mongo_db.php
INFO - 2018-02-10 12:49:19 --> Controller Class Initialized
INFO - 2018-02-10 12:49:19 --> Model Class Initialized
INFO - 2018-02-10 12:49:19 --> Helper loaded: debug_helper
ERROR - 2018-02-10 12:49:19 --> Severity: Warning --> MongoDB\BSON\toPHP() expects parameter 1 to be string, object given C:\Users\Yousri\php\workspace\Memento\models\memento_m.php 32
INFO - 2018-02-10 12:49:19 --> File loaded: C:\Users\Yousri\php\workspace\Memento\views\synapse.php
INFO - 2018-02-10 12:49:19 --> File loaded: C:\Users\Yousri\php\workspace\Memento\views\memento_head_dev.php
INFO - 2018-02-10 12:49:19 --> File loaded: C:\Users\Yousri\php\workspace\Memento\views\memento.php
INFO - 2018-02-10 12:49:19 --> File loaded: C:\Users\Yousri\php\workspace\Memento\views\memento_scripts_dev.php
INFO - 2018-02-10 12:49:19 --> Final output sent to browser
DEBUG - 2018-02-10 12:49:19 --> Total execution time: 0.0678
INFO - 2018-02-10 12:49:43 --> Config Class Initialized
INFO - 2018-02-10 12:49:43 --> Hooks Class Initialized
DEBUG - 2018-02-10 12:49:43 --> UTF-8 Support Enabled
INFO - 2018-02-10 12:49:43 --> Utf8 Class Initialized
INFO - 2018-02-10 12:49:43 --> URI Class Initialized
INFO - 2018-02-10 12:49:43 --> Router Class Initialized
INFO - 2018-02-10 12:49:43 --> Output Class Initialized
INFO - 2018-02-10 12:49:43 --> Security Class Initialized
DEBUG - 2018-02-10 12:49:43 --> Global POST, GET and COOKIE data sanitized
INFO - 2018-02-10 12:49:43 --> Input Class Initialized
INFO - 2018-02-10 12:49:43 --> Language Class Initialized
INFO - 2018-02-10 12:49:43 --> Loader Class Initialized
INFO - 2018-02-10 12:49:43 --> Helper loaded: url_helper
DEBUG - 2018-02-10 12:49:43 --> Config file loaded: C:\Users\Yousri\php\workspace\Memento\config/mongo_db.php
INFO - 2018-02-10 12:49:43 --> Controller Class Initialized
INFO - 2018-02-10 12:49:43 --> Model Class Initialized
INFO - 2018-02-10 12:49:43 --> Helper loaded: debug_helper
INFO - 2018-02-10 12:49:43 --> File loaded: C:\Users\Yousri\php\workspace\Memento\views\synapse.php
INFO - 2018-02-10 12:49:43 --> File loaded: C:\Users\Yousri\php\workspace\Memento\views\memento_head_dev.php
INFO - 2018-02-10 12:49:43 --> File loaded: C:\Users\Yousri\php\workspace\Memento\views\memento.php
INFO - 2018-02-10 12:49:43 --> File loaded: C:\Users\Yousri\php\workspace\Memento\views\memento_scripts_dev.php
INFO - 2018-02-10 12:49:43 --> Final output sent to browser
DEBUG - 2018-02-10 12:49:43 --> Total execution time: 0.0709
INFO - 2018-02-10 12:50:31 --> Config Class Initialized
INFO - 2018-02-10 12:50:31 --> Hooks Class Initialized
DEBUG - 2018-02-10 12:50:31 --> UTF-8 Support Enabled
INFO - 2018-02-10 12:50:31 --> Utf8 Class Initialized
INFO - 2018-02-10 12:50:31 --> URI Class Initialized
INFO - 2018-02-10 12:50:31 --> Router Class Initialized
INFO - 2018-02-10 12:50:31 --> Output Class Initialized
INFO - 2018-02-10 12:50:31 --> Security Class Initialized
DEBUG - 2018-02-10 12:50:31 --> Global POST, GET and COOKIE data sanitized
INFO - 2018-02-10 12:50:31 --> Input Class Initialized
INFO - 2018-02-10 12:50:31 --> Language Class Initialized
INFO - 2018-02-10 12:50:31 --> Loader Class Initialized
INFO - 2018-02-10 12:50:31 --> Helper loaded: url_helper
DEBUG - 2018-02-10 12:50:31 --> Config file loaded: C:\Users\Yousri\php\workspace\Memento\config/mongo_db.php
INFO - 2018-02-10 12:50:31 --> Controller Class Initialized
INFO - 2018-02-10 12:50:31 --> Model Class Initialized
INFO - 2018-02-10 12:50:31 --> Helper loaded: debug_helper
INFO - 2018-02-10 12:50:31 --> File loaded: C:\Users\Yousri\php\workspace\Memento\views\synapse.php
INFO - 2018-02-10 12:50:31 --> File loaded: C:\Users\Yousri\php\workspace\Memento\views\memento_head_dev.php
INFO - 2018-02-10 12:50:31 --> File loaded: C:\Users\Yousri\php\workspace\Memento\views\memento.php
INFO - 2018-02-10 12:50:31 --> File loaded: C:\Users\Yousri\php\workspace\Memento\views\memento_scripts_dev.php
INFO - 2018-02-10 12:50:31 --> Final output sent to browser
DEBUG - 2018-02-10 12:50:31 --> Total execution time: 0.0755
INFO - 2018-02-10 12:50:57 --> Config Class Initialized
INFO - 2018-02-10 12:50:57 --> Hooks Class Initialized
DEBUG - 2018-02-10 12:50:57 --> UTF-8 Support Enabled
INFO - 2018-02-10 12:50:57 --> Utf8 Class Initialized
INFO - 2018-02-10 12:50:57 --> URI Class Initialized
INFO - 2018-02-10 12:50:57 --> Router Class Initialized
INFO - 2018-02-10 12:50:57 --> Output Class Initialized
INFO - 2018-02-10 12:50:57 --> Security Class Initialized
DEBUG - 2018-02-10 12:50:57 --> Global POST, GET and COOKIE data sanitized
INFO - 2018-02-10 12:50:57 --> Input Class Initialized
INFO - 2018-02-10 12:50:57 --> Language Class Initialized
INFO - 2018-02-10 12:50:57 --> Loader Class Initialized
INFO - 2018-02-10 12:50:57 --> Helper loaded: url_helper
DEBUG - 2018-02-10 12:50:57 --> Config file loaded: C:\Users\Yousri\php\workspace\Memento\config/mongo_db.php
INFO - 2018-02-10 12:50:57 --> Controller Class Initialized
INFO - 2018-02-10 12:50:57 --> Model Class Initialized
INFO - 2018-02-10 12:50:57 --> Helper loaded: debug_helper
INFO - 2018-02-10 12:50:57 --> File loaded: C:\Users\Yousri\php\workspace\Memento\views\synapse.php
INFO - 2018-02-10 12:50:57 --> File loaded: C:\Users\Yousri\php\workspace\Memento\views\memento_head_dev.php
INFO - 2018-02-10 12:50:57 --> File loaded: C:\Users\Yousri\php\workspace\Memento\views\memento.php
INFO - 2018-02-10 12:50:57 --> File loaded: C:\Users\Yousri\php\workspace\Memento\views\memento_scripts_dev.php
INFO - 2018-02-10 12:50:57 --> Final output sent to browser
DEBUG - 2018-02-10 12:50:57 --> Total execution time: 0.0726
INFO - 2018-02-10 12:52:22 --> Config Class Initialized
INFO - 2018-02-10 12:52:22 --> Hooks Class Initialized
DEBUG - 2018-02-10 12:52:22 --> UTF-8 Support Enabled
INFO - 2018-02-10 12:52:22 --> Utf8 Class Initialized
INFO - 2018-02-10 12:52:22 --> URI Class Initialized
INFO - 2018-02-10 12:52:22 --> Router Class Initialized
INFO - 2018-02-10 12:52:22 --> Output Class Initialized
INFO - 2018-02-10 12:52:22 --> Security Class Initialized
DEBUG - 2018-02-10 12:52:22 --> Global POST, GET and COOKIE data sanitized
INFO - 2018-02-10 12:52:22 --> Input Class Initialized
INFO - 2018-02-10 12:52:22 --> Language Class Initialized
INFO - 2018-02-10 12:52:22 --> Loader Class Initialized
INFO - 2018-02-10 12:52:22 --> Helper loaded: url_helper
DEBUG - 2018-02-10 12:52:22 --> Config file loaded: C:\Users\Yousri\php\workspace\Memento\config/mongo_db.php
INFO - 2018-02-10 12:52:22 --> Controller Class Initialized
INFO - 2018-02-10 12:52:22 --> Model Class Initialized
INFO - 2018-02-10 12:52:22 --> Helper loaded: debug_helper
ERROR - 2018-02-10 12:52:22 --> Severity: Notice --> Undefined offset: 0 C:\Users\Yousri\php\workspace\Memento\models\memento_m.php 32
INFO - 2018-02-10 12:52:22 --> File loaded: C:\Users\Yousri\php\workspace\Memento\views\synapse.php
INFO - 2018-02-10 12:52:22 --> File loaded: C:\Users\Yousri\php\workspace\Memento\views\memento_head_dev.php
INFO - 2018-02-10 12:52:22 --> File loaded: C:\Users\Yousri\php\workspace\Memento\views\memento.php
INFO - 2018-02-10 12:52:22 --> File loaded: C:\Users\Yousri\php\workspace\Memento\views\memento_scripts_dev.php
INFO - 2018-02-10 12:52:22 --> Final output sent to browser
DEBUG - 2018-02-10 12:52:22 --> Total execution time: 0.0619
INFO - 2018-02-10 12:53:38 --> Config Class Initialized
INFO - 2018-02-10 12:53:38 --> Hooks Class Initialized
DEBUG - 2018-02-10 12:53:38 --> UTF-8 Support Enabled
INFO - 2018-02-10 12:53:38 --> Utf8 Class Initialized
INFO - 2018-02-10 12:53:38 --> URI Class Initialized
INFO - 2018-02-10 12:53:38 --> Router Class Initialized
INFO - 2018-02-10 12:53:38 --> Output Class Initialized
INFO - 2018-02-10 12:53:38 --> Security Class Initialized
DEBUG - 2018-02-10 12:53:38 --> Global POST, GET and COOKIE data sanitized
INFO - 2018-02-10 12:53:38 --> Input Class Initialized
INFO - 2018-02-10 12:53:38 --> Language Class Initialized
INFO - 2018-02-10 12:53:38 --> Loader Class Initialized
INFO - 2018-02-10 12:53:38 --> Helper loaded: url_helper
DEBUG - 2018-02-10 12:53:38 --> Config file loaded: C:\Users\Yousri\php\workspace\Memento\config/mongo_db.php
INFO - 2018-02-10 12:53:38 --> Controller Class Initialized
INFO - 2018-02-10 12:53:38 --> Model Class Initialized
INFO - 2018-02-10 12:53:38 --> Helper loaded: debug_helper
INFO - 2018-02-10 12:53:38 --> File loaded: C:\Users\Yousri\php\workspace\Memento\views\synapse.php
INFO - 2018-02-10 12:53:38 --> File loaded: C:\Users\Yousri\php\workspace\Memento\views\memento_head_dev.php
INFO - 2018-02-10 12:53:38 --> File loaded: C:\Users\Yousri\php\workspace\Memento\views\memento.php
INFO - 2018-02-10 12:53:38 --> File loaded: C:\Users\Yousri\php\workspace\Memento\views\memento_scripts_dev.php
INFO - 2018-02-10 12:53:38 --> Final output sent to browser
DEBUG - 2018-02-10 12:53:38 --> Total execution time: 0.0535
INFO - 2018-02-10 12:53:48 --> Config Class Initialized
INFO - 2018-02-10 12:53:48 --> Hooks Class Initialized
DEBUG - 2018-02-10 12:53:48 --> UTF-8 Support Enabled
INFO - 2018-02-10 12:53:48 --> Utf8 Class Initialized
INFO - 2018-02-10 12:53:48 --> URI Class Initialized
INFO - 2018-02-10 12:53:48 --> Router Class Initialized
INFO - 2018-02-10 12:53:48 --> Output Class Initialized
INFO - 2018-02-10 12:53:48 --> Security Class Initialized
DEBUG - 2018-02-10 12:53:48 --> Global POST, GET and COOKIE data sanitized
INFO - 2018-02-10 12:53:48 --> Input Class Initialized
INFO - 2018-02-10 12:53:48 --> Language Class Initialized
INFO - 2018-02-10 12:53:48 --> Loader Class Initialized
INFO - 2018-02-10 12:53:48 --> Helper loaded: url_helper
DEBUG - 2018-02-10 12:53:48 --> Config file loaded: C:\Users\Yousri\php\workspace\Memento\config/mongo_db.php
INFO - 2018-02-10 12:53:48 --> Controller Class Initialized
INFO - 2018-02-10 12:53:48 --> Model Class Initialized
INFO - 2018-02-10 12:53:48 --> Helper loaded: debug_helper
ERROR - 2018-02-10 12:53:48 --> Severity: Notice --> Array to string conversion C:\Users\Yousri\php\workspace\Memento\helpers\debug_helper.php 6
ERROR - 2018-02-10 12:53:48 --> Severity: 4096 --> Object of class stdClass could not be converted to string C:\Users\Yousri\php\workspace\Memento\helpers\debug_helper.php 6
ERROR - 2018-02-10 12:53:48 --> Severity: 4096 --> Object of class stdClass could not be converted to string C:\Users\Yousri\php\workspace\Memento\helpers\debug_helper.php 6
INFO - 2018-02-10 12:53:48 --> File loaded: C:\Users\Yousri\php\workspace\Memento\views\synapse.php
INFO - 2018-02-10 12:53:48 --> File loaded: C:\Users\Yousri\php\workspace\Memento\views\memento_head_dev.php
INFO - 2018-02-10 12:53:48 --> File loaded: C:\Users\Yousri\php\workspace\Memento\views\memento.php
INFO - 2018-02-10 12:53:48 --> File loaded: C:\Users\Yousri\php\workspace\Memento\views\memento_scripts_dev.php
INFO - 2018-02-10 12:53:48 --> Final output sent to browser
DEBUG - 2018-02-10 12:53:48 --> Total execution time: 0.0818
INFO - 2018-02-10 12:54:35 --> Config Class Initialized
INFO - 2018-02-10 12:54:35 --> Hooks Class Initialized
DEBUG - 2018-02-10 12:54:35 --> UTF-8 Support Enabled
INFO - 2018-02-10 12:54:35 --> Utf8 Class Initialized
INFO - 2018-02-10 12:54:35 --> URI Class Initialized
INFO - 2018-02-10 12:54:35 --> Router Class Initialized
INFO - 2018-02-10 12:54:35 --> Output Class Initialized
INFO - 2018-02-10 12:54:35 --> Security Class Initialized
DEBUG - 2018-02-10 12:54:35 --> Global POST, GET and COOKIE data sanitized
INFO - 2018-02-10 12:54:35 --> Input Class Initialized
INFO - 2018-02-10 12:54:35 --> Language Class Initialized
INFO - 2018-02-10 12:54:35 --> Loader Class Initialized
INFO - 2018-02-10 12:54:35 --> Helper loaded: url_helper
DEBUG - 2018-02-10 12:54:35 --> Config file loaded: C:\Users\Yousri\php\workspace\Memento\config/mongo_db.php
INFO - 2018-02-10 12:54:35 --> Controller Class Initialized
INFO - 2018-02-10 12:54:35 --> Model Class Initialized
INFO - 2018-02-10 12:54:35 --> Helper loaded: debug_helper
ERROR - 2018-02-10 12:54:35 --> Severity: 4096 --> Object of class stdClass could not be converted to string C:\Users\Yousri\php\workspace\Memento\helpers\debug_helper.php 8
INFO - 2018-02-10 12:54:35 --> File loaded: C:\Users\Yousri\php\workspace\Memento\views\synapse.php
INFO - 2018-02-10 12:54:35 --> File loaded: C:\Users\Yousri\php\workspace\Memento\views\memento_head_dev.php
INFO - 2018-02-10 12:54:35 --> File loaded: C:\Users\Yousri\php\workspace\Memento\views\memento.php
INFO - 2018-02-10 12:54:35 --> File loaded: C:\Users\Yousri\php\workspace\Memento\views\memento_scripts_dev.php
INFO - 2018-02-10 12:54:35 --> Final output sent to browser
DEBUG - 2018-02-10 12:54:35 --> Total execution time: 0.0715
INFO - 2018-02-10 12:54:56 --> Config Class Initialized
INFO - 2018-02-10 12:54:56 --> Hooks Class Initialized
DEBUG - 2018-02-10 12:54:56 --> UTF-8 Support Enabled
INFO - 2018-02-10 12:54:56 --> Utf8 Class Initialized
INFO - 2018-02-10 12:54:56 --> URI Class Initialized
INFO - 2018-02-10 12:54:56 --> Router Class Initialized
INFO - 2018-02-10 12:54:56 --> Output Class Initialized
INFO - 2018-02-10 12:54:56 --> Security Class Initialized
DEBUG - 2018-02-10 12:54:56 --> Global POST, GET and COOKIE data sanitized
INFO - 2018-02-10 12:54:56 --> Input Class Initialized
INFO - 2018-02-10 12:54:56 --> Language Class Initialized
INFO - 2018-02-10 12:54:56 --> Loader Class Initialized
INFO - 2018-02-10 12:54:56 --> Helper loaded: url_helper
DEBUG - 2018-02-10 12:54:56 --> Config file loaded: C:\Users\Yousri\php\workspace\Memento\config/mongo_db.php
INFO - 2018-02-10 12:54:56 --> Controller Class Initialized
INFO - 2018-02-10 12:54:56 --> Model Class Initialized
INFO - 2018-02-10 12:54:56 --> Helper loaded: debug_helper
INFO - 2018-02-10 12:54:56 --> File loaded: C:\Users\Yousri\php\workspace\Memento\views\synapse.php
INFO - 2018-02-10 12:54:56 --> File loaded: C:\Users\Yousri\php\workspace\Memento\views\memento_head_dev.php
INFO - 2018-02-10 12:54:56 --> File loaded: C:\Users\Yousri\php\workspace\Memento\views\memento.php
INFO - 2018-02-10 12:54:56 --> File loaded: C:\Users\Yousri\php\workspace\Memento\views\memento_scripts_dev.php
INFO - 2018-02-10 12:54:56 --> Final output sent to browser
DEBUG - 2018-02-10 12:54:56 --> Total execution time: 0.0643
