INFO - 2017-10-15 11:40:33 --> Config Class Initialized
INFO - 2017-10-15 11:40:33 --> Hooks Class Initialized
DEBUG - 2017-10-15 11:40:33 --> UTF-8 Support Enabled
INFO - 2017-10-15 11:40:33 --> Utf8 Class Initialized
INFO - 2017-10-15 11:40:33 --> URI Class Initialized
INFO - 2017-10-15 11:40:33 --> Router Class Initialized
INFO - 2017-10-15 11:40:33 --> Output Class Initialized
INFO - 2017-10-15 11:40:33 --> Security Class Initialized
DEBUG - 2017-10-15 11:40:33 --> Global POST, GET and COOKIE data sanitized
INFO - 2017-10-15 11:40:33 --> Input Class Initialized
INFO - 2017-10-15 11:40:33 --> Language Class Initialized
INFO - 2017-10-15 11:40:33 --> Loader Class Initialized
INFO - 2017-10-15 11:40:33 --> Helper loaded: url_helper
INFO - 2017-10-15 11:40:33 --> Controller Class Initialized
INFO - 2017-10-15 11:40:33 --> File loaded: C:\Users\Noctombule\Documents\isib\SelfLearning\programation\PHP\workspace\Memento\views\memento_head_dev.php
INFO - 2017-10-15 11:40:33 --> File loaded: C:\Users\Noctombule\Documents\isib\SelfLearning\programation\PHP\workspace\Memento\views\memento.php
INFO - 2017-10-15 11:40:33 --> Final output sent to browser
DEBUG - 2017-10-15 11:40:33 --> Total execution time: 0.0510
INFO - 2017-10-15 13:28:38 --> Config Class Initialized
INFO - 2017-10-15 13:28:38 --> Hooks Class Initialized
DEBUG - 2017-10-15 13:28:38 --> UTF-8 Support Enabled
INFO - 2017-10-15 13:28:38 --> Utf8 Class Initialized
INFO - 2017-10-15 13:28:38 --> URI Class Initialized
INFO - 2017-10-15 13:28:38 --> Router Class Initialized
INFO - 2017-10-15 13:28:38 --> Output Class Initialized
INFO - 2017-10-15 13:28:38 --> Security Class Initialized
DEBUG - 2017-10-15 13:28:38 --> Global POST, GET and COOKIE data sanitized
INFO - 2017-10-15 13:28:38 --> Input Class Initialized
INFO - 2017-10-15 13:28:38 --> Language Class Initialized
INFO - 2017-10-15 13:28:38 --> Loader Class Initialized
INFO - 2017-10-15 13:28:38 --> Helper loaded: url_helper
INFO - 2017-10-15 13:28:38 --> Controller Class Initialized
INFO - 2017-10-15 13:28:38 --> File loaded: C:\Users\Noctombule\Documents\isib\SelfLearning\programation\PHP\workspace\Memento\views\memento_head_dev.php
INFO - 2017-10-15 13:28:38 --> File loaded: C:\Users\Noctombule\Documents\isib\SelfLearning\programation\PHP\workspace\Memento\views\memento.php
INFO - 2017-10-15 13:28:38 --> Final output sent to browser
DEBUG - 2017-10-15 13:28:38 --> Total execution time: 0.0290
INFO - 2017-10-15 13:29:23 --> Config Class Initialized
INFO - 2017-10-15 13:29:23 --> Hooks Class Initialized
DEBUG - 2017-10-15 13:29:23 --> UTF-8 Support Enabled
INFO - 2017-10-15 13:29:23 --> Utf8 Class Initialized
INFO - 2017-10-15 13:29:23 --> URI Class Initialized
INFO - 2017-10-15 13:29:23 --> Router Class Initialized
INFO - 2017-10-15 13:29:23 --> Output Class Initialized
INFO - 2017-10-15 13:29:23 --> Security Class Initialized
DEBUG - 2017-10-15 13:29:23 --> Global POST, GET and COOKIE data sanitized
INFO - 2017-10-15 13:29:23 --> Input Class Initialized
INFO - 2017-10-15 13:29:23 --> Language Class Initialized
INFO - 2017-10-15 13:29:23 --> Loader Class Initialized
INFO - 2017-10-15 13:29:23 --> Helper loaded: url_helper
INFO - 2017-10-15 13:29:23 --> Controller Class Initialized
INFO - 2017-10-15 13:29:23 --> File loaded: C:\Users\Noctombule\Documents\isib\SelfLearning\programation\PHP\workspace\Memento\views\memento_head_dev.php
INFO - 2017-10-15 13:29:23 --> File loaded: C:\Users\Noctombule\Documents\isib\SelfLearning\programation\PHP\workspace\Memento\views\memento.php
INFO - 2017-10-15 13:29:23 --> Final output sent to browser
DEBUG - 2017-10-15 13:29:23 --> Total execution time: 0.0270
INFO - 2017-10-15 13:29:27 --> Config Class Initialized
INFO - 2017-10-15 13:29:27 --> Hooks Class Initialized
DEBUG - 2017-10-15 13:29:27 --> UTF-8 Support Enabled
INFO - 2017-10-15 13:29:27 --> Utf8 Class Initialized
INFO - 2017-10-15 13:29:27 --> URI Class Initialized
INFO - 2017-10-15 13:29:27 --> Router Class Initialized
INFO - 2017-10-15 13:29:27 --> Output Class Initialized
INFO - 2017-10-15 13:29:27 --> Security Class Initialized
DEBUG - 2017-10-15 13:29:27 --> Global POST, GET and COOKIE data sanitized
INFO - 2017-10-15 13:29:27 --> Input Class Initialized
INFO - 2017-10-15 13:29:27 --> Language Class Initialized
INFO - 2017-10-15 13:29:27 --> Loader Class Initialized
INFO - 2017-10-15 13:29:27 --> Helper loaded: url_helper
INFO - 2017-10-15 13:29:27 --> Controller Class Initialized
INFO - 2017-10-15 13:29:27 --> File loaded: C:\Users\Noctombule\Documents\isib\SelfLearning\programation\PHP\workspace\Memento\views\memento_head_dev.php
INFO - 2017-10-15 13:29:27 --> File loaded: C:\Users\Noctombule\Documents\isib\SelfLearning\programation\PHP\workspace\Memento\views\memento.php
INFO - 2017-10-15 13:29:27 --> Final output sent to browser
DEBUG - 2017-10-15 13:29:27 --> Total execution time: 0.0410
INFO - 2017-10-15 13:29:59 --> Config Class Initialized
INFO - 2017-10-15 13:29:59 --> Hooks Class Initialized
DEBUG - 2017-10-15 13:29:59 --> UTF-8 Support Enabled
INFO - 2017-10-15 13:29:59 --> Utf8 Class Initialized
INFO - 2017-10-15 13:29:59 --> URI Class Initialized
INFO - 2017-10-15 13:29:59 --> Router Class Initialized
INFO - 2017-10-15 13:29:59 --> Output Class Initialized
INFO - 2017-10-15 13:29:59 --> Security Class Initialized
DEBUG - 2017-10-15 13:29:59 --> Global POST, GET and COOKIE data sanitized
INFO - 2017-10-15 13:29:59 --> Input Class Initialized
INFO - 2017-10-15 13:29:59 --> Language Class Initialized
INFO - 2017-10-15 13:29:59 --> Loader Class Initialized
INFO - 2017-10-15 13:29:59 --> Helper loaded: url_helper
INFO - 2017-10-15 13:29:59 --> Controller Class Initialized
INFO - 2017-10-15 13:29:59 --> File loaded: C:\Users\Noctombule\Documents\isib\SelfLearning\programation\PHP\workspace\Memento\views\memento_head_dev.php
INFO - 2017-10-15 13:29:59 --> File loaded: C:\Users\Noctombule\Documents\isib\SelfLearning\programation\PHP\workspace\Memento\views\memento.php
INFO - 2017-10-15 13:29:59 --> Final output sent to browser
DEBUG - 2017-10-15 13:29:59 --> Total execution time: 0.0260
INFO - 2017-10-15 13:30:59 --> Config Class Initialized
INFO - 2017-10-15 13:30:59 --> Hooks Class Initialized
DEBUG - 2017-10-15 13:30:59 --> UTF-8 Support Enabled
INFO - 2017-10-15 13:30:59 --> Utf8 Class Initialized
INFO - 2017-10-15 13:30:59 --> URI Class Initialized
INFO - 2017-10-15 13:30:59 --> Router Class Initialized
INFO - 2017-10-15 13:30:59 --> Output Class Initialized
INFO - 2017-10-15 13:30:59 --> Security Class Initialized
DEBUG - 2017-10-15 13:30:59 --> Global POST, GET and COOKIE data sanitized
INFO - 2017-10-15 13:30:59 --> Input Class Initialized
INFO - 2017-10-15 13:30:59 --> Language Class Initialized
INFO - 2017-10-15 13:30:59 --> Loader Class Initialized
INFO - 2017-10-15 13:30:59 --> Helper loaded: url_helper
INFO - 2017-10-15 13:30:59 --> Controller Class Initialized
INFO - 2017-10-15 13:30:59 --> File loaded: C:\Users\Noctombule\Documents\isib\SelfLearning\programation\PHP\workspace\Memento\views\memento_head_dev.php
INFO - 2017-10-15 13:30:59 --> File loaded: C:\Users\Noctombule\Documents\isib\SelfLearning\programation\PHP\workspace\Memento\views\memento.php
INFO - 2017-10-15 13:30:59 --> Final output sent to browser
DEBUG - 2017-10-15 13:30:59 --> Total execution time: 0.0280
INFO - 2017-10-15 13:44:10 --> Config Class Initialized
INFO - 2017-10-15 13:44:10 --> Hooks Class Initialized
DEBUG - 2017-10-15 13:44:10 --> UTF-8 Support Enabled
INFO - 2017-10-15 13:44:10 --> Utf8 Class Initialized
INFO - 2017-10-15 13:44:10 --> URI Class Initialized
INFO - 2017-10-15 13:44:10 --> Router Class Initialized
INFO - 2017-10-15 13:44:10 --> Output Class Initialized
INFO - 2017-10-15 13:44:10 --> Security Class Initialized
DEBUG - 2017-10-15 13:44:10 --> Global POST, GET and COOKIE data sanitized
INFO - 2017-10-15 13:44:10 --> Input Class Initialized
INFO - 2017-10-15 13:44:10 --> Language Class Initialized
INFO - 2017-10-15 13:44:10 --> Loader Class Initialized
INFO - 2017-10-15 13:44:10 --> Helper loaded: url_helper
INFO - 2017-10-15 13:44:10 --> Controller Class Initialized
INFO - 2017-10-15 13:44:10 --> File loaded: C:\Users\Noctombule\Documents\isib\SelfLearning\programation\PHP\workspace\Memento\views\memento_head_dev.php
INFO - 2017-10-15 13:44:10 --> File loaded: C:\Users\Noctombule\Documents\isib\SelfLearning\programation\PHP\workspace\Memento\views\memento.php
INFO - 2017-10-15 13:44:10 --> Final output sent to browser
DEBUG - 2017-10-15 13:44:10 --> Total execution time: 0.0540
INFO - 2017-10-15 13:44:14 --> Config Class Initialized
INFO - 2017-10-15 13:44:14 --> Hooks Class Initialized
DEBUG - 2017-10-15 13:44:14 --> UTF-8 Support Enabled
INFO - 2017-10-15 13:44:14 --> Utf8 Class Initialized
INFO - 2017-10-15 13:44:14 --> URI Class Initialized
INFO - 2017-10-15 13:44:14 --> Router Class Initialized
INFO - 2017-10-15 13:44:14 --> Output Class Initialized
INFO - 2017-10-15 13:44:14 --> Security Class Initialized
DEBUG - 2017-10-15 13:44:14 --> Global POST, GET and COOKIE data sanitized
INFO - 2017-10-15 13:44:14 --> Input Class Initialized
INFO - 2017-10-15 13:44:14 --> Language Class Initialized
INFO - 2017-10-15 13:44:14 --> Loader Class Initialized
INFO - 2017-10-15 13:44:14 --> Helper loaded: url_helper
INFO - 2017-10-15 13:44:14 --> Controller Class Initialized
INFO - 2017-10-15 13:44:14 --> File loaded: C:\Users\Noctombule\Documents\isib\SelfLearning\programation\PHP\workspace\Memento\views\memento_head_dev.php
INFO - 2017-10-15 13:44:14 --> File loaded: C:\Users\Noctombule\Documents\isib\SelfLearning\programation\PHP\workspace\Memento\views\memento.php
INFO - 2017-10-15 13:44:14 --> Final output sent to browser
DEBUG - 2017-10-15 13:44:14 --> Total execution time: 0.0340
INFO - 2017-10-15 13:45:04 --> Config Class Initialized
INFO - 2017-10-15 13:45:04 --> Hooks Class Initialized
DEBUG - 2017-10-15 13:45:04 --> UTF-8 Support Enabled
INFO - 2017-10-15 13:45:04 --> Utf8 Class Initialized
INFO - 2017-10-15 13:45:04 --> URI Class Initialized
INFO - 2017-10-15 13:45:04 --> Router Class Initialized
INFO - 2017-10-15 13:45:04 --> Output Class Initialized
INFO - 2017-10-15 13:45:04 --> Security Class Initialized
DEBUG - 2017-10-15 13:45:04 --> Global POST, GET and COOKIE data sanitized
INFO - 2017-10-15 13:45:04 --> Input Class Initialized
INFO - 2017-10-15 13:45:04 --> Language Class Initialized
INFO - 2017-10-15 13:45:04 --> Loader Class Initialized
INFO - 2017-10-15 13:45:04 --> Helper loaded: url_helper
INFO - 2017-10-15 13:45:04 --> Controller Class Initialized
INFO - 2017-10-15 13:45:04 --> File loaded: C:\Users\Noctombule\Documents\isib\SelfLearning\programation\PHP\workspace\Memento\views\memento_head_dev.php
INFO - 2017-10-15 13:45:04 --> File loaded: C:\Users\Noctombule\Documents\isib\SelfLearning\programation\PHP\workspace\Memento\views\memento.php
INFO - 2017-10-15 13:45:04 --> Final output sent to browser
DEBUG - 2017-10-15 13:45:04 --> Total execution time: 0.0320
INFO - 2017-10-15 13:59:38 --> Config Class Initialized
INFO - 2017-10-15 13:59:38 --> Hooks Class Initialized
DEBUG - 2017-10-15 13:59:38 --> UTF-8 Support Enabled
INFO - 2017-10-15 13:59:38 --> Utf8 Class Initialized
INFO - 2017-10-15 13:59:38 --> URI Class Initialized
INFO - 2017-10-15 13:59:38 --> Router Class Initialized
INFO - 2017-10-15 13:59:38 --> Output Class Initialized
INFO - 2017-10-15 13:59:38 --> Security Class Initialized
DEBUG - 2017-10-15 13:59:38 --> Global POST, GET and COOKIE data sanitized
INFO - 2017-10-15 13:59:38 --> Input Class Initialized
INFO - 2017-10-15 13:59:38 --> Language Class Initialized
INFO - 2017-10-15 13:59:38 --> Loader Class Initialized
INFO - 2017-10-15 13:59:38 --> Helper loaded: url_helper
INFO - 2017-10-15 13:59:38 --> Controller Class Initialized
INFO - 2017-10-15 13:59:38 --> File loaded: C:\Users\Noctombule\Documents\isib\SelfLearning\programation\PHP\workspace\Memento\views\memento_head_dev.php
INFO - 2017-10-15 13:59:38 --> File loaded: C:\Users\Noctombule\Documents\isib\SelfLearning\programation\PHP\workspace\Memento\views\memento.php
INFO - 2017-10-15 13:59:38 --> Final output sent to browser
DEBUG - 2017-10-15 13:59:38 --> Total execution time: 0.0390
INFO - 2017-10-15 14:02:38 --> Config Class Initialized
INFO - 2017-10-15 14:02:38 --> Hooks Class Initialized
DEBUG - 2017-10-15 14:02:38 --> UTF-8 Support Enabled
INFO - 2017-10-15 14:02:38 --> Utf8 Class Initialized
INFO - 2017-10-15 14:02:38 --> URI Class Initialized
INFO - 2017-10-15 14:02:38 --> Router Class Initialized
INFO - 2017-10-15 14:02:38 --> Output Class Initialized
INFO - 2017-10-15 14:02:38 --> Security Class Initialized
DEBUG - 2017-10-15 14:02:38 --> Global POST, GET and COOKIE data sanitized
INFO - 2017-10-15 14:02:38 --> Input Class Initialized
INFO - 2017-10-15 14:02:38 --> Language Class Initialized
INFO - 2017-10-15 14:02:38 --> Loader Class Initialized
INFO - 2017-10-15 14:02:38 --> Helper loaded: url_helper
INFO - 2017-10-15 14:02:38 --> Controller Class Initialized
INFO - 2017-10-15 14:02:38 --> File loaded: C:\Users\Noctombule\Documents\isib\SelfLearning\programation\PHP\workspace\Memento\views\memento_head_dev.php
INFO - 2017-10-15 14:02:38 --> File loaded: C:\Users\Noctombule\Documents\isib\SelfLearning\programation\PHP\workspace\Memento\views\memento.php
INFO - 2017-10-15 14:02:38 --> Final output sent to browser
DEBUG - 2017-10-15 14:02:38 --> Total execution time: 0.0360
INFO - 2017-10-15 14:03:10 --> Config Class Initialized
INFO - 2017-10-15 14:03:10 --> Hooks Class Initialized
DEBUG - 2017-10-15 14:03:10 --> UTF-8 Support Enabled
INFO - 2017-10-15 14:03:10 --> Utf8 Class Initialized
INFO - 2017-10-15 14:03:10 --> URI Class Initialized
INFO - 2017-10-15 14:03:10 --> Router Class Initialized
INFO - 2017-10-15 14:03:10 --> Output Class Initialized
INFO - 2017-10-15 14:03:10 --> Security Class Initialized
DEBUG - 2017-10-15 14:03:10 --> Global POST, GET and COOKIE data sanitized
INFO - 2017-10-15 14:03:10 --> Input Class Initialized
INFO - 2017-10-15 14:03:10 --> Language Class Initialized
INFO - 2017-10-15 14:03:10 --> Loader Class Initialized
INFO - 2017-10-15 14:03:10 --> Helper loaded: url_helper
INFO - 2017-10-15 14:03:10 --> Controller Class Initialized
INFO - 2017-10-15 14:03:10 --> File loaded: C:\Users\Noctombule\Documents\isib\SelfLearning\programation\PHP\workspace\Memento\views\memento_head_dev.php
INFO - 2017-10-15 14:03:10 --> File loaded: C:\Users\Noctombule\Documents\isib\SelfLearning\programation\PHP\workspace\Memento\views\memento.php
INFO - 2017-10-15 14:03:10 --> Final output sent to browser
DEBUG - 2017-10-15 14:03:10 --> Total execution time: 0.0300
INFO - 2017-10-15 14:03:34 --> Config Class Initialized
INFO - 2017-10-15 14:03:34 --> Hooks Class Initialized
DEBUG - 2017-10-15 14:03:34 --> UTF-8 Support Enabled
INFO - 2017-10-15 14:03:34 --> Utf8 Class Initialized
INFO - 2017-10-15 14:03:34 --> URI Class Initialized
INFO - 2017-10-15 14:03:34 --> Router Class Initialized
INFO - 2017-10-15 14:03:34 --> Output Class Initialized
INFO - 2017-10-15 14:03:34 --> Security Class Initialized
DEBUG - 2017-10-15 14:03:34 --> Global POST, GET and COOKIE data sanitized
INFO - 2017-10-15 14:03:34 --> Input Class Initialized
INFO - 2017-10-15 14:03:34 --> Language Class Initialized
INFO - 2017-10-15 14:03:34 --> Loader Class Initialized
INFO - 2017-10-15 14:03:34 --> Helper loaded: url_helper
INFO - 2017-10-15 14:03:34 --> Controller Class Initialized
INFO - 2017-10-15 14:03:34 --> File loaded: C:\Users\Noctombule\Documents\isib\SelfLearning\programation\PHP\workspace\Memento\views\memento_head_dev.php
INFO - 2017-10-15 14:03:34 --> File loaded: C:\Users\Noctombule\Documents\isib\SelfLearning\programation\PHP\workspace\Memento\views\memento.php
INFO - 2017-10-15 14:03:34 --> Final output sent to browser
DEBUG - 2017-10-15 14:03:34 --> Total execution time: 0.0390
INFO - 2017-10-15 14:03:48 --> Config Class Initialized
INFO - 2017-10-15 14:03:48 --> Hooks Class Initialized
DEBUG - 2017-10-15 14:03:48 --> UTF-8 Support Enabled
INFO - 2017-10-15 14:03:48 --> Utf8 Class Initialized
INFO - 2017-10-15 14:03:48 --> URI Class Initialized
INFO - 2017-10-15 14:03:48 --> Router Class Initialized
INFO - 2017-10-15 14:03:48 --> Output Class Initialized
INFO - 2017-10-15 14:03:48 --> Security Class Initialized
DEBUG - 2017-10-15 14:03:48 --> Global POST, GET and COOKIE data sanitized
INFO - 2017-10-15 14:03:48 --> Input Class Initialized
INFO - 2017-10-15 14:03:48 --> Language Class Initialized
INFO - 2017-10-15 14:03:48 --> Loader Class Initialized
INFO - 2017-10-15 14:03:48 --> Helper loaded: url_helper
INFO - 2017-10-15 14:03:48 --> Controller Class Initialized
INFO - 2017-10-15 14:03:48 --> File loaded: C:\Users\Noctombule\Documents\isib\SelfLearning\programation\PHP\workspace\Memento\views\memento_head_dev.php
INFO - 2017-10-15 14:03:48 --> File loaded: C:\Users\Noctombule\Documents\isib\SelfLearning\programation\PHP\workspace\Memento\views\memento.php
INFO - 2017-10-15 14:03:48 --> Final output sent to browser
DEBUG - 2017-10-15 14:03:48 --> Total execution time: 0.0310
INFO - 2017-10-15 14:15:47 --> Config Class Initialized
INFO - 2017-10-15 14:15:47 --> Hooks Class Initialized
DEBUG - 2017-10-15 14:15:47 --> UTF-8 Support Enabled
INFO - 2017-10-15 14:15:47 --> Utf8 Class Initialized
INFO - 2017-10-15 14:15:47 --> URI Class Initialized
INFO - 2017-10-15 14:15:47 --> Router Class Initialized
INFO - 2017-10-15 14:15:47 --> Output Class Initialized
INFO - 2017-10-15 14:15:47 --> Security Class Initialized
DEBUG - 2017-10-15 14:15:47 --> Global POST, GET and COOKIE data sanitized
INFO - 2017-10-15 14:15:47 --> Input Class Initialized
INFO - 2017-10-15 14:15:47 --> Language Class Initialized
INFO - 2017-10-15 14:15:47 --> Loader Class Initialized
INFO - 2017-10-15 14:15:47 --> Helper loaded: url_helper
INFO - 2017-10-15 14:15:47 --> Controller Class Initialized
INFO - 2017-10-15 14:15:47 --> File loaded: C:\Users\Noctombule\Documents\isib\SelfLearning\programation\PHP\workspace\Memento\views\memento_head_dev.php
INFO - 2017-10-15 14:15:47 --> File loaded: C:\Users\Noctombule\Documents\isib\SelfLearning\programation\PHP\workspace\Memento\views\memento.php
INFO - 2017-10-15 14:15:47 --> Final output sent to browser
DEBUG - 2017-10-15 14:15:47 --> Total execution time: 0.0290
INFO - 2017-10-15 14:18:02 --> Config Class Initialized
INFO - 2017-10-15 14:18:02 --> Hooks Class Initialized
DEBUG - 2017-10-15 14:18:02 --> UTF-8 Support Enabled
INFO - 2017-10-15 14:18:02 --> Utf8 Class Initialized
INFO - 2017-10-15 14:18:02 --> URI Class Initialized
INFO - 2017-10-15 14:18:02 --> Router Class Initialized
INFO - 2017-10-15 14:18:02 --> Output Class Initialized
INFO - 2017-10-15 14:18:02 --> Security Class Initialized
DEBUG - 2017-10-15 14:18:02 --> Global POST, GET and COOKIE data sanitized
INFO - 2017-10-15 14:18:02 --> Input Class Initialized
INFO - 2017-10-15 14:18:02 --> Language Class Initialized
INFO - 2017-10-15 14:18:02 --> Loader Class Initialized
INFO - 2017-10-15 14:18:02 --> Helper loaded: url_helper
INFO - 2017-10-15 14:18:02 --> Controller Class Initialized
INFO - 2017-10-15 14:18:02 --> File loaded: C:\Users\Noctombule\Documents\isib\SelfLearning\programation\PHP\workspace\Memento\views\memento_head_dev.php
INFO - 2017-10-15 14:18:02 --> File loaded: C:\Users\Noctombule\Documents\isib\SelfLearning\programation\PHP\workspace\Memento\views\memento.php
INFO - 2017-10-15 14:18:02 --> Final output sent to browser
DEBUG - 2017-10-15 14:18:02 --> Total execution time: 0.0330
INFO - 2017-10-15 14:33:00 --> Config Class Initialized
INFO - 2017-10-15 14:33:00 --> Hooks Class Initialized
DEBUG - 2017-10-15 14:33:00 --> UTF-8 Support Enabled
INFO - 2017-10-15 14:33:00 --> Utf8 Class Initialized
INFO - 2017-10-15 14:33:00 --> URI Class Initialized
INFO - 2017-10-15 14:33:00 --> Router Class Initialized
INFO - 2017-10-15 14:33:00 --> Output Class Initialized
INFO - 2017-10-15 14:33:00 --> Security Class Initialized
DEBUG - 2017-10-15 14:33:00 --> Global POST, GET and COOKIE data sanitized
INFO - 2017-10-15 14:33:00 --> Input Class Initialized
INFO - 2017-10-15 14:33:00 --> Language Class Initialized
INFO - 2017-10-15 14:33:00 --> Loader Class Initialized
INFO - 2017-10-15 14:33:00 --> Helper loaded: url_helper
INFO - 2017-10-15 14:33:00 --> Controller Class Initialized
INFO - 2017-10-15 14:33:00 --> File loaded: C:\Users\Noctombule\Documents\isib\SelfLearning\programation\PHP\workspace\Memento\views\memento_head_dev.php
INFO - 2017-10-15 14:33:00 --> File loaded: C:\Users\Noctombule\Documents\isib\SelfLearning\programation\PHP\workspace\Memento\views\memento.php
INFO - 2017-10-15 14:33:00 --> Final output sent to browser
DEBUG - 2017-10-15 14:33:00 --> Total execution time: 0.0300
INFO - 2017-10-15 14:35:44 --> Config Class Initialized
INFO - 2017-10-15 14:35:44 --> Hooks Class Initialized
DEBUG - 2017-10-15 14:35:44 --> UTF-8 Support Enabled
INFO - 2017-10-15 14:35:44 --> Utf8 Class Initialized
INFO - 2017-10-15 14:35:44 --> URI Class Initialized
INFO - 2017-10-15 14:35:44 --> Router Class Initialized
INFO - 2017-10-15 14:35:44 --> Output Class Initialized
INFO - 2017-10-15 14:35:44 --> Security Class Initialized
DEBUG - 2017-10-15 14:35:44 --> Global POST, GET and COOKIE data sanitized
INFO - 2017-10-15 14:35:44 --> Input Class Initialized
INFO - 2017-10-15 14:35:44 --> Language Class Initialized
INFO - 2017-10-15 14:35:44 --> Loader Class Initialized
INFO - 2017-10-15 14:35:44 --> Helper loaded: url_helper
INFO - 2017-10-15 14:35:44 --> Controller Class Initialized
INFO - 2017-10-15 14:35:44 --> File loaded: C:\Users\Noctombule\Documents\isib\SelfLearning\programation\PHP\workspace\Memento\views\memento_head_dev.php
INFO - 2017-10-15 14:35:44 --> File loaded: C:\Users\Noctombule\Documents\isib\SelfLearning\programation\PHP\workspace\Memento\views\memento.php
INFO - 2017-10-15 14:35:44 --> Final output sent to browser
DEBUG - 2017-10-15 14:35:44 --> Total execution time: 0.0320
INFO - 2017-10-15 14:39:39 --> Config Class Initialized
INFO - 2017-10-15 14:39:39 --> Hooks Class Initialized
DEBUG - 2017-10-15 14:39:39 --> UTF-8 Support Enabled
INFO - 2017-10-15 14:39:39 --> Utf8 Class Initialized
INFO - 2017-10-15 14:39:39 --> URI Class Initialized
INFO - 2017-10-15 14:39:39 --> Router Class Initialized
INFO - 2017-10-15 14:39:39 --> Output Class Initialized
INFO - 2017-10-15 14:39:39 --> Security Class Initialized
DEBUG - 2017-10-15 14:39:39 --> Global POST, GET and COOKIE data sanitized
INFO - 2017-10-15 14:39:39 --> Input Class Initialized
INFO - 2017-10-15 14:39:39 --> Language Class Initialized
INFO - 2017-10-15 14:39:39 --> Loader Class Initialized
INFO - 2017-10-15 14:39:39 --> Helper loaded: url_helper
INFO - 2017-10-15 14:39:39 --> Controller Class Initialized
INFO - 2017-10-15 14:39:39 --> File loaded: C:\Users\Noctombule\Documents\isib\SelfLearning\programation\PHP\workspace\Memento\views\memento_head_dev.php
INFO - 2017-10-15 14:39:39 --> File loaded: C:\Users\Noctombule\Documents\isib\SelfLearning\programation\PHP\workspace\Memento\views\memento.php
INFO - 2017-10-15 14:39:39 --> Final output sent to browser
DEBUG - 2017-10-15 14:39:39 --> Total execution time: 0.0390
INFO - 2017-10-15 14:56:33 --> Config Class Initialized
INFO - 2017-10-15 14:56:33 --> Hooks Class Initialized
DEBUG - 2017-10-15 14:56:33 --> UTF-8 Support Enabled
INFO - 2017-10-15 14:56:33 --> Utf8 Class Initialized
INFO - 2017-10-15 14:56:33 --> URI Class Initialized
INFO - 2017-10-15 14:56:33 --> Router Class Initialized
INFO - 2017-10-15 14:56:33 --> Output Class Initialized
INFO - 2017-10-15 14:56:33 --> Security Class Initialized
DEBUG - 2017-10-15 14:56:33 --> Global POST, GET and COOKIE data sanitized
INFO - 2017-10-15 14:56:33 --> Input Class Initialized
INFO - 2017-10-15 14:56:33 --> Language Class Initialized
INFO - 2017-10-15 14:56:33 --> Loader Class Initialized
INFO - 2017-10-15 14:56:33 --> Helper loaded: url_helper
INFO - 2017-10-15 14:56:33 --> Controller Class Initialized
INFO - 2017-10-15 14:56:33 --> File loaded: C:\Users\Noctombule\Documents\isib\SelfLearning\programation\PHP\workspace\Memento\views\memento_head_dev.php
INFO - 2017-10-15 14:56:33 --> File loaded: C:\Users\Noctombule\Documents\isib\SelfLearning\programation\PHP\workspace\Memento\views\memento.php
INFO - 2017-10-15 14:56:33 --> Final output sent to browser
DEBUG - 2017-10-15 14:56:33 --> Total execution time: 0.0360
INFO - 2017-10-15 15:05:15 --> Config Class Initialized
INFO - 2017-10-15 15:05:15 --> Hooks Class Initialized
DEBUG - 2017-10-15 15:05:15 --> UTF-8 Support Enabled
INFO - 2017-10-15 15:05:15 --> Utf8 Class Initialized
INFO - 2017-10-15 15:05:15 --> URI Class Initialized
INFO - 2017-10-15 15:05:15 --> Router Class Initialized
INFO - 2017-10-15 15:05:15 --> Output Class Initialized
INFO - 2017-10-15 15:05:15 --> Security Class Initialized
DEBUG - 2017-10-15 15:05:15 --> Global POST, GET and COOKIE data sanitized
INFO - 2017-10-15 15:05:15 --> Input Class Initialized
INFO - 2017-10-15 15:05:15 --> Language Class Initialized
INFO - 2017-10-15 15:05:15 --> Loader Class Initialized
INFO - 2017-10-15 15:05:15 --> Helper loaded: url_helper
INFO - 2017-10-15 15:05:15 --> Controller Class Initialized
INFO - 2017-10-15 15:05:15 --> File loaded: C:\Users\Noctombule\Documents\isib\SelfLearning\programation\PHP\workspace\Memento\views\memento_head_dev.php
INFO - 2017-10-15 15:05:15 --> File loaded: C:\Users\Noctombule\Documents\isib\SelfLearning\programation\PHP\workspace\Memento\views\memento.php
INFO - 2017-10-15 15:05:15 --> Final output sent to browser
DEBUG - 2017-10-15 15:05:15 --> Total execution time: 0.0300
INFO - 2017-10-15 15:07:16 --> Config Class Initialized
INFO - 2017-10-15 15:07:16 --> Hooks Class Initialized
DEBUG - 2017-10-15 15:07:16 --> UTF-8 Support Enabled
INFO - 2017-10-15 15:07:16 --> Utf8 Class Initialized
INFO - 2017-10-15 15:07:16 --> URI Class Initialized
INFO - 2017-10-15 15:07:16 --> Router Class Initialized
INFO - 2017-10-15 15:07:16 --> Output Class Initialized
INFO - 2017-10-15 15:07:16 --> Security Class Initialized
DEBUG - 2017-10-15 15:07:16 --> Global POST, GET and COOKIE data sanitized
INFO - 2017-10-15 15:07:16 --> Input Class Initialized
INFO - 2017-10-15 15:07:16 --> Language Class Initialized
INFO - 2017-10-15 15:07:16 --> Loader Class Initialized
INFO - 2017-10-15 15:07:16 --> Helper loaded: url_helper
INFO - 2017-10-15 15:07:16 --> Controller Class Initialized
INFO - 2017-10-15 15:07:16 --> File loaded: C:\Users\Noctombule\Documents\isib\SelfLearning\programation\PHP\workspace\Memento\views\memento_head_dev.php
INFO - 2017-10-15 15:07:16 --> File loaded: C:\Users\Noctombule\Documents\isib\SelfLearning\programation\PHP\workspace\Memento\views\memento.php
INFO - 2017-10-15 15:07:16 --> Final output sent to browser
DEBUG - 2017-10-15 15:07:16 --> Total execution time: 0.0240
